[2026-03-14T10:17:02.190+0000] {processor.py:157} INFO - Started process (PID=37220) to work on /workspaces/hands-on-introduction-data-engineering-4395021/airflow/dags/etl_dag.py
[2026-03-14T10:17:02.191+0000] {processor.py:826} INFO - Processing file /workspaces/hands-on-introduction-data-engineering-4395021/airflow/dags/etl_dag.py for tasks to queue
[2026-03-14T10:17:02.192+0000] {logging_mixin.py:150} INFO - [2026-03-14T10:17:02.192+0000] {dagbag.py:541} INFO - Filling up the DagBag from /workspaces/hands-on-introduction-data-engineering-4395021/airflow/dags/etl_dag.py
[2026-03-14T10:17:02.731+0000] {processor.py:836} INFO - DAG(s) dict_keys(['etl_dag']) retrieved from /workspaces/hands-on-introduction-data-engineering-4395021/airflow/dags/etl_dag.py
[2026-03-14T10:17:03.017+0000] {logging_mixin.py:150} INFO - [2026-03-14T10:17:03.017+0000] {manager.py:504} INFO - Created Permission View: can read on DAG:etl_dag
[2026-03-14T10:17:03.074+0000] {logging_mixin.py:150} INFO - [2026-03-14T10:17:03.072+0000] {manager.py:504} INFO - Created Permission View: can delete on DAG:etl_dag
[2026-03-14T10:17:03.104+0000] {logging_mixin.py:150} INFO - [2026-03-14T10:17:03.104+0000] {manager.py:504} INFO - Created Permission View: can edit on DAG:etl_dag
[2026-03-14T10:17:03.442+0000] {logging_mixin.py:150} INFO - [2026-03-14T10:17:03.437+0000] {dag.py:2742} INFO - Sync 1 DAGs
[2026-03-14T10:17:03.494+0000] {logging_mixin.py:150} INFO - [2026-03-14T10:17:03.493+0000] {dag.py:2763} INFO - Creating ORM DAG for etl_dag
[2026-03-14T10:17:03.521+0000] {logging_mixin.py:150} INFO - [2026-03-14T10:17:03.521+0000] {dag.py:3504} INFO - Setting next_dagrun for etl_dag to None, run_after=None
[2026-03-14T10:17:03.574+0000] {processor.py:179} INFO - Processing /workspaces/hands-on-introduction-data-engineering-4395021/airflow/dags/etl_dag.py took 1.389 seconds
[2026-03-14T10:17:25.096+0000] {processor.py:157} INFO - Started process (PID=37502) to work on /workspaces/hands-on-introduction-data-engineering-4395021/airflow/dags/etl_dag.py
[2026-03-14T10:17:25.097+0000] {processor.py:826} INFO - Processing file /workspaces/hands-on-introduction-data-engineering-4395021/airflow/dags/etl_dag.py for tasks to queue
[2026-03-14T10:17:25.098+0000] {logging_mixin.py:150} INFO - [2026-03-14T10:17:25.097+0000] {dagbag.py:541} INFO - Filling up the DagBag from /workspaces/hands-on-introduction-data-engineering-4395021/airflow/dags/etl_dag.py
[2026-03-14T10:17:25.420+0000] {processor.py:836} INFO - DAG(s) dict_keys(['etl_dag']) retrieved from /workspaces/hands-on-introduction-data-engineering-4395021/airflow/dags/etl_dag.py
[2026-03-14T10:17:25.435+0000] {logging_mixin.py:150} INFO - [2026-03-14T10:17:25.435+0000] {dag.py:2742} INFO - Sync 1 DAGs
[2026-03-14T10:17:25.456+0000] {logging_mixin.py:150} INFO - [2026-03-14T10:17:25.455+0000] {dag.py:3504} INFO - Setting next_dagrun for etl_dag to None, run_after=None
[2026-03-14T10:17:25.493+0000] {processor.py:179} INFO - Processing /workspaces/hands-on-introduction-data-engineering-4395021/airflow/dags/etl_dag.py took 0.400 seconds
[2026-03-14T10:18:13.641+0000] {processor.py:157} INFO - Started process (PID=37880) to work on /workspaces/hands-on-introduction-data-engineering-4395021/airflow/dags/etl_dag.py
[2026-03-14T10:18:13.641+0000] {processor.py:826} INFO - Processing file /workspaces/hands-on-introduction-data-engineering-4395021/airflow/dags/etl_dag.py for tasks to queue
[2026-03-14T10:18:13.642+0000] {logging_mixin.py:150} INFO - [2026-03-14T10:18:13.642+0000] {dagbag.py:541} INFO - Filling up the DagBag from /workspaces/hands-on-introduction-data-engineering-4395021/airflow/dags/etl_dag.py
[2026-03-14T10:18:13.925+0000] {processor.py:836} INFO - DAG(s) dict_keys(['etl_dag']) retrieved from /workspaces/hands-on-introduction-data-engineering-4395021/airflow/dags/etl_dag.py
[2026-03-14T10:18:13.936+0000] {logging_mixin.py:150} INFO - [2026-03-14T10:18:13.936+0000] {dag.py:2742} INFO - Sync 1 DAGs
[2026-03-14T10:18:13.950+0000] {logging_mixin.py:150} INFO - [2026-03-14T10:18:13.950+0000] {dag.py:3504} INFO - Setting next_dagrun for etl_dag to None, run_after=None
[2026-03-14T10:18:13.968+0000] {processor.py:179} INFO - Processing /workspaces/hands-on-introduction-data-engineering-4395021/airflow/dags/etl_dag.py took 0.329 seconds
[2026-03-14T10:18:58.109+0000] {processor.py:157} INFO - Started process (PID=38190) to work on /workspaces/hands-on-introduction-data-engineering-4395021/airflow/dags/etl_dag.py
[2026-03-14T10:18:58.110+0000] {processor.py:826} INFO - Processing file /workspaces/hands-on-introduction-data-engineering-4395021/airflow/dags/etl_dag.py for tasks to queue
[2026-03-14T10:18:58.111+0000] {logging_mixin.py:150} INFO - [2026-03-14T10:18:58.111+0000] {dagbag.py:541} INFO - Filling up the DagBag from /workspaces/hands-on-introduction-data-engineering-4395021/airflow/dags/etl_dag.py
[2026-03-14T10:18:58.438+0000] {processor.py:836} INFO - DAG(s) dict_keys(['etl_dag']) retrieved from /workspaces/hands-on-introduction-data-engineering-4395021/airflow/dags/etl_dag.py
[2026-03-14T10:18:58.454+0000] {logging_mixin.py:150} INFO - [2026-03-14T10:18:58.453+0000] {dag.py:2742} INFO - Sync 1 DAGs
[2026-03-14T10:18:58.477+0000] {logging_mixin.py:150} INFO - [2026-03-14T10:18:58.476+0000] {dag.py:3504} INFO - Setting next_dagrun for etl_dag to None, run_after=None
[2026-03-14T10:18:58.534+0000] {processor.py:179} INFO - Processing /workspaces/hands-on-introduction-data-engineering-4395021/airflow/dags/etl_dag.py took 0.429 seconds
[2026-03-14T10:20:00.562+0000] {processor.py:157} INFO - Started process (PID=38602) to work on /workspaces/hands-on-introduction-data-engineering-4395021/airflow/dags/etl_dag.py
[2026-03-14T10:20:00.563+0000] {processor.py:826} INFO - Processing file /workspaces/hands-on-introduction-data-engineering-4395021/airflow/dags/etl_dag.py for tasks to queue
[2026-03-14T10:20:00.563+0000] {logging_mixin.py:150} INFO - [2026-03-14T10:20:00.563+0000] {dagbag.py:541} INFO - Filling up the DagBag from /workspaces/hands-on-introduction-data-engineering-4395021/airflow/dags/etl_dag.py
[2026-03-14T10:20:00.907+0000] {processor.py:836} INFO - DAG(s) dict_keys(['etl_dag']) retrieved from /workspaces/hands-on-introduction-data-engineering-4395021/airflow/dags/etl_dag.py
[2026-03-14T10:20:00.917+0000] {logging_mixin.py:150} INFO - [2026-03-14T10:20:00.917+0000] {dag.py:2742} INFO - Sync 1 DAGs
[2026-03-14T10:20:00.931+0000] {logging_mixin.py:150} INFO - [2026-03-14T10:20:00.931+0000] {dag.py:3504} INFO - Setting next_dagrun for etl_dag to None, run_after=None
[2026-03-14T10:20:01.043+0000] {processor.py:179} INFO - Processing /workspaces/hands-on-introduction-data-engineering-4395021/airflow/dags/etl_dag.py took 0.483 seconds
[2026-03-14T10:20:51.025+0000] {processor.py:157} INFO - Started process (PID=38934) to work on /workspaces/hands-on-introduction-data-engineering-4395021/airflow/dags/etl_dag.py
[2026-03-14T10:20:51.025+0000] {processor.py:826} INFO - Processing file /workspaces/hands-on-introduction-data-engineering-4395021/airflow/dags/etl_dag.py for tasks to queue
[2026-03-14T10:20:51.026+0000] {logging_mixin.py:150} INFO - [2026-03-14T10:20:51.026+0000] {dagbag.py:541} INFO - Filling up the DagBag from /workspaces/hands-on-introduction-data-engineering-4395021/airflow/dags/etl_dag.py
[2026-03-14T10:20:51.303+0000] {processor.py:836} INFO - DAG(s) dict_keys(['etl_dag']) retrieved from /workspaces/hands-on-introduction-data-engineering-4395021/airflow/dags/etl_dag.py
[2026-03-14T10:20:51.315+0000] {logging_mixin.py:150} INFO - [2026-03-14T10:20:51.314+0000] {dag.py:2742} INFO - Sync 1 DAGs
[2026-03-14T10:20:51.334+0000] {logging_mixin.py:150} INFO - [2026-03-14T10:20:51.334+0000] {dag.py:3504} INFO - Setting next_dagrun for etl_dag to None, run_after=None
[2026-03-14T10:20:51.523+0000] {processor.py:179} INFO - Processing /workspaces/hands-on-introduction-data-engineering-4395021/airflow/dags/etl_dag.py took 0.501 seconds
[2026-03-14T10:21:34.916+0000] {processor.py:157} INFO - Started process (PID=39250) to work on /workspaces/hands-on-introduction-data-engineering-4395021/airflow/dags/etl_dag.py
[2026-03-14T10:21:34.917+0000] {processor.py:826} INFO - Processing file /workspaces/hands-on-introduction-data-engineering-4395021/airflow/dags/etl_dag.py for tasks to queue
[2026-03-14T10:21:34.917+0000] {logging_mixin.py:150} INFO - [2026-03-14T10:21:34.917+0000] {dagbag.py:541} INFO - Filling up the DagBag from /workspaces/hands-on-introduction-data-engineering-4395021/airflow/dags/etl_dag.py
[2026-03-14T10:21:35.187+0000] {processor.py:836} INFO - DAG(s) dict_keys(['etl_dag']) retrieved from /workspaces/hands-on-introduction-data-engineering-4395021/airflow/dags/etl_dag.py
[2026-03-14T10:21:35.197+0000] {logging_mixin.py:150} INFO - [2026-03-14T10:21:35.197+0000] {dag.py:2742} INFO - Sync 1 DAGs
[2026-03-14T10:21:35.211+0000] {logging_mixin.py:150} INFO - [2026-03-14T10:21:35.210+0000] {dag.py:3504} INFO - Setting next_dagrun for etl_dag to None, run_after=None
[2026-03-14T10:21:35.227+0000] {processor.py:179} INFO - Processing /workspaces/hands-on-introduction-data-engineering-4395021/airflow/dags/etl_dag.py took 0.313 seconds
[2026-03-14T10:22:17.253+0000] {processor.py:157} INFO - Started process (PID=39602) to work on /workspaces/hands-on-introduction-data-engineering-4395021/airflow/dags/etl_dag.py
[2026-03-14T10:22:17.254+0000] {processor.py:826} INFO - Processing file /workspaces/hands-on-introduction-data-engineering-4395021/airflow/dags/etl_dag.py for tasks to queue
[2026-03-14T10:22:17.255+0000] {logging_mixin.py:150} INFO - [2026-03-14T10:22:17.255+0000] {dagbag.py:541} INFO - Filling up the DagBag from /workspaces/hands-on-introduction-data-engineering-4395021/airflow/dags/etl_dag.py
[2026-03-14T10:22:17.572+0000] {processor.py:836} INFO - DAG(s) dict_keys(['etl_dag']) retrieved from /workspaces/hands-on-introduction-data-engineering-4395021/airflow/dags/etl_dag.py
[2026-03-14T10:22:17.583+0000] {logging_mixin.py:150} INFO - [2026-03-14T10:22:17.583+0000] {dag.py:2742} INFO - Sync 1 DAGs
[2026-03-14T10:22:17.775+0000] {logging_mixin.py:150} INFO - [2026-03-14T10:22:17.775+0000] {dag.py:3504} INFO - Setting next_dagrun for etl_dag to None, run_after=None
[2026-03-14T10:22:17.793+0000] {processor.py:179} INFO - Processing /workspaces/hands-on-introduction-data-engineering-4395021/airflow/dags/etl_dag.py took 0.542 seconds
[2026-03-14T10:23:03.198+0000] {processor.py:157} INFO - Started process (PID=39975) to work on /workspaces/hands-on-introduction-data-engineering-4395021/airflow/dags/etl_dag.py
[2026-03-14T10:23:03.203+0000] {processor.py:826} INFO - Processing file /workspaces/hands-on-introduction-data-engineering-4395021/airflow/dags/etl_dag.py for tasks to queue
[2026-03-14T10:23:03.205+0000] {logging_mixin.py:150} INFO - [2026-03-14T10:23:03.203+0000] {dagbag.py:541} INFO - Filling up the DagBag from /workspaces/hands-on-introduction-data-engineering-4395021/airflow/dags/etl_dag.py
[2026-03-14T10:23:03.604+0000] {processor.py:836} INFO - DAG(s) dict_keys(['etl_dag']) retrieved from /workspaces/hands-on-introduction-data-engineering-4395021/airflow/dags/etl_dag.py
[2026-03-14T10:23:03.614+0000] {logging_mixin.py:150} INFO - [2026-03-14T10:23:03.613+0000] {dag.py:2742} INFO - Sync 1 DAGs
[2026-03-14T10:23:03.627+0000] {logging_mixin.py:150} INFO - [2026-03-14T10:23:03.627+0000] {dag.py:3504} INFO - Setting next_dagrun for etl_dag to None, run_after=None
[2026-03-14T10:23:03.644+0000] {processor.py:179} INFO - Processing /workspaces/hands-on-introduction-data-engineering-4395021/airflow/dags/etl_dag.py took 0.451 seconds
[2026-03-14T10:23:47.660+0000] {processor.py:157} INFO - Started process (PID=40358) to work on /workspaces/hands-on-introduction-data-engineering-4395021/airflow/dags/etl_dag.py
[2026-03-14T10:23:47.661+0000] {processor.py:826} INFO - Processing file /workspaces/hands-on-introduction-data-engineering-4395021/airflow/dags/etl_dag.py for tasks to queue
[2026-03-14T10:23:47.662+0000] {logging_mixin.py:150} INFO - [2026-03-14T10:23:47.662+0000] {dagbag.py:541} INFO - Filling up the DagBag from /workspaces/hands-on-introduction-data-engineering-4395021/airflow/dags/etl_dag.py
[2026-03-14T10:23:48.025+0000] {processor.py:836} INFO - DAG(s) dict_keys(['etl_dag']) retrieved from /workspaces/hands-on-introduction-data-engineering-4395021/airflow/dags/etl_dag.py
[2026-03-14T10:23:48.034+0000] {logging_mixin.py:150} INFO - [2026-03-14T10:23:48.033+0000] {dag.py:2742} INFO - Sync 1 DAGs
[2026-03-14T10:23:48.046+0000] {logging_mixin.py:150} INFO - [2026-03-14T10:23:48.046+0000] {dag.py:3504} INFO - Setting next_dagrun for etl_dag to None, run_after=None
[2026-03-14T10:23:48.061+0000] {processor.py:179} INFO - Processing /workspaces/hands-on-introduction-data-engineering-4395021/airflow/dags/etl_dag.py took 0.404 seconds
[2026-03-14T10:24:33.289+0000] {processor.py:157} INFO - Started process (PID=40676) to work on /workspaces/hands-on-introduction-data-engineering-4395021/airflow/dags/etl_dag.py
[2026-03-14T10:24:33.290+0000] {processor.py:826} INFO - Processing file /workspaces/hands-on-introduction-data-engineering-4395021/airflow/dags/etl_dag.py for tasks to queue
[2026-03-14T10:24:33.291+0000] {logging_mixin.py:150} INFO - [2026-03-14T10:24:33.290+0000] {dagbag.py:541} INFO - Filling up the DagBag from /workspaces/hands-on-introduction-data-engineering-4395021/airflow/dags/etl_dag.py
[2026-03-14T10:24:33.738+0000] {processor.py:836} INFO - DAG(s) dict_keys(['etl_dag']) retrieved from /workspaces/hands-on-introduction-data-engineering-4395021/airflow/dags/etl_dag.py
[2026-03-14T10:24:33.747+0000] {logging_mixin.py:150} INFO - [2026-03-14T10:24:33.746+0000] {dag.py:2742} INFO - Sync 1 DAGs
[2026-03-14T10:24:33.765+0000] {logging_mixin.py:150} INFO - [2026-03-14T10:24:33.765+0000] {dag.py:3504} INFO - Setting next_dagrun for etl_dag to None, run_after=None
[2026-03-14T10:24:33.799+0000] {processor.py:179} INFO - Processing /workspaces/hands-on-introduction-data-engineering-4395021/airflow/dags/etl_dag.py took 0.512 seconds
[2026-03-14T10:25:17.501+0000] {processor.py:157} INFO - Started process (PID=41086) to work on /workspaces/hands-on-introduction-data-engineering-4395021/airflow/dags/etl_dag.py
[2026-03-14T10:25:17.501+0000] {processor.py:826} INFO - Processing file /workspaces/hands-on-introduction-data-engineering-4395021/airflow/dags/etl_dag.py for tasks to queue
[2026-03-14T10:25:17.502+0000] {logging_mixin.py:150} INFO - [2026-03-14T10:25:17.502+0000] {dagbag.py:541} INFO - Filling up the DagBag from /workspaces/hands-on-introduction-data-engineering-4395021/airflow/dags/etl_dag.py
[2026-03-14T10:25:17.881+0000] {processor.py:836} INFO - DAG(s) dict_keys(['etl_dag']) retrieved from /workspaces/hands-on-introduction-data-engineering-4395021/airflow/dags/etl_dag.py
[2026-03-14T10:25:17.890+0000] {logging_mixin.py:150} INFO - [2026-03-14T10:25:17.890+0000] {dag.py:2742} INFO - Sync 1 DAGs
[2026-03-14T10:25:17.903+0000] {logging_mixin.py:150} INFO - [2026-03-14T10:25:17.903+0000] {dag.py:3504} INFO - Setting next_dagrun for etl_dag to None, run_after=None
[2026-03-14T10:25:17.919+0000] {processor.py:179} INFO - Processing /workspaces/hands-on-introduction-data-engineering-4395021/airflow/dags/etl_dag.py took 0.421 seconds
[2026-03-14T10:26:02.925+0000] {processor.py:157} INFO - Started process (PID=41459) to work on /workspaces/hands-on-introduction-data-engineering-4395021/airflow/dags/etl_dag.py
[2026-03-14T10:26:02.926+0000] {processor.py:826} INFO - Processing file /workspaces/hands-on-introduction-data-engineering-4395021/airflow/dags/etl_dag.py for tasks to queue
[2026-03-14T10:26:02.926+0000] {logging_mixin.py:150} INFO - [2026-03-14T10:26:02.926+0000] {dagbag.py:541} INFO - Filling up the DagBag from /workspaces/hands-on-introduction-data-engineering-4395021/airflow/dags/etl_dag.py
[2026-03-14T10:26:03.492+0000] {processor.py:836} INFO - DAG(s) dict_keys(['etl_dag']) retrieved from /workspaces/hands-on-introduction-data-engineering-4395021/airflow/dags/etl_dag.py
[2026-03-14T10:26:03.505+0000] {logging_mixin.py:150} INFO - [2026-03-14T10:26:03.504+0000] {dag.py:2742} INFO - Sync 1 DAGs
[2026-03-14T10:26:03.525+0000] {logging_mixin.py:150} INFO - [2026-03-14T10:26:03.525+0000] {dag.py:3504} INFO - Setting next_dagrun for etl_dag to None, run_after=None
[2026-03-14T10:26:03.562+0000] {processor.py:179} INFO - Processing /workspaces/hands-on-introduction-data-engineering-4395021/airflow/dags/etl_dag.py took 0.640 seconds
[2026-03-14T10:26:47.673+0000] {processor.py:157} INFO - Started process (PID=41805) to work on /workspaces/hands-on-introduction-data-engineering-4395021/airflow/dags/etl_dag.py
[2026-03-14T10:26:47.674+0000] {processor.py:826} INFO - Processing file /workspaces/hands-on-introduction-data-engineering-4395021/airflow/dags/etl_dag.py for tasks to queue
[2026-03-14T10:26:47.675+0000] {logging_mixin.py:150} INFO - [2026-03-14T10:26:47.674+0000] {dagbag.py:541} INFO - Filling up the DagBag from /workspaces/hands-on-introduction-data-engineering-4395021/airflow/dags/etl_dag.py
[2026-03-14T10:26:48.046+0000] {processor.py:836} INFO - DAG(s) dict_keys(['etl_dag']) retrieved from /workspaces/hands-on-introduction-data-engineering-4395021/airflow/dags/etl_dag.py
[2026-03-14T10:26:48.057+0000] {logging_mixin.py:150} INFO - [2026-03-14T10:26:48.056+0000] {dag.py:2742} INFO - Sync 1 DAGs
[2026-03-14T10:26:48.073+0000] {logging_mixin.py:150} INFO - [2026-03-14T10:26:48.073+0000] {dag.py:3504} INFO - Setting next_dagrun for etl_dag to None, run_after=None
[2026-03-14T10:26:48.088+0000] {processor.py:179} INFO - Processing /workspaces/hands-on-introduction-data-engineering-4395021/airflow/dags/etl_dag.py took 0.418 seconds
[2026-03-14T10:27:33.938+0000] {processor.py:157} INFO - Started process (PID=42223) to work on /workspaces/hands-on-introduction-data-engineering-4395021/airflow/dags/etl_dag.py
[2026-03-14T10:27:33.939+0000] {processor.py:826} INFO - Processing file /workspaces/hands-on-introduction-data-engineering-4395021/airflow/dags/etl_dag.py for tasks to queue
[2026-03-14T10:27:33.940+0000] {logging_mixin.py:150} INFO - [2026-03-14T10:27:33.939+0000] {dagbag.py:541} INFO - Filling up the DagBag from /workspaces/hands-on-introduction-data-engineering-4395021/airflow/dags/etl_dag.py
[2026-03-14T10:27:34.354+0000] {processor.py:836} INFO - DAG(s) dict_keys(['etl_dag']) retrieved from /workspaces/hands-on-introduction-data-engineering-4395021/airflow/dags/etl_dag.py
[2026-03-14T10:27:34.367+0000] {logging_mixin.py:150} INFO - [2026-03-14T10:27:34.366+0000] {dag.py:2742} INFO - Sync 1 DAGs
[2026-03-14T10:27:34.386+0000] {logging_mixin.py:150} INFO - [2026-03-14T10:27:34.386+0000] {dag.py:3504} INFO - Setting next_dagrun for etl_dag to None, run_after=None
[2026-03-14T10:27:34.430+0000] {processor.py:179} INFO - Processing /workspaces/hands-on-introduction-data-engineering-4395021/airflow/dags/etl_dag.py took 0.494 seconds
[2026-03-14T10:28:18.271+0000] {processor.py:157} INFO - Started process (PID=42590) to work on /workspaces/hands-on-introduction-data-engineering-4395021/airflow/dags/etl_dag.py
[2026-03-14T10:28:18.271+0000] {processor.py:826} INFO - Processing file /workspaces/hands-on-introduction-data-engineering-4395021/airflow/dags/etl_dag.py for tasks to queue
[2026-03-14T10:28:18.272+0000] {logging_mixin.py:150} INFO - [2026-03-14T10:28:18.272+0000] {dagbag.py:541} INFO - Filling up the DagBag from /workspaces/hands-on-introduction-data-engineering-4395021/airflow/dags/etl_dag.py
[2026-03-14T10:28:19.128+0000] {processor.py:836} INFO - DAG(s) dict_keys(['etl_dag']) retrieved from /workspaces/hands-on-introduction-data-engineering-4395021/airflow/dags/etl_dag.py
[2026-03-14T10:28:19.137+0000] {logging_mixin.py:150} INFO - [2026-03-14T10:28:19.137+0000] {dag.py:2742} INFO - Sync 1 DAGs
[2026-03-14T10:28:19.149+0000] {logging_mixin.py:150} INFO - [2026-03-14T10:28:19.149+0000] {dag.py:3504} INFO - Setting next_dagrun for etl_dag to None, run_after=None
[2026-03-14T10:28:19.172+0000] {processor.py:179} INFO - Processing /workspaces/hands-on-introduction-data-engineering-4395021/airflow/dags/etl_dag.py took 0.903 seconds
