[2026-03-14T09:13:04.119+0000] {processor.py:157} INFO - Started process (PID=9804) to work on /home/vscode/.local/lib/python3.10/site-packages/airflow/example_dags/example_short_circuit_decorator.py
[2026-03-14T09:13:04.120+0000] {processor.py:826} INFO - Processing file /home/vscode/.local/lib/python3.10/site-packages/airflow/example_dags/example_short_circuit_decorator.py for tasks to queue
[2026-03-14T09:13:04.120+0000] {logging_mixin.py:150} INFO - [2026-03-14T09:13:04.120+0000] {dagbag.py:541} INFO - Filling up the DagBag from /home/vscode/.local/lib/python3.10/site-packages/airflow/example_dags/example_short_circuit_decorator.py
[2026-03-14T09:13:04.127+0000] {processor.py:836} INFO - DAG(s) dict_keys(['example_short_circuit_decorator']) retrieved from /home/vscode/.local/lib/python3.10/site-packages/airflow/example_dags/example_short_circuit_decorator.py
[2026-03-14T09:13:04.206+0000] {logging_mixin.py:150} INFO - [2026-03-14T09:13:04.205+0000] {manager.py:504} INFO - Created Permission View: can delete on DAG:example_short_circuit_decorator
[2026-03-14T09:13:04.215+0000] {logging_mixin.py:150} INFO - [2026-03-14T09:13:04.215+0000] {manager.py:504} INFO - Created Permission View: can edit on DAG:example_short_circuit_decorator
[2026-03-14T09:13:04.221+0000] {logging_mixin.py:150} INFO - [2026-03-14T09:13:04.221+0000] {manager.py:504} INFO - Created Permission View: can read on DAG:example_short_circuit_decorator
[2026-03-14T09:13:04.228+0000] {logging_mixin.py:150} INFO - [2026-03-14T09:13:04.228+0000] {dag.py:2742} INFO - Sync 1 DAGs
[2026-03-14T09:13:04.235+0000] {logging_mixin.py:150} INFO - [2026-03-14T09:13:04.235+0000] {dag.py:2763} INFO - Creating ORM DAG for example_short_circuit_decorator
[2026-03-14T09:13:04.242+0000] {logging_mixin.py:150} INFO - [2026-03-14T09:13:04.242+0000] {dag.py:3504} INFO - Setting next_dagrun for example_short_circuit_decorator to 2026-03-13T09:13:04.242074+00:00, run_after=2026-03-14T09:13:04.242074+00:00
[2026-03-14T09:13:04.259+0000] {processor.py:179} INFO - Processing /home/vscode/.local/lib/python3.10/site-packages/airflow/example_dags/example_short_circuit_decorator.py took 0.142 seconds
[2026-03-14T09:13:49.756+0000] {processor.py:157} INFO - Started process (PID=10123) to work on /home/vscode/.local/lib/python3.10/site-packages/airflow/example_dags/example_short_circuit_decorator.py
[2026-03-14T09:13:49.756+0000] {processor.py:826} INFO - Processing file /home/vscode/.local/lib/python3.10/site-packages/airflow/example_dags/example_short_circuit_decorator.py for tasks to queue
[2026-03-14T09:13:49.757+0000] {logging_mixin.py:150} INFO - [2026-03-14T09:13:49.757+0000] {dagbag.py:541} INFO - Filling up the DagBag from /home/vscode/.local/lib/python3.10/site-packages/airflow/example_dags/example_short_circuit_decorator.py
[2026-03-14T09:13:49.764+0000] {processor.py:836} INFO - DAG(s) dict_keys(['example_short_circuit_decorator']) retrieved from /home/vscode/.local/lib/python3.10/site-packages/airflow/example_dags/example_short_circuit_decorator.py
[2026-03-14T09:13:49.777+0000] {logging_mixin.py:150} INFO - [2026-03-14T09:13:49.777+0000] {dag.py:2742} INFO - Sync 1 DAGs
[2026-03-14T09:13:49.797+0000] {logging_mixin.py:150} INFO - [2026-03-14T09:13:49.797+0000] {dag.py:3504} INFO - Setting next_dagrun for example_short_circuit_decorator to 2026-03-13T09:13:49.797038+00:00, run_after=2026-03-14T09:13:49.797038+00:00
[2026-03-14T09:13:49.813+0000] {processor.py:179} INFO - Processing /home/vscode/.local/lib/python3.10/site-packages/airflow/example_dags/example_short_circuit_decorator.py took 0.060 seconds
[2026-03-14T09:14:36.476+0000] {processor.py:157} INFO - Started process (PID=10426) to work on /home/vscode/.local/lib/python3.10/site-packages/airflow/example_dags/example_short_circuit_decorator.py
[2026-03-14T09:14:36.476+0000] {processor.py:826} INFO - Processing file /home/vscode/.local/lib/python3.10/site-packages/airflow/example_dags/example_short_circuit_decorator.py for tasks to queue
[2026-03-14T09:14:36.477+0000] {logging_mixin.py:150} INFO - [2026-03-14T09:14:36.477+0000] {dagbag.py:541} INFO - Filling up the DagBag from /home/vscode/.local/lib/python3.10/site-packages/airflow/example_dags/example_short_circuit_decorator.py
[2026-03-14T09:14:36.484+0000] {processor.py:836} INFO - DAG(s) dict_keys(['example_short_circuit_decorator']) retrieved from /home/vscode/.local/lib/python3.10/site-packages/airflow/example_dags/example_short_circuit_decorator.py
[2026-03-14T09:14:36.497+0000] {logging_mixin.py:150} INFO - [2026-03-14T09:14:36.497+0000] {dag.py:2742} INFO - Sync 1 DAGs
[2026-03-14T09:14:36.510+0000] {logging_mixin.py:150} INFO - [2026-03-14T09:14:36.510+0000] {dag.py:3504} INFO - Setting next_dagrun for example_short_circuit_decorator to 2026-03-13T09:14:36.510629+00:00, run_after=2026-03-14T09:14:36.510629+00:00
[2026-03-14T09:14:36.525+0000] {processor.py:179} INFO - Processing /home/vscode/.local/lib/python3.10/site-packages/airflow/example_dags/example_short_circuit_decorator.py took 0.052 seconds
[2026-03-14T09:15:22.340+0000] {processor.py:157} INFO - Started process (PID=10758) to work on /home/vscode/.local/lib/python3.10/site-packages/airflow/example_dags/example_short_circuit_decorator.py
[2026-03-14T09:15:22.340+0000] {processor.py:826} INFO - Processing file /home/vscode/.local/lib/python3.10/site-packages/airflow/example_dags/example_short_circuit_decorator.py for tasks to queue
[2026-03-14T09:15:22.341+0000] {logging_mixin.py:150} INFO - [2026-03-14T09:15:22.341+0000] {dagbag.py:541} INFO - Filling up the DagBag from /home/vscode/.local/lib/python3.10/site-packages/airflow/example_dags/example_short_circuit_decorator.py
[2026-03-14T09:15:22.348+0000] {processor.py:836} INFO - DAG(s) dict_keys(['example_short_circuit_decorator']) retrieved from /home/vscode/.local/lib/python3.10/site-packages/airflow/example_dags/example_short_circuit_decorator.py
[2026-03-14T09:15:22.360+0000] {logging_mixin.py:150} INFO - [2026-03-14T09:15:22.360+0000] {dag.py:2742} INFO - Sync 1 DAGs
[2026-03-14T09:15:22.382+0000] {logging_mixin.py:150} INFO - [2026-03-14T09:15:22.382+0000] {dag.py:3504} INFO - Setting next_dagrun for example_short_circuit_decorator to 2026-03-13T09:15:22.381811+00:00, run_after=2026-03-14T09:15:22.381811+00:00
[2026-03-14T09:15:22.410+0000] {processor.py:179} INFO - Processing /home/vscode/.local/lib/python3.10/site-packages/airflow/example_dags/example_short_circuit_decorator.py took 0.072 seconds
[2026-03-14T09:16:11.023+0000] {processor.py:157} INFO - Started process (PID=11172) to work on /home/vscode/.local/lib/python3.10/site-packages/airflow/example_dags/example_short_circuit_decorator.py
[2026-03-14T09:16:11.023+0000] {processor.py:826} INFO - Processing file /home/vscode/.local/lib/python3.10/site-packages/airflow/example_dags/example_short_circuit_decorator.py for tasks to queue
[2026-03-14T09:16:11.024+0000] {logging_mixin.py:150} INFO - [2026-03-14T09:16:11.024+0000] {dagbag.py:541} INFO - Filling up the DagBag from /home/vscode/.local/lib/python3.10/site-packages/airflow/example_dags/example_short_circuit_decorator.py
[2026-03-14T09:16:11.031+0000] {processor.py:836} INFO - DAG(s) dict_keys(['example_short_circuit_decorator']) retrieved from /home/vscode/.local/lib/python3.10/site-packages/airflow/example_dags/example_short_circuit_decorator.py
[2026-03-14T09:16:11.043+0000] {logging_mixin.py:150} INFO - [2026-03-14T09:16:11.043+0000] {dag.py:2742} INFO - Sync 1 DAGs
[2026-03-14T09:16:11.057+0000] {logging_mixin.py:150} INFO - [2026-03-14T09:16:11.057+0000] {dag.py:3504} INFO - Setting next_dagrun for example_short_circuit_decorator to 2026-03-13T09:16:11.057364+00:00, run_after=2026-03-14T09:16:11.057364+00:00
[2026-03-14T09:16:11.074+0000] {processor.py:179} INFO - Processing /home/vscode/.local/lib/python3.10/site-packages/airflow/example_dags/example_short_circuit_decorator.py took 0.053 seconds
[2026-03-14T09:16:54.908+0000] {processor.py:157} INFO - Started process (PID=11467) to work on /home/vscode/.local/lib/python3.10/site-packages/airflow/example_dags/example_short_circuit_decorator.py
[2026-03-14T09:16:54.908+0000] {processor.py:826} INFO - Processing file /home/vscode/.local/lib/python3.10/site-packages/airflow/example_dags/example_short_circuit_decorator.py for tasks to queue
[2026-03-14T09:16:54.909+0000] {logging_mixin.py:150} INFO - [2026-03-14T09:16:54.909+0000] {dagbag.py:541} INFO - Filling up the DagBag from /home/vscode/.local/lib/python3.10/site-packages/airflow/example_dags/example_short_circuit_decorator.py
[2026-03-14T09:16:54.916+0000] {processor.py:836} INFO - DAG(s) dict_keys(['example_short_circuit_decorator']) retrieved from /home/vscode/.local/lib/python3.10/site-packages/airflow/example_dags/example_short_circuit_decorator.py
[2026-03-14T09:16:54.928+0000] {logging_mixin.py:150} INFO - [2026-03-14T09:16:54.928+0000] {dag.py:2742} INFO - Sync 1 DAGs
[2026-03-14T09:16:54.942+0000] {logging_mixin.py:150} INFO - [2026-03-14T09:16:54.942+0000] {dag.py:3504} INFO - Setting next_dagrun for example_short_circuit_decorator to 2026-03-13T09:16:54.942097+00:00, run_after=2026-03-14T09:16:54.942097+00:00
[2026-03-14T09:16:54.957+0000] {processor.py:179} INFO - Processing /home/vscode/.local/lib/python3.10/site-packages/airflow/example_dags/example_short_circuit_decorator.py took 0.052 seconds
[2026-03-14T09:17:38.748+0000] {processor.py:157} INFO - Started process (PID=11784) to work on /home/vscode/.local/lib/python3.10/site-packages/airflow/example_dags/example_short_circuit_decorator.py
[2026-03-14T09:17:38.749+0000] {processor.py:826} INFO - Processing file /home/vscode/.local/lib/python3.10/site-packages/airflow/example_dags/example_short_circuit_decorator.py for tasks to queue
[2026-03-14T09:17:38.749+0000] {logging_mixin.py:150} INFO - [2026-03-14T09:17:38.749+0000] {dagbag.py:541} INFO - Filling up the DagBag from /home/vscode/.local/lib/python3.10/site-packages/airflow/example_dags/example_short_circuit_decorator.py
[2026-03-14T09:17:38.756+0000] {processor.py:836} INFO - DAG(s) dict_keys(['example_short_circuit_decorator']) retrieved from /home/vscode/.local/lib/python3.10/site-packages/airflow/example_dags/example_short_circuit_decorator.py
[2026-03-14T09:17:38.770+0000] {logging_mixin.py:150} INFO - [2026-03-14T09:17:38.769+0000] {dag.py:2742} INFO - Sync 1 DAGs
[2026-03-14T09:17:38.784+0000] {logging_mixin.py:150} INFO - [2026-03-14T09:17:38.784+0000] {dag.py:3504} INFO - Setting next_dagrun for example_short_circuit_decorator to 2026-03-13T09:17:38.784071+00:00, run_after=2026-03-14T09:17:38.784071+00:00
[2026-03-14T09:17:38.800+0000] {processor.py:179} INFO - Processing /home/vscode/.local/lib/python3.10/site-packages/airflow/example_dags/example_short_circuit_decorator.py took 0.054 seconds
[2026-03-14T09:18:24.941+0000] {processor.py:157} INFO - Started process (PID=12169) to work on /home/vscode/.local/lib/python3.10/site-packages/airflow/example_dags/example_short_circuit_decorator.py
[2026-03-14T09:18:24.942+0000] {processor.py:826} INFO - Processing file /home/vscode/.local/lib/python3.10/site-packages/airflow/example_dags/example_short_circuit_decorator.py for tasks to queue
[2026-03-14T09:18:24.943+0000] {logging_mixin.py:150} INFO - [2026-03-14T09:18:24.943+0000] {dagbag.py:541} INFO - Filling up the DagBag from /home/vscode/.local/lib/python3.10/site-packages/airflow/example_dags/example_short_circuit_decorator.py
[2026-03-14T09:18:24.953+0000] {processor.py:836} INFO - DAG(s) dict_keys(['example_short_circuit_decorator']) retrieved from /home/vscode/.local/lib/python3.10/site-packages/airflow/example_dags/example_short_circuit_decorator.py
[2026-03-14T09:18:24.974+0000] {logging_mixin.py:150} INFO - [2026-03-14T09:18:24.974+0000] {dag.py:2742} INFO - Sync 1 DAGs
[2026-03-14T09:18:24.994+0000] {logging_mixin.py:150} INFO - [2026-03-14T09:18:24.994+0000] {dag.py:3504} INFO - Setting next_dagrun for example_short_circuit_decorator to 2026-03-13T09:18:24.994275+00:00, run_after=2026-03-14T09:18:24.994275+00:00
[2026-03-14T09:18:25.009+0000] {processor.py:179} INFO - Processing /home/vscode/.local/lib/python3.10/site-packages/airflow/example_dags/example_short_circuit_decorator.py took 0.071 seconds
[2026-03-14T09:19:08.560+0000] {processor.py:157} INFO - Started process (PID=12461) to work on /home/vscode/.local/lib/python3.10/site-packages/airflow/example_dags/example_short_circuit_decorator.py
[2026-03-14T09:19:08.561+0000] {processor.py:826} INFO - Processing file /home/vscode/.local/lib/python3.10/site-packages/airflow/example_dags/example_short_circuit_decorator.py for tasks to queue
[2026-03-14T09:19:08.561+0000] {logging_mixin.py:150} INFO - [2026-03-14T09:19:08.561+0000] {dagbag.py:541} INFO - Filling up the DagBag from /home/vscode/.local/lib/python3.10/site-packages/airflow/example_dags/example_short_circuit_decorator.py
[2026-03-14T09:19:08.568+0000] {processor.py:836} INFO - DAG(s) dict_keys(['example_short_circuit_decorator']) retrieved from /home/vscode/.local/lib/python3.10/site-packages/airflow/example_dags/example_short_circuit_decorator.py
[2026-03-14T09:19:08.580+0000] {logging_mixin.py:150} INFO - [2026-03-14T09:19:08.580+0000] {dag.py:2742} INFO - Sync 1 DAGs
[2026-03-14T09:19:08.594+0000] {logging_mixin.py:150} INFO - [2026-03-14T09:19:08.594+0000] {dag.py:3504} INFO - Setting next_dagrun for example_short_circuit_decorator to 2026-03-13T09:19:08.594157+00:00, run_after=2026-03-14T09:19:08.594157+00:00
[2026-03-14T09:19:08.611+0000] {processor.py:179} INFO - Processing /home/vscode/.local/lib/python3.10/site-packages/airflow/example_dags/example_short_circuit_decorator.py took 0.053 seconds
[2026-03-14T09:19:52.519+0000] {processor.py:157} INFO - Started process (PID=12749) to work on /home/vscode/.local/lib/python3.10/site-packages/airflow/example_dags/example_short_circuit_decorator.py
[2026-03-14T09:19:52.520+0000] {processor.py:826} INFO - Processing file /home/vscode/.local/lib/python3.10/site-packages/airflow/example_dags/example_short_circuit_decorator.py for tasks to queue
[2026-03-14T09:19:52.521+0000] {logging_mixin.py:150} INFO - [2026-03-14T09:19:52.520+0000] {dagbag.py:541} INFO - Filling up the DagBag from /home/vscode/.local/lib/python3.10/site-packages/airflow/example_dags/example_short_circuit_decorator.py
[2026-03-14T09:19:52.528+0000] {processor.py:836} INFO - DAG(s) dict_keys(['example_short_circuit_decorator']) retrieved from /home/vscode/.local/lib/python3.10/site-packages/airflow/example_dags/example_short_circuit_decorator.py
[2026-03-14T09:19:52.540+0000] {logging_mixin.py:150} INFO - [2026-03-14T09:19:52.540+0000] {dag.py:2742} INFO - Sync 1 DAGs
[2026-03-14T09:19:52.554+0000] {logging_mixin.py:150} INFO - [2026-03-14T09:19:52.554+0000] {dag.py:3504} INFO - Setting next_dagrun for example_short_circuit_decorator to 2026-03-13T09:19:52.554018+00:00, run_after=2026-03-14T09:19:52.554018+00:00
[2026-03-14T09:19:52.569+0000] {processor.py:179} INFO - Processing /home/vscode/.local/lib/python3.10/site-packages/airflow/example_dags/example_short_circuit_decorator.py took 0.052 seconds
[2026-03-14T09:20:35.510+0000] {processor.py:157} INFO - Started process (PID=13041) to work on /home/vscode/.local/lib/python3.10/site-packages/airflow/example_dags/example_short_circuit_decorator.py
[2026-03-14T09:20:35.511+0000] {processor.py:826} INFO - Processing file /home/vscode/.local/lib/python3.10/site-packages/airflow/example_dags/example_short_circuit_decorator.py for tasks to queue
[2026-03-14T09:20:35.511+0000] {logging_mixin.py:150} INFO - [2026-03-14T09:20:35.511+0000] {dagbag.py:541} INFO - Filling up the DagBag from /home/vscode/.local/lib/python3.10/site-packages/airflow/example_dags/example_short_circuit_decorator.py
[2026-03-14T09:20:35.518+0000] {processor.py:836} INFO - DAG(s) dict_keys(['example_short_circuit_decorator']) retrieved from /home/vscode/.local/lib/python3.10/site-packages/airflow/example_dags/example_short_circuit_decorator.py
[2026-03-14T09:20:35.531+0000] {logging_mixin.py:150} INFO - [2026-03-14T09:20:35.531+0000] {dag.py:2742} INFO - Sync 1 DAGs
[2026-03-14T09:20:35.545+0000] {logging_mixin.py:150} INFO - [2026-03-14T09:20:35.545+0000] {dag.py:3504} INFO - Setting next_dagrun for example_short_circuit_decorator to 2026-03-13T09:20:35.544845+00:00, run_after=2026-03-14T09:20:35.544845+00:00
[2026-03-14T09:20:35.560+0000] {processor.py:179} INFO - Processing /home/vscode/.local/lib/python3.10/site-packages/airflow/example_dags/example_short_circuit_decorator.py took 0.052 seconds
[2026-03-14T09:21:23.029+0000] {processor.py:157} INFO - Started process (PID=13354) to work on /home/vscode/.local/lib/python3.10/site-packages/airflow/example_dags/example_short_circuit_decorator.py
[2026-03-14T09:21:23.029+0000] {processor.py:826} INFO - Processing file /home/vscode/.local/lib/python3.10/site-packages/airflow/example_dags/example_short_circuit_decorator.py for tasks to queue
[2026-03-14T09:21:23.030+0000] {logging_mixin.py:150} INFO - [2026-03-14T09:21:23.030+0000] {dagbag.py:541} INFO - Filling up the DagBag from /home/vscode/.local/lib/python3.10/site-packages/airflow/example_dags/example_short_circuit_decorator.py
[2026-03-14T09:21:23.037+0000] {processor.py:836} INFO - DAG(s) dict_keys(['example_short_circuit_decorator']) retrieved from /home/vscode/.local/lib/python3.10/site-packages/airflow/example_dags/example_short_circuit_decorator.py
[2026-03-14T09:21:23.050+0000] {logging_mixin.py:150} INFO - [2026-03-14T09:21:23.049+0000] {dag.py:2742} INFO - Sync 1 DAGs
[2026-03-14T09:21:23.064+0000] {logging_mixin.py:150} INFO - [2026-03-14T09:21:23.064+0000] {dag.py:3504} INFO - Setting next_dagrun for example_short_circuit_decorator to 2026-03-13T09:21:23.063880+00:00, run_after=2026-03-14T09:21:23.063880+00:00
[2026-03-14T09:21:23.079+0000] {processor.py:179} INFO - Processing /home/vscode/.local/lib/python3.10/site-packages/airflow/example_dags/example_short_circuit_decorator.py took 0.052 seconds
[2026-03-14T09:22:08.557+0000] {processor.py:157} INFO - Started process (PID=13656) to work on /home/vscode/.local/lib/python3.10/site-packages/airflow/example_dags/example_short_circuit_decorator.py
[2026-03-14T09:22:08.557+0000] {processor.py:826} INFO - Processing file /home/vscode/.local/lib/python3.10/site-packages/airflow/example_dags/example_short_circuit_decorator.py for tasks to queue
[2026-03-14T09:22:08.558+0000] {logging_mixin.py:150} INFO - [2026-03-14T09:22:08.558+0000] {dagbag.py:541} INFO - Filling up the DagBag from /home/vscode/.local/lib/python3.10/site-packages/airflow/example_dags/example_short_circuit_decorator.py
[2026-03-14T09:22:08.565+0000] {processor.py:836} INFO - DAG(s) dict_keys(['example_short_circuit_decorator']) retrieved from /home/vscode/.local/lib/python3.10/site-packages/airflow/example_dags/example_short_circuit_decorator.py
[2026-03-14T09:22:08.577+0000] {logging_mixin.py:150} INFO - [2026-03-14T09:22:08.577+0000] {dag.py:2742} INFO - Sync 1 DAGs
[2026-03-14T09:22:08.591+0000] {logging_mixin.py:150} INFO - [2026-03-14T09:22:08.591+0000] {dag.py:3504} INFO - Setting next_dagrun for example_short_circuit_decorator to 2026-03-13T09:22:08.591129+00:00, run_after=2026-03-14T09:22:08.591129+00:00
[2026-03-14T09:22:08.608+0000] {processor.py:179} INFO - Processing /home/vscode/.local/lib/python3.10/site-packages/airflow/example_dags/example_short_circuit_decorator.py took 0.053 seconds
[2026-03-14T09:22:51.753+0000] {processor.py:157} INFO - Started process (PID=13952) to work on /home/vscode/.local/lib/python3.10/site-packages/airflow/example_dags/example_short_circuit_decorator.py
[2026-03-14T09:22:51.753+0000] {processor.py:826} INFO - Processing file /home/vscode/.local/lib/python3.10/site-packages/airflow/example_dags/example_short_circuit_decorator.py for tasks to queue
[2026-03-14T09:22:51.754+0000] {logging_mixin.py:150} INFO - [2026-03-14T09:22:51.753+0000] {dagbag.py:541} INFO - Filling up the DagBag from /home/vscode/.local/lib/python3.10/site-packages/airflow/example_dags/example_short_circuit_decorator.py
[2026-03-14T09:22:51.761+0000] {processor.py:836} INFO - DAG(s) dict_keys(['example_short_circuit_decorator']) retrieved from /home/vscode/.local/lib/python3.10/site-packages/airflow/example_dags/example_short_circuit_decorator.py
[2026-03-14T09:22:51.773+0000] {logging_mixin.py:150} INFO - [2026-03-14T09:22:51.773+0000] {dag.py:2742} INFO - Sync 1 DAGs
[2026-03-14T09:22:51.788+0000] {logging_mixin.py:150} INFO - [2026-03-14T09:22:51.788+0000] {dag.py:3504} INFO - Setting next_dagrun for example_short_circuit_decorator to 2026-03-13T09:22:51.788504+00:00, run_after=2026-03-14T09:22:51.788504+00:00
[2026-03-14T09:22:51.805+0000] {processor.py:179} INFO - Processing /home/vscode/.local/lib/python3.10/site-packages/airflow/example_dags/example_short_circuit_decorator.py took 0.054 seconds
[2026-03-14T09:23:34.957+0000] {processor.py:157} INFO - Started process (PID=14246) to work on /home/vscode/.local/lib/python3.10/site-packages/airflow/example_dags/example_short_circuit_decorator.py
[2026-03-14T09:23:34.958+0000] {processor.py:826} INFO - Processing file /home/vscode/.local/lib/python3.10/site-packages/airflow/example_dags/example_short_circuit_decorator.py for tasks to queue
[2026-03-14T09:23:34.958+0000] {logging_mixin.py:150} INFO - [2026-03-14T09:23:34.958+0000] {dagbag.py:541} INFO - Filling up the DagBag from /home/vscode/.local/lib/python3.10/site-packages/airflow/example_dags/example_short_circuit_decorator.py
[2026-03-14T09:23:34.965+0000] {processor.py:836} INFO - DAG(s) dict_keys(['example_short_circuit_decorator']) retrieved from /home/vscode/.local/lib/python3.10/site-packages/airflow/example_dags/example_short_circuit_decorator.py
[2026-03-14T09:23:34.979+0000] {logging_mixin.py:150} INFO - [2026-03-14T09:23:34.979+0000] {dag.py:2742} INFO - Sync 1 DAGs
[2026-03-14T09:23:35.000+0000] {logging_mixin.py:150} INFO - [2026-03-14T09:23:35.000+0000] {dag.py:3504} INFO - Setting next_dagrun for example_short_circuit_decorator to 2026-03-13T09:23:35.000681+00:00, run_after=2026-03-14T09:23:35.000681+00:00
[2026-03-14T09:23:35.016+0000] {processor.py:179} INFO - Processing /home/vscode/.local/lib/python3.10/site-packages/airflow/example_dags/example_short_circuit_decorator.py took 0.061 seconds
[2026-03-14T09:24:23.681+0000] {processor.py:157} INFO - Started process (PID=14586) to work on /home/vscode/.local/lib/python3.10/site-packages/airflow/example_dags/example_short_circuit_decorator.py
[2026-03-14T09:24:23.682+0000] {processor.py:826} INFO - Processing file /home/vscode/.local/lib/python3.10/site-packages/airflow/example_dags/example_short_circuit_decorator.py for tasks to queue
[2026-03-14T09:24:23.682+0000] {logging_mixin.py:150} INFO - [2026-03-14T09:24:23.682+0000] {dagbag.py:541} INFO - Filling up the DagBag from /home/vscode/.local/lib/python3.10/site-packages/airflow/example_dags/example_short_circuit_decorator.py
[2026-03-14T09:24:23.689+0000] {processor.py:836} INFO - DAG(s) dict_keys(['example_short_circuit_decorator']) retrieved from /home/vscode/.local/lib/python3.10/site-packages/airflow/example_dags/example_short_circuit_decorator.py
[2026-03-14T09:24:23.702+0000] {logging_mixin.py:150} INFO - [2026-03-14T09:24:23.702+0000] {dag.py:2742} INFO - Sync 1 DAGs
[2026-03-14T09:24:23.715+0000] {logging_mixin.py:150} INFO - [2026-03-14T09:24:23.715+0000] {dag.py:3504} INFO - Setting next_dagrun for example_short_circuit_decorator to 2026-03-13T09:24:23.715263+00:00, run_after=2026-03-14T09:24:23.715263+00:00
[2026-03-14T09:24:23.734+0000] {processor.py:179} INFO - Processing /home/vscode/.local/lib/python3.10/site-packages/airflow/example_dags/example_short_circuit_decorator.py took 0.055 seconds
