[2026-03-14T09:13:08.136+0000] {processor.py:157} INFO - Started process (PID=9830) to work on /home/vscode/.local/lib/python3.10/site-packages/airflow/example_dags/example_sensors.py
[2026-03-14T09:13:08.136+0000] {processor.py:826} INFO - Processing file /home/vscode/.local/lib/python3.10/site-packages/airflow/example_dags/example_sensors.py for tasks to queue
[2026-03-14T09:13:08.137+0000] {logging_mixin.py:150} INFO - [2026-03-14T09:13:08.137+0000] {dagbag.py:541} INFO - Filling up the DagBag from /home/vscode/.local/lib/python3.10/site-packages/airflow/example_dags/example_sensors.py
[2026-03-14T09:13:08.144+0000] {processor.py:836} INFO - DAG(s) dict_keys(['example_sensors']) retrieved from /home/vscode/.local/lib/python3.10/site-packages/airflow/example_dags/example_sensors.py
[2026-03-14T09:13:08.229+0000] {logging_mixin.py:150} INFO - [2026-03-14T09:13:08.229+0000] {manager.py:504} INFO - Created Permission View: can delete on DAG:example_sensors
[2026-03-14T09:13:08.238+0000] {logging_mixin.py:150} INFO - [2026-03-14T09:13:08.237+0000] {manager.py:504} INFO - Created Permission View: can edit on DAG:example_sensors
[2026-03-14T09:13:08.244+0000] {logging_mixin.py:150} INFO - [2026-03-14T09:13:08.244+0000] {manager.py:504} INFO - Created Permission View: can read on DAG:example_sensors
[2026-03-14T09:13:08.251+0000] {logging_mixin.py:150} INFO - [2026-03-14T09:13:08.251+0000] {dag.py:2742} INFO - Sync 1 DAGs
[2026-03-14T09:13:08.258+0000] {logging_mixin.py:150} INFO - [2026-03-14T09:13:08.258+0000] {dag.py:2763} INFO - Creating ORM DAG for example_sensors
[2026-03-14T09:13:08.264+0000] {logging_mixin.py:150} INFO - [2026-03-14T09:13:08.264+0000] {dag.py:3504} INFO - Setting next_dagrun for example_sensors to None, run_after=None
[2026-03-14T09:13:08.280+0000] {processor.py:179} INFO - Processing /home/vscode/.local/lib/python3.10/site-packages/airflow/example_dags/example_sensors.py took 0.146 seconds
[2026-03-14T09:13:53.745+0000] {processor.py:157} INFO - Started process (PID=10149) to work on /home/vscode/.local/lib/python3.10/site-packages/airflow/example_dags/example_sensors.py
[2026-03-14T09:13:53.745+0000] {processor.py:826} INFO - Processing file /home/vscode/.local/lib/python3.10/site-packages/airflow/example_dags/example_sensors.py for tasks to queue
[2026-03-14T09:13:53.746+0000] {logging_mixin.py:150} INFO - [2026-03-14T09:13:53.746+0000] {dagbag.py:541} INFO - Filling up the DagBag from /home/vscode/.local/lib/python3.10/site-packages/airflow/example_dags/example_sensors.py
[2026-03-14T09:13:53.753+0000] {processor.py:836} INFO - DAG(s) dict_keys(['example_sensors']) retrieved from /home/vscode/.local/lib/python3.10/site-packages/airflow/example_dags/example_sensors.py
[2026-03-14T09:13:53.767+0000] {logging_mixin.py:150} INFO - [2026-03-14T09:13:53.767+0000] {dag.py:2742} INFO - Sync 1 DAGs
[2026-03-14T09:13:53.781+0000] {logging_mixin.py:150} INFO - [2026-03-14T09:13:53.781+0000] {dag.py:3504} INFO - Setting next_dagrun for example_sensors to None, run_after=None
[2026-03-14T09:13:53.796+0000] {processor.py:179} INFO - Processing /home/vscode/.local/lib/python3.10/site-packages/airflow/example_dags/example_sensors.py took 0.053 seconds
[2026-03-14T09:14:43.519+0000] {processor.py:157} INFO - Started process (PID=10476) to work on /home/vscode/.local/lib/python3.10/site-packages/airflow/example_dags/example_sensors.py
[2026-03-14T09:14:43.520+0000] {processor.py:826} INFO - Processing file /home/vscode/.local/lib/python3.10/site-packages/airflow/example_dags/example_sensors.py for tasks to queue
[2026-03-14T09:14:43.520+0000] {logging_mixin.py:150} INFO - [2026-03-14T09:14:43.520+0000] {dagbag.py:541} INFO - Filling up the DagBag from /home/vscode/.local/lib/python3.10/site-packages/airflow/example_dags/example_sensors.py
[2026-03-14T09:14:43.528+0000] {processor.py:836} INFO - DAG(s) dict_keys(['example_sensors']) retrieved from /home/vscode/.local/lib/python3.10/site-packages/airflow/example_dags/example_sensors.py
[2026-03-14T09:14:43.544+0000] {logging_mixin.py:150} INFO - [2026-03-14T09:14:43.544+0000] {dag.py:2742} INFO - Sync 1 DAGs
[2026-03-14T09:14:43.561+0000] {logging_mixin.py:150} INFO - [2026-03-14T09:14:43.561+0000] {dag.py:3504} INFO - Setting next_dagrun for example_sensors to None, run_after=None
[2026-03-14T09:14:43.596+0000] {processor.py:179} INFO - Processing /home/vscode/.local/lib/python3.10/site-packages/airflow/example_dags/example_sensors.py took 0.078 seconds
[2026-03-14T09:15:29.335+0000] {processor.py:157} INFO - Started process (PID=10802) to work on /home/vscode/.local/lib/python3.10/site-packages/airflow/example_dags/example_sensors.py
[2026-03-14T09:15:29.335+0000] {processor.py:826} INFO - Processing file /home/vscode/.local/lib/python3.10/site-packages/airflow/example_dags/example_sensors.py for tasks to queue
[2026-03-14T09:15:29.336+0000] {logging_mixin.py:150} INFO - [2026-03-14T09:15:29.336+0000] {dagbag.py:541} INFO - Filling up the DagBag from /home/vscode/.local/lib/python3.10/site-packages/airflow/example_dags/example_sensors.py
[2026-03-14T09:15:29.343+0000] {processor.py:836} INFO - DAG(s) dict_keys(['example_sensors']) retrieved from /home/vscode/.local/lib/python3.10/site-packages/airflow/example_dags/example_sensors.py
[2026-03-14T09:15:29.357+0000] {logging_mixin.py:150} INFO - [2026-03-14T09:15:29.357+0000] {dag.py:2742} INFO - Sync 1 DAGs
[2026-03-14T09:15:29.370+0000] {logging_mixin.py:150} INFO - [2026-03-14T09:15:29.370+0000] {dag.py:3504} INFO - Setting next_dagrun for example_sensors to None, run_after=None
[2026-03-14T09:15:29.386+0000] {processor.py:179} INFO - Processing /home/vscode/.local/lib/python3.10/site-packages/airflow/example_dags/example_sensors.py took 0.053 seconds
[2026-03-14T09:16:16.566+0000] {processor.py:157} INFO - Started process (PID=11214) to work on /home/vscode/.local/lib/python3.10/site-packages/airflow/example_dags/example_sensors.py
[2026-03-14T09:16:16.566+0000] {processor.py:826} INFO - Processing file /home/vscode/.local/lib/python3.10/site-packages/airflow/example_dags/example_sensors.py for tasks to queue
[2026-03-14T09:16:16.567+0000] {logging_mixin.py:150} INFO - [2026-03-14T09:16:16.567+0000] {dagbag.py:541} INFO - Filling up the DagBag from /home/vscode/.local/lib/python3.10/site-packages/airflow/example_dags/example_sensors.py
[2026-03-14T09:16:16.574+0000] {processor.py:836} INFO - DAG(s) dict_keys(['example_sensors']) retrieved from /home/vscode/.local/lib/python3.10/site-packages/airflow/example_dags/example_sensors.py
[2026-03-14T09:16:16.589+0000] {logging_mixin.py:150} INFO - [2026-03-14T09:16:16.589+0000] {dag.py:2742} INFO - Sync 1 DAGs
[2026-03-14T09:16:16.603+0000] {logging_mixin.py:150} INFO - [2026-03-14T09:16:16.602+0000] {dag.py:3504} INFO - Setting next_dagrun for example_sensors to None, run_after=None
[2026-03-14T09:16:16.618+0000] {processor.py:179} INFO - Processing /home/vscode/.local/lib/python3.10/site-packages/airflow/example_dags/example_sensors.py took 0.054 seconds
[2026-03-14T09:17:00.185+0000] {processor.py:157} INFO - Started process (PID=11508) to work on /home/vscode/.local/lib/python3.10/site-packages/airflow/example_dags/example_sensors.py
[2026-03-14T09:17:00.186+0000] {processor.py:826} INFO - Processing file /home/vscode/.local/lib/python3.10/site-packages/airflow/example_dags/example_sensors.py for tasks to queue
[2026-03-14T09:17:00.186+0000] {logging_mixin.py:150} INFO - [2026-03-14T09:17:00.186+0000] {dagbag.py:541} INFO - Filling up the DagBag from /home/vscode/.local/lib/python3.10/site-packages/airflow/example_dags/example_sensors.py
[2026-03-14T09:17:00.194+0000] {processor.py:836} INFO - DAG(s) dict_keys(['example_sensors']) retrieved from /home/vscode/.local/lib/python3.10/site-packages/airflow/example_dags/example_sensors.py
[2026-03-14T09:17:00.208+0000] {logging_mixin.py:150} INFO - [2026-03-14T09:17:00.207+0000] {dag.py:2742} INFO - Sync 1 DAGs
[2026-03-14T09:17:00.221+0000] {logging_mixin.py:150} INFO - [2026-03-14T09:17:00.221+0000] {dag.py:3504} INFO - Setting next_dagrun for example_sensors to None, run_after=None
[2026-03-14T09:17:00.236+0000] {processor.py:179} INFO - Processing /home/vscode/.local/lib/python3.10/site-packages/airflow/example_dags/example_sensors.py took 0.053 seconds
[2026-03-14T09:17:46.311+0000] {processor.py:157} INFO - Started process (PID=11835) to work on /home/vscode/.local/lib/python3.10/site-packages/airflow/example_dags/example_sensors.py
[2026-03-14T09:17:46.312+0000] {processor.py:826} INFO - Processing file /home/vscode/.local/lib/python3.10/site-packages/airflow/example_dags/example_sensors.py for tasks to queue
[2026-03-14T09:17:46.312+0000] {logging_mixin.py:150} INFO - [2026-03-14T09:17:46.312+0000] {dagbag.py:541} INFO - Filling up the DagBag from /home/vscode/.local/lib/python3.10/site-packages/airflow/example_dags/example_sensors.py
[2026-03-14T09:17:46.319+0000] {processor.py:836} INFO - DAG(s) dict_keys(['example_sensors']) retrieved from /home/vscode/.local/lib/python3.10/site-packages/airflow/example_dags/example_sensors.py
[2026-03-14T09:17:46.333+0000] {logging_mixin.py:150} INFO - [2026-03-14T09:17:46.333+0000] {dag.py:2742} INFO - Sync 1 DAGs
[2026-03-14T09:17:46.346+0000] {logging_mixin.py:150} INFO - [2026-03-14T09:17:46.346+0000] {dag.py:3504} INFO - Setting next_dagrun for example_sensors to None, run_after=None
[2026-03-14T09:17:46.362+0000] {processor.py:179} INFO - Processing /home/vscode/.local/lib/python3.10/site-packages/airflow/example_dags/example_sensors.py took 0.053 seconds
[2026-03-14T09:18:30.441+0000] {processor.py:157} INFO - Started process (PID=12210) to work on /home/vscode/.local/lib/python3.10/site-packages/airflow/example_dags/example_sensors.py
[2026-03-14T09:18:30.441+0000] {processor.py:826} INFO - Processing file /home/vscode/.local/lib/python3.10/site-packages/airflow/example_dags/example_sensors.py for tasks to queue
[2026-03-14T09:18:30.442+0000] {logging_mixin.py:150} INFO - [2026-03-14T09:18:30.442+0000] {dagbag.py:541} INFO - Filling up the DagBag from /home/vscode/.local/lib/python3.10/site-packages/airflow/example_dags/example_sensors.py
[2026-03-14T09:18:30.449+0000] {processor.py:836} INFO - DAG(s) dict_keys(['example_sensors']) retrieved from /home/vscode/.local/lib/python3.10/site-packages/airflow/example_dags/example_sensors.py
[2026-03-14T09:18:30.463+0000] {logging_mixin.py:150} INFO - [2026-03-14T09:18:30.463+0000] {dag.py:2742} INFO - Sync 1 DAGs
[2026-03-14T09:18:30.476+0000] {logging_mixin.py:150} INFO - [2026-03-14T09:18:30.476+0000] {dag.py:3504} INFO - Setting next_dagrun for example_sensors to None, run_after=None
[2026-03-14T09:18:30.491+0000] {processor.py:179} INFO - Processing /home/vscode/.local/lib/python3.10/site-packages/airflow/example_dags/example_sensors.py took 0.052 seconds
[2026-03-14T09:19:13.707+0000] {processor.py:157} INFO - Started process (PID=12490) to work on /home/vscode/.local/lib/python3.10/site-packages/airflow/example_dags/example_sensors.py
[2026-03-14T09:19:13.707+0000] {processor.py:826} INFO - Processing file /home/vscode/.local/lib/python3.10/site-packages/airflow/example_dags/example_sensors.py for tasks to queue
[2026-03-14T09:19:13.708+0000] {logging_mixin.py:150} INFO - [2026-03-14T09:19:13.707+0000] {dagbag.py:541} INFO - Filling up the DagBag from /home/vscode/.local/lib/python3.10/site-packages/airflow/example_dags/example_sensors.py
[2026-03-14T09:19:13.715+0000] {processor.py:836} INFO - DAG(s) dict_keys(['example_sensors']) retrieved from /home/vscode/.local/lib/python3.10/site-packages/airflow/example_dags/example_sensors.py
[2026-03-14T09:19:13.730+0000] {logging_mixin.py:150} INFO - [2026-03-14T09:19:13.730+0000] {dag.py:2742} INFO - Sync 1 DAGs
[2026-03-14T09:19:13.743+0000] {logging_mixin.py:150} INFO - [2026-03-14T09:19:13.743+0000] {dag.py:3504} INFO - Setting next_dagrun for example_sensors to None, run_after=None
[2026-03-14T09:19:13.760+0000] {processor.py:179} INFO - Processing /home/vscode/.local/lib/python3.10/site-packages/airflow/example_dags/example_sensors.py took 0.055 seconds
[2026-03-14T09:19:57.107+0000] {processor.py:157} INFO - Started process (PID=12782) to work on /home/vscode/.local/lib/python3.10/site-packages/airflow/example_dags/example_sensors.py
[2026-03-14T09:19:57.107+0000] {processor.py:826} INFO - Processing file /home/vscode/.local/lib/python3.10/site-packages/airflow/example_dags/example_sensors.py for tasks to queue
[2026-03-14T09:19:57.108+0000] {logging_mixin.py:150} INFO - [2026-03-14T09:19:57.108+0000] {dagbag.py:541} INFO - Filling up the DagBag from /home/vscode/.local/lib/python3.10/site-packages/airflow/example_dags/example_sensors.py
[2026-03-14T09:19:57.115+0000] {processor.py:836} INFO - DAG(s) dict_keys(['example_sensors']) retrieved from /home/vscode/.local/lib/python3.10/site-packages/airflow/example_dags/example_sensors.py
[2026-03-14T09:19:57.129+0000] {logging_mixin.py:150} INFO - [2026-03-14T09:19:57.128+0000] {dag.py:2742} INFO - Sync 1 DAGs
[2026-03-14T09:19:57.142+0000] {logging_mixin.py:150} INFO - [2026-03-14T09:19:57.142+0000] {dag.py:3504} INFO - Setting next_dagrun for example_sensors to None, run_after=None
[2026-03-14T09:19:57.157+0000] {processor.py:179} INFO - Processing /home/vscode/.local/lib/python3.10/site-packages/airflow/example_dags/example_sensors.py took 0.053 seconds
[2026-03-14T09:20:46.757+0000] {processor.py:157} INFO - Started process (PID=13117) to work on /home/vscode/.local/lib/python3.10/site-packages/airflow/example_dags/example_sensors.py
[2026-03-14T09:20:46.758+0000] {processor.py:826} INFO - Processing file /home/vscode/.local/lib/python3.10/site-packages/airflow/example_dags/example_sensors.py for tasks to queue
[2026-03-14T09:20:46.758+0000] {logging_mixin.py:150} INFO - [2026-03-14T09:20:46.758+0000] {dagbag.py:541} INFO - Filling up the DagBag from /home/vscode/.local/lib/python3.10/site-packages/airflow/example_dags/example_sensors.py
[2026-03-14T09:20:46.765+0000] {processor.py:836} INFO - DAG(s) dict_keys(['example_sensors']) retrieved from /home/vscode/.local/lib/python3.10/site-packages/airflow/example_dags/example_sensors.py
[2026-03-14T09:20:46.786+0000] {logging_mixin.py:150} INFO - [2026-03-14T09:20:46.786+0000] {dag.py:2742} INFO - Sync 1 DAGs
[2026-03-14T09:20:46.810+0000] {logging_mixin.py:150} INFO - [2026-03-14T09:20:46.810+0000] {dag.py:3504} INFO - Setting next_dagrun for example_sensors to None, run_after=None
[2026-03-14T09:20:46.833+0000] {processor.py:179} INFO - Processing /home/vscode/.local/lib/python3.10/site-packages/airflow/example_dags/example_sensors.py took 0.078 seconds
[2026-03-14T09:21:34.295+0000] {processor.py:157} INFO - Started process (PID=13430) to work on /home/vscode/.local/lib/python3.10/site-packages/airflow/example_dags/example_sensors.py
[2026-03-14T09:21:34.296+0000] {processor.py:826} INFO - Processing file /home/vscode/.local/lib/python3.10/site-packages/airflow/example_dags/example_sensors.py for tasks to queue
[2026-03-14T09:21:34.296+0000] {logging_mixin.py:150} INFO - [2026-03-14T09:21:34.296+0000] {dagbag.py:541} INFO - Filling up the DagBag from /home/vscode/.local/lib/python3.10/site-packages/airflow/example_dags/example_sensors.py
[2026-03-14T09:21:34.303+0000] {processor.py:836} INFO - DAG(s) dict_keys(['example_sensors']) retrieved from /home/vscode/.local/lib/python3.10/site-packages/airflow/example_dags/example_sensors.py
[2026-03-14T09:21:34.318+0000] {logging_mixin.py:150} INFO - [2026-03-14T09:21:34.318+0000] {dag.py:2742} INFO - Sync 1 DAGs
[2026-03-14T09:21:34.331+0000] {logging_mixin.py:150} INFO - [2026-03-14T09:21:34.331+0000] {dag.py:3504} INFO - Setting next_dagrun for example_sensors to None, run_after=None
[2026-03-14T09:21:34.346+0000] {processor.py:179} INFO - Processing /home/vscode/.local/lib/python3.10/site-packages/airflow/example_dags/example_sensors.py took 0.053 seconds
[2026-03-14T09:22:19.973+0000] {processor.py:157} INFO - Started process (PID=13731) to work on /home/vscode/.local/lib/python3.10/site-packages/airflow/example_dags/example_sensors.py
[2026-03-14T09:22:19.974+0000] {processor.py:826} INFO - Processing file /home/vscode/.local/lib/python3.10/site-packages/airflow/example_dags/example_sensors.py for tasks to queue
[2026-03-14T09:22:19.974+0000] {logging_mixin.py:150} INFO - [2026-03-14T09:22:19.974+0000] {dagbag.py:541} INFO - Filling up the DagBag from /home/vscode/.local/lib/python3.10/site-packages/airflow/example_dags/example_sensors.py
[2026-03-14T09:22:19.981+0000] {processor.py:836} INFO - DAG(s) dict_keys(['example_sensors']) retrieved from /home/vscode/.local/lib/python3.10/site-packages/airflow/example_dags/example_sensors.py
[2026-03-14T09:22:19.996+0000] {logging_mixin.py:150} INFO - [2026-03-14T09:22:19.996+0000] {dag.py:2742} INFO - Sync 1 DAGs
[2026-03-14T09:22:20.009+0000] {logging_mixin.py:150} INFO - [2026-03-14T09:22:20.009+0000] {dag.py:3504} INFO - Setting next_dagrun for example_sensors to None, run_after=None
[2026-03-14T09:22:20.026+0000] {processor.py:179} INFO - Processing /home/vscode/.local/lib/python3.10/site-packages/airflow/example_dags/example_sensors.py took 0.055 seconds
[2026-03-14T09:23:02.828+0000] {processor.py:157} INFO - Started process (PID=14027) to work on /home/vscode/.local/lib/python3.10/site-packages/airflow/example_dags/example_sensors.py
[2026-03-14T09:23:02.829+0000] {processor.py:826} INFO - Processing file /home/vscode/.local/lib/python3.10/site-packages/airflow/example_dags/example_sensors.py for tasks to queue
[2026-03-14T09:23:02.830+0000] {logging_mixin.py:150} INFO - [2026-03-14T09:23:02.829+0000] {dagbag.py:541} INFO - Filling up the DagBag from /home/vscode/.local/lib/python3.10/site-packages/airflow/example_dags/example_sensors.py
[2026-03-14T09:23:02.839+0000] {processor.py:836} INFO - DAG(s) dict_keys(['example_sensors']) retrieved from /home/vscode/.local/lib/python3.10/site-packages/airflow/example_dags/example_sensors.py
[2026-03-14T09:23:02.855+0000] {logging_mixin.py:150} INFO - [2026-03-14T09:23:02.855+0000] {dag.py:2742} INFO - Sync 1 DAGs
[2026-03-14T09:23:02.869+0000] {logging_mixin.py:150} INFO - [2026-03-14T09:23:02.869+0000] {dag.py:3504} INFO - Setting next_dagrun for example_sensors to None, run_after=None
[2026-03-14T09:23:02.885+0000] {processor.py:179} INFO - Processing /home/vscode/.local/lib/python3.10/site-packages/airflow/example_dags/example_sensors.py took 0.059 seconds
[2026-03-14T09:23:51.093+0000] {processor.py:157} INFO - Started process (PID=14370) to work on /home/vscode/.local/lib/python3.10/site-packages/airflow/example_dags/example_sensors.py
[2026-03-14T09:23:51.094+0000] {processor.py:826} INFO - Processing file /home/vscode/.local/lib/python3.10/site-packages/airflow/example_dags/example_sensors.py for tasks to queue
[2026-03-14T09:23:51.094+0000] {logging_mixin.py:150} INFO - [2026-03-14T09:23:51.094+0000] {dagbag.py:541} INFO - Filling up the DagBag from /home/vscode/.local/lib/python3.10/site-packages/airflow/example_dags/example_sensors.py
[2026-03-14T09:23:51.101+0000] {processor.py:836} INFO - DAG(s) dict_keys(['example_sensors']) retrieved from /home/vscode/.local/lib/python3.10/site-packages/airflow/example_dags/example_sensors.py
[2026-03-14T09:23:51.115+0000] {logging_mixin.py:150} INFO - [2026-03-14T09:23:51.115+0000] {dag.py:2742} INFO - Sync 1 DAGs
[2026-03-14T09:23:51.129+0000] {logging_mixin.py:150} INFO - [2026-03-14T09:23:51.128+0000] {dag.py:3504} INFO - Setting next_dagrun for example_sensors to None, run_after=None
[2026-03-14T09:23:51.144+0000] {processor.py:179} INFO - Processing /home/vscode/.local/lib/python3.10/site-packages/airflow/example_dags/example_sensors.py took 0.053 seconds
