[2026-03-14T09:13:00.373+0000] {processor.py:157} INFO - Started process (PID=9773) to work on /home/vscode/.local/lib/python3.10/site-packages/airflow/example_dags/example_task_group_decorator.py
[2026-03-14T09:13:00.374+0000] {processor.py:826} INFO - Processing file /home/vscode/.local/lib/python3.10/site-packages/airflow/example_dags/example_task_group_decorator.py for tasks to queue
[2026-03-14T09:13:00.375+0000] {logging_mixin.py:150} INFO - [2026-03-14T09:13:00.374+0000] {dagbag.py:541} INFO - Filling up the DagBag from /home/vscode/.local/lib/python3.10/site-packages/airflow/example_dags/example_task_group_decorator.py
[2026-03-14T09:13:00.387+0000] {processor.py:836} INFO - DAG(s) dict_keys(['example_task_group_decorator']) retrieved from /home/vscode/.local/lib/python3.10/site-packages/airflow/example_dags/example_task_group_decorator.py
[2026-03-14T09:13:00.465+0000] {logging_mixin.py:150} INFO - [2026-03-14T09:13:00.465+0000] {manager.py:504} INFO - Created Permission View: can delete on DAG:example_task_group_decorator
[2026-03-14T09:13:00.474+0000] {logging_mixin.py:150} INFO - [2026-03-14T09:13:00.474+0000] {manager.py:504} INFO - Created Permission View: can edit on DAG:example_task_group_decorator
[2026-03-14T09:13:00.481+0000] {logging_mixin.py:150} INFO - [2026-03-14T09:13:00.481+0000] {manager.py:504} INFO - Created Permission View: can read on DAG:example_task_group_decorator
[2026-03-14T09:13:00.489+0000] {logging_mixin.py:150} INFO - [2026-03-14T09:13:00.489+0000] {dag.py:2742} INFO - Sync 1 DAGs
[2026-03-14T09:13:00.499+0000] {logging_mixin.py:150} INFO - [2026-03-14T09:13:00.499+0000] {dag.py:2763} INFO - Creating ORM DAG for example_task_group_decorator
[2026-03-14T09:13:00.505+0000] {logging_mixin.py:150} INFO - [2026-03-14T09:13:00.505+0000] {dag.py:3504} INFO - Setting next_dagrun for example_task_group_decorator to 2026-03-13T09:13:00.505111+00:00, run_after=2026-03-14T09:13:00.505111+00:00
[2026-03-14T09:13:00.521+0000] {processor.py:179} INFO - Processing /home/vscode/.local/lib/python3.10/site-packages/airflow/example_dags/example_task_group_decorator.py took 0.150 seconds
[2026-03-14T09:13:46.846+0000] {processor.py:157} INFO - Started process (PID=10099) to work on /home/vscode/.local/lib/python3.10/site-packages/airflow/example_dags/example_task_group_decorator.py
[2026-03-14T09:13:46.847+0000] {processor.py:826} INFO - Processing file /home/vscode/.local/lib/python3.10/site-packages/airflow/example_dags/example_task_group_decorator.py for tasks to queue
[2026-03-14T09:13:46.847+0000] {logging_mixin.py:150} INFO - [2026-03-14T09:13:46.847+0000] {dagbag.py:541} INFO - Filling up the DagBag from /home/vscode/.local/lib/python3.10/site-packages/airflow/example_dags/example_task_group_decorator.py
[2026-03-14T09:13:46.858+0000] {processor.py:836} INFO - DAG(s) dict_keys(['example_task_group_decorator']) retrieved from /home/vscode/.local/lib/python3.10/site-packages/airflow/example_dags/example_task_group_decorator.py
[2026-03-14T09:13:46.872+0000] {logging_mixin.py:150} INFO - [2026-03-14T09:13:46.872+0000] {dag.py:2742} INFO - Sync 1 DAGs
[2026-03-14T09:13:46.885+0000] {logging_mixin.py:150} INFO - [2026-03-14T09:13:46.885+0000] {dag.py:3504} INFO - Setting next_dagrun for example_task_group_decorator to 2026-03-13T09:13:46.885609+00:00, run_after=2026-03-14T09:13:46.885609+00:00
[2026-03-14T09:13:46.904+0000] {processor.py:179} INFO - Processing /home/vscode/.local/lib/python3.10/site-packages/airflow/example_dags/example_task_group_decorator.py took 0.059 seconds
[2026-03-14T09:14:33.770+0000] {processor.py:157} INFO - Started process (PID=10408) to work on /home/vscode/.local/lib/python3.10/site-packages/airflow/example_dags/example_task_group_decorator.py
[2026-03-14T09:14:33.770+0000] {processor.py:826} INFO - Processing file /home/vscode/.local/lib/python3.10/site-packages/airflow/example_dags/example_task_group_decorator.py for tasks to queue
[2026-03-14T09:14:33.771+0000] {logging_mixin.py:150} INFO - [2026-03-14T09:14:33.771+0000] {dagbag.py:541} INFO - Filling up the DagBag from /home/vscode/.local/lib/python3.10/site-packages/airflow/example_dags/example_task_group_decorator.py
[2026-03-14T09:14:33.782+0000] {processor.py:836} INFO - DAG(s) dict_keys(['example_task_group_decorator']) retrieved from /home/vscode/.local/lib/python3.10/site-packages/airflow/example_dags/example_task_group_decorator.py
[2026-03-14T09:14:33.798+0000] {logging_mixin.py:150} INFO - [2026-03-14T09:14:33.797+0000] {dag.py:2742} INFO - Sync 1 DAGs
[2026-03-14T09:14:33.812+0000] {logging_mixin.py:150} INFO - [2026-03-14T09:14:33.812+0000] {dag.py:3504} INFO - Setting next_dagrun for example_task_group_decorator to 2026-03-13T09:14:33.811823+00:00, run_after=2026-03-14T09:14:33.811823+00:00
[2026-03-14T09:14:33.828+0000] {processor.py:179} INFO - Processing /home/vscode/.local/lib/python3.10/site-packages/airflow/example_dags/example_task_group_decorator.py took 0.060 seconds
[2026-03-14T09:15:19.201+0000] {processor.py:157} INFO - Started process (PID=10734) to work on /home/vscode/.local/lib/python3.10/site-packages/airflow/example_dags/example_task_group_decorator.py
[2026-03-14T09:15:19.202+0000] {processor.py:826} INFO - Processing file /home/vscode/.local/lib/python3.10/site-packages/airflow/example_dags/example_task_group_decorator.py for tasks to queue
[2026-03-14T09:15:19.203+0000] {logging_mixin.py:150} INFO - [2026-03-14T09:15:19.202+0000] {dagbag.py:541} INFO - Filling up the DagBag from /home/vscode/.local/lib/python3.10/site-packages/airflow/example_dags/example_task_group_decorator.py
[2026-03-14T09:15:19.214+0000] {processor.py:836} INFO - DAG(s) dict_keys(['example_task_group_decorator']) retrieved from /home/vscode/.local/lib/python3.10/site-packages/airflow/example_dags/example_task_group_decorator.py
[2026-03-14T09:15:19.229+0000] {logging_mixin.py:150} INFO - [2026-03-14T09:15:19.228+0000] {dag.py:2742} INFO - Sync 1 DAGs
[2026-03-14T09:15:19.243+0000] {logging_mixin.py:150} INFO - [2026-03-14T09:15:19.243+0000] {dag.py:3504} INFO - Setting next_dagrun for example_task_group_decorator to 2026-03-13T09:15:19.243159+00:00, run_after=2026-03-14T09:15:19.243159+00:00
[2026-03-14T09:15:19.258+0000] {processor.py:179} INFO - Processing /home/vscode/.local/lib/python3.10/site-packages/airflow/example_dags/example_task_group_decorator.py took 0.059 seconds
[2026-03-14T09:16:07.579+0000] {processor.py:157} INFO - Started process (PID=11142) to work on /home/vscode/.local/lib/python3.10/site-packages/airflow/example_dags/example_task_group_decorator.py
[2026-03-14T09:16:07.579+0000] {processor.py:826} INFO - Processing file /home/vscode/.local/lib/python3.10/site-packages/airflow/example_dags/example_task_group_decorator.py for tasks to queue
[2026-03-14T09:16:07.580+0000] {logging_mixin.py:150} INFO - [2026-03-14T09:16:07.580+0000] {dagbag.py:541} INFO - Filling up the DagBag from /home/vscode/.local/lib/python3.10/site-packages/airflow/example_dags/example_task_group_decorator.py
[2026-03-14T09:16:07.591+0000] {processor.py:836} INFO - DAG(s) dict_keys(['example_task_group_decorator']) retrieved from /home/vscode/.local/lib/python3.10/site-packages/airflow/example_dags/example_task_group_decorator.py
[2026-03-14T09:16:07.605+0000] {logging_mixin.py:150} INFO - [2026-03-14T09:16:07.605+0000] {dag.py:2742} INFO - Sync 1 DAGs
[2026-03-14T09:16:07.619+0000] {logging_mixin.py:150} INFO - [2026-03-14T09:16:07.619+0000] {dag.py:3504} INFO - Setting next_dagrun for example_task_group_decorator to 2026-03-13T09:16:07.619237+00:00, run_after=2026-03-14T09:16:07.619237+00:00
[2026-03-14T09:16:07.634+0000] {processor.py:179} INFO - Processing /home/vscode/.local/lib/python3.10/site-packages/airflow/example_dags/example_task_group_decorator.py took 0.057 seconds
[2026-03-14T09:16:52.343+0000] {processor.py:157} INFO - Started process (PID=11449) to work on /home/vscode/.local/lib/python3.10/site-packages/airflow/example_dags/example_task_group_decorator.py
[2026-03-14T09:16:52.343+0000] {processor.py:826} INFO - Processing file /home/vscode/.local/lib/python3.10/site-packages/airflow/example_dags/example_task_group_decorator.py for tasks to queue
[2026-03-14T09:16:52.344+0000] {logging_mixin.py:150} INFO - [2026-03-14T09:16:52.344+0000] {dagbag.py:541} INFO - Filling up the DagBag from /home/vscode/.local/lib/python3.10/site-packages/airflow/example_dags/example_task_group_decorator.py
[2026-03-14T09:16:52.363+0000] {processor.py:836} INFO - DAG(s) dict_keys(['example_task_group_decorator']) retrieved from /home/vscode/.local/lib/python3.10/site-packages/airflow/example_dags/example_task_group_decorator.py
[2026-03-14T09:16:52.383+0000] {logging_mixin.py:150} INFO - [2026-03-14T09:16:52.383+0000] {dag.py:2742} INFO - Sync 1 DAGs
[2026-03-14T09:16:52.398+0000] {logging_mixin.py:150} INFO - [2026-03-14T09:16:52.398+0000] {dag.py:3504} INFO - Setting next_dagrun for example_task_group_decorator to 2026-03-13T09:16:52.398037+00:00, run_after=2026-03-14T09:16:52.398037+00:00
[2026-03-14T09:16:52.413+0000] {processor.py:179} INFO - Processing /home/vscode/.local/lib/python3.10/site-packages/airflow/example_dags/example_task_group_decorator.py took 0.073 seconds
[2026-03-14T09:17:35.912+0000] {processor.py:157} INFO - Started process (PID=11763) to work on /home/vscode/.local/lib/python3.10/site-packages/airflow/example_dags/example_task_group_decorator.py
[2026-03-14T09:17:35.913+0000] {processor.py:826} INFO - Processing file /home/vscode/.local/lib/python3.10/site-packages/airflow/example_dags/example_task_group_decorator.py for tasks to queue
[2026-03-14T09:17:35.913+0000] {logging_mixin.py:150} INFO - [2026-03-14T09:17:35.913+0000] {dagbag.py:541} INFO - Filling up the DagBag from /home/vscode/.local/lib/python3.10/site-packages/airflow/example_dags/example_task_group_decorator.py
[2026-03-14T09:17:35.924+0000] {processor.py:836} INFO - DAG(s) dict_keys(['example_task_group_decorator']) retrieved from /home/vscode/.local/lib/python3.10/site-packages/airflow/example_dags/example_task_group_decorator.py
[2026-03-14T09:17:35.938+0000] {logging_mixin.py:150} INFO - [2026-03-14T09:17:35.938+0000] {dag.py:2742} INFO - Sync 1 DAGs
[2026-03-14T09:17:35.953+0000] {logging_mixin.py:150} INFO - [2026-03-14T09:17:35.952+0000] {dag.py:3504} INFO - Setting next_dagrun for example_task_group_decorator to 2026-03-13T09:17:35.952762+00:00, run_after=2026-03-14T09:17:35.952762+00:00
[2026-03-14T09:17:35.967+0000] {processor.py:179} INFO - Processing /home/vscode/.local/lib/python3.10/site-packages/airflow/example_dags/example_task_group_decorator.py took 0.057 seconds
[2026-03-14T09:18:21.451+0000] {processor.py:157} INFO - Started process (PID=12144) to work on /home/vscode/.local/lib/python3.10/site-packages/airflow/example_dags/example_task_group_decorator.py
[2026-03-14T09:18:21.451+0000] {processor.py:826} INFO - Processing file /home/vscode/.local/lib/python3.10/site-packages/airflow/example_dags/example_task_group_decorator.py for tasks to queue
[2026-03-14T09:18:21.452+0000] {logging_mixin.py:150} INFO - [2026-03-14T09:18:21.452+0000] {dagbag.py:541} INFO - Filling up the DagBag from /home/vscode/.local/lib/python3.10/site-packages/airflow/example_dags/example_task_group_decorator.py
[2026-03-14T09:18:21.463+0000] {processor.py:836} INFO - DAG(s) dict_keys(['example_task_group_decorator']) retrieved from /home/vscode/.local/lib/python3.10/site-packages/airflow/example_dags/example_task_group_decorator.py
[2026-03-14T09:18:21.476+0000] {logging_mixin.py:150} INFO - [2026-03-14T09:18:21.476+0000] {dag.py:2742} INFO - Sync 1 DAGs
[2026-03-14T09:18:21.490+0000] {logging_mixin.py:150} INFO - [2026-03-14T09:18:21.489+0000] {dag.py:3504} INFO - Setting next_dagrun for example_task_group_decorator to 2026-03-13T09:18:21.489769+00:00, run_after=2026-03-14T09:18:21.489769+00:00
[2026-03-14T09:18:21.505+0000] {processor.py:179} INFO - Processing /home/vscode/.local/lib/python3.10/site-packages/airflow/example_dags/example_task_group_decorator.py took 0.056 seconds
[2026-03-14T09:19:05.722+0000] {processor.py:157} INFO - Started process (PID=12444) to work on /home/vscode/.local/lib/python3.10/site-packages/airflow/example_dags/example_task_group_decorator.py
[2026-03-14T09:19:05.723+0000] {processor.py:826} INFO - Processing file /home/vscode/.local/lib/python3.10/site-packages/airflow/example_dags/example_task_group_decorator.py for tasks to queue
[2026-03-14T09:19:05.723+0000] {logging_mixin.py:150} INFO - [2026-03-14T09:19:05.723+0000] {dagbag.py:541} INFO - Filling up the DagBag from /home/vscode/.local/lib/python3.10/site-packages/airflow/example_dags/example_task_group_decorator.py
[2026-03-14T09:19:05.734+0000] {processor.py:836} INFO - DAG(s) dict_keys(['example_task_group_decorator']) retrieved from /home/vscode/.local/lib/python3.10/site-packages/airflow/example_dags/example_task_group_decorator.py
[2026-03-14T09:19:05.747+0000] {logging_mixin.py:150} INFO - [2026-03-14T09:19:05.747+0000] {dag.py:2742} INFO - Sync 1 DAGs
[2026-03-14T09:19:05.762+0000] {logging_mixin.py:150} INFO - [2026-03-14T09:19:05.762+0000] {dag.py:3504} INFO - Setting next_dagrun for example_task_group_decorator to 2026-03-13T09:19:05.762124+00:00, run_after=2026-03-14T09:19:05.762124+00:00
[2026-03-14T09:19:05.779+0000] {processor.py:179} INFO - Processing /home/vscode/.local/lib/python3.10/site-packages/airflow/example_dags/example_task_group_decorator.py took 0.059 seconds
[2026-03-14T09:19:46.600+0000] {processor.py:157} INFO - Started process (PID=12712) to work on /home/vscode/.local/lib/python3.10/site-packages/airflow/example_dags/example_task_group_decorator.py
[2026-03-14T09:19:46.600+0000] {processor.py:826} INFO - Processing file /home/vscode/.local/lib/python3.10/site-packages/airflow/example_dags/example_task_group_decorator.py for tasks to queue
[2026-03-14T09:19:46.601+0000] {logging_mixin.py:150} INFO - [2026-03-14T09:19:46.601+0000] {dagbag.py:541} INFO - Filling up the DagBag from /home/vscode/.local/lib/python3.10/site-packages/airflow/example_dags/example_task_group_decorator.py
[2026-03-14T09:19:46.612+0000] {processor.py:836} INFO - DAG(s) dict_keys(['example_task_group_decorator']) retrieved from /home/vscode/.local/lib/python3.10/site-packages/airflow/example_dags/example_task_group_decorator.py
[2026-03-14T09:19:46.625+0000] {logging_mixin.py:150} INFO - [2026-03-14T09:19:46.625+0000] {dag.py:2742} INFO - Sync 1 DAGs
[2026-03-14T09:19:46.639+0000] {logging_mixin.py:150} INFO - [2026-03-14T09:19:46.639+0000] {dag.py:3504} INFO - Setting next_dagrun for example_task_group_decorator to 2026-03-13T09:19:46.639202+00:00, run_after=2026-03-14T09:19:46.639202+00:00
[2026-03-14T09:19:46.654+0000] {processor.py:179} INFO - Processing /home/vscode/.local/lib/python3.10/site-packages/airflow/example_dags/example_task_group_decorator.py took 0.056 seconds
[2026-03-14T09:20:32.487+0000] {processor.py:157} INFO - Started process (PID=13017) to work on /home/vscode/.local/lib/python3.10/site-packages/airflow/example_dags/example_task_group_decorator.py
[2026-03-14T09:20:32.488+0000] {processor.py:826} INFO - Processing file /home/vscode/.local/lib/python3.10/site-packages/airflow/example_dags/example_task_group_decorator.py for tasks to queue
[2026-03-14T09:20:32.488+0000] {logging_mixin.py:150} INFO - [2026-03-14T09:20:32.488+0000] {dagbag.py:541} INFO - Filling up the DagBag from /home/vscode/.local/lib/python3.10/site-packages/airflow/example_dags/example_task_group_decorator.py
[2026-03-14T09:20:32.499+0000] {processor.py:836} INFO - DAG(s) dict_keys(['example_task_group_decorator']) retrieved from /home/vscode/.local/lib/python3.10/site-packages/airflow/example_dags/example_task_group_decorator.py
[2026-03-14T09:20:32.513+0000] {logging_mixin.py:150} INFO - [2026-03-14T09:20:32.513+0000] {dag.py:2742} INFO - Sync 1 DAGs
[2026-03-14T09:20:32.527+0000] {logging_mixin.py:150} INFO - [2026-03-14T09:20:32.527+0000] {dag.py:3504} INFO - Setting next_dagrun for example_task_group_decorator to 2026-03-13T09:20:32.527167+00:00, run_after=2026-03-14T09:20:32.527167+00:00
[2026-03-14T09:20:32.542+0000] {processor.py:179} INFO - Processing /home/vscode/.local/lib/python3.10/site-packages/airflow/example_dags/example_task_group_decorator.py took 0.057 seconds
[2026-03-14T09:21:20.004+0000] {processor.py:157} INFO - Started process (PID=13336) to work on /home/vscode/.local/lib/python3.10/site-packages/airflow/example_dags/example_task_group_decorator.py
[2026-03-14T09:21:20.004+0000] {processor.py:826} INFO - Processing file /home/vscode/.local/lib/python3.10/site-packages/airflow/example_dags/example_task_group_decorator.py for tasks to queue
[2026-03-14T09:21:20.005+0000] {logging_mixin.py:150} INFO - [2026-03-14T09:21:20.005+0000] {dagbag.py:541} INFO - Filling up the DagBag from /home/vscode/.local/lib/python3.10/site-packages/airflow/example_dags/example_task_group_decorator.py
[2026-03-14T09:21:20.016+0000] {processor.py:836} INFO - DAG(s) dict_keys(['example_task_group_decorator']) retrieved from /home/vscode/.local/lib/python3.10/site-packages/airflow/example_dags/example_task_group_decorator.py
[2026-03-14T09:21:20.030+0000] {logging_mixin.py:150} INFO - [2026-03-14T09:21:20.030+0000] {dag.py:2742} INFO - Sync 1 DAGs
[2026-03-14T09:21:20.044+0000] {logging_mixin.py:150} INFO - [2026-03-14T09:21:20.044+0000] {dag.py:3504} INFO - Setting next_dagrun for example_task_group_decorator to 2026-03-13T09:21:20.044503+00:00, run_after=2026-03-14T09:21:20.044503+00:00
[2026-03-14T09:21:20.061+0000] {processor.py:179} INFO - Processing /home/vscode/.local/lib/python3.10/site-packages/airflow/example_dags/example_task_group_decorator.py took 0.059 seconds
[2026-03-14T09:22:05.186+0000] {processor.py:157} INFO - Started process (PID=13632) to work on /home/vscode/.local/lib/python3.10/site-packages/airflow/example_dags/example_task_group_decorator.py
[2026-03-14T09:22:05.187+0000] {processor.py:826} INFO - Processing file /home/vscode/.local/lib/python3.10/site-packages/airflow/example_dags/example_task_group_decorator.py for tasks to queue
[2026-03-14T09:22:05.187+0000] {logging_mixin.py:150} INFO - [2026-03-14T09:22:05.187+0000] {dagbag.py:541} INFO - Filling up the DagBag from /home/vscode/.local/lib/python3.10/site-packages/airflow/example_dags/example_task_group_decorator.py
[2026-03-14T09:22:05.199+0000] {processor.py:836} INFO - DAG(s) dict_keys(['example_task_group_decorator']) retrieved from /home/vscode/.local/lib/python3.10/site-packages/airflow/example_dags/example_task_group_decorator.py
[2026-03-14T09:22:05.212+0000] {logging_mixin.py:150} INFO - [2026-03-14T09:22:05.212+0000] {dag.py:2742} INFO - Sync 1 DAGs
[2026-03-14T09:22:05.226+0000] {logging_mixin.py:150} INFO - [2026-03-14T09:22:05.226+0000] {dag.py:3504} INFO - Setting next_dagrun for example_task_group_decorator to 2026-03-13T09:22:05.225834+00:00, run_after=2026-03-14T09:22:05.225834+00:00
[2026-03-14T09:22:05.241+0000] {processor.py:179} INFO - Processing /home/vscode/.local/lib/python3.10/site-packages/airflow/example_dags/example_task_group_decorator.py took 0.057 seconds
[2026-03-14T09:22:48.545+0000] {processor.py:157} INFO - Started process (PID=13928) to work on /home/vscode/.local/lib/python3.10/site-packages/airflow/example_dags/example_task_group_decorator.py
[2026-03-14T09:22:48.546+0000] {processor.py:826} INFO - Processing file /home/vscode/.local/lib/python3.10/site-packages/airflow/example_dags/example_task_group_decorator.py for tasks to queue
[2026-03-14T09:22:48.547+0000] {logging_mixin.py:150} INFO - [2026-03-14T09:22:48.546+0000] {dagbag.py:541} INFO - Filling up the DagBag from /home/vscode/.local/lib/python3.10/site-packages/airflow/example_dags/example_task_group_decorator.py
[2026-03-14T09:22:48.558+0000] {processor.py:836} INFO - DAG(s) dict_keys(['example_task_group_decorator']) retrieved from /home/vscode/.local/lib/python3.10/site-packages/airflow/example_dags/example_task_group_decorator.py
[2026-03-14T09:22:48.571+0000] {logging_mixin.py:150} INFO - [2026-03-14T09:22:48.571+0000] {dag.py:2742} INFO - Sync 1 DAGs
[2026-03-14T09:22:48.584+0000] {logging_mixin.py:150} INFO - [2026-03-14T09:22:48.584+0000] {dag.py:3504} INFO - Setting next_dagrun for example_task_group_decorator to 2026-03-13T09:22:48.584518+00:00, run_after=2026-03-14T09:22:48.584518+00:00
[2026-03-14T09:22:48.602+0000] {processor.py:179} INFO - Processing /home/vscode/.local/lib/python3.10/site-packages/airflow/example_dags/example_task_group_decorator.py took 0.059 seconds
[2026-03-14T09:23:32.958+0000] {processor.py:157} INFO - Started process (PID=14229) to work on /home/vscode/.local/lib/python3.10/site-packages/airflow/example_dags/example_task_group_decorator.py
[2026-03-14T09:23:32.959+0000] {processor.py:826} INFO - Processing file /home/vscode/.local/lib/python3.10/site-packages/airflow/example_dags/example_task_group_decorator.py for tasks to queue
[2026-03-14T09:23:32.959+0000] {logging_mixin.py:150} INFO - [2026-03-14T09:23:32.959+0000] {dagbag.py:541} INFO - Filling up the DagBag from /home/vscode/.local/lib/python3.10/site-packages/airflow/example_dags/example_task_group_decorator.py
[2026-03-14T09:23:32.971+0000] {processor.py:836} INFO - DAG(s) dict_keys(['example_task_group_decorator']) retrieved from /home/vscode/.local/lib/python3.10/site-packages/airflow/example_dags/example_task_group_decorator.py
[2026-03-14T09:23:32.986+0000] {logging_mixin.py:150} INFO - [2026-03-14T09:23:32.986+0000] {dag.py:2742} INFO - Sync 1 DAGs
[2026-03-14T09:23:32.999+0000] {logging_mixin.py:150} INFO - [2026-03-14T09:23:32.999+0000] {dag.py:3504} INFO - Setting next_dagrun for example_task_group_decorator to 2026-03-13T09:23:32.999520+00:00, run_after=2026-03-14T09:23:32.999520+00:00
[2026-03-14T09:23:33.014+0000] {processor.py:179} INFO - Processing /home/vscode/.local/lib/python3.10/site-packages/airflow/example_dags/example_task_group_decorator.py took 0.058 seconds
[2026-03-14T09:24:20.839+0000] {processor.py:157} INFO - Started process (PID=14568) to work on /home/vscode/.local/lib/python3.10/site-packages/airflow/example_dags/example_task_group_decorator.py
[2026-03-14T09:24:20.839+0000] {processor.py:826} INFO - Processing file /home/vscode/.local/lib/python3.10/site-packages/airflow/example_dags/example_task_group_decorator.py for tasks to queue
[2026-03-14T09:24:20.840+0000] {logging_mixin.py:150} INFO - [2026-03-14T09:24:20.840+0000] {dagbag.py:541} INFO - Filling up the DagBag from /home/vscode/.local/lib/python3.10/site-packages/airflow/example_dags/example_task_group_decorator.py
[2026-03-14T09:24:20.851+0000] {processor.py:836} INFO - DAG(s) dict_keys(['example_task_group_decorator']) retrieved from /home/vscode/.local/lib/python3.10/site-packages/airflow/example_dags/example_task_group_decorator.py
[2026-03-14T09:24:20.865+0000] {logging_mixin.py:150} INFO - [2026-03-14T09:24:20.865+0000] {dag.py:2742} INFO - Sync 1 DAGs
[2026-03-14T09:24:20.879+0000] {logging_mixin.py:150} INFO - [2026-03-14T09:24:20.879+0000] {dag.py:3504} INFO - Setting next_dagrun for example_task_group_decorator to 2026-03-13T09:24:20.879331+00:00, run_after=2026-03-14T09:24:20.879331+00:00
[2026-03-14T09:24:20.895+0000] {processor.py:179} INFO - Processing /home/vscode/.local/lib/python3.10/site-packages/airflow/example_dags/example_task_group_decorator.py took 0.058 seconds
