[2026-03-14T09:13:25.432+0000] {processor.py:157} INFO - Started process (PID=9960) to work on /home/vscode/.local/lib/python3.10/site-packages/airflow/example_dags/example_branch_operator_decorator.py
[2026-03-14T09:13:25.433+0000] {processor.py:826} INFO - Processing file /home/vscode/.local/lib/python3.10/site-packages/airflow/example_dags/example_branch_operator_decorator.py for tasks to queue
[2026-03-14T09:13:25.433+0000] {logging_mixin.py:150} INFO - [2026-03-14T09:13:25.433+0000] {dagbag.py:541} INFO - Filling up the DagBag from /home/vscode/.local/lib/python3.10/site-packages/airflow/example_dags/example_branch_operator_decorator.py
[2026-03-14T09:13:25.441+0000] {processor.py:836} INFO - DAG(s) dict_keys(['example_branch_python_operator_decorator']) retrieved from /home/vscode/.local/lib/python3.10/site-packages/airflow/example_dags/example_branch_operator_decorator.py
[2026-03-14T09:13:25.520+0000] {logging_mixin.py:150} INFO - [2026-03-14T09:13:25.520+0000] {manager.py:504} INFO - Created Permission View: can delete on DAG:example_branch_python_operator_decorator
[2026-03-14T09:13:25.528+0000] {logging_mixin.py:150} INFO - [2026-03-14T09:13:25.528+0000] {manager.py:504} INFO - Created Permission View: can edit on DAG:example_branch_python_operator_decorator
[2026-03-14T09:13:25.535+0000] {logging_mixin.py:150} INFO - [2026-03-14T09:13:25.535+0000] {manager.py:504} INFO - Created Permission View: can read on DAG:example_branch_python_operator_decorator
[2026-03-14T09:13:25.542+0000] {logging_mixin.py:150} INFO - [2026-03-14T09:13:25.542+0000] {dag.py:2742} INFO - Sync 1 DAGs
[2026-03-14T09:13:25.549+0000] {logging_mixin.py:150} INFO - [2026-03-14T09:13:25.549+0000] {dag.py:2763} INFO - Creating ORM DAG for example_branch_python_operator_decorator
[2026-03-14T09:13:25.556+0000] {logging_mixin.py:150} INFO - [2026-03-14T09:13:25.556+0000] {dag.py:3504} INFO - Setting next_dagrun for example_branch_python_operator_decorator to 2026-03-13T00:00:00+00:00, run_after=2026-03-14T00:00:00+00:00
[2026-03-14T09:13:25.572+0000] {processor.py:179} INFO - Processing /home/vscode/.local/lib/python3.10/site-packages/airflow/example_dags/example_branch_operator_decorator.py took 0.142 seconds
[2026-03-14T09:14:14.387+0000] {processor.py:157} INFO - Started process (PID=10286) to work on /home/vscode/.local/lib/python3.10/site-packages/airflow/example_dags/example_branch_operator_decorator.py
[2026-03-14T09:14:14.387+0000] {processor.py:826} INFO - Processing file /home/vscode/.local/lib/python3.10/site-packages/airflow/example_dags/example_branch_operator_decorator.py for tasks to queue
[2026-03-14T09:14:14.388+0000] {logging_mixin.py:150} INFO - [2026-03-14T09:14:14.388+0000] {dagbag.py:541} INFO - Filling up the DagBag from /home/vscode/.local/lib/python3.10/site-packages/airflow/example_dags/example_branch_operator_decorator.py
[2026-03-14T09:14:14.395+0000] {processor.py:836} INFO - DAG(s) dict_keys(['example_branch_python_operator_decorator']) retrieved from /home/vscode/.local/lib/python3.10/site-packages/airflow/example_dags/example_branch_operator_decorator.py
[2026-03-14T09:14:14.408+0000] {logging_mixin.py:150} INFO - [2026-03-14T09:14:14.408+0000] {dag.py:2742} INFO - Sync 1 DAGs
[2026-03-14T09:14:14.423+0000] {logging_mixin.py:150} INFO - [2026-03-14T09:14:14.423+0000] {dag.py:3504} INFO - Setting next_dagrun for example_branch_python_operator_decorator to 2026-03-13T00:00:00+00:00, run_after=2026-03-14T00:00:00+00:00
[2026-03-14T09:14:14.438+0000] {processor.py:179} INFO - Processing /home/vscode/.local/lib/python3.10/site-packages/airflow/example_dags/example_branch_operator_decorator.py took 0.053 seconds
[2026-03-14T09:15:02.266+0000] {processor.py:157} INFO - Started process (PID=10605) to work on /home/vscode/.local/lib/python3.10/site-packages/airflow/example_dags/example_branch_operator_decorator.py
[2026-03-14T09:15:02.266+0000] {processor.py:826} INFO - Processing file /home/vscode/.local/lib/python3.10/site-packages/airflow/example_dags/example_branch_operator_decorator.py for tasks to queue
[2026-03-14T09:15:02.267+0000] {logging_mixin.py:150} INFO - [2026-03-14T09:15:02.267+0000] {dagbag.py:541} INFO - Filling up the DagBag from /home/vscode/.local/lib/python3.10/site-packages/airflow/example_dags/example_branch_operator_decorator.py
[2026-03-14T09:15:02.274+0000] {processor.py:836} INFO - DAG(s) dict_keys(['example_branch_python_operator_decorator']) retrieved from /home/vscode/.local/lib/python3.10/site-packages/airflow/example_dags/example_branch_operator_decorator.py
[2026-03-14T09:15:02.287+0000] {logging_mixin.py:150} INFO - [2026-03-14T09:15:02.286+0000] {dag.py:2742} INFO - Sync 1 DAGs
[2026-03-14T09:15:02.303+0000] {logging_mixin.py:150} INFO - [2026-03-14T09:15:02.302+0000] {dag.py:3504} INFO - Setting next_dagrun for example_branch_python_operator_decorator to 2026-03-13T00:00:00+00:00, run_after=2026-03-14T00:00:00+00:00
[2026-03-14T09:15:02.317+0000] {processor.py:179} INFO - Processing /home/vscode/.local/lib/python3.10/site-packages/airflow/example_dags/example_branch_operator_decorator.py took 0.054 seconds
[2026-03-14T09:15:50.837+0000] {processor.py:157} INFO - Started process (PID=10970) to work on /home/vscode/.local/lib/python3.10/site-packages/airflow/example_dags/example_branch_operator_decorator.py
[2026-03-14T09:15:50.837+0000] {processor.py:826} INFO - Processing file /home/vscode/.local/lib/python3.10/site-packages/airflow/example_dags/example_branch_operator_decorator.py for tasks to queue
[2026-03-14T09:15:50.838+0000] {logging_mixin.py:150} INFO - [2026-03-14T09:15:50.838+0000] {dagbag.py:541} INFO - Filling up the DagBag from /home/vscode/.local/lib/python3.10/site-packages/airflow/example_dags/example_branch_operator_decorator.py
[2026-03-14T09:15:50.845+0000] {processor.py:836} INFO - DAG(s) dict_keys(['example_branch_python_operator_decorator']) retrieved from /home/vscode/.local/lib/python3.10/site-packages/airflow/example_dags/example_branch_operator_decorator.py
[2026-03-14T09:15:50.858+0000] {logging_mixin.py:150} INFO - [2026-03-14T09:15:50.858+0000] {dag.py:2742} INFO - Sync 1 DAGs
[2026-03-14T09:15:50.873+0000] {logging_mixin.py:150} INFO - [2026-03-14T09:15:50.873+0000] {dag.py:3504} INFO - Setting next_dagrun for example_branch_python_operator_decorator to 2026-03-13T00:00:00+00:00, run_after=2026-03-14T00:00:00+00:00
[2026-03-14T09:15:50.889+0000] {processor.py:179} INFO - Processing /home/vscode/.local/lib/python3.10/site-packages/airflow/example_dags/example_branch_operator_decorator.py took 0.054 seconds
[2026-03-14T09:16:37.144+0000] {processor.py:157} INFO - Started process (PID=11350) to work on /home/vscode/.local/lib/python3.10/site-packages/airflow/example_dags/example_branch_operator_decorator.py
[2026-03-14T09:16:37.145+0000] {processor.py:826} INFO - Processing file /home/vscode/.local/lib/python3.10/site-packages/airflow/example_dags/example_branch_operator_decorator.py for tasks to queue
[2026-03-14T09:16:37.145+0000] {logging_mixin.py:150} INFO - [2026-03-14T09:16:37.145+0000] {dagbag.py:541} INFO - Filling up the DagBag from /home/vscode/.local/lib/python3.10/site-packages/airflow/example_dags/example_branch_operator_decorator.py
[2026-03-14T09:16:37.153+0000] {processor.py:836} INFO - DAG(s) dict_keys(['example_branch_python_operator_decorator']) retrieved from /home/vscode/.local/lib/python3.10/site-packages/airflow/example_dags/example_branch_operator_decorator.py
[2026-03-14T09:16:37.165+0000] {logging_mixin.py:150} INFO - [2026-03-14T09:16:37.165+0000] {dag.py:2742} INFO - Sync 1 DAGs
[2026-03-14T09:16:37.180+0000] {logging_mixin.py:150} INFO - [2026-03-14T09:16:37.180+0000] {dag.py:3504} INFO - Setting next_dagrun for example_branch_python_operator_decorator to 2026-03-13T00:00:00+00:00, run_after=2026-03-14T00:00:00+00:00
[2026-03-14T09:16:37.195+0000] {processor.py:179} INFO - Processing /home/vscode/.local/lib/python3.10/site-packages/airflow/example_dags/example_branch_operator_decorator.py took 0.053 seconds
[2026-03-14T09:17:20.469+0000] {processor.py:157} INFO - Started process (PID=11633) to work on /home/vscode/.local/lib/python3.10/site-packages/airflow/example_dags/example_branch_operator_decorator.py
[2026-03-14T09:17:20.469+0000] {processor.py:826} INFO - Processing file /home/vscode/.local/lib/python3.10/site-packages/airflow/example_dags/example_branch_operator_decorator.py for tasks to queue
[2026-03-14T09:17:20.470+0000] {logging_mixin.py:150} INFO - [2026-03-14T09:17:20.470+0000] {dagbag.py:541} INFO - Filling up the DagBag from /home/vscode/.local/lib/python3.10/site-packages/airflow/example_dags/example_branch_operator_decorator.py
[2026-03-14T09:17:20.477+0000] {processor.py:836} INFO - DAG(s) dict_keys(['example_branch_python_operator_decorator']) retrieved from /home/vscode/.local/lib/python3.10/site-packages/airflow/example_dags/example_branch_operator_decorator.py
[2026-03-14T09:17:20.490+0000] {logging_mixin.py:150} INFO - [2026-03-14T09:17:20.490+0000] {dag.py:2742} INFO - Sync 1 DAGs
[2026-03-14T09:17:20.504+0000] {logging_mixin.py:150} INFO - [2026-03-14T09:17:20.504+0000] {dag.py:3504} INFO - Setting next_dagrun for example_branch_python_operator_decorator to 2026-03-13T00:00:00+00:00, run_after=2026-03-14T00:00:00+00:00
[2026-03-14T09:17:20.520+0000] {processor.py:179} INFO - Processing /home/vscode/.local/lib/python3.10/site-packages/airflow/example_dags/example_branch_operator_decorator.py took 0.053 seconds
[2026-03-14T09:18:09.409+0000] {processor.py:157} INFO - Started process (PID=12070) to work on /home/vscode/.local/lib/python3.10/site-packages/airflow/example_dags/example_branch_operator_decorator.py
[2026-03-14T09:18:09.410+0000] {processor.py:826} INFO - Processing file /home/vscode/.local/lib/python3.10/site-packages/airflow/example_dags/example_branch_operator_decorator.py for tasks to queue
[2026-03-14T09:18:09.411+0000] {logging_mixin.py:150} INFO - [2026-03-14T09:18:09.410+0000] {dagbag.py:541} INFO - Filling up the DagBag from /home/vscode/.local/lib/python3.10/site-packages/airflow/example_dags/example_branch_operator_decorator.py
[2026-03-14T09:18:09.418+0000] {processor.py:836} INFO - DAG(s) dict_keys(['example_branch_python_operator_decorator']) retrieved from /home/vscode/.local/lib/python3.10/site-packages/airflow/example_dags/example_branch_operator_decorator.py
[2026-03-14T09:18:09.431+0000] {logging_mixin.py:150} INFO - [2026-03-14T09:18:09.431+0000] {dag.py:2742} INFO - Sync 1 DAGs
[2026-03-14T09:18:09.446+0000] {logging_mixin.py:150} INFO - [2026-03-14T09:18:09.446+0000] {dag.py:3504} INFO - Setting next_dagrun for example_branch_python_operator_decorator to 2026-03-13T00:00:00+00:00, run_after=2026-03-14T00:00:00+00:00
[2026-03-14T09:18:09.461+0000] {processor.py:179} INFO - Processing /home/vscode/.local/lib/python3.10/site-packages/airflow/example_dags/example_branch_operator_decorator.py took 0.054 seconds
[2026-03-14T09:18:51.982+0000] {processor.py:157} INFO - Started process (PID=12350) to work on /home/vscode/.local/lib/python3.10/site-packages/airflow/example_dags/example_branch_operator_decorator.py
[2026-03-14T09:18:51.982+0000] {processor.py:826} INFO - Processing file /home/vscode/.local/lib/python3.10/site-packages/airflow/example_dags/example_branch_operator_decorator.py for tasks to queue
[2026-03-14T09:18:51.983+0000] {logging_mixin.py:150} INFO - [2026-03-14T09:18:51.983+0000] {dagbag.py:541} INFO - Filling up the DagBag from /home/vscode/.local/lib/python3.10/site-packages/airflow/example_dags/example_branch_operator_decorator.py
[2026-03-14T09:18:51.990+0000] {processor.py:836} INFO - DAG(s) dict_keys(['example_branch_python_operator_decorator']) retrieved from /home/vscode/.local/lib/python3.10/site-packages/airflow/example_dags/example_branch_operator_decorator.py
[2026-03-14T09:18:52.003+0000] {logging_mixin.py:150} INFO - [2026-03-14T09:18:52.003+0000] {dag.py:2742} INFO - Sync 1 DAGs
[2026-03-14T09:18:52.017+0000] {logging_mixin.py:150} INFO - [2026-03-14T09:18:52.017+0000] {dag.py:3504} INFO - Setting next_dagrun for example_branch_python_operator_decorator to 2026-03-13T00:00:00+00:00, run_after=2026-03-14T00:00:00+00:00
[2026-03-14T09:18:52.032+0000] {processor.py:179} INFO - Processing /home/vscode/.local/lib/python3.10/site-packages/airflow/example_dags/example_branch_operator_decorator.py took 0.052 seconds
[2026-03-14T09:19:36.148+0000] {processor.py:157} INFO - Started process (PID=12644) to work on /home/vscode/.local/lib/python3.10/site-packages/airflow/example_dags/example_branch_operator_decorator.py
[2026-03-14T09:19:36.149+0000] {processor.py:826} INFO - Processing file /home/vscode/.local/lib/python3.10/site-packages/airflow/example_dags/example_branch_operator_decorator.py for tasks to queue
[2026-03-14T09:19:36.150+0000] {logging_mixin.py:150} INFO - [2026-03-14T09:19:36.149+0000] {dagbag.py:541} INFO - Filling up the DagBag from /home/vscode/.local/lib/python3.10/site-packages/airflow/example_dags/example_branch_operator_decorator.py
[2026-03-14T09:19:36.157+0000] {processor.py:836} INFO - DAG(s) dict_keys(['example_branch_python_operator_decorator']) retrieved from /home/vscode/.local/lib/python3.10/site-packages/airflow/example_dags/example_branch_operator_decorator.py
[2026-03-14T09:19:36.169+0000] {logging_mixin.py:150} INFO - [2026-03-14T09:19:36.169+0000] {dag.py:2742} INFO - Sync 1 DAGs
[2026-03-14T09:19:36.185+0000] {logging_mixin.py:150} INFO - [2026-03-14T09:19:36.185+0000] {dag.py:3504} INFO - Setting next_dagrun for example_branch_python_operator_decorator to 2026-03-13T00:00:00+00:00, run_after=2026-03-14T00:00:00+00:00
[2026-03-14T09:19:36.201+0000] {processor.py:179} INFO - Processing /home/vscode/.local/lib/python3.10/site-packages/airflow/example_dags/example_branch_operator_decorator.py took 0.054 seconds
[2026-03-14T09:20:23.421+0000] {processor.py:157} INFO - Started process (PID=12963) to work on /home/vscode/.local/lib/python3.10/site-packages/airflow/example_dags/example_branch_operator_decorator.py
[2026-03-14T09:20:23.421+0000] {processor.py:826} INFO - Processing file /home/vscode/.local/lib/python3.10/site-packages/airflow/example_dags/example_branch_operator_decorator.py for tasks to queue
[2026-03-14T09:20:23.422+0000] {logging_mixin.py:150} INFO - [2026-03-14T09:20:23.422+0000] {dagbag.py:541} INFO - Filling up the DagBag from /home/vscode/.local/lib/python3.10/site-packages/airflow/example_dags/example_branch_operator_decorator.py
[2026-03-14T09:20:23.429+0000] {processor.py:836} INFO - DAG(s) dict_keys(['example_branch_python_operator_decorator']) retrieved from /home/vscode/.local/lib/python3.10/site-packages/airflow/example_dags/example_branch_operator_decorator.py
[2026-03-14T09:20:23.442+0000] {logging_mixin.py:150} INFO - [2026-03-14T09:20:23.442+0000] {dag.py:2742} INFO - Sync 1 DAGs
[2026-03-14T09:20:23.457+0000] {logging_mixin.py:150} INFO - [2026-03-14T09:20:23.457+0000] {dag.py:3504} INFO - Setting next_dagrun for example_branch_python_operator_decorator to 2026-03-13T00:00:00+00:00, run_after=2026-03-14T00:00:00+00:00
[2026-03-14T09:20:23.472+0000] {processor.py:179} INFO - Processing /home/vscode/.local/lib/python3.10/site-packages/airflow/example_dags/example_branch_operator_decorator.py took 0.053 seconds
[2026-03-14T09:21:12.895+0000] {processor.py:157} INFO - Started process (PID=13290) to work on /home/vscode/.local/lib/python3.10/site-packages/airflow/example_dags/example_branch_operator_decorator.py
[2026-03-14T09:21:12.896+0000] {processor.py:826} INFO - Processing file /home/vscode/.local/lib/python3.10/site-packages/airflow/example_dags/example_branch_operator_decorator.py for tasks to queue
[2026-03-14T09:21:12.897+0000] {logging_mixin.py:150} INFO - [2026-03-14T09:21:12.896+0000] {dagbag.py:541} INFO - Filling up the DagBag from /home/vscode/.local/lib/python3.10/site-packages/airflow/example_dags/example_branch_operator_decorator.py
[2026-03-14T09:21:12.904+0000] {processor.py:836} INFO - DAG(s) dict_keys(['example_branch_python_operator_decorator']) retrieved from /home/vscode/.local/lib/python3.10/site-packages/airflow/example_dags/example_branch_operator_decorator.py
[2026-03-14T09:21:12.917+0000] {logging_mixin.py:150} INFO - [2026-03-14T09:21:12.916+0000] {dag.py:2742} INFO - Sync 1 DAGs
[2026-03-14T09:21:12.931+0000] {logging_mixin.py:150} INFO - [2026-03-14T09:21:12.931+0000] {dag.py:3504} INFO - Setting next_dagrun for example_branch_python_operator_decorator to 2026-03-13T00:00:00+00:00, run_after=2026-03-14T00:00:00+00:00
[2026-03-14T09:21:12.946+0000] {processor.py:179} INFO - Processing /home/vscode/.local/lib/python3.10/site-packages/airflow/example_dags/example_branch_operator_decorator.py took 0.052 seconds
[2026-03-14T09:21:58.357+0000] {processor.py:157} INFO - Started process (PID=13587) to work on /home/vscode/.local/lib/python3.10/site-packages/airflow/example_dags/example_branch_operator_decorator.py
[2026-03-14T09:21:58.357+0000] {processor.py:826} INFO - Processing file /home/vscode/.local/lib/python3.10/site-packages/airflow/example_dags/example_branch_operator_decorator.py for tasks to queue
[2026-03-14T09:21:58.358+0000] {logging_mixin.py:150} INFO - [2026-03-14T09:21:58.358+0000] {dagbag.py:541} INFO - Filling up the DagBag from /home/vscode/.local/lib/python3.10/site-packages/airflow/example_dags/example_branch_operator_decorator.py
[2026-03-14T09:21:58.365+0000] {processor.py:836} INFO - DAG(s) dict_keys(['example_branch_python_operator_decorator']) retrieved from /home/vscode/.local/lib/python3.10/site-packages/airflow/example_dags/example_branch_operator_decorator.py
[2026-03-14T09:21:58.378+0000] {logging_mixin.py:150} INFO - [2026-03-14T09:21:58.378+0000] {dag.py:2742} INFO - Sync 1 DAGs
[2026-03-14T09:21:58.392+0000] {logging_mixin.py:150} INFO - [2026-03-14T09:21:58.392+0000] {dag.py:3504} INFO - Setting next_dagrun for example_branch_python_operator_decorator to 2026-03-13T00:00:00+00:00, run_after=2026-03-14T00:00:00+00:00
[2026-03-14T09:21:58.411+0000] {processor.py:179} INFO - Processing /home/vscode/.local/lib/python3.10/site-packages/airflow/example_dags/example_branch_operator_decorator.py took 0.056 seconds
[2026-03-14T09:22:44.266+0000] {processor.py:157} INFO - Started process (PID=13894) to work on /home/vscode/.local/lib/python3.10/site-packages/airflow/example_dags/example_branch_operator_decorator.py
[2026-03-14T09:22:44.267+0000] {processor.py:826} INFO - Processing file /home/vscode/.local/lib/python3.10/site-packages/airflow/example_dags/example_branch_operator_decorator.py for tasks to queue
[2026-03-14T09:22:44.267+0000] {logging_mixin.py:150} INFO - [2026-03-14T09:22:44.267+0000] {dagbag.py:541} INFO - Filling up the DagBag from /home/vscode/.local/lib/python3.10/site-packages/airflow/example_dags/example_branch_operator_decorator.py
[2026-03-14T09:22:44.274+0000] {processor.py:836} INFO - DAG(s) dict_keys(['example_branch_python_operator_decorator']) retrieved from /home/vscode/.local/lib/python3.10/site-packages/airflow/example_dags/example_branch_operator_decorator.py
[2026-03-14T09:22:44.287+0000] {logging_mixin.py:150} INFO - [2026-03-14T09:22:44.287+0000] {dag.py:2742} INFO - Sync 1 DAGs
[2026-03-14T09:22:44.304+0000] {logging_mixin.py:150} INFO - [2026-03-14T09:22:44.304+0000] {dag.py:3504} INFO - Setting next_dagrun for example_branch_python_operator_decorator to 2026-03-13T00:00:00+00:00, run_after=2026-03-14T00:00:00+00:00
[2026-03-14T09:22:44.328+0000] {processor.py:179} INFO - Processing /home/vscode/.local/lib/python3.10/site-packages/airflow/example_dags/example_branch_operator_decorator.py took 0.064 seconds
[2026-03-14T09:23:38.521+0000] {processor.py:157} INFO - Started process (PID=14279) to work on /home/vscode/.local/lib/python3.10/site-packages/airflow/example_dags/example_branch_operator_decorator.py
[2026-03-14T09:23:38.522+0000] {processor.py:826} INFO - Processing file /home/vscode/.local/lib/python3.10/site-packages/airflow/example_dags/example_branch_operator_decorator.py for tasks to queue
[2026-03-14T09:23:38.523+0000] {logging_mixin.py:150} INFO - [2026-03-14T09:23:38.522+0000] {dagbag.py:541} INFO - Filling up the DagBag from /home/vscode/.local/lib/python3.10/site-packages/airflow/example_dags/example_branch_operator_decorator.py
[2026-03-14T09:23:38.530+0000] {processor.py:836} INFO - DAG(s) dict_keys(['example_branch_python_operator_decorator']) retrieved from /home/vscode/.local/lib/python3.10/site-packages/airflow/example_dags/example_branch_operator_decorator.py
[2026-03-14T09:23:38.543+0000] {logging_mixin.py:150} INFO - [2026-03-14T09:23:38.543+0000] {dag.py:2742} INFO - Sync 1 DAGs
[2026-03-14T09:23:38.558+0000] {logging_mixin.py:150} INFO - [2026-03-14T09:23:38.558+0000] {dag.py:3504} INFO - Setting next_dagrun for example_branch_python_operator_decorator to 2026-03-13T00:00:00+00:00, run_after=2026-03-14T00:00:00+00:00
[2026-03-14T09:23:38.572+0000] {processor.py:179} INFO - Processing /home/vscode/.local/lib/python3.10/site-packages/airflow/example_dags/example_branch_operator_decorator.py took 0.053 seconds
[2026-03-14T09:24:27.942+0000] {processor.py:157} INFO - Started process (PID=14612) to work on /home/vscode/.local/lib/python3.10/site-packages/airflow/example_dags/example_branch_operator_decorator.py
[2026-03-14T09:24:27.943+0000] {processor.py:826} INFO - Processing file /home/vscode/.local/lib/python3.10/site-packages/airflow/example_dags/example_branch_operator_decorator.py for tasks to queue
[2026-03-14T09:24:27.944+0000] {logging_mixin.py:150} INFO - [2026-03-14T09:24:27.943+0000] {dagbag.py:541} INFO - Filling up the DagBag from /home/vscode/.local/lib/python3.10/site-packages/airflow/example_dags/example_branch_operator_decorator.py
[2026-03-14T09:24:27.952+0000] {processor.py:836} INFO - DAG(s) dict_keys(['example_branch_python_operator_decorator']) retrieved from /home/vscode/.local/lib/python3.10/site-packages/airflow/example_dags/example_branch_operator_decorator.py
[2026-03-14T09:24:27.965+0000] {logging_mixin.py:150} INFO - [2026-03-14T09:24:27.965+0000] {dag.py:2742} INFO - Sync 1 DAGs
[2026-03-14T09:24:27.980+0000] {logging_mixin.py:150} INFO - [2026-03-14T09:24:27.980+0000] {dag.py:3504} INFO - Setting next_dagrun for example_branch_python_operator_decorator to 2026-03-13T00:00:00+00:00, run_after=2026-03-14T00:00:00+00:00
[2026-03-14T09:24:27.994+0000] {processor.py:179} INFO - Processing /home/vscode/.local/lib/python3.10/site-packages/airflow/example_dags/example_branch_operator_decorator.py took 0.054 seconds
