[2026-03-14T09:13:31.414+0000] {processor.py:157} INFO - Started process (PID=9995) to work on /home/vscode/.local/lib/python3.10/site-packages/airflow/example_dags/example_branch_datetime_operator.py
[2026-03-14T09:13:31.415+0000] {processor.py:826} INFO - Processing file /home/vscode/.local/lib/python3.10/site-packages/airflow/example_dags/example_branch_datetime_operator.py for tasks to queue
[2026-03-14T09:13:31.415+0000] {logging_mixin.py:150} INFO - [2026-03-14T09:13:31.415+0000] {dagbag.py:541} INFO - Filling up the DagBag from /home/vscode/.local/lib/python3.10/site-packages/airflow/example_dags/example_branch_datetime_operator.py
[2026-03-14T09:13:31.423+0000] {processor.py:836} INFO - DAG(s) dict_keys(['example_branch_datetime_operator_2', 'example_branch_datetime_operator', 'example_branch_datetime_operator_3']) retrieved from /home/vscode/.local/lib/python3.10/site-packages/airflow/example_dags/example_branch_datetime_operator.py
[2026-03-14T09:13:31.502+0000] {logging_mixin.py:150} INFO - [2026-03-14T09:13:31.501+0000] {manager.py:504} INFO - Created Permission View: can delete on DAG:example_branch_datetime_operator_2
[2026-03-14T09:13:31.511+0000] {logging_mixin.py:150} INFO - [2026-03-14T09:13:31.511+0000] {manager.py:504} INFO - Created Permission View: can edit on DAG:example_branch_datetime_operator_2
[2026-03-14T09:13:31.518+0000] {logging_mixin.py:150} INFO - [2026-03-14T09:13:31.518+0000] {manager.py:504} INFO - Created Permission View: can read on DAG:example_branch_datetime_operator_2
[2026-03-14T09:13:31.549+0000] {logging_mixin.py:150} INFO - [2026-03-14T09:13:31.549+0000] {manager.py:504} INFO - Created Permission View: can delete on DAG:example_branch_datetime_operator
[2026-03-14T09:13:31.559+0000] {logging_mixin.py:150} INFO - [2026-03-14T09:13:31.559+0000] {manager.py:504} INFO - Created Permission View: can edit on DAG:example_branch_datetime_operator
[2026-03-14T09:13:31.567+0000] {logging_mixin.py:150} INFO - [2026-03-14T09:13:31.566+0000] {manager.py:504} INFO - Created Permission View: can read on DAG:example_branch_datetime_operator
[2026-03-14T09:13:31.587+0000] {logging_mixin.py:150} INFO - [2026-03-14T09:13:31.587+0000] {manager.py:504} INFO - Created Permission View: can delete on DAG:example_branch_datetime_operator_3
[2026-03-14T09:13:31.595+0000] {logging_mixin.py:150} INFO - [2026-03-14T09:13:31.595+0000] {manager.py:504} INFO - Created Permission View: can edit on DAG:example_branch_datetime_operator_3
[2026-03-14T09:13:31.603+0000] {logging_mixin.py:150} INFO - [2026-03-14T09:13:31.602+0000] {manager.py:504} INFO - Created Permission View: can read on DAG:example_branch_datetime_operator_3
[2026-03-14T09:13:31.607+0000] {logging_mixin.py:150} INFO - [2026-03-14T09:13:31.607+0000] {dag.py:2742} INFO - Sync 3 DAGs
[2026-03-14T09:13:31.617+0000] {logging_mixin.py:150} INFO - [2026-03-14T09:13:31.617+0000] {dag.py:2763} INFO - Creating ORM DAG for example_branch_datetime_operator
[2026-03-14T09:13:31.617+0000] {logging_mixin.py:150} INFO - [2026-03-14T09:13:31.617+0000] {dag.py:2763} INFO - Creating ORM DAG for example_branch_datetime_operator_3
[2026-03-14T09:13:31.618+0000] {logging_mixin.py:150} INFO - [2026-03-14T09:13:31.618+0000] {dag.py:2763} INFO - Creating ORM DAG for example_branch_datetime_operator_2
[2026-03-14T09:13:31.627+0000] {logging_mixin.py:150} INFO - [2026-03-14T09:13:31.627+0000] {dag.py:3504} INFO - Setting next_dagrun for example_branch_datetime_operator to 2026-03-13T00:00:00+00:00, run_after=2026-03-14T00:00:00+00:00
[2026-03-14T09:13:31.629+0000] {logging_mixin.py:150} INFO - [2026-03-14T09:13:31.629+0000] {dag.py:3504} INFO - Setting next_dagrun for example_branch_datetime_operator_2 to 2026-03-13T00:00:00+00:00, run_after=2026-03-14T00:00:00+00:00
[2026-03-14T09:13:31.631+0000] {logging_mixin.py:150} INFO - [2026-03-14T09:13:31.631+0000] {dag.py:3504} INFO - Setting next_dagrun for example_branch_datetime_operator_3 to 2026-03-13T00:00:00+00:00, run_after=2026-03-14T00:00:00+00:00
[2026-03-14T09:13:31.648+0000] {processor.py:179} INFO - Processing /home/vscode/.local/lib/python3.10/site-packages/airflow/example_dags/example_branch_datetime_operator.py took 0.236 seconds
[2026-03-14T09:14:19.558+0000] {processor.py:157} INFO - Started process (PID=10314) to work on /home/vscode/.local/lib/python3.10/site-packages/airflow/example_dags/example_branch_datetime_operator.py
[2026-03-14T09:14:19.559+0000] {processor.py:826} INFO - Processing file /home/vscode/.local/lib/python3.10/site-packages/airflow/example_dags/example_branch_datetime_operator.py for tasks to queue
[2026-03-14T09:14:19.559+0000] {logging_mixin.py:150} INFO - [2026-03-14T09:14:19.559+0000] {dagbag.py:541} INFO - Filling up the DagBag from /home/vscode/.local/lib/python3.10/site-packages/airflow/example_dags/example_branch_datetime_operator.py
[2026-03-14T09:14:19.566+0000] {processor.py:836} INFO - DAG(s) dict_keys(['example_branch_datetime_operator_3', 'example_branch_datetime_operator', 'example_branch_datetime_operator_2']) retrieved from /home/vscode/.local/lib/python3.10/site-packages/airflow/example_dags/example_branch_datetime_operator.py
[2026-03-14T09:14:19.582+0000] {logging_mixin.py:150} INFO - [2026-03-14T09:14:19.582+0000] {dag.py:2742} INFO - Sync 3 DAGs
[2026-03-14T09:14:19.598+0000] {logging_mixin.py:150} INFO - [2026-03-14T09:14:19.597+0000] {dag.py:3504} INFO - Setting next_dagrun for example_branch_datetime_operator to 2026-03-13T00:00:00+00:00, run_after=2026-03-14T00:00:00+00:00
[2026-03-14T09:14:19.601+0000] {logging_mixin.py:150} INFO - [2026-03-14T09:14:19.600+0000] {dag.py:3504} INFO - Setting next_dagrun for example_branch_datetime_operator_2 to 2026-03-13T00:00:00+00:00, run_after=2026-03-14T00:00:00+00:00
[2026-03-14T09:14:19.603+0000] {logging_mixin.py:150} INFO - [2026-03-14T09:14:19.603+0000] {dag.py:3504} INFO - Setting next_dagrun for example_branch_datetime_operator_3 to 2026-03-13T00:00:00+00:00, run_after=2026-03-14T00:00:00+00:00
[2026-03-14T09:14:19.618+0000] {processor.py:179} INFO - Processing /home/vscode/.local/lib/python3.10/site-packages/airflow/example_dags/example_branch_datetime_operator.py took 0.062 seconds
[2026-03-14T09:15:07.925+0000] {processor.py:157} INFO - Started process (PID=10650) to work on /home/vscode/.local/lib/python3.10/site-packages/airflow/example_dags/example_branch_datetime_operator.py
[2026-03-14T09:15:07.926+0000] {processor.py:826} INFO - Processing file /home/vscode/.local/lib/python3.10/site-packages/airflow/example_dags/example_branch_datetime_operator.py for tasks to queue
[2026-03-14T09:15:07.926+0000] {logging_mixin.py:150} INFO - [2026-03-14T09:15:07.926+0000] {dagbag.py:541} INFO - Filling up the DagBag from /home/vscode/.local/lib/python3.10/site-packages/airflow/example_dags/example_branch_datetime_operator.py
[2026-03-14T09:15:07.934+0000] {processor.py:836} INFO - DAG(s) dict_keys(['example_branch_datetime_operator', 'example_branch_datetime_operator_2', 'example_branch_datetime_operator_3']) retrieved from /home/vscode/.local/lib/python3.10/site-packages/airflow/example_dags/example_branch_datetime_operator.py
[2026-03-14T09:15:07.951+0000] {logging_mixin.py:150} INFO - [2026-03-14T09:15:07.951+0000] {dag.py:2742} INFO - Sync 3 DAGs
[2026-03-14T09:15:07.966+0000] {logging_mixin.py:150} INFO - [2026-03-14T09:15:07.966+0000] {dag.py:3504} INFO - Setting next_dagrun for example_branch_datetime_operator to 2026-03-13T00:00:00+00:00, run_after=2026-03-14T00:00:00+00:00
[2026-03-14T09:15:07.970+0000] {logging_mixin.py:150} INFO - [2026-03-14T09:15:07.969+0000] {dag.py:3504} INFO - Setting next_dagrun for example_branch_datetime_operator_2 to 2026-03-13T00:00:00+00:00, run_after=2026-03-14T00:00:00+00:00
[2026-03-14T09:15:07.972+0000] {logging_mixin.py:150} INFO - [2026-03-14T09:15:07.972+0000] {dag.py:3504} INFO - Setting next_dagrun for example_branch_datetime_operator_3 to 2026-03-13T00:00:00+00:00, run_after=2026-03-14T00:00:00+00:00
[2026-03-14T09:15:07.988+0000] {processor.py:179} INFO - Processing /home/vscode/.local/lib/python3.10/site-packages/airflow/example_dags/example_branch_datetime_operator.py took 0.065 seconds
[2026-03-14T09:15:55.976+0000] {processor.py:157} INFO - Started process (PID=11011) to work on /home/vscode/.local/lib/python3.10/site-packages/airflow/example_dags/example_branch_datetime_operator.py
[2026-03-14T09:15:55.977+0000] {processor.py:826} INFO - Processing file /home/vscode/.local/lib/python3.10/site-packages/airflow/example_dags/example_branch_datetime_operator.py for tasks to queue
[2026-03-14T09:15:55.977+0000] {logging_mixin.py:150} INFO - [2026-03-14T09:15:55.977+0000] {dagbag.py:541} INFO - Filling up the DagBag from /home/vscode/.local/lib/python3.10/site-packages/airflow/example_dags/example_branch_datetime_operator.py
[2026-03-14T09:15:55.985+0000] {processor.py:836} INFO - DAG(s) dict_keys(['example_branch_datetime_operator_3', 'example_branch_datetime_operator', 'example_branch_datetime_operator_2']) retrieved from /home/vscode/.local/lib/python3.10/site-packages/airflow/example_dags/example_branch_datetime_operator.py
[2026-03-14T09:15:56.001+0000] {logging_mixin.py:150} INFO - [2026-03-14T09:15:56.000+0000] {dag.py:2742} INFO - Sync 3 DAGs
[2026-03-14T09:15:56.016+0000] {logging_mixin.py:150} INFO - [2026-03-14T09:15:56.016+0000] {dag.py:3504} INFO - Setting next_dagrun for example_branch_datetime_operator to 2026-03-13T00:00:00+00:00, run_after=2026-03-14T00:00:00+00:00
[2026-03-14T09:15:56.019+0000] {logging_mixin.py:150} INFO - [2026-03-14T09:15:56.019+0000] {dag.py:3504} INFO - Setting next_dagrun for example_branch_datetime_operator_2 to 2026-03-13T00:00:00+00:00, run_after=2026-03-14T00:00:00+00:00
[2026-03-14T09:15:56.020+0000] {logging_mixin.py:150} INFO - [2026-03-14T09:15:56.020+0000] {dag.py:3504} INFO - Setting next_dagrun for example_branch_datetime_operator_3 to 2026-03-13T00:00:00+00:00, run_after=2026-03-14T00:00:00+00:00
[2026-03-14T09:15:56.034+0000] {processor.py:179} INFO - Processing /home/vscode/.local/lib/python3.10/site-packages/airflow/example_dags/example_branch_datetime_operator.py took 0.060 seconds
[2026-03-14T09:16:42.204+0000] {processor.py:157} INFO - Started process (PID=11379) to work on /home/vscode/.local/lib/python3.10/site-packages/airflow/example_dags/example_branch_datetime_operator.py
[2026-03-14T09:16:42.205+0000] {processor.py:826} INFO - Processing file /home/vscode/.local/lib/python3.10/site-packages/airflow/example_dags/example_branch_datetime_operator.py for tasks to queue
[2026-03-14T09:16:42.205+0000] {logging_mixin.py:150} INFO - [2026-03-14T09:16:42.205+0000] {dagbag.py:541} INFO - Filling up the DagBag from /home/vscode/.local/lib/python3.10/site-packages/airflow/example_dags/example_branch_datetime_operator.py
[2026-03-14T09:16:42.212+0000] {processor.py:836} INFO - DAG(s) dict_keys(['example_branch_datetime_operator_3', 'example_branch_datetime_operator', 'example_branch_datetime_operator_2']) retrieved from /home/vscode/.local/lib/python3.10/site-packages/airflow/example_dags/example_branch_datetime_operator.py
[2026-03-14T09:16:42.228+0000] {logging_mixin.py:150} INFO - [2026-03-14T09:16:42.228+0000] {dag.py:2742} INFO - Sync 3 DAGs
[2026-03-14T09:16:42.243+0000] {logging_mixin.py:150} INFO - [2026-03-14T09:16:42.243+0000] {dag.py:3504} INFO - Setting next_dagrun for example_branch_datetime_operator to 2026-03-13T00:00:00+00:00, run_after=2026-03-14T00:00:00+00:00
[2026-03-14T09:16:42.246+0000] {logging_mixin.py:150} INFO - [2026-03-14T09:16:42.246+0000] {dag.py:3504} INFO - Setting next_dagrun for example_branch_datetime_operator_2 to 2026-03-13T00:00:00+00:00, run_after=2026-03-14T00:00:00+00:00
[2026-03-14T09:16:42.248+0000] {logging_mixin.py:150} INFO - [2026-03-14T09:16:42.248+0000] {dag.py:3504} INFO - Setting next_dagrun for example_branch_datetime_operator_3 to 2026-03-13T00:00:00+00:00, run_after=2026-03-14T00:00:00+00:00
[2026-03-14T09:16:42.266+0000] {processor.py:179} INFO - Processing /home/vscode/.local/lib/python3.10/site-packages/airflow/example_dags/example_branch_datetime_operator.py took 0.064 seconds
[2026-03-14T09:17:25.626+0000] {processor.py:157} INFO - Started process (PID=11673) to work on /home/vscode/.local/lib/python3.10/site-packages/airflow/example_dags/example_branch_datetime_operator.py
[2026-03-14T09:17:25.626+0000] {processor.py:826} INFO - Processing file /home/vscode/.local/lib/python3.10/site-packages/airflow/example_dags/example_branch_datetime_operator.py for tasks to queue
[2026-03-14T09:17:25.627+0000] {logging_mixin.py:150} INFO - [2026-03-14T09:17:25.627+0000] {dagbag.py:541} INFO - Filling up the DagBag from /home/vscode/.local/lib/python3.10/site-packages/airflow/example_dags/example_branch_datetime_operator.py
[2026-03-14T09:17:25.634+0000] {processor.py:836} INFO - DAG(s) dict_keys(['example_branch_datetime_operator', 'example_branch_datetime_operator_3', 'example_branch_datetime_operator_2']) retrieved from /home/vscode/.local/lib/python3.10/site-packages/airflow/example_dags/example_branch_datetime_operator.py
[2026-03-14T09:17:25.650+0000] {logging_mixin.py:150} INFO - [2026-03-14T09:17:25.650+0000] {dag.py:2742} INFO - Sync 3 DAGs
[2026-03-14T09:17:25.665+0000] {logging_mixin.py:150} INFO - [2026-03-14T09:17:25.665+0000] {dag.py:3504} INFO - Setting next_dagrun for example_branch_datetime_operator to 2026-03-13T00:00:00+00:00, run_after=2026-03-14T00:00:00+00:00
[2026-03-14T09:17:25.668+0000] {logging_mixin.py:150} INFO - [2026-03-14T09:17:25.668+0000] {dag.py:3504} INFO - Setting next_dagrun for example_branch_datetime_operator_2 to 2026-03-13T00:00:00+00:00, run_after=2026-03-14T00:00:00+00:00
[2026-03-14T09:17:25.670+0000] {logging_mixin.py:150} INFO - [2026-03-14T09:17:25.670+0000] {dag.py:3504} INFO - Setting next_dagrun for example_branch_datetime_operator_3 to 2026-03-13T00:00:00+00:00, run_after=2026-03-14T00:00:00+00:00
[2026-03-14T09:17:25.683+0000] {processor.py:179} INFO - Processing /home/vscode/.local/lib/python3.10/site-packages/airflow/example_dags/example_branch_datetime_operator.py took 0.059 seconds
[2026-03-14T09:18:13.708+0000] {processor.py:157} INFO - Started process (PID=12098) to work on /home/vscode/.local/lib/python3.10/site-packages/airflow/example_dags/example_branch_datetime_operator.py
[2026-03-14T09:18:13.709+0000] {processor.py:826} INFO - Processing file /home/vscode/.local/lib/python3.10/site-packages/airflow/example_dags/example_branch_datetime_operator.py for tasks to queue
[2026-03-14T09:18:13.709+0000] {logging_mixin.py:150} INFO - [2026-03-14T09:18:13.709+0000] {dagbag.py:541} INFO - Filling up the DagBag from /home/vscode/.local/lib/python3.10/site-packages/airflow/example_dags/example_branch_datetime_operator.py
[2026-03-14T09:18:13.716+0000] {processor.py:836} INFO - DAG(s) dict_keys(['example_branch_datetime_operator', 'example_branch_datetime_operator_3', 'example_branch_datetime_operator_2']) retrieved from /home/vscode/.local/lib/python3.10/site-packages/airflow/example_dags/example_branch_datetime_operator.py
[2026-03-14T09:18:13.736+0000] {logging_mixin.py:150} INFO - [2026-03-14T09:18:13.736+0000] {dag.py:2742} INFO - Sync 3 DAGs
[2026-03-14T09:18:13.760+0000] {logging_mixin.py:150} INFO - [2026-03-14T09:18:13.760+0000] {dag.py:3504} INFO - Setting next_dagrun for example_branch_datetime_operator to 2026-03-13T00:00:00+00:00, run_after=2026-03-14T00:00:00+00:00
[2026-03-14T09:18:13.765+0000] {logging_mixin.py:150} INFO - [2026-03-14T09:18:13.765+0000] {dag.py:3504} INFO - Setting next_dagrun for example_branch_datetime_operator_2 to 2026-03-13T00:00:00+00:00, run_after=2026-03-14T00:00:00+00:00
[2026-03-14T09:18:13.769+0000] {logging_mixin.py:150} INFO - [2026-03-14T09:18:13.769+0000] {dag.py:3504} INFO - Setting next_dagrun for example_branch_datetime_operator_3 to 2026-03-13T00:00:00+00:00, run_after=2026-03-14T00:00:00+00:00
[2026-03-14T09:18:13.791+0000] {processor.py:179} INFO - Processing /home/vscode/.local/lib/python3.10/site-packages/airflow/example_dags/example_branch_datetime_operator.py took 0.085 seconds
[2026-03-14T09:18:57.120+0000] {processor.py:157} INFO - Started process (PID=12384) to work on /home/vscode/.local/lib/python3.10/site-packages/airflow/example_dags/example_branch_datetime_operator.py
[2026-03-14T09:18:57.121+0000] {processor.py:826} INFO - Processing file /home/vscode/.local/lib/python3.10/site-packages/airflow/example_dags/example_branch_datetime_operator.py for tasks to queue
[2026-03-14T09:18:57.122+0000] {logging_mixin.py:150} INFO - [2026-03-14T09:18:57.121+0000] {dagbag.py:541} INFO - Filling up the DagBag from /home/vscode/.local/lib/python3.10/site-packages/airflow/example_dags/example_branch_datetime_operator.py
[2026-03-14T09:18:57.129+0000] {processor.py:836} INFO - DAG(s) dict_keys(['example_branch_datetime_operator', 'example_branch_datetime_operator_2', 'example_branch_datetime_operator_3']) retrieved from /home/vscode/.local/lib/python3.10/site-packages/airflow/example_dags/example_branch_datetime_operator.py
[2026-03-14T09:18:57.146+0000] {logging_mixin.py:150} INFO - [2026-03-14T09:18:57.146+0000] {dag.py:2742} INFO - Sync 3 DAGs
[2026-03-14T09:18:57.161+0000] {logging_mixin.py:150} INFO - [2026-03-14T09:18:57.161+0000] {dag.py:3504} INFO - Setting next_dagrun for example_branch_datetime_operator to 2026-03-13T00:00:00+00:00, run_after=2026-03-14T00:00:00+00:00
[2026-03-14T09:18:57.164+0000] {logging_mixin.py:150} INFO - [2026-03-14T09:18:57.164+0000] {dag.py:3504} INFO - Setting next_dagrun for example_branch_datetime_operator_2 to 2026-03-13T00:00:00+00:00, run_after=2026-03-14T00:00:00+00:00
[2026-03-14T09:18:57.166+0000] {logging_mixin.py:150} INFO - [2026-03-14T09:18:57.166+0000] {dag.py:3504} INFO - Setting next_dagrun for example_branch_datetime_operator_3 to 2026-03-13T00:00:00+00:00, run_after=2026-03-14T00:00:00+00:00
[2026-03-14T09:18:57.179+0000] {processor.py:179} INFO - Processing /home/vscode/.local/lib/python3.10/site-packages/airflow/example_dags/example_branch_datetime_operator.py took 0.061 seconds
[2026-03-14T09:19:51.682+0000] {processor.py:157} INFO - Started process (PID=12747) to work on /home/vscode/.local/lib/python3.10/site-packages/airflow/example_dags/example_branch_datetime_operator.py
[2026-03-14T09:19:51.683+0000] {processor.py:826} INFO - Processing file /home/vscode/.local/lib/python3.10/site-packages/airflow/example_dags/example_branch_datetime_operator.py for tasks to queue
[2026-03-14T09:19:51.683+0000] {logging_mixin.py:150} INFO - [2026-03-14T09:19:51.683+0000] {dagbag.py:541} INFO - Filling up the DagBag from /home/vscode/.local/lib/python3.10/site-packages/airflow/example_dags/example_branch_datetime_operator.py
[2026-03-14T09:19:51.691+0000] {processor.py:836} INFO - DAG(s) dict_keys(['example_branch_datetime_operator_2', 'example_branch_datetime_operator_3', 'example_branch_datetime_operator']) retrieved from /home/vscode/.local/lib/python3.10/site-packages/airflow/example_dags/example_branch_datetime_operator.py
[2026-03-14T09:19:51.706+0000] {logging_mixin.py:150} INFO - [2026-03-14T09:19:51.706+0000] {dag.py:2742} INFO - Sync 3 DAGs
[2026-03-14T09:19:51.721+0000] {logging_mixin.py:150} INFO - [2026-03-14T09:19:51.721+0000] {dag.py:3504} INFO - Setting next_dagrun for example_branch_datetime_operator to 2026-03-13T00:00:00+00:00, run_after=2026-03-14T00:00:00+00:00
[2026-03-14T09:19:51.724+0000] {logging_mixin.py:150} INFO - [2026-03-14T09:19:51.724+0000] {dag.py:3504} INFO - Setting next_dagrun for example_branch_datetime_operator_2 to 2026-03-13T00:00:00+00:00, run_after=2026-03-14T00:00:00+00:00
[2026-03-14T09:19:51.726+0000] {logging_mixin.py:150} INFO - [2026-03-14T09:19:51.726+0000] {dag.py:3504} INFO - Setting next_dagrun for example_branch_datetime_operator_3 to 2026-03-13T00:00:00+00:00, run_after=2026-03-14T00:00:00+00:00
[2026-03-14T09:19:51.739+0000] {processor.py:179} INFO - Processing /home/vscode/.local/lib/python3.10/site-packages/airflow/example_dags/example_branch_datetime_operator.py took 0.060 seconds
[2026-03-14T09:20:42.260+0000] {processor.py:157} INFO - Started process (PID=13083) to work on /home/vscode/.local/lib/python3.10/site-packages/airflow/example_dags/example_branch_datetime_operator.py
[2026-03-14T09:20:42.261+0000] {processor.py:826} INFO - Processing file /home/vscode/.local/lib/python3.10/site-packages/airflow/example_dags/example_branch_datetime_operator.py for tasks to queue
[2026-03-14T09:20:42.261+0000] {logging_mixin.py:150} INFO - [2026-03-14T09:20:42.261+0000] {dagbag.py:541} INFO - Filling up the DagBag from /home/vscode/.local/lib/python3.10/site-packages/airflow/example_dags/example_branch_datetime_operator.py
[2026-03-14T09:20:42.268+0000] {processor.py:836} INFO - DAG(s) dict_keys(['example_branch_datetime_operator_2', 'example_branch_datetime_operator_3', 'example_branch_datetime_operator']) retrieved from /home/vscode/.local/lib/python3.10/site-packages/airflow/example_dags/example_branch_datetime_operator.py
[2026-03-14T09:20:42.284+0000] {logging_mixin.py:150} INFO - [2026-03-14T09:20:42.284+0000] {dag.py:2742} INFO - Sync 3 DAGs
[2026-03-14T09:20:42.299+0000] {logging_mixin.py:150} INFO - [2026-03-14T09:20:42.299+0000] {dag.py:3504} INFO - Setting next_dagrun for example_branch_datetime_operator to 2026-03-13T00:00:00+00:00, run_after=2026-03-14T00:00:00+00:00
[2026-03-14T09:20:42.303+0000] {logging_mixin.py:150} INFO - [2026-03-14T09:20:42.302+0000] {dag.py:3504} INFO - Setting next_dagrun for example_branch_datetime_operator_2 to 2026-03-13T00:00:00+00:00, run_after=2026-03-14T00:00:00+00:00
[2026-03-14T09:20:42.305+0000] {logging_mixin.py:150} INFO - [2026-03-14T09:20:42.305+0000] {dag.py:3504} INFO - Setting next_dagrun for example_branch_datetime_operator_3 to 2026-03-13T00:00:00+00:00, run_after=2026-03-14T00:00:00+00:00
[2026-03-14T09:20:42.321+0000] {processor.py:179} INFO - Processing /home/vscode/.local/lib/python3.10/site-packages/airflow/example_dags/example_branch_datetime_operator.py took 0.063 seconds
[2026-03-14T09:21:29.803+0000] {processor.py:157} INFO - Started process (PID=13402) to work on /home/vscode/.local/lib/python3.10/site-packages/airflow/example_dags/example_branch_datetime_operator.py
[2026-03-14T09:21:29.804+0000] {processor.py:826} INFO - Processing file /home/vscode/.local/lib/python3.10/site-packages/airflow/example_dags/example_branch_datetime_operator.py for tasks to queue
[2026-03-14T09:21:29.804+0000] {logging_mixin.py:150} INFO - [2026-03-14T09:21:29.804+0000] {dagbag.py:541} INFO - Filling up the DagBag from /home/vscode/.local/lib/python3.10/site-packages/airflow/example_dags/example_branch_datetime_operator.py
[2026-03-14T09:21:29.811+0000] {processor.py:836} INFO - DAG(s) dict_keys(['example_branch_datetime_operator_3', 'example_branch_datetime_operator_2', 'example_branch_datetime_operator']) retrieved from /home/vscode/.local/lib/python3.10/site-packages/airflow/example_dags/example_branch_datetime_operator.py
[2026-03-14T09:21:29.827+0000] {logging_mixin.py:150} INFO - [2026-03-14T09:21:29.827+0000] {dag.py:2742} INFO - Sync 3 DAGs
[2026-03-14T09:21:29.842+0000] {logging_mixin.py:150} INFO - [2026-03-14T09:21:29.842+0000] {dag.py:3504} INFO - Setting next_dagrun for example_branch_datetime_operator to 2026-03-13T00:00:00+00:00, run_after=2026-03-14T00:00:00+00:00
[2026-03-14T09:21:29.847+0000] {logging_mixin.py:150} INFO - [2026-03-14T09:21:29.846+0000] {dag.py:3504} INFO - Setting next_dagrun for example_branch_datetime_operator_2 to 2026-03-13T00:00:00+00:00, run_after=2026-03-14T00:00:00+00:00
[2026-03-14T09:21:29.848+0000] {logging_mixin.py:150} INFO - [2026-03-14T09:21:29.848+0000] {dag.py:3504} INFO - Setting next_dagrun for example_branch_datetime_operator_3 to 2026-03-13T00:00:00+00:00, run_after=2026-03-14T00:00:00+00:00
[2026-03-14T09:21:29.862+0000] {processor.py:179} INFO - Processing /home/vscode/.local/lib/python3.10/site-packages/airflow/example_dags/example_branch_datetime_operator.py took 0.061 seconds
[2026-03-14T09:22:14.829+0000] {processor.py:157} INFO - Started process (PID=13692) to work on /home/vscode/.local/lib/python3.10/site-packages/airflow/example_dags/example_branch_datetime_operator.py
[2026-03-14T09:22:14.830+0000] {processor.py:826} INFO - Processing file /home/vscode/.local/lib/python3.10/site-packages/airflow/example_dags/example_branch_datetime_operator.py for tasks to queue
[2026-03-14T09:22:14.830+0000] {logging_mixin.py:150} INFO - [2026-03-14T09:22:14.830+0000] {dagbag.py:541} INFO - Filling up the DagBag from /home/vscode/.local/lib/python3.10/site-packages/airflow/example_dags/example_branch_datetime_operator.py
[2026-03-14T09:22:14.837+0000] {processor.py:836} INFO - DAG(s) dict_keys(['example_branch_datetime_operator_3', 'example_branch_datetime_operator', 'example_branch_datetime_operator_2']) retrieved from /home/vscode/.local/lib/python3.10/site-packages/airflow/example_dags/example_branch_datetime_operator.py
[2026-03-14T09:22:14.853+0000] {logging_mixin.py:150} INFO - [2026-03-14T09:22:14.853+0000] {dag.py:2742} INFO - Sync 3 DAGs
[2026-03-14T09:22:14.869+0000] {logging_mixin.py:150} INFO - [2026-03-14T09:22:14.869+0000] {dag.py:3504} INFO - Setting next_dagrun for example_branch_datetime_operator to 2026-03-13T00:00:00+00:00, run_after=2026-03-14T00:00:00+00:00
[2026-03-14T09:22:14.872+0000] {logging_mixin.py:150} INFO - [2026-03-14T09:22:14.872+0000] {dag.py:3504} INFO - Setting next_dagrun for example_branch_datetime_operator_2 to 2026-03-13T00:00:00+00:00, run_after=2026-03-14T00:00:00+00:00
[2026-03-14T09:22:14.874+0000] {logging_mixin.py:150} INFO - [2026-03-14T09:22:14.873+0000] {dag.py:3504} INFO - Setting next_dagrun for example_branch_datetime_operator_3 to 2026-03-13T00:00:00+00:00, run_after=2026-03-14T00:00:00+00:00
[2026-03-14T09:22:14.888+0000] {processor.py:179} INFO - Processing /home/vscode/.local/lib/python3.10/site-packages/airflow/example_dags/example_branch_datetime_operator.py took 0.061 seconds
[2026-03-14T09:22:57.689+0000] {processor.py:157} INFO - Started process (PID=13994) to work on /home/vscode/.local/lib/python3.10/site-packages/airflow/example_dags/example_branch_datetime_operator.py
[2026-03-14T09:22:57.690+0000] {processor.py:826} INFO - Processing file /home/vscode/.local/lib/python3.10/site-packages/airflow/example_dags/example_branch_datetime_operator.py for tasks to queue
[2026-03-14T09:22:57.690+0000] {logging_mixin.py:150} INFO - [2026-03-14T09:22:57.690+0000] {dagbag.py:541} INFO - Filling up the DagBag from /home/vscode/.local/lib/python3.10/site-packages/airflow/example_dags/example_branch_datetime_operator.py
[2026-03-14T09:22:57.698+0000] {processor.py:836} INFO - DAG(s) dict_keys(['example_branch_datetime_operator_2', 'example_branch_datetime_operator_3', 'example_branch_datetime_operator']) retrieved from /home/vscode/.local/lib/python3.10/site-packages/airflow/example_dags/example_branch_datetime_operator.py
[2026-03-14T09:22:57.719+0000] {logging_mixin.py:150} INFO - [2026-03-14T09:22:57.719+0000] {dag.py:2742} INFO - Sync 3 DAGs
[2026-03-14T09:22:57.735+0000] {logging_mixin.py:150} INFO - [2026-03-14T09:22:57.735+0000] {dag.py:3504} INFO - Setting next_dagrun for example_branch_datetime_operator to 2026-03-13T00:00:00+00:00, run_after=2026-03-14T00:00:00+00:00
[2026-03-14T09:22:57.738+0000] {logging_mixin.py:150} INFO - [2026-03-14T09:22:57.738+0000] {dag.py:3504} INFO - Setting next_dagrun for example_branch_datetime_operator_2 to 2026-03-13T00:00:00+00:00, run_after=2026-03-14T00:00:00+00:00
[2026-03-14T09:22:57.740+0000] {logging_mixin.py:150} INFO - [2026-03-14T09:22:57.740+0000] {dag.py:3504} INFO - Setting next_dagrun for example_branch_datetime_operator_3 to 2026-03-13T00:00:00+00:00, run_after=2026-03-14T00:00:00+00:00
[2026-03-14T09:22:57.753+0000] {processor.py:179} INFO - Processing /home/vscode/.local/lib/python3.10/site-packages/airflow/example_dags/example_branch_datetime_operator.py took 0.066 seconds
[2026-03-14T09:23:43.659+0000] {processor.py:157} INFO - Started process (PID=14319) to work on /home/vscode/.local/lib/python3.10/site-packages/airflow/example_dags/example_branch_datetime_operator.py
[2026-03-14T09:23:43.660+0000] {processor.py:826} INFO - Processing file /home/vscode/.local/lib/python3.10/site-packages/airflow/example_dags/example_branch_datetime_operator.py for tasks to queue
[2026-03-14T09:23:43.660+0000] {logging_mixin.py:150} INFO - [2026-03-14T09:23:43.660+0000] {dagbag.py:541} INFO - Filling up the DagBag from /home/vscode/.local/lib/python3.10/site-packages/airflow/example_dags/example_branch_datetime_operator.py
[2026-03-14T09:23:43.668+0000] {processor.py:836} INFO - DAG(s) dict_keys(['example_branch_datetime_operator_3', 'example_branch_datetime_operator_2', 'example_branch_datetime_operator']) retrieved from /home/vscode/.local/lib/python3.10/site-packages/airflow/example_dags/example_branch_datetime_operator.py
[2026-03-14T09:23:43.684+0000] {logging_mixin.py:150} INFO - [2026-03-14T09:23:43.684+0000] {dag.py:2742} INFO - Sync 3 DAGs
[2026-03-14T09:23:43.699+0000] {logging_mixin.py:150} INFO - [2026-03-14T09:23:43.699+0000] {dag.py:3504} INFO - Setting next_dagrun for example_branch_datetime_operator to 2026-03-13T00:00:00+00:00, run_after=2026-03-14T00:00:00+00:00
[2026-03-14T09:23:43.702+0000] {logging_mixin.py:150} INFO - [2026-03-14T09:23:43.702+0000] {dag.py:3504} INFO - Setting next_dagrun for example_branch_datetime_operator_2 to 2026-03-13T00:00:00+00:00, run_after=2026-03-14T00:00:00+00:00
[2026-03-14T09:23:43.703+0000] {logging_mixin.py:150} INFO - [2026-03-14T09:23:43.703+0000] {dag.py:3504} INFO - Setting next_dagrun for example_branch_datetime_operator_3 to 2026-03-13T00:00:00+00:00, run_after=2026-03-14T00:00:00+00:00
[2026-03-14T09:23:43.717+0000] {processor.py:179} INFO - Processing /home/vscode/.local/lib/python3.10/site-packages/airflow/example_dags/example_branch_datetime_operator.py took 0.060 seconds
