[2026-03-14T09:13:05.038+0000] {processor.py:157} INFO - Started process (PID=9811) to work on /home/vscode/.local/lib/python3.10/site-packages/airflow/example_dags/example_skip_dag.py
[2026-03-14T09:13:05.038+0000] {processor.py:826} INFO - Processing file /home/vscode/.local/lib/python3.10/site-packages/airflow/example_dags/example_skip_dag.py for tasks to queue
[2026-03-14T09:13:05.039+0000] {logging_mixin.py:150} INFO - [2026-03-14T09:13:05.039+0000] {dagbag.py:541} INFO - Filling up the DagBag from /home/vscode/.local/lib/python3.10/site-packages/airflow/example_dags/example_skip_dag.py
[2026-03-14T09:13:05.044+0000] {processor.py:836} INFO - DAG(s) dict_keys(['example_skip_dag']) retrieved from /home/vscode/.local/lib/python3.10/site-packages/airflow/example_dags/example_skip_dag.py
[2026-03-14T09:13:05.129+0000] {logging_mixin.py:150} INFO - [2026-03-14T09:13:05.129+0000] {manager.py:504} INFO - Created Permission View: can delete on DAG:example_skip_dag
[2026-03-14T09:13:05.138+0000] {logging_mixin.py:150} INFO - [2026-03-14T09:13:05.138+0000] {manager.py:504} INFO - Created Permission View: can edit on DAG:example_skip_dag
[2026-03-14T09:13:05.145+0000] {logging_mixin.py:150} INFO - [2026-03-14T09:13:05.145+0000] {manager.py:504} INFO - Created Permission View: can read on DAG:example_skip_dag
[2026-03-14T09:13:05.152+0000] {logging_mixin.py:150} INFO - [2026-03-14T09:13:05.152+0000] {dag.py:2742} INFO - Sync 1 DAGs
[2026-03-14T09:13:05.159+0000] {logging_mixin.py:150} INFO - [2026-03-14T09:13:05.159+0000] {dag.py:2763} INFO - Creating ORM DAG for example_skip_dag
[2026-03-14T09:13:05.165+0000] {logging_mixin.py:150} INFO - [2026-03-14T09:13:05.165+0000] {dag.py:3504} INFO - Setting next_dagrun for example_skip_dag to 2026-03-13T09:13:05.165502+00:00, run_after=2026-03-14T09:13:05.165502+00:00
[2026-03-14T09:13:05.182+0000] {processor.py:179} INFO - Processing /home/vscode/.local/lib/python3.10/site-packages/airflow/example_dags/example_skip_dag.py took 0.146 seconds
[2026-03-14T09:13:50.889+0000] {processor.py:157} INFO - Started process (PID=10125) to work on /home/vscode/.local/lib/python3.10/site-packages/airflow/example_dags/example_skip_dag.py
[2026-03-14T09:13:50.889+0000] {processor.py:826} INFO - Processing file /home/vscode/.local/lib/python3.10/site-packages/airflow/example_dags/example_skip_dag.py for tasks to queue
[2026-03-14T09:13:50.890+0000] {logging_mixin.py:150} INFO - [2026-03-14T09:13:50.890+0000] {dagbag.py:541} INFO - Filling up the DagBag from /home/vscode/.local/lib/python3.10/site-packages/airflow/example_dags/example_skip_dag.py
[2026-03-14T09:13:50.895+0000] {processor.py:836} INFO - DAG(s) dict_keys(['example_skip_dag']) retrieved from /home/vscode/.local/lib/python3.10/site-packages/airflow/example_dags/example_skip_dag.py
[2026-03-14T09:13:50.907+0000] {logging_mixin.py:150} INFO - [2026-03-14T09:13:50.907+0000] {dag.py:2742} INFO - Sync 1 DAGs
[2026-03-14T09:13:50.920+0000] {logging_mixin.py:150} INFO - [2026-03-14T09:13:50.920+0000] {dag.py:3504} INFO - Setting next_dagrun for example_skip_dag to 2026-03-13T09:13:50.920431+00:00, run_after=2026-03-14T09:13:50.920431+00:00
[2026-03-14T09:13:50.937+0000] {processor.py:179} INFO - Processing /home/vscode/.local/lib/python3.10/site-packages/airflow/example_dags/example_skip_dag.py took 0.050 seconds
[2026-03-14T09:14:37.617+0000] {processor.py:157} INFO - Started process (PID=10440) to work on /home/vscode/.local/lib/python3.10/site-packages/airflow/example_dags/example_skip_dag.py
[2026-03-14T09:14:37.619+0000] {processor.py:826} INFO - Processing file /home/vscode/.local/lib/python3.10/site-packages/airflow/example_dags/example_skip_dag.py for tasks to queue
[2026-03-14T09:14:37.620+0000] {logging_mixin.py:150} INFO - [2026-03-14T09:14:37.620+0000] {dagbag.py:541} INFO - Filling up the DagBag from /home/vscode/.local/lib/python3.10/site-packages/airflow/example_dags/example_skip_dag.py
[2026-03-14T09:14:37.626+0000] {processor.py:836} INFO - DAG(s) dict_keys(['example_skip_dag']) retrieved from /home/vscode/.local/lib/python3.10/site-packages/airflow/example_dags/example_skip_dag.py
[2026-03-14T09:14:37.639+0000] {logging_mixin.py:150} INFO - [2026-03-14T09:14:37.639+0000] {dag.py:2742} INFO - Sync 1 DAGs
[2026-03-14T09:14:37.653+0000] {logging_mixin.py:150} INFO - [2026-03-14T09:14:37.653+0000] {dag.py:3504} INFO - Setting next_dagrun for example_skip_dag to 2026-03-13T09:14:37.653329+00:00, run_after=2026-03-14T09:14:37.653329+00:00
[2026-03-14T09:14:37.668+0000] {processor.py:179} INFO - Processing /home/vscode/.local/lib/python3.10/site-packages/airflow/example_dags/example_skip_dag.py took 0.054 seconds
[2026-03-14T09:15:23.501+0000] {processor.py:157} INFO - Started process (PID=10766) to work on /home/vscode/.local/lib/python3.10/site-packages/airflow/example_dags/example_skip_dag.py
[2026-03-14T09:15:23.502+0000] {processor.py:826} INFO - Processing file /home/vscode/.local/lib/python3.10/site-packages/airflow/example_dags/example_skip_dag.py for tasks to queue
[2026-03-14T09:15:23.502+0000] {logging_mixin.py:150} INFO - [2026-03-14T09:15:23.502+0000] {dagbag.py:541} INFO - Filling up the DagBag from /home/vscode/.local/lib/python3.10/site-packages/airflow/example_dags/example_skip_dag.py
[2026-03-14T09:15:23.508+0000] {processor.py:836} INFO - DAG(s) dict_keys(['example_skip_dag']) retrieved from /home/vscode/.local/lib/python3.10/site-packages/airflow/example_dags/example_skip_dag.py
[2026-03-14T09:15:23.519+0000] {logging_mixin.py:150} INFO - [2026-03-14T09:15:23.519+0000] {dag.py:2742} INFO - Sync 1 DAGs
[2026-03-14T09:15:23.533+0000] {logging_mixin.py:150} INFO - [2026-03-14T09:15:23.533+0000] {dag.py:3504} INFO - Setting next_dagrun for example_skip_dag to 2026-03-13T09:15:23.532933+00:00, run_after=2026-03-14T09:15:23.532933+00:00
[2026-03-14T09:15:23.549+0000] {processor.py:179} INFO - Processing /home/vscode/.local/lib/python3.10/site-packages/airflow/example_dags/example_skip_dag.py took 0.050 seconds
[2026-03-14T09:16:11.427+0000] {processor.py:157} INFO - Started process (PID=11180) to work on /home/vscode/.local/lib/python3.10/site-packages/airflow/example_dags/example_skip_dag.py
[2026-03-14T09:16:11.427+0000] {processor.py:826} INFO - Processing file /home/vscode/.local/lib/python3.10/site-packages/airflow/example_dags/example_skip_dag.py for tasks to queue
[2026-03-14T09:16:11.428+0000] {logging_mixin.py:150} INFO - [2026-03-14T09:16:11.428+0000] {dagbag.py:541} INFO - Filling up the DagBag from /home/vscode/.local/lib/python3.10/site-packages/airflow/example_dags/example_skip_dag.py
[2026-03-14T09:16:11.433+0000] {processor.py:836} INFO - DAG(s) dict_keys(['example_skip_dag']) retrieved from /home/vscode/.local/lib/python3.10/site-packages/airflow/example_dags/example_skip_dag.py
[2026-03-14T09:16:11.445+0000] {logging_mixin.py:150} INFO - [2026-03-14T09:16:11.445+0000] {dag.py:2742} INFO - Sync 1 DAGs
[2026-03-14T09:16:11.459+0000] {logging_mixin.py:150} INFO - [2026-03-14T09:16:11.459+0000] {dag.py:3504} INFO - Setting next_dagrun for example_skip_dag to 2026-03-13T09:16:11.458985+00:00, run_after=2026-03-14T09:16:11.458985+00:00
[2026-03-14T09:16:11.474+0000] {processor.py:179} INFO - Processing /home/vscode/.local/lib/python3.10/site-packages/airflow/example_dags/example_skip_dag.py took 0.049 seconds
[2026-03-14T09:16:56.068+0000] {processor.py:157} INFO - Started process (PID=11481) to work on /home/vscode/.local/lib/python3.10/site-packages/airflow/example_dags/example_skip_dag.py
[2026-03-14T09:16:56.069+0000] {processor.py:826} INFO - Processing file /home/vscode/.local/lib/python3.10/site-packages/airflow/example_dags/example_skip_dag.py for tasks to queue
[2026-03-14T09:16:56.069+0000] {logging_mixin.py:150} INFO - [2026-03-14T09:16:56.069+0000] {dagbag.py:541} INFO - Filling up the DagBag from /home/vscode/.local/lib/python3.10/site-packages/airflow/example_dags/example_skip_dag.py
[2026-03-14T09:16:56.075+0000] {processor.py:836} INFO - DAG(s) dict_keys(['example_skip_dag']) retrieved from /home/vscode/.local/lib/python3.10/site-packages/airflow/example_dags/example_skip_dag.py
[2026-03-14T09:16:56.086+0000] {logging_mixin.py:150} INFO - [2026-03-14T09:16:56.086+0000] {dag.py:2742} INFO - Sync 1 DAGs
[2026-03-14T09:16:56.100+0000] {logging_mixin.py:150} INFO - [2026-03-14T09:16:56.100+0000] {dag.py:3504} INFO - Setting next_dagrun for example_skip_dag to 2026-03-13T09:16:56.100120+00:00, run_after=2026-03-14T09:16:56.100120+00:00
[2026-03-14T09:16:56.116+0000] {processor.py:179} INFO - Processing /home/vscode/.local/lib/python3.10/site-packages/airflow/example_dags/example_skip_dag.py took 0.050 seconds
[2026-03-14T09:17:39.700+0000] {processor.py:157} INFO - Started process (PID=11792) to work on /home/vscode/.local/lib/python3.10/site-packages/airflow/example_dags/example_skip_dag.py
[2026-03-14T09:17:39.701+0000] {processor.py:826} INFO - Processing file /home/vscode/.local/lib/python3.10/site-packages/airflow/example_dags/example_skip_dag.py for tasks to queue
[2026-03-14T09:17:39.702+0000] {logging_mixin.py:150} INFO - [2026-03-14T09:17:39.701+0000] {dagbag.py:541} INFO - Filling up the DagBag from /home/vscode/.local/lib/python3.10/site-packages/airflow/example_dags/example_skip_dag.py
[2026-03-14T09:17:39.707+0000] {processor.py:836} INFO - DAG(s) dict_keys(['example_skip_dag']) retrieved from /home/vscode/.local/lib/python3.10/site-packages/airflow/example_dags/example_skip_dag.py
[2026-03-14T09:17:39.718+0000] {logging_mixin.py:150} INFO - [2026-03-14T09:17:39.718+0000] {dag.py:2742} INFO - Sync 1 DAGs
[2026-03-14T09:17:39.734+0000] {logging_mixin.py:150} INFO - [2026-03-14T09:17:39.733+0000] {dag.py:3504} INFO - Setting next_dagrun for example_skip_dag to 2026-03-13T09:17:39.733698+00:00, run_after=2026-03-14T09:17:39.733698+00:00
[2026-03-14T09:17:39.748+0000] {processor.py:179} INFO - Processing /home/vscode/.local/lib/python3.10/site-packages/airflow/example_dags/example_skip_dag.py took 0.050 seconds
[2026-03-14T09:18:25.302+0000] {processor.py:157} INFO - Started process (PID=12170) to work on /home/vscode/.local/lib/python3.10/site-packages/airflow/example_dags/example_skip_dag.py
[2026-03-14T09:18:25.303+0000] {processor.py:826} INFO - Processing file /home/vscode/.local/lib/python3.10/site-packages/airflow/example_dags/example_skip_dag.py for tasks to queue
[2026-03-14T09:18:25.303+0000] {logging_mixin.py:150} INFO - [2026-03-14T09:18:25.303+0000] {dagbag.py:541} INFO - Filling up the DagBag from /home/vscode/.local/lib/python3.10/site-packages/airflow/example_dags/example_skip_dag.py
[2026-03-14T09:18:25.308+0000] {processor.py:836} INFO - DAG(s) dict_keys(['example_skip_dag']) retrieved from /home/vscode/.local/lib/python3.10/site-packages/airflow/example_dags/example_skip_dag.py
[2026-03-14T09:18:25.320+0000] {logging_mixin.py:150} INFO - [2026-03-14T09:18:25.320+0000] {dag.py:2742} INFO - Sync 1 DAGs
[2026-03-14T09:18:25.336+0000] {logging_mixin.py:150} INFO - [2026-03-14T09:18:25.336+0000] {dag.py:3504} INFO - Setting next_dagrun for example_skip_dag to 2026-03-13T09:18:25.335873+00:00, run_after=2026-03-14T09:18:25.335873+00:00
[2026-03-14T09:18:25.350+0000] {processor.py:179} INFO - Processing /home/vscode/.local/lib/python3.10/site-packages/airflow/example_dags/example_skip_dag.py took 0.050 seconds
[2026-03-14T09:19:09.692+0000] {processor.py:157} INFO - Started process (PID=12463) to work on /home/vscode/.local/lib/python3.10/site-packages/airflow/example_dags/example_skip_dag.py
[2026-03-14T09:19:09.693+0000] {processor.py:826} INFO - Processing file /home/vscode/.local/lib/python3.10/site-packages/airflow/example_dags/example_skip_dag.py for tasks to queue
[2026-03-14T09:19:09.694+0000] {logging_mixin.py:150} INFO - [2026-03-14T09:19:09.693+0000] {dagbag.py:541} INFO - Filling up the DagBag from /home/vscode/.local/lib/python3.10/site-packages/airflow/example_dags/example_skip_dag.py
[2026-03-14T09:19:09.699+0000] {processor.py:836} INFO - DAG(s) dict_keys(['example_skip_dag']) retrieved from /home/vscode/.local/lib/python3.10/site-packages/airflow/example_dags/example_skip_dag.py
[2026-03-14T09:19:09.712+0000] {logging_mixin.py:150} INFO - [2026-03-14T09:19:09.712+0000] {dag.py:2742} INFO - Sync 1 DAGs
[2026-03-14T09:19:09.730+0000] {logging_mixin.py:150} INFO - [2026-03-14T09:19:09.729+0000] {dag.py:3504} INFO - Setting next_dagrun for example_skip_dag to 2026-03-13T09:19:09.729786+00:00, run_after=2026-03-14T09:19:09.729786+00:00
[2026-03-14T09:19:09.765+0000] {processor.py:179} INFO - Processing /home/vscode/.local/lib/python3.10/site-packages/airflow/example_dags/example_skip_dag.py took 0.074 seconds
[2026-03-14T09:19:53.687+0000] {processor.py:157} INFO - Started process (PID=12757) to work on /home/vscode/.local/lib/python3.10/site-packages/airflow/example_dags/example_skip_dag.py
[2026-03-14T09:19:53.690+0000] {processor.py:826} INFO - Processing file /home/vscode/.local/lib/python3.10/site-packages/airflow/example_dags/example_skip_dag.py for tasks to queue
[2026-03-14T09:19:53.691+0000] {logging_mixin.py:150} INFO - [2026-03-14T09:19:53.691+0000] {dagbag.py:541} INFO - Filling up the DagBag from /home/vscode/.local/lib/python3.10/site-packages/airflow/example_dags/example_skip_dag.py
[2026-03-14T09:19:53.701+0000] {processor.py:836} INFO - DAG(s) dict_keys(['example_skip_dag']) retrieved from /home/vscode/.local/lib/python3.10/site-packages/airflow/example_dags/example_skip_dag.py
[2026-03-14T09:19:53.720+0000] {logging_mixin.py:150} INFO - [2026-03-14T09:19:53.720+0000] {dag.py:2742} INFO - Sync 1 DAGs
[2026-03-14T09:19:53.740+0000] {logging_mixin.py:150} INFO - [2026-03-14T09:19:53.740+0000] {dag.py:3504} INFO - Setting next_dagrun for example_skip_dag to 2026-03-13T09:19:53.740252+00:00, run_after=2026-03-14T09:19:53.740252+00:00
[2026-03-14T09:19:53.755+0000] {processor.py:179} INFO - Processing /home/vscode/.local/lib/python3.10/site-packages/airflow/example_dags/example_skip_dag.py took 0.071 seconds
[2026-03-14T09:20:36.690+0000] {processor.py:157} INFO - Started process (PID=13049) to work on /home/vscode/.local/lib/python3.10/site-packages/airflow/example_dags/example_skip_dag.py
[2026-03-14T09:20:36.691+0000] {processor.py:826} INFO - Processing file /home/vscode/.local/lib/python3.10/site-packages/airflow/example_dags/example_skip_dag.py for tasks to queue
[2026-03-14T09:20:36.692+0000] {logging_mixin.py:150} INFO - [2026-03-14T09:20:36.691+0000] {dagbag.py:541} INFO - Filling up the DagBag from /home/vscode/.local/lib/python3.10/site-packages/airflow/example_dags/example_skip_dag.py
[2026-03-14T09:20:36.708+0000] {processor.py:836} INFO - DAG(s) dict_keys(['example_skip_dag']) retrieved from /home/vscode/.local/lib/python3.10/site-packages/airflow/example_dags/example_skip_dag.py
[2026-03-14T09:20:36.722+0000] {logging_mixin.py:150} INFO - [2026-03-14T09:20:36.722+0000] {dag.py:2742} INFO - Sync 1 DAGs
[2026-03-14T09:20:36.736+0000] {logging_mixin.py:150} INFO - [2026-03-14T09:20:36.736+0000] {dag.py:3504} INFO - Setting next_dagrun for example_skip_dag to 2026-03-13T09:20:36.736003+00:00, run_after=2026-03-14T09:20:36.736003+00:00
[2026-03-14T09:20:36.751+0000] {processor.py:179} INFO - Processing /home/vscode/.local/lib/python3.10/site-packages/airflow/example_dags/example_skip_dag.py took 0.064 seconds
[2026-03-14T09:21:24.162+0000] {processor.py:157} INFO - Started process (PID=13362) to work on /home/vscode/.local/lib/python3.10/site-packages/airflow/example_dags/example_skip_dag.py
[2026-03-14T09:21:24.163+0000] {processor.py:826} INFO - Processing file /home/vscode/.local/lib/python3.10/site-packages/airflow/example_dags/example_skip_dag.py for tasks to queue
[2026-03-14T09:21:24.164+0000] {logging_mixin.py:150} INFO - [2026-03-14T09:21:24.163+0000] {dagbag.py:541} INFO - Filling up the DagBag from /home/vscode/.local/lib/python3.10/site-packages/airflow/example_dags/example_skip_dag.py
[2026-03-14T09:21:24.169+0000] {processor.py:836} INFO - DAG(s) dict_keys(['example_skip_dag']) retrieved from /home/vscode/.local/lib/python3.10/site-packages/airflow/example_dags/example_skip_dag.py
[2026-03-14T09:21:24.181+0000] {logging_mixin.py:150} INFO - [2026-03-14T09:21:24.181+0000] {dag.py:2742} INFO - Sync 1 DAGs
[2026-03-14T09:21:24.195+0000] {logging_mixin.py:150} INFO - [2026-03-14T09:21:24.195+0000] {dag.py:3504} INFO - Setting next_dagrun for example_skip_dag to 2026-03-13T09:21:24.195091+00:00, run_after=2026-03-14T09:21:24.195091+00:00
[2026-03-14T09:21:24.212+0000] {processor.py:179} INFO - Processing /home/vscode/.local/lib/python3.10/site-packages/airflow/example_dags/example_skip_dag.py took 0.052 seconds
[2026-03-14T09:22:09.696+0000] {processor.py:157} INFO - Started process (PID=13664) to work on /home/vscode/.local/lib/python3.10/site-packages/airflow/example_dags/example_skip_dag.py
[2026-03-14T09:22:09.697+0000] {processor.py:826} INFO - Processing file /home/vscode/.local/lib/python3.10/site-packages/airflow/example_dags/example_skip_dag.py for tasks to queue
[2026-03-14T09:22:09.698+0000] {logging_mixin.py:150} INFO - [2026-03-14T09:22:09.698+0000] {dagbag.py:541} INFO - Filling up the DagBag from /home/vscode/.local/lib/python3.10/site-packages/airflow/example_dags/example_skip_dag.py
[2026-03-14T09:22:09.707+0000] {processor.py:836} INFO - DAG(s) dict_keys(['example_skip_dag']) retrieved from /home/vscode/.local/lib/python3.10/site-packages/airflow/example_dags/example_skip_dag.py
[2026-03-14T09:22:09.728+0000] {logging_mixin.py:150} INFO - [2026-03-14T09:22:09.728+0000] {dag.py:2742} INFO - Sync 1 DAGs
[2026-03-14T09:22:09.742+0000] {logging_mixin.py:150} INFO - [2026-03-14T09:22:09.742+0000] {dag.py:3504} INFO - Setting next_dagrun for example_skip_dag to 2026-03-13T09:22:09.742302+00:00, run_after=2026-03-14T09:22:09.742302+00:00
[2026-03-14T09:22:09.757+0000] {processor.py:179} INFO - Processing /home/vscode/.local/lib/python3.10/site-packages/airflow/example_dags/example_skip_dag.py took 0.064 seconds
[2026-03-14T09:22:52.545+0000] {processor.py:157} INFO - Started process (PID=13954) to work on /home/vscode/.local/lib/python3.10/site-packages/airflow/example_dags/example_skip_dag.py
[2026-03-14T09:22:52.546+0000] {processor.py:826} INFO - Processing file /home/vscode/.local/lib/python3.10/site-packages/airflow/example_dags/example_skip_dag.py for tasks to queue
[2026-03-14T09:22:52.546+0000] {logging_mixin.py:150} INFO - [2026-03-14T09:22:52.546+0000] {dagbag.py:541} INFO - Filling up the DagBag from /home/vscode/.local/lib/python3.10/site-packages/airflow/example_dags/example_skip_dag.py
[2026-03-14T09:22:52.552+0000] {processor.py:836} INFO - DAG(s) dict_keys(['example_skip_dag']) retrieved from /home/vscode/.local/lib/python3.10/site-packages/airflow/example_dags/example_skip_dag.py
[2026-03-14T09:22:52.563+0000] {logging_mixin.py:150} INFO - [2026-03-14T09:22:52.563+0000] {dag.py:2742} INFO - Sync 1 DAGs
[2026-03-14T09:22:52.577+0000] {logging_mixin.py:150} INFO - [2026-03-14T09:22:52.576+0000] {dag.py:3504} INFO - Setting next_dagrun for example_skip_dag to 2026-03-13T09:22:52.576791+00:00, run_after=2026-03-14T09:22:52.576791+00:00
[2026-03-14T09:22:52.592+0000] {processor.py:179} INFO - Processing /home/vscode/.local/lib/python3.10/site-packages/airflow/example_dags/example_skip_dag.py took 0.049 seconds
[2026-03-14T09:23:35.966+0000] {processor.py:157} INFO - Started process (PID=14255) to work on /home/vscode/.local/lib/python3.10/site-packages/airflow/example_dags/example_skip_dag.py
[2026-03-14T09:23:35.966+0000] {processor.py:826} INFO - Processing file /home/vscode/.local/lib/python3.10/site-packages/airflow/example_dags/example_skip_dag.py for tasks to queue
[2026-03-14T09:23:35.967+0000] {logging_mixin.py:150} INFO - [2026-03-14T09:23:35.967+0000] {dagbag.py:541} INFO - Filling up the DagBag from /home/vscode/.local/lib/python3.10/site-packages/airflow/example_dags/example_skip_dag.py
[2026-03-14T09:23:35.972+0000] {processor.py:836} INFO - DAG(s) dict_keys(['example_skip_dag']) retrieved from /home/vscode/.local/lib/python3.10/site-packages/airflow/example_dags/example_skip_dag.py
[2026-03-14T09:23:35.984+0000] {logging_mixin.py:150} INFO - [2026-03-14T09:23:35.984+0000] {dag.py:2742} INFO - Sync 1 DAGs
[2026-03-14T09:23:35.998+0000] {logging_mixin.py:150} INFO - [2026-03-14T09:23:35.998+0000] {dag.py:3504} INFO - Setting next_dagrun for example_skip_dag to 2026-03-13T09:23:35.998386+00:00, run_after=2026-03-14T09:23:35.998386+00:00
[2026-03-14T09:23:36.013+0000] {processor.py:179} INFO - Processing /home/vscode/.local/lib/python3.10/site-packages/airflow/example_dags/example_skip_dag.py took 0.050 seconds
[2026-03-14T09:24:24.815+0000] {processor.py:157} INFO - Started process (PID=14588) to work on /home/vscode/.local/lib/python3.10/site-packages/airflow/example_dags/example_skip_dag.py
[2026-03-14T09:24:24.815+0000] {processor.py:826} INFO - Processing file /home/vscode/.local/lib/python3.10/site-packages/airflow/example_dags/example_skip_dag.py for tasks to queue
[2026-03-14T09:24:24.816+0000] {logging_mixin.py:150} INFO - [2026-03-14T09:24:24.816+0000] {dagbag.py:541} INFO - Filling up the DagBag from /home/vscode/.local/lib/python3.10/site-packages/airflow/example_dags/example_skip_dag.py
[2026-03-14T09:24:24.821+0000] {processor.py:836} INFO - DAG(s) dict_keys(['example_skip_dag']) retrieved from /home/vscode/.local/lib/python3.10/site-packages/airflow/example_dags/example_skip_dag.py
[2026-03-14T09:24:24.832+0000] {logging_mixin.py:150} INFO - [2026-03-14T09:24:24.832+0000] {dag.py:2742} INFO - Sync 1 DAGs
[2026-03-14T09:24:24.846+0000] {logging_mixin.py:150} INFO - [2026-03-14T09:24:24.846+0000] {dag.py:3504} INFO - Setting next_dagrun for example_skip_dag to 2026-03-13T09:24:24.846186+00:00, run_after=2026-03-14T09:24:24.846186+00:00
[2026-03-14T09:24:24.865+0000] {processor.py:179} INFO - Processing /home/vscode/.local/lib/python3.10/site-packages/airflow/example_dags/example_skip_dag.py took 0.052 seconds
