[2026-03-14T09:13:02.884+0000] {processor.py:157} INFO - Started process (PID=9784) to work on /home/vscode/.local/lib/python3.10/site-packages/airflow/example_dags/example_short_circuit_operator.py
[2026-03-14T09:13:02.885+0000] {processor.py:826} INFO - Processing file /home/vscode/.local/lib/python3.10/site-packages/airflow/example_dags/example_short_circuit_operator.py for tasks to queue
[2026-03-14T09:13:02.886+0000] {logging_mixin.py:150} INFO - [2026-03-14T09:13:02.885+0000] {dagbag.py:541} INFO - Filling up the DagBag from /home/vscode/.local/lib/python3.10/site-packages/airflow/example_dags/example_short_circuit_operator.py
[2026-03-14T09:13:02.893+0000] {processor.py:836} INFO - DAG(s) dict_keys(['example_short_circuit_operator']) retrieved from /home/vscode/.local/lib/python3.10/site-packages/airflow/example_dags/example_short_circuit_operator.py
[2026-03-14T09:13:02.974+0000] {logging_mixin.py:150} INFO - [2026-03-14T09:13:02.974+0000] {manager.py:504} INFO - Created Permission View: can delete on DAG:example_short_circuit_operator
[2026-03-14T09:13:02.983+0000] {logging_mixin.py:150} INFO - [2026-03-14T09:13:02.983+0000] {manager.py:504} INFO - Created Permission View: can edit on DAG:example_short_circuit_operator
[2026-03-14T09:13:02.990+0000] {logging_mixin.py:150} INFO - [2026-03-14T09:13:02.989+0000] {manager.py:504} INFO - Created Permission View: can read on DAG:example_short_circuit_operator
[2026-03-14T09:13:02.997+0000] {logging_mixin.py:150} INFO - [2026-03-14T09:13:02.997+0000] {dag.py:2742} INFO - Sync 1 DAGs
[2026-03-14T09:13:03.003+0000] {logging_mixin.py:150} INFO - [2026-03-14T09:13:03.003+0000] {dag.py:2763} INFO - Creating ORM DAG for example_short_circuit_operator
[2026-03-14T09:13:03.010+0000] {logging_mixin.py:150} INFO - [2026-03-14T09:13:03.009+0000] {dag.py:3504} INFO - Setting next_dagrun for example_short_circuit_operator to 2026-03-13T09:13:03.009782+00:00, run_after=2026-03-14T09:13:03.009782+00:00
[2026-03-14T09:13:03.028+0000] {processor.py:179} INFO - Processing /home/vscode/.local/lib/python3.10/site-packages/airflow/example_dags/example_short_circuit_operator.py took 0.145 seconds
[2026-03-14T09:13:48.601+0000] {processor.py:157} INFO - Started process (PID=10115) to work on /home/vscode/.local/lib/python3.10/site-packages/airflow/example_dags/example_short_circuit_operator.py
[2026-03-14T09:13:48.601+0000] {processor.py:826} INFO - Processing file /home/vscode/.local/lib/python3.10/site-packages/airflow/example_dags/example_short_circuit_operator.py for tasks to queue
[2026-03-14T09:13:48.602+0000] {logging_mixin.py:150} INFO - [2026-03-14T09:13:48.602+0000] {dagbag.py:541} INFO - Filling up the DagBag from /home/vscode/.local/lib/python3.10/site-packages/airflow/example_dags/example_short_circuit_operator.py
[2026-03-14T09:13:48.608+0000] {processor.py:836} INFO - DAG(s) dict_keys(['example_short_circuit_operator']) retrieved from /home/vscode/.local/lib/python3.10/site-packages/airflow/example_dags/example_short_circuit_operator.py
[2026-03-14T09:13:48.622+0000] {logging_mixin.py:150} INFO - [2026-03-14T09:13:48.622+0000] {dag.py:2742} INFO - Sync 1 DAGs
[2026-03-14T09:13:48.636+0000] {logging_mixin.py:150} INFO - [2026-03-14T09:13:48.636+0000] {dag.py:3504} INFO - Setting next_dagrun for example_short_circuit_operator to 2026-03-13T09:13:48.636176+00:00, run_after=2026-03-14T09:13:48.636176+00:00
[2026-03-14T09:13:48.652+0000] {processor.py:179} INFO - Processing /home/vscode/.local/lib/python3.10/site-packages/airflow/example_dags/example_short_circuit_operator.py took 0.053 seconds
[2026-03-14T09:14:36.066+0000] {processor.py:157} INFO - Started process (PID=10424) to work on /home/vscode/.local/lib/python3.10/site-packages/airflow/example_dags/example_short_circuit_operator.py
[2026-03-14T09:14:36.067+0000] {processor.py:826} INFO - Processing file /home/vscode/.local/lib/python3.10/site-packages/airflow/example_dags/example_short_circuit_operator.py for tasks to queue
[2026-03-14T09:14:36.067+0000] {logging_mixin.py:150} INFO - [2026-03-14T09:14:36.067+0000] {dagbag.py:541} INFO - Filling up the DagBag from /home/vscode/.local/lib/python3.10/site-packages/airflow/example_dags/example_short_circuit_operator.py
[2026-03-14T09:14:36.074+0000] {processor.py:836} INFO - DAG(s) dict_keys(['example_short_circuit_operator']) retrieved from /home/vscode/.local/lib/python3.10/site-packages/airflow/example_dags/example_short_circuit_operator.py
[2026-03-14T09:14:36.087+0000] {logging_mixin.py:150} INFO - [2026-03-14T09:14:36.087+0000] {dag.py:2742} INFO - Sync 1 DAGs
[2026-03-14T09:14:36.101+0000] {logging_mixin.py:150} INFO - [2026-03-14T09:14:36.101+0000] {dag.py:3504} INFO - Setting next_dagrun for example_short_circuit_operator to 2026-03-13T09:14:36.100947+00:00, run_after=2026-03-14T09:14:36.100947+00:00
[2026-03-14T09:14:36.117+0000] {processor.py:179} INFO - Processing /home/vscode/.local/lib/python3.10/site-packages/airflow/example_dags/example_short_circuit_operator.py took 0.053 seconds
[2026-03-14T09:15:21.199+0000] {processor.py:157} INFO - Started process (PID=10752) to work on /home/vscode/.local/lib/python3.10/site-packages/airflow/example_dags/example_short_circuit_operator.py
[2026-03-14T09:15:21.202+0000] {processor.py:826} INFO - Processing file /home/vscode/.local/lib/python3.10/site-packages/airflow/example_dags/example_short_circuit_operator.py for tasks to queue
[2026-03-14T09:15:21.203+0000] {logging_mixin.py:150} INFO - [2026-03-14T09:15:21.202+0000] {dagbag.py:541} INFO - Filling up the DagBag from /home/vscode/.local/lib/python3.10/site-packages/airflow/example_dags/example_short_circuit_operator.py
[2026-03-14T09:15:21.216+0000] {processor.py:836} INFO - DAG(s) dict_keys(['example_short_circuit_operator']) retrieved from /home/vscode/.local/lib/python3.10/site-packages/airflow/example_dags/example_short_circuit_operator.py
[2026-03-14T09:15:21.248+0000] {logging_mixin.py:150} INFO - [2026-03-14T09:15:21.248+0000] {dag.py:2742} INFO - Sync 1 DAGs
[2026-03-14T09:15:21.264+0000] {logging_mixin.py:150} INFO - [2026-03-14T09:15:21.264+0000] {dag.py:3504} INFO - Setting next_dagrun for example_short_circuit_operator to 2026-03-13T09:15:21.264502+00:00, run_after=2026-03-14T09:15:21.264502+00:00
[2026-03-14T09:15:21.282+0000] {processor.py:179} INFO - Processing /home/vscode/.local/lib/python3.10/site-packages/airflow/example_dags/example_short_circuit_operator.py took 0.086 seconds
[2026-03-14T09:16:09.868+0000] {processor.py:157} INFO - Started process (PID=11164) to work on /home/vscode/.local/lib/python3.10/site-packages/airflow/example_dags/example_short_circuit_operator.py
[2026-03-14T09:16:09.868+0000] {processor.py:826} INFO - Processing file /home/vscode/.local/lib/python3.10/site-packages/airflow/example_dags/example_short_circuit_operator.py for tasks to queue
[2026-03-14T09:16:09.869+0000] {logging_mixin.py:150} INFO - [2026-03-14T09:16:09.869+0000] {dagbag.py:541} INFO - Filling up the DagBag from /home/vscode/.local/lib/python3.10/site-packages/airflow/example_dags/example_short_circuit_operator.py
[2026-03-14T09:16:09.877+0000] {processor.py:836} INFO - DAG(s) dict_keys(['example_short_circuit_operator']) retrieved from /home/vscode/.local/lib/python3.10/site-packages/airflow/example_dags/example_short_circuit_operator.py
[2026-03-14T09:16:09.897+0000] {logging_mixin.py:150} INFO - [2026-03-14T09:16:09.897+0000] {dag.py:2742} INFO - Sync 1 DAGs
[2026-03-14T09:16:09.919+0000] {logging_mixin.py:150} INFO - [2026-03-14T09:16:09.918+0000] {dag.py:3504} INFO - Setting next_dagrun for example_short_circuit_operator to 2026-03-13T09:16:09.918627+00:00, run_after=2026-03-14T09:16:09.918627+00:00
[2026-03-14T09:16:09.936+0000] {processor.py:179} INFO - Processing /home/vscode/.local/lib/python3.10/site-packages/airflow/example_dags/example_short_circuit_operator.py took 0.070 seconds
[2026-03-14T09:16:53.661+0000] {processor.py:157} INFO - Started process (PID=11453) to work on /home/vscode/.local/lib/python3.10/site-packages/airflow/example_dags/example_short_circuit_operator.py
[2026-03-14T09:16:53.662+0000] {processor.py:826} INFO - Processing file /home/vscode/.local/lib/python3.10/site-packages/airflow/example_dags/example_short_circuit_operator.py for tasks to queue
[2026-03-14T09:16:53.663+0000] {logging_mixin.py:150} INFO - [2026-03-14T09:16:53.662+0000] {dagbag.py:541} INFO - Filling up the DagBag from /home/vscode/.local/lib/python3.10/site-packages/airflow/example_dags/example_short_circuit_operator.py
[2026-03-14T09:16:53.670+0000] {processor.py:836} INFO - DAG(s) dict_keys(['example_short_circuit_operator']) retrieved from /home/vscode/.local/lib/python3.10/site-packages/airflow/example_dags/example_short_circuit_operator.py
[2026-03-14T09:16:53.726+0000] {logging_mixin.py:150} INFO - [2026-03-14T09:16:53.726+0000] {dag.py:2742} INFO - Sync 1 DAGs
[2026-03-14T09:16:53.797+0000] {logging_mixin.py:150} INFO - [2026-03-14T09:16:53.796+0000] {dag.py:3504} INFO - Setting next_dagrun for example_short_circuit_operator to 2026-03-13T09:16:53.796594+00:00, run_after=2026-03-14T09:16:53.796594+00:00
[2026-03-14T09:16:53.835+0000] {processor.py:179} INFO - Processing /home/vscode/.local/lib/python3.10/site-packages/airflow/example_dags/example_short_circuit_operator.py took 0.176 seconds
[2026-03-14T09:17:38.200+0000] {processor.py:157} INFO - Started process (PID=11782) to work on /home/vscode/.local/lib/python3.10/site-packages/airflow/example_dags/example_short_circuit_operator.py
[2026-03-14T09:17:38.200+0000] {processor.py:826} INFO - Processing file /home/vscode/.local/lib/python3.10/site-packages/airflow/example_dags/example_short_circuit_operator.py for tasks to queue
[2026-03-14T09:17:38.201+0000] {logging_mixin.py:150} INFO - [2026-03-14T09:17:38.201+0000] {dagbag.py:541} INFO - Filling up the DagBag from /home/vscode/.local/lib/python3.10/site-packages/airflow/example_dags/example_short_circuit_operator.py
[2026-03-14T09:17:38.207+0000] {processor.py:836} INFO - DAG(s) dict_keys(['example_short_circuit_operator']) retrieved from /home/vscode/.local/lib/python3.10/site-packages/airflow/example_dags/example_short_circuit_operator.py
[2026-03-14T09:17:38.220+0000] {logging_mixin.py:150} INFO - [2026-03-14T09:17:38.220+0000] {dag.py:2742} INFO - Sync 1 DAGs
[2026-03-14T09:17:38.233+0000] {logging_mixin.py:150} INFO - [2026-03-14T09:17:38.233+0000] {dag.py:3504} INFO - Setting next_dagrun for example_short_circuit_operator to 2026-03-13T09:17:38.233520+00:00, run_after=2026-03-14T09:17:38.233520+00:00
[2026-03-14T09:17:38.248+0000] {processor.py:179} INFO - Processing /home/vscode/.local/lib/python3.10/site-packages/airflow/example_dags/example_short_circuit_operator.py took 0.051 seconds
[2026-03-14T09:18:23.746+0000] {processor.py:157} INFO - Started process (PID=12161) to work on /home/vscode/.local/lib/python3.10/site-packages/airflow/example_dags/example_short_circuit_operator.py
[2026-03-14T09:18:23.747+0000] {processor.py:826} INFO - Processing file /home/vscode/.local/lib/python3.10/site-packages/airflow/example_dags/example_short_circuit_operator.py for tasks to queue
[2026-03-14T09:18:23.747+0000] {logging_mixin.py:150} INFO - [2026-03-14T09:18:23.747+0000] {dagbag.py:541} INFO - Filling up the DagBag from /home/vscode/.local/lib/python3.10/site-packages/airflow/example_dags/example_short_circuit_operator.py
[2026-03-14T09:18:23.753+0000] {processor.py:836} INFO - DAG(s) dict_keys(['example_short_circuit_operator']) retrieved from /home/vscode/.local/lib/python3.10/site-packages/airflow/example_dags/example_short_circuit_operator.py
[2026-03-14T09:18:23.766+0000] {logging_mixin.py:150} INFO - [2026-03-14T09:18:23.766+0000] {dag.py:2742} INFO - Sync 1 DAGs
[2026-03-14T09:18:23.780+0000] {logging_mixin.py:150} INFO - [2026-03-14T09:18:23.780+0000] {dag.py:3504} INFO - Setting next_dagrun for example_short_circuit_operator to 2026-03-13T09:18:23.780152+00:00, run_after=2026-03-14T09:18:23.780152+00:00
[2026-03-14T09:18:23.797+0000] {processor.py:179} INFO - Processing /home/vscode/.local/lib/python3.10/site-packages/airflow/example_dags/example_short_circuit_operator.py took 0.052 seconds
[2026-03-14T09:19:07.405+0000] {processor.py:157} INFO - Started process (PID=12453) to work on /home/vscode/.local/lib/python3.10/site-packages/airflow/example_dags/example_short_circuit_operator.py
[2026-03-14T09:19:07.406+0000] {processor.py:826} INFO - Processing file /home/vscode/.local/lib/python3.10/site-packages/airflow/example_dags/example_short_circuit_operator.py for tasks to queue
[2026-03-14T09:19:07.407+0000] {logging_mixin.py:150} INFO - [2026-03-14T09:19:07.406+0000] {dagbag.py:541} INFO - Filling up the DagBag from /home/vscode/.local/lib/python3.10/site-packages/airflow/example_dags/example_short_circuit_operator.py
[2026-03-14T09:19:07.413+0000] {processor.py:836} INFO - DAG(s) dict_keys(['example_short_circuit_operator']) retrieved from /home/vscode/.local/lib/python3.10/site-packages/airflow/example_dags/example_short_circuit_operator.py
[2026-03-14T09:19:07.425+0000] {logging_mixin.py:150} INFO - [2026-03-14T09:19:07.425+0000] {dag.py:2742} INFO - Sync 1 DAGs
[2026-03-14T09:19:07.439+0000] {logging_mixin.py:150} INFO - [2026-03-14T09:19:07.439+0000] {dag.py:3504} INFO - Setting next_dagrun for example_short_circuit_operator to 2026-03-13T09:19:07.439010+00:00, run_after=2026-03-14T09:19:07.439010+00:00
[2026-03-14T09:19:07.454+0000] {processor.py:179} INFO - Processing /home/vscode/.local/lib/python3.10/site-packages/airflow/example_dags/example_short_circuit_operator.py took 0.051 seconds
[2026-03-14T09:19:48.543+0000] {processor.py:157} INFO - Started process (PID=12722) to work on /home/vscode/.local/lib/python3.10/site-packages/airflow/example_dags/example_short_circuit_operator.py
[2026-03-14T09:19:48.544+0000] {processor.py:826} INFO - Processing file /home/vscode/.local/lib/python3.10/site-packages/airflow/example_dags/example_short_circuit_operator.py for tasks to queue
[2026-03-14T09:19:48.544+0000] {logging_mixin.py:150} INFO - [2026-03-14T09:19:48.544+0000] {dagbag.py:541} INFO - Filling up the DagBag from /home/vscode/.local/lib/python3.10/site-packages/airflow/example_dags/example_short_circuit_operator.py
[2026-03-14T09:19:48.550+0000] {processor.py:836} INFO - DAG(s) dict_keys(['example_short_circuit_operator']) retrieved from /home/vscode/.local/lib/python3.10/site-packages/airflow/example_dags/example_short_circuit_operator.py
[2026-03-14T09:19:48.563+0000] {logging_mixin.py:150} INFO - [2026-03-14T09:19:48.563+0000] {dag.py:2742} INFO - Sync 1 DAGs
[2026-03-14T09:19:48.576+0000] {logging_mixin.py:150} INFO - [2026-03-14T09:19:48.576+0000] {dag.py:3504} INFO - Setting next_dagrun for example_short_circuit_operator to 2026-03-13T09:19:48.576311+00:00, run_after=2026-03-14T09:19:48.576311+00:00
[2026-03-14T09:19:48.592+0000] {processor.py:179} INFO - Processing /home/vscode/.local/lib/python3.10/site-packages/airflow/example_dags/example_short_circuit_operator.py took 0.051 seconds
[2026-03-14T09:20:34.375+0000] {processor.py:157} INFO - Started process (PID=13033) to work on /home/vscode/.local/lib/python3.10/site-packages/airflow/example_dags/example_short_circuit_operator.py
[2026-03-14T09:20:34.376+0000] {processor.py:826} INFO - Processing file /home/vscode/.local/lib/python3.10/site-packages/airflow/example_dags/example_short_circuit_operator.py for tasks to queue
[2026-03-14T09:20:34.376+0000] {logging_mixin.py:150} INFO - [2026-03-14T09:20:34.376+0000] {dagbag.py:541} INFO - Filling up the DagBag from /home/vscode/.local/lib/python3.10/site-packages/airflow/example_dags/example_short_circuit_operator.py
[2026-03-14T09:20:34.382+0000] {processor.py:836} INFO - DAG(s) dict_keys(['example_short_circuit_operator']) retrieved from /home/vscode/.local/lib/python3.10/site-packages/airflow/example_dags/example_short_circuit_operator.py
[2026-03-14T09:20:34.395+0000] {logging_mixin.py:150} INFO - [2026-03-14T09:20:34.395+0000] {dag.py:2742} INFO - Sync 1 DAGs
[2026-03-14T09:20:34.409+0000] {logging_mixin.py:150} INFO - [2026-03-14T09:20:34.408+0000] {dag.py:3504} INFO - Setting next_dagrun for example_short_circuit_operator to 2026-03-13T09:20:34.408799+00:00, run_after=2026-03-14T09:20:34.408799+00:00
[2026-03-14T09:20:34.425+0000] {processor.py:179} INFO - Processing /home/vscode/.local/lib/python3.10/site-packages/airflow/example_dags/example_short_circuit_operator.py took 0.052 seconds
[2026-03-14T09:21:22.333+0000] {processor.py:157} INFO - Started process (PID=13346) to work on /home/vscode/.local/lib/python3.10/site-packages/airflow/example_dags/example_short_circuit_operator.py
[2026-03-14T09:21:22.333+0000] {processor.py:826} INFO - Processing file /home/vscode/.local/lib/python3.10/site-packages/airflow/example_dags/example_short_circuit_operator.py for tasks to queue
[2026-03-14T09:21:22.334+0000] {logging_mixin.py:150} INFO - [2026-03-14T09:21:22.334+0000] {dagbag.py:541} INFO - Filling up the DagBag from /home/vscode/.local/lib/python3.10/site-packages/airflow/example_dags/example_short_circuit_operator.py
[2026-03-14T09:21:22.340+0000] {processor.py:836} INFO - DAG(s) dict_keys(['example_short_circuit_operator']) retrieved from /home/vscode/.local/lib/python3.10/site-packages/airflow/example_dags/example_short_circuit_operator.py
[2026-03-14T09:21:22.353+0000] {logging_mixin.py:150} INFO - [2026-03-14T09:21:22.352+0000] {dag.py:2742} INFO - Sync 1 DAGs
[2026-03-14T09:21:22.367+0000] {logging_mixin.py:150} INFO - [2026-03-14T09:21:22.366+0000] {dag.py:3504} INFO - Setting next_dagrun for example_short_circuit_operator to 2026-03-13T09:21:22.366765+00:00, run_after=2026-03-14T09:21:22.366765+00:00
[2026-03-14T09:21:22.385+0000] {processor.py:179} INFO - Processing /home/vscode/.local/lib/python3.10/site-packages/airflow/example_dags/example_short_circuit_operator.py took 0.054 seconds
[2026-03-14T09:22:07.402+0000] {processor.py:157} INFO - Started process (PID=13654) to work on /home/vscode/.local/lib/python3.10/site-packages/airflow/example_dags/example_short_circuit_operator.py
[2026-03-14T09:22:07.402+0000] {processor.py:826} INFO - Processing file /home/vscode/.local/lib/python3.10/site-packages/airflow/example_dags/example_short_circuit_operator.py for tasks to queue
[2026-03-14T09:22:07.403+0000] {logging_mixin.py:150} INFO - [2026-03-14T09:22:07.403+0000] {dagbag.py:541} INFO - Filling up the DagBag from /home/vscode/.local/lib/python3.10/site-packages/airflow/example_dags/example_short_circuit_operator.py
[2026-03-14T09:22:07.409+0000] {processor.py:836} INFO - DAG(s) dict_keys(['example_short_circuit_operator']) retrieved from /home/vscode/.local/lib/python3.10/site-packages/airflow/example_dags/example_short_circuit_operator.py
[2026-03-14T09:22:07.421+0000] {logging_mixin.py:150} INFO - [2026-03-14T09:22:07.421+0000] {dag.py:2742} INFO - Sync 1 DAGs
[2026-03-14T09:22:07.435+0000] {logging_mixin.py:150} INFO - [2026-03-14T09:22:07.435+0000] {dag.py:3504} INFO - Setting next_dagrun for example_short_circuit_operator to 2026-03-13T09:22:07.435028+00:00, run_after=2026-03-14T09:22:07.435028+00:00
[2026-03-14T09:22:07.450+0000] {processor.py:179} INFO - Processing /home/vscode/.local/lib/python3.10/site-packages/airflow/example_dags/example_short_circuit_operator.py took 0.050 seconds
[2026-03-14T09:22:50.594+0000] {processor.py:157} INFO - Started process (PID=13944) to work on /home/vscode/.local/lib/python3.10/site-packages/airflow/example_dags/example_short_circuit_operator.py
[2026-03-14T09:22:50.594+0000] {processor.py:826} INFO - Processing file /home/vscode/.local/lib/python3.10/site-packages/airflow/example_dags/example_short_circuit_operator.py for tasks to queue
[2026-03-14T09:22:50.595+0000] {logging_mixin.py:150} INFO - [2026-03-14T09:22:50.595+0000] {dagbag.py:541} INFO - Filling up the DagBag from /home/vscode/.local/lib/python3.10/site-packages/airflow/example_dags/example_short_circuit_operator.py
[2026-03-14T09:22:50.601+0000] {processor.py:836} INFO - DAG(s) dict_keys(['example_short_circuit_operator']) retrieved from /home/vscode/.local/lib/python3.10/site-packages/airflow/example_dags/example_short_circuit_operator.py
[2026-03-14T09:22:50.614+0000] {logging_mixin.py:150} INFO - [2026-03-14T09:22:50.614+0000] {dag.py:2742} INFO - Sync 1 DAGs
[2026-03-14T09:22:50.633+0000] {logging_mixin.py:150} INFO - [2026-03-14T09:22:50.633+0000] {dag.py:3504} INFO - Setting next_dagrun for example_short_circuit_operator to 2026-03-13T09:22:50.632752+00:00, run_after=2026-03-14T09:22:50.632752+00:00
[2026-03-14T09:22:50.648+0000] {processor.py:179} INFO - Processing /home/vscode/.local/lib/python3.10/site-packages/airflow/example_dags/example_short_circuit_operator.py took 0.056 seconds
[2026-03-14T09:23:34.564+0000] {processor.py:157} INFO - Started process (PID=14239) to work on /home/vscode/.local/lib/python3.10/site-packages/airflow/example_dags/example_short_circuit_operator.py
[2026-03-14T09:23:34.565+0000] {processor.py:826} INFO - Processing file /home/vscode/.local/lib/python3.10/site-packages/airflow/example_dags/example_short_circuit_operator.py for tasks to queue
[2026-03-14T09:23:34.565+0000] {logging_mixin.py:150} INFO - [2026-03-14T09:23:34.565+0000] {dagbag.py:541} INFO - Filling up the DagBag from /home/vscode/.local/lib/python3.10/site-packages/airflow/example_dags/example_short_circuit_operator.py
[2026-03-14T09:23:34.571+0000] {processor.py:836} INFO - DAG(s) dict_keys(['example_short_circuit_operator']) retrieved from /home/vscode/.local/lib/python3.10/site-packages/airflow/example_dags/example_short_circuit_operator.py
[2026-03-14T09:23:34.586+0000] {logging_mixin.py:150} INFO - [2026-03-14T09:23:34.586+0000] {dag.py:2742} INFO - Sync 1 DAGs
[2026-03-14T09:23:34.601+0000] {logging_mixin.py:150} INFO - [2026-03-14T09:23:34.601+0000] {dag.py:3504} INFO - Setting next_dagrun for example_short_circuit_operator to 2026-03-13T09:23:34.601529+00:00, run_after=2026-03-14T09:23:34.601529+00:00
[2026-03-14T09:23:34.621+0000] {processor.py:179} INFO - Processing /home/vscode/.local/lib/python3.10/site-packages/airflow/example_dags/example_short_circuit_operator.py took 0.059 seconds
[2026-03-14T09:24:22.526+0000] {processor.py:157} INFO - Started process (PID=14572) to work on /home/vscode/.local/lib/python3.10/site-packages/airflow/example_dags/example_short_circuit_operator.py
[2026-03-14T09:24:22.526+0000] {processor.py:826} INFO - Processing file /home/vscode/.local/lib/python3.10/site-packages/airflow/example_dags/example_short_circuit_operator.py for tasks to queue
[2026-03-14T09:24:22.527+0000] {logging_mixin.py:150} INFO - [2026-03-14T09:24:22.527+0000] {dagbag.py:541} INFO - Filling up the DagBag from /home/vscode/.local/lib/python3.10/site-packages/airflow/example_dags/example_short_circuit_operator.py
[2026-03-14T09:24:22.533+0000] {processor.py:836} INFO - DAG(s) dict_keys(['example_short_circuit_operator']) retrieved from /home/vscode/.local/lib/python3.10/site-packages/airflow/example_dags/example_short_circuit_operator.py
[2026-03-14T09:24:22.548+0000] {logging_mixin.py:150} INFO - [2026-03-14T09:24:22.548+0000] {dag.py:2742} INFO - Sync 1 DAGs
[2026-03-14T09:24:22.562+0000] {logging_mixin.py:150} INFO - [2026-03-14T09:24:22.562+0000] {dag.py:3504} INFO - Setting next_dagrun for example_short_circuit_operator to 2026-03-13T09:24:22.562272+00:00, run_after=2026-03-14T09:24:22.562272+00:00
[2026-03-14T09:24:22.579+0000] {processor.py:179} INFO - Processing /home/vscode/.local/lib/python3.10/site-packages/airflow/example_dags/example_short_circuit_operator.py took 0.055 seconds
