[2026-03-14T09:13:14.730+0000] {processor.py:157} INFO - Started process (PID=9883) to work on /home/vscode/.local/lib/python3.10/site-packages/airflow/example_dags/example_python_operator.py
[2026-03-14T09:13:14.731+0000] {processor.py:826} INFO - Processing file /home/vscode/.local/lib/python3.10/site-packages/airflow/example_dags/example_python_operator.py for tasks to queue
[2026-03-14T09:13:14.732+0000] {logging_mixin.py:150} INFO - [2026-03-14T09:13:14.731+0000] {dagbag.py:541} INFO - Filling up the DagBag from /home/vscode/.local/lib/python3.10/site-packages/airflow/example_dags/example_python_operator.py
[2026-03-14T09:13:14.744+0000] {processor.py:836} INFO - DAG(s) dict_keys(['example_python_operator']) retrieved from /home/vscode/.local/lib/python3.10/site-packages/airflow/example_dags/example_python_operator.py
[2026-03-14T09:13:14.826+0000] {logging_mixin.py:150} INFO - [2026-03-14T09:13:14.826+0000] {manager.py:504} INFO - Created Permission View: can delete on DAG:example_python_operator
[2026-03-14T09:13:14.836+0000] {logging_mixin.py:150} INFO - [2026-03-14T09:13:14.836+0000] {manager.py:504} INFO - Created Permission View: can edit on DAG:example_python_operator
[2026-03-14T09:13:14.845+0000] {logging_mixin.py:150} INFO - [2026-03-14T09:13:14.845+0000] {manager.py:504} INFO - Created Permission View: can read on DAG:example_python_operator
[2026-03-14T09:13:14.853+0000] {logging_mixin.py:150} INFO - [2026-03-14T09:13:14.853+0000] {dag.py:2742} INFO - Sync 1 DAGs
[2026-03-14T09:13:14.859+0000] {logging_mixin.py:150} INFO - [2026-03-14T09:13:14.859+0000] {dag.py:2763} INFO - Creating ORM DAG for example_python_operator
[2026-03-14T09:13:14.866+0000] {logging_mixin.py:150} INFO - [2026-03-14T09:13:14.866+0000] {dag.py:3504} INFO - Setting next_dagrun for example_python_operator to None, run_after=None
[2026-03-14T09:13:14.882+0000] {processor.py:179} INFO - Processing /home/vscode/.local/lib/python3.10/site-packages/airflow/example_dags/example_python_operator.py took 0.155 seconds
[2026-03-14T09:14:00.144+0000] {processor.py:157} INFO - Started process (PID=10192) to work on /home/vscode/.local/lib/python3.10/site-packages/airflow/example_dags/example_python_operator.py
[2026-03-14T09:14:00.145+0000] {processor.py:826} INFO - Processing file /home/vscode/.local/lib/python3.10/site-packages/airflow/example_dags/example_python_operator.py for tasks to queue
[2026-03-14T09:14:00.145+0000] {logging_mixin.py:150} INFO - [2026-03-14T09:14:00.145+0000] {dagbag.py:541} INFO - Filling up the DagBag from /home/vscode/.local/lib/python3.10/site-packages/airflow/example_dags/example_python_operator.py
[2026-03-14T09:14:00.153+0000] {processor.py:836} INFO - DAG(s) dict_keys(['example_python_operator']) retrieved from /home/vscode/.local/lib/python3.10/site-packages/airflow/example_dags/example_python_operator.py
[2026-03-14T09:14:00.167+0000] {logging_mixin.py:150} INFO - [2026-03-14T09:14:00.167+0000] {dag.py:2742} INFO - Sync 1 DAGs
[2026-03-14T09:14:00.181+0000] {logging_mixin.py:150} INFO - [2026-03-14T09:14:00.181+0000] {dag.py:3504} INFO - Setting next_dagrun for example_python_operator to None, run_after=None
[2026-03-14T09:14:00.197+0000] {processor.py:179} INFO - Processing /home/vscode/.local/lib/python3.10/site-packages/airflow/example_dags/example_python_operator.py took 0.055 seconds
[2026-03-14T09:14:49.010+0000] {processor.py:157} INFO - Started process (PID=10523) to work on /home/vscode/.local/lib/python3.10/site-packages/airflow/example_dags/example_python_operator.py
[2026-03-14T09:14:49.011+0000] {processor.py:826} INFO - Processing file /home/vscode/.local/lib/python3.10/site-packages/airflow/example_dags/example_python_operator.py for tasks to queue
[2026-03-14T09:14:49.012+0000] {logging_mixin.py:150} INFO - [2026-03-14T09:14:49.011+0000] {dagbag.py:541} INFO - Filling up the DagBag from /home/vscode/.local/lib/python3.10/site-packages/airflow/example_dags/example_python_operator.py
[2026-03-14T09:14:49.019+0000] {processor.py:836} INFO - DAG(s) dict_keys(['example_python_operator']) retrieved from /home/vscode/.local/lib/python3.10/site-packages/airflow/example_dags/example_python_operator.py
[2026-03-14T09:14:49.032+0000] {logging_mixin.py:150} INFO - [2026-03-14T09:14:49.032+0000] {dag.py:2742} INFO - Sync 1 DAGs
[2026-03-14T09:14:49.046+0000] {logging_mixin.py:150} INFO - [2026-03-14T09:14:49.046+0000] {dag.py:3504} INFO - Setting next_dagrun for example_python_operator to None, run_after=None
[2026-03-14T09:14:49.062+0000] {processor.py:179} INFO - Processing /home/vscode/.local/lib/python3.10/site-packages/airflow/example_dags/example_python_operator.py took 0.054 seconds
[2026-03-14T09:15:35.419+0000] {processor.py:157} INFO - Started process (PID=10850) to work on /home/vscode/.local/lib/python3.10/site-packages/airflow/example_dags/example_python_operator.py
[2026-03-14T09:15:35.419+0000] {processor.py:826} INFO - Processing file /home/vscode/.local/lib/python3.10/site-packages/airflow/example_dags/example_python_operator.py for tasks to queue
[2026-03-14T09:15:35.420+0000] {logging_mixin.py:150} INFO - [2026-03-14T09:15:35.420+0000] {dagbag.py:541} INFO - Filling up the DagBag from /home/vscode/.local/lib/python3.10/site-packages/airflow/example_dags/example_python_operator.py
[2026-03-14T09:15:35.429+0000] {processor.py:836} INFO - DAG(s) dict_keys(['example_python_operator']) retrieved from /home/vscode/.local/lib/python3.10/site-packages/airflow/example_dags/example_python_operator.py
[2026-03-14T09:15:35.442+0000] {logging_mixin.py:150} INFO - [2026-03-14T09:15:35.442+0000] {dag.py:2742} INFO - Sync 1 DAGs
[2026-03-14T09:15:35.457+0000] {logging_mixin.py:150} INFO - [2026-03-14T09:15:35.457+0000] {dag.py:3504} INFO - Setting next_dagrun for example_python_operator to None, run_after=None
[2026-03-14T09:15:35.474+0000] {processor.py:179} INFO - Processing /home/vscode/.local/lib/python3.10/site-packages/airflow/example_dags/example_python_operator.py took 0.057 seconds
[2026-03-14T09:16:22.868+0000] {processor.py:157} INFO - Started process (PID=11250) to work on /home/vscode/.local/lib/python3.10/site-packages/airflow/example_dags/example_python_operator.py
[2026-03-14T09:16:22.869+0000] {processor.py:826} INFO - Processing file /home/vscode/.local/lib/python3.10/site-packages/airflow/example_dags/example_python_operator.py for tasks to queue
[2026-03-14T09:16:22.869+0000] {logging_mixin.py:150} INFO - [2026-03-14T09:16:22.869+0000] {dagbag.py:541} INFO - Filling up the DagBag from /home/vscode/.local/lib/python3.10/site-packages/airflow/example_dags/example_python_operator.py
[2026-03-14T09:16:22.877+0000] {processor.py:836} INFO - DAG(s) dict_keys(['example_python_operator']) retrieved from /home/vscode/.local/lib/python3.10/site-packages/airflow/example_dags/example_python_operator.py
[2026-03-14T09:16:22.890+0000] {logging_mixin.py:150} INFO - [2026-03-14T09:16:22.890+0000] {dag.py:2742} INFO - Sync 1 DAGs
[2026-03-14T09:16:22.904+0000] {logging_mixin.py:150} INFO - [2026-03-14T09:16:22.904+0000] {dag.py:3504} INFO - Setting next_dagrun for example_python_operator to None, run_after=None
[2026-03-14T09:16:22.918+0000] {processor.py:179} INFO - Processing /home/vscode/.local/lib/python3.10/site-packages/airflow/example_dags/example_python_operator.py took 0.052 seconds
[2026-03-14T09:17:06.249+0000] {processor.py:157} INFO - Started process (PID=11544) to work on /home/vscode/.local/lib/python3.10/site-packages/airflow/example_dags/example_python_operator.py
[2026-03-14T09:17:06.250+0000] {processor.py:826} INFO - Processing file /home/vscode/.local/lib/python3.10/site-packages/airflow/example_dags/example_python_operator.py for tasks to queue
[2026-03-14T09:17:06.250+0000] {logging_mixin.py:150} INFO - [2026-03-14T09:17:06.250+0000] {dagbag.py:541} INFO - Filling up the DagBag from /home/vscode/.local/lib/python3.10/site-packages/airflow/example_dags/example_python_operator.py
[2026-03-14T09:17:06.258+0000] {processor.py:836} INFO - DAG(s) dict_keys(['example_python_operator']) retrieved from /home/vscode/.local/lib/python3.10/site-packages/airflow/example_dags/example_python_operator.py
[2026-03-14T09:17:06.275+0000] {logging_mixin.py:150} INFO - [2026-03-14T09:17:06.275+0000] {dag.py:2742} INFO - Sync 1 DAGs
[2026-03-14T09:17:06.324+0000] {logging_mixin.py:150} INFO - [2026-03-14T09:17:06.323+0000] {dag.py:3504} INFO - Setting next_dagrun for example_python_operator to None, run_after=None
[2026-03-14T09:17:06.359+0000] {processor.py:179} INFO - Processing /home/vscode/.local/lib/python3.10/site-packages/airflow/example_dags/example_python_operator.py took 0.112 seconds
[2026-03-14T09:17:50.992+0000] {processor.py:157} INFO - Started process (PID=11872) to work on /home/vscode/.local/lib/python3.10/site-packages/airflow/example_dags/example_python_operator.py
[2026-03-14T09:17:50.993+0000] {processor.py:826} INFO - Processing file /home/vscode/.local/lib/python3.10/site-packages/airflow/example_dags/example_python_operator.py for tasks to queue
[2026-03-14T09:17:50.994+0000] {logging_mixin.py:150} INFO - [2026-03-14T09:17:50.993+0000] {dagbag.py:541} INFO - Filling up the DagBag from /home/vscode/.local/lib/python3.10/site-packages/airflow/example_dags/example_python_operator.py
[2026-03-14T09:17:51.001+0000] {processor.py:836} INFO - DAG(s) dict_keys(['example_python_operator']) retrieved from /home/vscode/.local/lib/python3.10/site-packages/airflow/example_dags/example_python_operator.py
[2026-03-14T09:17:51.016+0000] {logging_mixin.py:150} INFO - [2026-03-14T09:17:51.016+0000] {dag.py:2742} INFO - Sync 1 DAGs
[2026-03-14T09:17:51.030+0000] {logging_mixin.py:150} INFO - [2026-03-14T09:17:51.030+0000] {dag.py:3504} INFO - Setting next_dagrun for example_python_operator to None, run_after=None
[2026-03-14T09:17:51.044+0000] {processor.py:179} INFO - Processing /home/vscode/.local/lib/python3.10/site-packages/airflow/example_dags/example_python_operator.py took 0.054 seconds
[2026-03-14T09:18:36.650+0000] {processor.py:157} INFO - Started process (PID=12252) to work on /home/vscode/.local/lib/python3.10/site-packages/airflow/example_dags/example_python_operator.py
[2026-03-14T09:18:36.650+0000] {processor.py:826} INFO - Processing file /home/vscode/.local/lib/python3.10/site-packages/airflow/example_dags/example_python_operator.py for tasks to queue
[2026-03-14T09:18:36.651+0000] {logging_mixin.py:150} INFO - [2026-03-14T09:18:36.651+0000] {dagbag.py:541} INFO - Filling up the DagBag from /home/vscode/.local/lib/python3.10/site-packages/airflow/example_dags/example_python_operator.py
[2026-03-14T09:18:36.659+0000] {processor.py:836} INFO - DAG(s) dict_keys(['example_python_operator']) retrieved from /home/vscode/.local/lib/python3.10/site-packages/airflow/example_dags/example_python_operator.py
[2026-03-14T09:18:36.672+0000] {logging_mixin.py:150} INFO - [2026-03-14T09:18:36.672+0000] {dag.py:2742} INFO - Sync 1 DAGs
[2026-03-14T09:18:36.686+0000] {logging_mixin.py:150} INFO - [2026-03-14T09:18:36.686+0000] {dag.py:3504} INFO - Setting next_dagrun for example_python_operator to None, run_after=None
[2026-03-14T09:18:36.701+0000] {processor.py:179} INFO - Processing /home/vscode/.local/lib/python3.10/site-packages/airflow/example_dags/example_python_operator.py took 0.054 seconds
[2026-03-14T09:19:19.725+0000] {processor.py:157} INFO - Started process (PID=12532) to work on /home/vscode/.local/lib/python3.10/site-packages/airflow/example_dags/example_python_operator.py
[2026-03-14T09:19:19.726+0000] {processor.py:826} INFO - Processing file /home/vscode/.local/lib/python3.10/site-packages/airflow/example_dags/example_python_operator.py for tasks to queue
[2026-03-14T09:19:19.726+0000] {logging_mixin.py:150} INFO - [2026-03-14T09:19:19.726+0000] {dagbag.py:541} INFO - Filling up the DagBag from /home/vscode/.local/lib/python3.10/site-packages/airflow/example_dags/example_python_operator.py
[2026-03-14T09:19:19.735+0000] {processor.py:836} INFO - DAG(s) dict_keys(['example_python_operator']) retrieved from /home/vscode/.local/lib/python3.10/site-packages/airflow/example_dags/example_python_operator.py
[2026-03-14T09:19:19.749+0000] {logging_mixin.py:150} INFO - [2026-03-14T09:19:19.749+0000] {dag.py:2742} INFO - Sync 1 DAGs
[2026-03-14T09:19:19.762+0000] {logging_mixin.py:150} INFO - [2026-03-14T09:19:19.762+0000] {dag.py:3504} INFO - Setting next_dagrun for example_python_operator to None, run_after=None
[2026-03-14T09:19:19.777+0000] {processor.py:179} INFO - Processing /home/vscode/.local/lib/python3.10/site-packages/airflow/example_dags/example_python_operator.py took 0.054 seconds
[2026-03-14T09:20:02.856+0000] {processor.py:157} INFO - Started process (PID=12823) to work on /home/vscode/.local/lib/python3.10/site-packages/airflow/example_dags/example_python_operator.py
[2026-03-14T09:20:02.856+0000] {processor.py:826} INFO - Processing file /home/vscode/.local/lib/python3.10/site-packages/airflow/example_dags/example_python_operator.py for tasks to queue
[2026-03-14T09:20:02.857+0000] {logging_mixin.py:150} INFO - [2026-03-14T09:20:02.857+0000] {dagbag.py:541} INFO - Filling up the DagBag from /home/vscode/.local/lib/python3.10/site-packages/airflow/example_dags/example_python_operator.py
[2026-03-14T09:20:02.865+0000] {processor.py:836} INFO - DAG(s) dict_keys(['example_python_operator']) retrieved from /home/vscode/.local/lib/python3.10/site-packages/airflow/example_dags/example_python_operator.py
[2026-03-14T09:20:02.878+0000] {logging_mixin.py:150} INFO - [2026-03-14T09:20:02.878+0000] {dag.py:2742} INFO - Sync 1 DAGs
[2026-03-14T09:20:02.897+0000] {logging_mixin.py:150} INFO - [2026-03-14T09:20:02.897+0000] {dag.py:3504} INFO - Setting next_dagrun for example_python_operator to None, run_after=None
[2026-03-14T09:20:02.912+0000] {processor.py:179} INFO - Processing /home/vscode/.local/lib/python3.10/site-packages/airflow/example_dags/example_python_operator.py took 0.058 seconds
[2026-03-14T09:20:52.754+0000] {processor.py:157} INFO - Started process (PID=13153) to work on /home/vscode/.local/lib/python3.10/site-packages/airflow/example_dags/example_python_operator.py
[2026-03-14T09:20:52.755+0000] {processor.py:826} INFO - Processing file /home/vscode/.local/lib/python3.10/site-packages/airflow/example_dags/example_python_operator.py for tasks to queue
[2026-03-14T09:20:52.755+0000] {logging_mixin.py:150} INFO - [2026-03-14T09:20:52.755+0000] {dagbag.py:541} INFO - Filling up the DagBag from /home/vscode/.local/lib/python3.10/site-packages/airflow/example_dags/example_python_operator.py
[2026-03-14T09:20:52.763+0000] {processor.py:836} INFO - DAG(s) dict_keys(['example_python_operator']) retrieved from /home/vscode/.local/lib/python3.10/site-packages/airflow/example_dags/example_python_operator.py
[2026-03-14T09:20:52.776+0000] {logging_mixin.py:150} INFO - [2026-03-14T09:20:52.776+0000] {dag.py:2742} INFO - Sync 1 DAGs
[2026-03-14T09:20:52.791+0000] {logging_mixin.py:150} INFO - [2026-03-14T09:20:52.790+0000] {dag.py:3504} INFO - Setting next_dagrun for example_python_operator to None, run_after=None
[2026-03-14T09:20:52.805+0000] {processor.py:179} INFO - Processing /home/vscode/.local/lib/python3.10/site-packages/airflow/example_dags/example_python_operator.py took 0.053 seconds
[2026-03-14T09:21:40.185+0000] {processor.py:157} INFO - Started process (PID=13472) to work on /home/vscode/.local/lib/python3.10/site-packages/airflow/example_dags/example_python_operator.py
[2026-03-14T09:21:40.185+0000] {processor.py:826} INFO - Processing file /home/vscode/.local/lib/python3.10/site-packages/airflow/example_dags/example_python_operator.py for tasks to queue
[2026-03-14T09:21:40.186+0000] {logging_mixin.py:150} INFO - [2026-03-14T09:21:40.186+0000] {dagbag.py:541} INFO - Filling up the DagBag from /home/vscode/.local/lib/python3.10/site-packages/airflow/example_dags/example_python_operator.py
[2026-03-14T09:21:40.193+0000] {processor.py:836} INFO - DAG(s) dict_keys(['example_python_operator']) retrieved from /home/vscode/.local/lib/python3.10/site-packages/airflow/example_dags/example_python_operator.py
[2026-03-14T09:21:40.207+0000] {logging_mixin.py:150} INFO - [2026-03-14T09:21:40.207+0000] {dag.py:2742} INFO - Sync 1 DAGs
[2026-03-14T09:21:40.220+0000] {logging_mixin.py:150} INFO - [2026-03-14T09:21:40.220+0000] {dag.py:3504} INFO - Setting next_dagrun for example_python_operator to None, run_after=None
[2026-03-14T09:21:40.236+0000] {processor.py:179} INFO - Processing /home/vscode/.local/lib/python3.10/site-packages/airflow/example_dags/example_python_operator.py took 0.053 seconds
[2026-03-14T09:22:24.986+0000] {processor.py:157} INFO - Started process (PID=13760) to work on /home/vscode/.local/lib/python3.10/site-packages/airflow/example_dags/example_python_operator.py
[2026-03-14T09:22:24.986+0000] {processor.py:826} INFO - Processing file /home/vscode/.local/lib/python3.10/site-packages/airflow/example_dags/example_python_operator.py for tasks to queue
[2026-03-14T09:22:24.987+0000] {logging_mixin.py:150} INFO - [2026-03-14T09:22:24.987+0000] {dagbag.py:541} INFO - Filling up the DagBag from /home/vscode/.local/lib/python3.10/site-packages/airflow/example_dags/example_python_operator.py
[2026-03-14T09:22:24.994+0000] {processor.py:836} INFO - DAG(s) dict_keys(['example_python_operator']) retrieved from /home/vscode/.local/lib/python3.10/site-packages/airflow/example_dags/example_python_operator.py
[2026-03-14T09:22:25.008+0000] {logging_mixin.py:150} INFO - [2026-03-14T09:22:25.008+0000] {dag.py:2742} INFO - Sync 1 DAGs
[2026-03-14T09:22:25.021+0000] {logging_mixin.py:150} INFO - [2026-03-14T09:22:25.021+0000] {dag.py:3504} INFO - Setting next_dagrun for example_python_operator to None, run_after=None
[2026-03-14T09:22:25.036+0000] {processor.py:179} INFO - Processing /home/vscode/.local/lib/python3.10/site-packages/airflow/example_dags/example_python_operator.py took 0.052 seconds
[2026-03-14T09:23:09.132+0000] {processor.py:157} INFO - Started process (PID=14069) to work on /home/vscode/.local/lib/python3.10/site-packages/airflow/example_dags/example_python_operator.py
[2026-03-14T09:23:09.132+0000] {processor.py:826} INFO - Processing file /home/vscode/.local/lib/python3.10/site-packages/airflow/example_dags/example_python_operator.py for tasks to queue
[2026-03-14T09:23:09.133+0000] {logging_mixin.py:150} INFO - [2026-03-14T09:23:09.133+0000] {dagbag.py:541} INFO - Filling up the DagBag from /home/vscode/.local/lib/python3.10/site-packages/airflow/example_dags/example_python_operator.py
[2026-03-14T09:23:09.140+0000] {processor.py:836} INFO - DAG(s) dict_keys(['example_python_operator']) retrieved from /home/vscode/.local/lib/python3.10/site-packages/airflow/example_dags/example_python_operator.py
[2026-03-14T09:23:09.154+0000] {logging_mixin.py:150} INFO - [2026-03-14T09:23:09.154+0000] {dag.py:2742} INFO - Sync 1 DAGs
[2026-03-14T09:23:09.169+0000] {logging_mixin.py:150} INFO - [2026-03-14T09:23:09.169+0000] {dag.py:3504} INFO - Setting next_dagrun for example_python_operator to None, run_after=None
[2026-03-14T09:23:09.187+0000] {processor.py:179} INFO - Processing /home/vscode/.local/lib/python3.10/site-packages/airflow/example_dags/example_python_operator.py took 0.057 seconds
[2026-03-14T09:23:57.427+0000] {processor.py:157} INFO - Started process (PID=14408) to work on /home/vscode/.local/lib/python3.10/site-packages/airflow/example_dags/example_python_operator.py
[2026-03-14T09:23:57.428+0000] {processor.py:826} INFO - Processing file /home/vscode/.local/lib/python3.10/site-packages/airflow/example_dags/example_python_operator.py for tasks to queue
[2026-03-14T09:23:57.428+0000] {logging_mixin.py:150} INFO - [2026-03-14T09:23:57.428+0000] {dagbag.py:541} INFO - Filling up the DagBag from /home/vscode/.local/lib/python3.10/site-packages/airflow/example_dags/example_python_operator.py
[2026-03-14T09:23:57.437+0000] {processor.py:836} INFO - DAG(s) dict_keys(['example_python_operator']) retrieved from /home/vscode/.local/lib/python3.10/site-packages/airflow/example_dags/example_python_operator.py
[2026-03-14T09:23:57.452+0000] {logging_mixin.py:150} INFO - [2026-03-14T09:23:57.452+0000] {dag.py:2742} INFO - Sync 1 DAGs
[2026-03-14T09:23:57.466+0000] {logging_mixin.py:150} INFO - [2026-03-14T09:23:57.466+0000] {dag.py:3504} INFO - Setting next_dagrun for example_python_operator to None, run_after=None
[2026-03-14T09:23:57.481+0000] {processor.py:179} INFO - Processing /home/vscode/.local/lib/python3.10/site-packages/airflow/example_dags/example_python_operator.py took 0.057 seconds
[2026-03-14T10:12:09.080+0000] {processor.py:157} INFO - Started process (PID=35018) to work on /home/vscode/.local/lib/python3.10/site-packages/airflow/example_dags/example_python_operator.py
[2026-03-14T10:12:09.081+0000] {processor.py:826} INFO - Processing file /home/vscode/.local/lib/python3.10/site-packages/airflow/example_dags/example_python_operator.py for tasks to queue
[2026-03-14T10:12:09.082+0000] {logging_mixin.py:150} INFO - [2026-03-14T10:12:09.082+0000] {dagbag.py:541} INFO - Filling up the DagBag from /home/vscode/.local/lib/python3.10/site-packages/airflow/example_dags/example_python_operator.py
[2026-03-14T10:12:09.090+0000] {processor.py:836} INFO - DAG(s) dict_keys(['example_python_operator']) retrieved from /home/vscode/.local/lib/python3.10/site-packages/airflow/example_dags/example_python_operator.py
[2026-03-14T10:12:09.177+0000] {logging_mixin.py:150} INFO - [2026-03-14T10:12:09.177+0000] {dag.py:2742} INFO - Sync 1 DAGs
[2026-03-14T10:12:09.192+0000] {logging_mixin.py:150} INFO - [2026-03-14T10:12:09.192+0000] {dag.py:3504} INFO - Setting next_dagrun for example_python_operator to None, run_after=None
[2026-03-14T10:12:09.208+0000] {processor.py:179} INFO - Processing /home/vscode/.local/lib/python3.10/site-packages/airflow/example_dags/example_python_operator.py took 0.131 seconds
[2026-03-14T10:12:56.850+0000] {processor.py:157} INFO - Started process (PID=35368) to work on /home/vscode/.local/lib/python3.10/site-packages/airflow/example_dags/example_python_operator.py
[2026-03-14T10:12:56.851+0000] {processor.py:826} INFO - Processing file /home/vscode/.local/lib/python3.10/site-packages/airflow/example_dags/example_python_operator.py for tasks to queue
[2026-03-14T10:12:56.852+0000] {logging_mixin.py:150} INFO - [2026-03-14T10:12:56.851+0000] {dagbag.py:541} INFO - Filling up the DagBag from /home/vscode/.local/lib/python3.10/site-packages/airflow/example_dags/example_python_operator.py
[2026-03-14T10:12:56.863+0000] {processor.py:836} INFO - DAG(s) dict_keys(['example_python_operator']) retrieved from /home/vscode/.local/lib/python3.10/site-packages/airflow/example_dags/example_python_operator.py
[2026-03-14T10:12:56.879+0000] {logging_mixin.py:150} INFO - [2026-03-14T10:12:56.879+0000] {dag.py:2742} INFO - Sync 1 DAGs
[2026-03-14T10:12:56.893+0000] {logging_mixin.py:150} INFO - [2026-03-14T10:12:56.893+0000] {dag.py:3504} INFO - Setting next_dagrun for example_python_operator to None, run_after=None
[2026-03-14T10:12:56.909+0000] {processor.py:179} INFO - Processing /home/vscode/.local/lib/python3.10/site-packages/airflow/example_dags/example_python_operator.py took 0.061 seconds
[2026-03-14T10:13:50.615+0000] {processor.py:157} INFO - Started process (PID=35748) to work on /home/vscode/.local/lib/python3.10/site-packages/airflow/example_dags/example_python_operator.py
[2026-03-14T10:13:50.616+0000] {processor.py:826} INFO - Processing file /home/vscode/.local/lib/python3.10/site-packages/airflow/example_dags/example_python_operator.py for tasks to queue
[2026-03-14T10:13:50.616+0000] {logging_mixin.py:150} INFO - [2026-03-14T10:13:50.616+0000] {dagbag.py:541} INFO - Filling up the DagBag from /home/vscode/.local/lib/python3.10/site-packages/airflow/example_dags/example_python_operator.py
[2026-03-14T10:13:50.624+0000] {processor.py:836} INFO - DAG(s) dict_keys(['example_python_operator']) retrieved from /home/vscode/.local/lib/python3.10/site-packages/airflow/example_dags/example_python_operator.py
[2026-03-14T10:13:50.638+0000] {logging_mixin.py:150} INFO - [2026-03-14T10:13:50.638+0000] {dag.py:2742} INFO - Sync 1 DAGs
[2026-03-14T10:13:50.651+0000] {logging_mixin.py:150} INFO - [2026-03-14T10:13:50.651+0000] {dag.py:3504} INFO - Setting next_dagrun for example_python_operator to None, run_after=None
[2026-03-14T10:13:50.671+0000] {processor.py:179} INFO - Processing /home/vscode/.local/lib/python3.10/site-packages/airflow/example_dags/example_python_operator.py took 0.058 seconds
[2026-03-14T10:14:41.705+0000] {processor.py:157} INFO - Started process (PID=36175) to work on /home/vscode/.local/lib/python3.10/site-packages/airflow/example_dags/example_python_operator.py
[2026-03-14T10:14:41.706+0000] {processor.py:826} INFO - Processing file /home/vscode/.local/lib/python3.10/site-packages/airflow/example_dags/example_python_operator.py for tasks to queue
[2026-03-14T10:14:41.706+0000] {logging_mixin.py:150} INFO - [2026-03-14T10:14:41.706+0000] {dagbag.py:541} INFO - Filling up the DagBag from /home/vscode/.local/lib/python3.10/site-packages/airflow/example_dags/example_python_operator.py
[2026-03-14T10:14:41.715+0000] {processor.py:836} INFO - DAG(s) dict_keys(['example_python_operator']) retrieved from /home/vscode/.local/lib/python3.10/site-packages/airflow/example_dags/example_python_operator.py
[2026-03-14T10:14:41.729+0000] {logging_mixin.py:150} INFO - [2026-03-14T10:14:41.728+0000] {dag.py:2742} INFO - Sync 1 DAGs
[2026-03-14T10:14:41.742+0000] {logging_mixin.py:150} INFO - [2026-03-14T10:14:41.742+0000] {dag.py:3504} INFO - Setting next_dagrun for example_python_operator to None, run_after=None
[2026-03-14T10:14:41.761+0000] {processor.py:179} INFO - Processing /home/vscode/.local/lib/python3.10/site-packages/airflow/example_dags/example_python_operator.py took 0.058 seconds
[2026-03-14T10:15:43.606+0000] {processor.py:157} INFO - Started process (PID=36631) to work on /home/vscode/.local/lib/python3.10/site-packages/airflow/example_dags/example_python_operator.py
[2026-03-14T10:15:43.609+0000] {processor.py:826} INFO - Processing file /home/vscode/.local/lib/python3.10/site-packages/airflow/example_dags/example_python_operator.py for tasks to queue
[2026-03-14T10:15:43.611+0000] {logging_mixin.py:150} INFO - [2026-03-14T10:15:43.611+0000] {dagbag.py:541} INFO - Filling up the DagBag from /home/vscode/.local/lib/python3.10/site-packages/airflow/example_dags/example_python_operator.py
[2026-03-14T10:15:43.639+0000] {processor.py:836} INFO - DAG(s) dict_keys(['example_python_operator']) retrieved from /home/vscode/.local/lib/python3.10/site-packages/airflow/example_dags/example_python_operator.py
[2026-03-14T10:15:43.676+0000] {logging_mixin.py:150} INFO - [2026-03-14T10:15:43.676+0000] {dag.py:2742} INFO - Sync 1 DAGs
[2026-03-14T10:15:43.698+0000] {logging_mixin.py:150} INFO - [2026-03-14T10:15:43.698+0000] {dag.py:3504} INFO - Setting next_dagrun for example_python_operator to None, run_after=None
[2026-03-14T10:15:43.717+0000] {processor.py:179} INFO - Processing /home/vscode/.local/lib/python3.10/site-packages/airflow/example_dags/example_python_operator.py took 0.119 seconds
[2026-03-14T10:16:33.562+0000] {processor.py:157} INFO - Started process (PID=37046) to work on /home/vscode/.local/lib/python3.10/site-packages/airflow/example_dags/example_python_operator.py
[2026-03-14T10:16:33.563+0000] {processor.py:826} INFO - Processing file /home/vscode/.local/lib/python3.10/site-packages/airflow/example_dags/example_python_operator.py for tasks to queue
[2026-03-14T10:16:33.564+0000] {logging_mixin.py:150} INFO - [2026-03-14T10:16:33.564+0000] {dagbag.py:541} INFO - Filling up the DagBag from /home/vscode/.local/lib/python3.10/site-packages/airflow/example_dags/example_python_operator.py
[2026-03-14T10:16:33.576+0000] {processor.py:836} INFO - DAG(s) dict_keys(['example_python_operator']) retrieved from /home/vscode/.local/lib/python3.10/site-packages/airflow/example_dags/example_python_operator.py
[2026-03-14T10:16:33.592+0000] {logging_mixin.py:150} INFO - [2026-03-14T10:16:33.592+0000] {dag.py:2742} INFO - Sync 1 DAGs
[2026-03-14T10:16:33.606+0000] {logging_mixin.py:150} INFO - [2026-03-14T10:16:33.606+0000] {dag.py:3504} INFO - Setting next_dagrun for example_python_operator to None, run_after=None
[2026-03-14T10:16:33.622+0000] {processor.py:179} INFO - Processing /home/vscode/.local/lib/python3.10/site-packages/airflow/example_dags/example_python_operator.py took 0.062 seconds
[2026-03-14T10:17:45.331+0000] {processor.py:157} INFO - Started process (PID=37690) to work on /home/vscode/.local/lib/python3.10/site-packages/airflow/example_dags/example_python_operator.py
[2026-03-14T10:17:45.332+0000] {processor.py:826} INFO - Processing file /home/vscode/.local/lib/python3.10/site-packages/airflow/example_dags/example_python_operator.py for tasks to queue
[2026-03-14T10:17:45.333+0000] {logging_mixin.py:150} INFO - [2026-03-14T10:17:45.332+0000] {dagbag.py:541} INFO - Filling up the DagBag from /home/vscode/.local/lib/python3.10/site-packages/airflow/example_dags/example_python_operator.py
[2026-03-14T10:17:45.340+0000] {processor.py:836} INFO - DAG(s) dict_keys(['example_python_operator']) retrieved from /home/vscode/.local/lib/python3.10/site-packages/airflow/example_dags/example_python_operator.py
[2026-03-14T10:17:45.359+0000] {logging_mixin.py:150} INFO - [2026-03-14T10:17:45.359+0000] {dag.py:2742} INFO - Sync 1 DAGs
[2026-03-14T10:17:45.384+0000] {logging_mixin.py:150} INFO - [2026-03-14T10:17:45.384+0000] {dag.py:3504} INFO - Setting next_dagrun for example_python_operator to None, run_after=None
[2026-03-14T10:17:45.399+0000] {processor.py:179} INFO - Processing /home/vscode/.local/lib/python3.10/site-packages/airflow/example_dags/example_python_operator.py took 0.070 seconds
[2026-03-14T10:18:49.975+0000] {processor.py:157} INFO - Started process (PID=38150) to work on /home/vscode/.local/lib/python3.10/site-packages/airflow/example_dags/example_python_operator.py
[2026-03-14T10:18:49.976+0000] {processor.py:826} INFO - Processing file /home/vscode/.local/lib/python3.10/site-packages/airflow/example_dags/example_python_operator.py for tasks to queue
[2026-03-14T10:18:49.977+0000] {logging_mixin.py:150} INFO - [2026-03-14T10:18:49.976+0000] {dagbag.py:541} INFO - Filling up the DagBag from /home/vscode/.local/lib/python3.10/site-packages/airflow/example_dags/example_python_operator.py
[2026-03-14T10:18:49.985+0000] {processor.py:836} INFO - DAG(s) dict_keys(['example_python_operator']) retrieved from /home/vscode/.local/lib/python3.10/site-packages/airflow/example_dags/example_python_operator.py
[2026-03-14T10:18:49.999+0000] {logging_mixin.py:150} INFO - [2026-03-14T10:18:49.999+0000] {dag.py:2742} INFO - Sync 1 DAGs
[2026-03-14T10:18:50.014+0000] {logging_mixin.py:150} INFO - [2026-03-14T10:18:50.014+0000] {dag.py:3504} INFO - Setting next_dagrun for example_python_operator to None, run_after=None
[2026-03-14T10:18:50.029+0000] {processor.py:179} INFO - Processing /home/vscode/.local/lib/python3.10/site-packages/airflow/example_dags/example_python_operator.py took 0.056 seconds
[2026-03-14T10:19:48.310+0000] {processor.py:157} INFO - Started process (PID=38522) to work on /home/vscode/.local/lib/python3.10/site-packages/airflow/example_dags/example_python_operator.py
[2026-03-14T10:19:48.310+0000] {processor.py:826} INFO - Processing file /home/vscode/.local/lib/python3.10/site-packages/airflow/example_dags/example_python_operator.py for tasks to queue
[2026-03-14T10:19:48.311+0000] {logging_mixin.py:150} INFO - [2026-03-14T10:19:48.311+0000] {dagbag.py:541} INFO - Filling up the DagBag from /home/vscode/.local/lib/python3.10/site-packages/airflow/example_dags/example_python_operator.py
[2026-03-14T10:19:48.319+0000] {processor.py:836} INFO - DAG(s) dict_keys(['example_python_operator']) retrieved from /home/vscode/.local/lib/python3.10/site-packages/airflow/example_dags/example_python_operator.py
[2026-03-14T10:19:48.333+0000] {logging_mixin.py:150} INFO - [2026-03-14T10:19:48.333+0000] {dag.py:2742} INFO - Sync 1 DAGs
[2026-03-14T10:19:48.356+0000] {logging_mixin.py:150} INFO - [2026-03-14T10:19:48.356+0000] {dag.py:3504} INFO - Setting next_dagrun for example_python_operator to None, run_after=None
[2026-03-14T10:19:48.389+0000] {processor.py:179} INFO - Processing /home/vscode/.local/lib/python3.10/site-packages/airflow/example_dags/example_python_operator.py took 0.082 seconds
[2026-03-14T10:20:41.532+0000] {processor.py:157} INFO - Started process (PID=38871) to work on /home/vscode/.local/lib/python3.10/site-packages/airflow/example_dags/example_python_operator.py
[2026-03-14T10:20:41.533+0000] {processor.py:826} INFO - Processing file /home/vscode/.local/lib/python3.10/site-packages/airflow/example_dags/example_python_operator.py for tasks to queue
[2026-03-14T10:20:41.533+0000] {logging_mixin.py:150} INFO - [2026-03-14T10:20:41.533+0000] {dagbag.py:541} INFO - Filling up the DagBag from /home/vscode/.local/lib/python3.10/site-packages/airflow/example_dags/example_python_operator.py
[2026-03-14T10:20:41.541+0000] {processor.py:836} INFO - DAG(s) dict_keys(['example_python_operator']) retrieved from /home/vscode/.local/lib/python3.10/site-packages/airflow/example_dags/example_python_operator.py
[2026-03-14T10:20:41.558+0000] {logging_mixin.py:150} INFO - [2026-03-14T10:20:41.558+0000] {dag.py:2742} INFO - Sync 1 DAGs
[2026-03-14T10:20:41.575+0000] {logging_mixin.py:150} INFO - [2026-03-14T10:20:41.575+0000] {dag.py:3504} INFO - Setting next_dagrun for example_python_operator to None, run_after=None
[2026-03-14T10:20:41.591+0000] {processor.py:179} INFO - Processing /home/vscode/.local/lib/python3.10/site-packages/airflow/example_dags/example_python_operator.py took 0.062 seconds
[2026-03-14T10:21:25.928+0000] {processor.py:157} INFO - Started process (PID=39174) to work on /home/vscode/.local/lib/python3.10/site-packages/airflow/example_dags/example_python_operator.py
[2026-03-14T10:21:25.929+0000] {processor.py:826} INFO - Processing file /home/vscode/.local/lib/python3.10/site-packages/airflow/example_dags/example_python_operator.py for tasks to queue
[2026-03-14T10:21:25.929+0000] {logging_mixin.py:150} INFO - [2026-03-14T10:21:25.929+0000] {dagbag.py:541} INFO - Filling up the DagBag from /home/vscode/.local/lib/python3.10/site-packages/airflow/example_dags/example_python_operator.py
[2026-03-14T10:21:25.937+0000] {processor.py:836} INFO - DAG(s) dict_keys(['example_python_operator']) retrieved from /home/vscode/.local/lib/python3.10/site-packages/airflow/example_dags/example_python_operator.py
[2026-03-14T10:21:25.951+0000] {logging_mixin.py:150} INFO - [2026-03-14T10:21:25.951+0000] {dag.py:2742} INFO - Sync 1 DAGs
[2026-03-14T10:21:25.969+0000] {logging_mixin.py:150} INFO - [2026-03-14T10:21:25.969+0000] {dag.py:3504} INFO - Setting next_dagrun for example_python_operator to None, run_after=None
[2026-03-14T10:21:25.985+0000] {processor.py:179} INFO - Processing /home/vscode/.local/lib/python3.10/site-packages/airflow/example_dags/example_python_operator.py took 0.059 seconds
[2026-03-14T10:22:14.515+0000] {processor.py:157} INFO - Started process (PID=39590) to work on /home/vscode/.local/lib/python3.10/site-packages/airflow/example_dags/example_python_operator.py
[2026-03-14T10:22:14.516+0000] {processor.py:826} INFO - Processing file /home/vscode/.local/lib/python3.10/site-packages/airflow/example_dags/example_python_operator.py for tasks to queue
[2026-03-14T10:22:14.517+0000] {logging_mixin.py:150} INFO - [2026-03-14T10:22:14.517+0000] {dagbag.py:541} INFO - Filling up the DagBag from /home/vscode/.local/lib/python3.10/site-packages/airflow/example_dags/example_python_operator.py
[2026-03-14T10:22:14.525+0000] {processor.py:836} INFO - DAG(s) dict_keys(['example_python_operator']) retrieved from /home/vscode/.local/lib/python3.10/site-packages/airflow/example_dags/example_python_operator.py
[2026-03-14T10:22:14.539+0000] {logging_mixin.py:150} INFO - [2026-03-14T10:22:14.539+0000] {dag.py:2742} INFO - Sync 1 DAGs
[2026-03-14T10:22:14.554+0000] {logging_mixin.py:150} INFO - [2026-03-14T10:22:14.554+0000] {dag.py:3504} INFO - Setting next_dagrun for example_python_operator to None, run_after=None
[2026-03-14T10:22:14.573+0000] {processor.py:179} INFO - Processing /home/vscode/.local/lib/python3.10/site-packages/airflow/example_dags/example_python_operator.py took 0.060 seconds
[2026-03-14T10:23:21.146+0000] {processor.py:157} INFO - Started process (PID=40147) to work on /home/vscode/.local/lib/python3.10/site-packages/airflow/example_dags/example_python_operator.py
[2026-03-14T10:23:21.147+0000] {processor.py:826} INFO - Processing file /home/vscode/.local/lib/python3.10/site-packages/airflow/example_dags/example_python_operator.py for tasks to queue
[2026-03-14T10:23:21.148+0000] {logging_mixin.py:150} INFO - [2026-03-14T10:23:21.148+0000] {dagbag.py:541} INFO - Filling up the DagBag from /home/vscode/.local/lib/python3.10/site-packages/airflow/example_dags/example_python_operator.py
[2026-03-14T10:23:21.161+0000] {processor.py:836} INFO - DAG(s) dict_keys(['example_python_operator']) retrieved from /home/vscode/.local/lib/python3.10/site-packages/airflow/example_dags/example_python_operator.py
[2026-03-14T10:23:21.179+0000] {logging_mixin.py:150} INFO - [2026-03-14T10:23:21.179+0000] {dag.py:2742} INFO - Sync 1 DAGs
[2026-03-14T10:23:21.196+0000] {logging_mixin.py:150} INFO - [2026-03-14T10:23:21.196+0000] {dag.py:3504} INFO - Setting next_dagrun for example_python_operator to None, run_after=None
[2026-03-14T10:23:21.215+0000] {processor.py:179} INFO - Processing /home/vscode/.local/lib/python3.10/site-packages/airflow/example_dags/example_python_operator.py took 0.072 seconds
[2026-03-14T10:24:27.615+0000] {processor.py:157} INFO - Started process (PID=40616) to work on /home/vscode/.local/lib/python3.10/site-packages/airflow/example_dags/example_python_operator.py
[2026-03-14T10:24:27.615+0000] {processor.py:826} INFO - Processing file /home/vscode/.local/lib/python3.10/site-packages/airflow/example_dags/example_python_operator.py for tasks to queue
[2026-03-14T10:24:27.616+0000] {logging_mixin.py:150} INFO - [2026-03-14T10:24:27.616+0000] {dagbag.py:541} INFO - Filling up the DagBag from /home/vscode/.local/lib/python3.10/site-packages/airflow/example_dags/example_python_operator.py
[2026-03-14T10:24:27.625+0000] {processor.py:836} INFO - DAG(s) dict_keys(['example_python_operator']) retrieved from /home/vscode/.local/lib/python3.10/site-packages/airflow/example_dags/example_python_operator.py
[2026-03-14T10:24:27.640+0000] {logging_mixin.py:150} INFO - [2026-03-14T10:24:27.639+0000] {dag.py:2742} INFO - Sync 1 DAGs
[2026-03-14T10:24:27.654+0000] {logging_mixin.py:150} INFO - [2026-03-14T10:24:27.654+0000] {dag.py:3504} INFO - Setting next_dagrun for example_python_operator to None, run_after=None
[2026-03-14T10:24:27.672+0000] {processor.py:179} INFO - Processing /home/vscode/.local/lib/python3.10/site-packages/airflow/example_dags/example_python_operator.py took 0.060 seconds
[2026-03-14T10:25:34.895+0000] {processor.py:157} INFO - Started process (PID=41227) to work on /home/vscode/.local/lib/python3.10/site-packages/airflow/example_dags/example_python_operator.py
[2026-03-14T10:25:34.896+0000] {processor.py:826} INFO - Processing file /home/vscode/.local/lib/python3.10/site-packages/airflow/example_dags/example_python_operator.py for tasks to queue
[2026-03-14T10:25:34.897+0000] {logging_mixin.py:150} INFO - [2026-03-14T10:25:34.896+0000] {dagbag.py:541} INFO - Filling up the DagBag from /home/vscode/.local/lib/python3.10/site-packages/airflow/example_dags/example_python_operator.py
[2026-03-14T10:25:34.908+0000] {processor.py:836} INFO - DAG(s) dict_keys(['example_python_operator']) retrieved from /home/vscode/.local/lib/python3.10/site-packages/airflow/example_dags/example_python_operator.py
[2026-03-14T10:25:34.929+0000] {logging_mixin.py:150} INFO - [2026-03-14T10:25:34.929+0000] {dag.py:2742} INFO - Sync 1 DAGs
[2026-03-14T10:25:34.950+0000] {logging_mixin.py:150} INFO - [2026-03-14T10:25:34.950+0000] {dag.py:3504} INFO - Setting next_dagrun for example_python_operator to None, run_after=None
[2026-03-14T10:25:34.975+0000] {processor.py:179} INFO - Processing /home/vscode/.local/lib/python3.10/site-packages/airflow/example_dags/example_python_operator.py took 0.083 seconds
[2026-03-14T10:26:41.389+0000] {processor.py:157} INFO - Started process (PID=41764) to work on /home/vscode/.local/lib/python3.10/site-packages/airflow/example_dags/example_python_operator.py
[2026-03-14T10:26:41.389+0000] {processor.py:826} INFO - Processing file /home/vscode/.local/lib/python3.10/site-packages/airflow/example_dags/example_python_operator.py for tasks to queue
[2026-03-14T10:26:41.390+0000] {logging_mixin.py:150} INFO - [2026-03-14T10:26:41.390+0000] {dagbag.py:541} INFO - Filling up the DagBag from /home/vscode/.local/lib/python3.10/site-packages/airflow/example_dags/example_python_operator.py
[2026-03-14T10:26:41.398+0000] {processor.py:836} INFO - DAG(s) dict_keys(['example_python_operator']) retrieved from /home/vscode/.local/lib/python3.10/site-packages/airflow/example_dags/example_python_operator.py
[2026-03-14T10:26:41.413+0000] {logging_mixin.py:150} INFO - [2026-03-14T10:26:41.413+0000] {dag.py:2742} INFO - Sync 1 DAGs
[2026-03-14T10:26:41.428+0000] {logging_mixin.py:150} INFO - [2026-03-14T10:26:41.428+0000] {dag.py:3504} INFO - Setting next_dagrun for example_python_operator to None, run_after=None
[2026-03-14T10:26:41.444+0000] {processor.py:179} INFO - Processing /home/vscode/.local/lib/python3.10/site-packages/airflow/example_dags/example_python_operator.py took 0.057 seconds
