[2026-03-14T09:13:15.272+0000] {processor.py:157} INFO - Started process (PID=9892) to work on /home/vscode/.local/lib/python3.10/site-packages/airflow/example_dags/example_latest_only_with_trigger.py
[2026-03-14T09:13:15.273+0000] {processor.py:826} INFO - Processing file /home/vscode/.local/lib/python3.10/site-packages/airflow/example_dags/example_latest_only_with_trigger.py for tasks to queue
[2026-03-14T09:13:15.273+0000] {logging_mixin.py:150} INFO - [2026-03-14T09:13:15.273+0000] {dagbag.py:541} INFO - Filling up the DagBag from /home/vscode/.local/lib/python3.10/site-packages/airflow/example_dags/example_latest_only_with_trigger.py
[2026-03-14T09:13:15.278+0000] {processor.py:836} INFO - DAG(s) dict_keys(['latest_only_with_trigger']) retrieved from /home/vscode/.local/lib/python3.10/site-packages/airflow/example_dags/example_latest_only_with_trigger.py
[2026-03-14T09:13:15.364+0000] {logging_mixin.py:150} INFO - [2026-03-14T09:13:15.364+0000] {manager.py:504} INFO - Created Permission View: can delete on DAG:latest_only_with_trigger
[2026-03-14T09:13:15.373+0000] {logging_mixin.py:150} INFO - [2026-03-14T09:13:15.373+0000] {manager.py:504} INFO - Created Permission View: can edit on DAG:latest_only_with_trigger
[2026-03-14T09:13:15.379+0000] {logging_mixin.py:150} INFO - [2026-03-14T09:13:15.379+0000] {manager.py:504} INFO - Created Permission View: can read on DAG:latest_only_with_trigger
[2026-03-14T09:13:15.386+0000] {logging_mixin.py:150} INFO - [2026-03-14T09:13:15.386+0000] {dag.py:2742} INFO - Sync 1 DAGs
[2026-03-14T09:13:15.393+0000] {logging_mixin.py:150} INFO - [2026-03-14T09:13:15.393+0000] {dag.py:2763} INFO - Creating ORM DAG for latest_only_with_trigger
[2026-03-14T09:13:15.402+0000] {logging_mixin.py:150} INFO - [2026-03-14T09:13:15.401+0000] {dag.py:3504} INFO - Setting next_dagrun for latest_only_with_trigger to 2026-03-14T05:13:15.401712+00:00, run_after=2026-03-14T09:13:15.401712+00:00
[2026-03-14T09:13:15.420+0000] {processor.py:179} INFO - Processing /home/vscode/.local/lib/python3.10/site-packages/airflow/example_dags/example_latest_only_with_trigger.py took 0.150 seconds
[2026-03-14T09:14:01.667+0000] {processor.py:157} INFO - Started process (PID=10195) to work on /home/vscode/.local/lib/python3.10/site-packages/airflow/example_dags/example_latest_only_with_trigger.py
[2026-03-14T09:14:01.668+0000] {processor.py:826} INFO - Processing file /home/vscode/.local/lib/python3.10/site-packages/airflow/example_dags/example_latest_only_with_trigger.py for tasks to queue
[2026-03-14T09:14:01.668+0000] {logging_mixin.py:150} INFO - [2026-03-14T09:14:01.668+0000] {dagbag.py:541} INFO - Filling up the DagBag from /home/vscode/.local/lib/python3.10/site-packages/airflow/example_dags/example_latest_only_with_trigger.py
[2026-03-14T09:14:01.673+0000] {processor.py:836} INFO - DAG(s) dict_keys(['latest_only_with_trigger']) retrieved from /home/vscode/.local/lib/python3.10/site-packages/airflow/example_dags/example_latest_only_with_trigger.py
[2026-03-14T09:14:01.684+0000] {logging_mixin.py:150} INFO - [2026-03-14T09:14:01.684+0000] {dag.py:2742} INFO - Sync 1 DAGs
[2026-03-14T09:14:01.698+0000] {logging_mixin.py:150} INFO - [2026-03-14T09:14:01.698+0000] {dag.py:3504} INFO - Setting next_dagrun for latest_only_with_trigger to 2026-03-14T05:14:01.697929+00:00, run_after=2026-03-14T09:14:01.697929+00:00
[2026-03-14T09:14:01.714+0000] {processor.py:179} INFO - Processing /home/vscode/.local/lib/python3.10/site-packages/airflow/example_dags/example_latest_only_with_trigger.py took 0.049 seconds
[2026-03-14T09:14:50.330+0000] {processor.py:157} INFO - Started process (PID=10533) to work on /home/vscode/.local/lib/python3.10/site-packages/airflow/example_dags/example_latest_only_with_trigger.py
[2026-03-14T09:14:50.330+0000] {processor.py:826} INFO - Processing file /home/vscode/.local/lib/python3.10/site-packages/airflow/example_dags/example_latest_only_with_trigger.py for tasks to queue
[2026-03-14T09:14:50.331+0000] {logging_mixin.py:150} INFO - [2026-03-14T09:14:50.331+0000] {dagbag.py:541} INFO - Filling up the DagBag from /home/vscode/.local/lib/python3.10/site-packages/airflow/example_dags/example_latest_only_with_trigger.py
[2026-03-14T09:14:50.336+0000] {processor.py:836} INFO - DAG(s) dict_keys(['latest_only_with_trigger']) retrieved from /home/vscode/.local/lib/python3.10/site-packages/airflow/example_dags/example_latest_only_with_trigger.py
[2026-03-14T09:14:50.347+0000] {logging_mixin.py:150} INFO - [2026-03-14T09:14:50.347+0000] {dag.py:2742} INFO - Sync 1 DAGs
[2026-03-14T09:14:50.362+0000] {logging_mixin.py:150} INFO - [2026-03-14T09:14:50.362+0000] {dag.py:3504} INFO - Setting next_dagrun for latest_only_with_trigger to 2026-03-14T05:14:50.361921+00:00, run_after=2026-03-14T09:14:50.361921+00:00
[2026-03-14T09:14:50.377+0000] {processor.py:179} INFO - Processing /home/vscode/.local/lib/python3.10/site-packages/airflow/example_dags/example_latest_only_with_trigger.py took 0.050 seconds
[2026-03-14T09:15:37.178+0000] {processor.py:157} INFO - Started process (PID=10859) to work on /home/vscode/.local/lib/python3.10/site-packages/airflow/example_dags/example_latest_only_with_trigger.py
[2026-03-14T09:15:37.179+0000] {processor.py:826} INFO - Processing file /home/vscode/.local/lib/python3.10/site-packages/airflow/example_dags/example_latest_only_with_trigger.py for tasks to queue
[2026-03-14T09:15:37.180+0000] {logging_mixin.py:150} INFO - [2026-03-14T09:15:37.179+0000] {dagbag.py:541} INFO - Filling up the DagBag from /home/vscode/.local/lib/python3.10/site-packages/airflow/example_dags/example_latest_only_with_trigger.py
[2026-03-14T09:15:37.184+0000] {processor.py:836} INFO - DAG(s) dict_keys(['latest_only_with_trigger']) retrieved from /home/vscode/.local/lib/python3.10/site-packages/airflow/example_dags/example_latest_only_with_trigger.py
[2026-03-14T09:15:37.195+0000] {logging_mixin.py:150} INFO - [2026-03-14T09:15:37.195+0000] {dag.py:2742} INFO - Sync 1 DAGs
[2026-03-14T09:15:37.210+0000] {logging_mixin.py:150} INFO - [2026-03-14T09:15:37.210+0000] {dag.py:3504} INFO - Setting next_dagrun for latest_only_with_trigger to 2026-03-14T05:15:37.210440+00:00, run_after=2026-03-14T09:15:37.210440+00:00
[2026-03-14T09:15:37.226+0000] {processor.py:179} INFO - Processing /home/vscode/.local/lib/python3.10/site-packages/airflow/example_dags/example_latest_only_with_trigger.py took 0.050 seconds
[2026-03-14T09:16:25.165+0000] {processor.py:157} INFO - Started process (PID=11266) to work on /home/vscode/.local/lib/python3.10/site-packages/airflow/example_dags/example_latest_only_with_trigger.py
[2026-03-14T09:16:25.165+0000] {processor.py:826} INFO - Processing file /home/vscode/.local/lib/python3.10/site-packages/airflow/example_dags/example_latest_only_with_trigger.py for tasks to queue
[2026-03-14T09:16:25.166+0000] {logging_mixin.py:150} INFO - [2026-03-14T09:16:25.166+0000] {dagbag.py:541} INFO - Filling up the DagBag from /home/vscode/.local/lib/python3.10/site-packages/airflow/example_dags/example_latest_only_with_trigger.py
[2026-03-14T09:16:25.171+0000] {processor.py:836} INFO - DAG(s) dict_keys(['latest_only_with_trigger']) retrieved from /home/vscode/.local/lib/python3.10/site-packages/airflow/example_dags/example_latest_only_with_trigger.py
[2026-03-14T09:16:25.182+0000] {logging_mixin.py:150} INFO - [2026-03-14T09:16:25.182+0000] {dag.py:2742} INFO - Sync 1 DAGs
[2026-03-14T09:16:25.197+0000] {logging_mixin.py:150} INFO - [2026-03-14T09:16:25.197+0000] {dag.py:3504} INFO - Setting next_dagrun for latest_only_with_trigger to 2026-03-14T05:16:25.197495+00:00, run_after=2026-03-14T09:16:25.197495+00:00
[2026-03-14T09:16:25.215+0000] {processor.py:179} INFO - Processing /home/vscode/.local/lib/python3.10/site-packages/airflow/example_dags/example_latest_only_with_trigger.py took 0.052 seconds
[2026-03-14T09:17:07.915+0000] {processor.py:157} INFO - Started process (PID=11554) to work on /home/vscode/.local/lib/python3.10/site-packages/airflow/example_dags/example_latest_only_with_trigger.py
[2026-03-14T09:17:07.916+0000] {processor.py:826} INFO - Processing file /home/vscode/.local/lib/python3.10/site-packages/airflow/example_dags/example_latest_only_with_trigger.py for tasks to queue
[2026-03-14T09:17:07.916+0000] {logging_mixin.py:150} INFO - [2026-03-14T09:17:07.916+0000] {dagbag.py:541} INFO - Filling up the DagBag from /home/vscode/.local/lib/python3.10/site-packages/airflow/example_dags/example_latest_only_with_trigger.py
[2026-03-14T09:17:07.921+0000] {processor.py:836} INFO - DAG(s) dict_keys(['latest_only_with_trigger']) retrieved from /home/vscode/.local/lib/python3.10/site-packages/airflow/example_dags/example_latest_only_with_trigger.py
[2026-03-14T09:17:07.932+0000] {logging_mixin.py:150} INFO - [2026-03-14T09:17:07.932+0000] {dag.py:2742} INFO - Sync 1 DAGs
[2026-03-14T09:17:07.950+0000] {logging_mixin.py:150} INFO - [2026-03-14T09:17:07.949+0000] {dag.py:3504} INFO - Setting next_dagrun for latest_only_with_trigger to 2026-03-14T05:17:07.949725+00:00, run_after=2026-03-14T09:17:07.949725+00:00
[2026-03-14T09:17:07.966+0000] {processor.py:179} INFO - Processing /home/vscode/.local/lib/python3.10/site-packages/airflow/example_dags/example_latest_only_with_trigger.py took 0.053 seconds
[2026-03-14T09:17:53.314+0000] {processor.py:157} INFO - Started process (PID=11882) to work on /home/vscode/.local/lib/python3.10/site-packages/airflow/example_dags/example_latest_only_with_trigger.py
[2026-03-14T09:17:53.314+0000] {processor.py:826} INFO - Processing file /home/vscode/.local/lib/python3.10/site-packages/airflow/example_dags/example_latest_only_with_trigger.py for tasks to queue
[2026-03-14T09:17:53.315+0000] {logging_mixin.py:150} INFO - [2026-03-14T09:17:53.314+0000] {dagbag.py:541} INFO - Filling up the DagBag from /home/vscode/.local/lib/python3.10/site-packages/airflow/example_dags/example_latest_only_with_trigger.py
[2026-03-14T09:17:53.319+0000] {processor.py:836} INFO - DAG(s) dict_keys(['latest_only_with_trigger']) retrieved from /home/vscode/.local/lib/python3.10/site-packages/airflow/example_dags/example_latest_only_with_trigger.py
[2026-03-14T09:17:53.331+0000] {logging_mixin.py:150} INFO - [2026-03-14T09:17:53.331+0000] {dag.py:2742} INFO - Sync 1 DAGs
[2026-03-14T09:17:53.344+0000] {logging_mixin.py:150} INFO - [2026-03-14T09:17:53.344+0000] {dag.py:3504} INFO - Setting next_dagrun for latest_only_with_trigger to 2026-03-14T05:17:53.344677+00:00, run_after=2026-03-14T09:17:53.344677+00:00
[2026-03-14T09:17:53.360+0000] {processor.py:179} INFO - Processing /home/vscode/.local/lib/python3.10/site-packages/airflow/example_dags/example_latest_only_with_trigger.py took 0.049 seconds
[2026-03-14T09:18:38.939+0000] {processor.py:157} INFO - Started process (PID=12268) to work on /home/vscode/.local/lib/python3.10/site-packages/airflow/example_dags/example_latest_only_with_trigger.py
[2026-03-14T09:18:38.939+0000] {processor.py:826} INFO - Processing file /home/vscode/.local/lib/python3.10/site-packages/airflow/example_dags/example_latest_only_with_trigger.py for tasks to queue
[2026-03-14T09:18:38.940+0000] {logging_mixin.py:150} INFO - [2026-03-14T09:18:38.940+0000] {dagbag.py:541} INFO - Filling up the DagBag from /home/vscode/.local/lib/python3.10/site-packages/airflow/example_dags/example_latest_only_with_trigger.py
[2026-03-14T09:18:38.944+0000] {processor.py:836} INFO - DAG(s) dict_keys(['latest_only_with_trigger']) retrieved from /home/vscode/.local/lib/python3.10/site-packages/airflow/example_dags/example_latest_only_with_trigger.py
[2026-03-14T09:18:38.955+0000] {logging_mixin.py:150} INFO - [2026-03-14T09:18:38.955+0000] {dag.py:2742} INFO - Sync 1 DAGs
[2026-03-14T09:18:38.968+0000] {logging_mixin.py:150} INFO - [2026-03-14T09:18:38.968+0000] {dag.py:3504} INFO - Setting next_dagrun for latest_only_with_trigger to 2026-03-14T05:18:38.968541+00:00, run_after=2026-03-14T09:18:38.968541+00:00
[2026-03-14T09:18:38.991+0000] {processor.py:179} INFO - Processing /home/vscode/.local/lib/python3.10/site-packages/airflow/example_dags/example_latest_only_with_trigger.py took 0.054 seconds
[2026-03-14T09:19:21.257+0000] {processor.py:157} INFO - Started process (PID=12542) to work on /home/vscode/.local/lib/python3.10/site-packages/airflow/example_dags/example_latest_only_with_trigger.py
[2026-03-14T09:19:21.257+0000] {processor.py:826} INFO - Processing file /home/vscode/.local/lib/python3.10/site-packages/airflow/example_dags/example_latest_only_with_trigger.py for tasks to queue
[2026-03-14T09:19:21.258+0000] {logging_mixin.py:150} INFO - [2026-03-14T09:19:21.258+0000] {dagbag.py:541} INFO - Filling up the DagBag from /home/vscode/.local/lib/python3.10/site-packages/airflow/example_dags/example_latest_only_with_trigger.py
[2026-03-14T09:19:21.262+0000] {processor.py:836} INFO - DAG(s) dict_keys(['latest_only_with_trigger']) retrieved from /home/vscode/.local/lib/python3.10/site-packages/airflow/example_dags/example_latest_only_with_trigger.py
[2026-03-14T09:19:21.274+0000] {logging_mixin.py:150} INFO - [2026-03-14T09:19:21.273+0000] {dag.py:2742} INFO - Sync 1 DAGs
[2026-03-14T09:19:21.287+0000] {logging_mixin.py:150} INFO - [2026-03-14T09:19:21.287+0000] {dag.py:3504} INFO - Setting next_dagrun for latest_only_with_trigger to 2026-03-14T05:19:21.287092+00:00, run_after=2026-03-14T09:19:21.287092+00:00
[2026-03-14T09:19:21.302+0000] {processor.py:179} INFO - Processing /home/vscode/.local/lib/python3.10/site-packages/airflow/example_dags/example_latest_only_with_trigger.py took 0.047 seconds
[2026-03-14T09:20:05.192+0000] {processor.py:157} INFO - Started process (PID=12833) to work on /home/vscode/.local/lib/python3.10/site-packages/airflow/example_dags/example_latest_only_with_trigger.py
[2026-03-14T09:20:05.192+0000] {processor.py:826} INFO - Processing file /home/vscode/.local/lib/python3.10/site-packages/airflow/example_dags/example_latest_only_with_trigger.py for tasks to queue
[2026-03-14T09:20:05.193+0000] {logging_mixin.py:150} INFO - [2026-03-14T09:20:05.193+0000] {dagbag.py:541} INFO - Filling up the DagBag from /home/vscode/.local/lib/python3.10/site-packages/airflow/example_dags/example_latest_only_with_trigger.py
[2026-03-14T09:20:05.197+0000] {processor.py:836} INFO - DAG(s) dict_keys(['latest_only_with_trigger']) retrieved from /home/vscode/.local/lib/python3.10/site-packages/airflow/example_dags/example_latest_only_with_trigger.py
[2026-03-14T09:20:05.209+0000] {logging_mixin.py:150} INFO - [2026-03-14T09:20:05.209+0000] {dag.py:2742} INFO - Sync 1 DAGs
[2026-03-14T09:20:05.222+0000] {logging_mixin.py:150} INFO - [2026-03-14T09:20:05.222+0000] {dag.py:3504} INFO - Setting next_dagrun for latest_only_with_trigger to 2026-03-14T05:20:05.222576+00:00, run_after=2026-03-14T09:20:05.222576+00:00
[2026-03-14T09:20:05.238+0000] {processor.py:179} INFO - Processing /home/vscode/.local/lib/python3.10/site-packages/airflow/example_dags/example_latest_only_with_trigger.py took 0.048 seconds
[2026-03-14T09:20:54.198+0000] {processor.py:157} INFO - Started process (PID=13163) to work on /home/vscode/.local/lib/python3.10/site-packages/airflow/example_dags/example_latest_only_with_trigger.py
[2026-03-14T09:20:54.198+0000] {processor.py:826} INFO - Processing file /home/vscode/.local/lib/python3.10/site-packages/airflow/example_dags/example_latest_only_with_trigger.py for tasks to queue
[2026-03-14T09:20:54.199+0000] {logging_mixin.py:150} INFO - [2026-03-14T09:20:54.198+0000] {dagbag.py:541} INFO - Filling up the DagBag from /home/vscode/.local/lib/python3.10/site-packages/airflow/example_dags/example_latest_only_with_trigger.py
[2026-03-14T09:20:54.203+0000] {processor.py:836} INFO - DAG(s) dict_keys(['latest_only_with_trigger']) retrieved from /home/vscode/.local/lib/python3.10/site-packages/airflow/example_dags/example_latest_only_with_trigger.py
[2026-03-14T09:20:54.215+0000] {logging_mixin.py:150} INFO - [2026-03-14T09:20:54.215+0000] {dag.py:2742} INFO - Sync 1 DAGs
[2026-03-14T09:20:54.228+0000] {logging_mixin.py:150} INFO - [2026-03-14T09:20:54.228+0000] {dag.py:3504} INFO - Setting next_dagrun for latest_only_with_trigger to 2026-03-14T05:20:54.228667+00:00, run_after=2026-03-14T09:20:54.228667+00:00
[2026-03-14T09:20:54.244+0000] {processor.py:179} INFO - Processing /home/vscode/.local/lib/python3.10/site-packages/airflow/example_dags/example_latest_only_with_trigger.py took 0.048 seconds
[2026-03-14T09:21:41.721+0000] {processor.py:157} INFO - Started process (PID=13475) to work on /home/vscode/.local/lib/python3.10/site-packages/airflow/example_dags/example_latest_only_with_trigger.py
[2026-03-14T09:21:41.722+0000] {processor.py:826} INFO - Processing file /home/vscode/.local/lib/python3.10/site-packages/airflow/example_dags/example_latest_only_with_trigger.py for tasks to queue
[2026-03-14T09:21:41.722+0000] {logging_mixin.py:150} INFO - [2026-03-14T09:21:41.722+0000] {dagbag.py:541} INFO - Filling up the DagBag from /home/vscode/.local/lib/python3.10/site-packages/airflow/example_dags/example_latest_only_with_trigger.py
[2026-03-14T09:21:41.727+0000] {processor.py:836} INFO - DAG(s) dict_keys(['latest_only_with_trigger']) retrieved from /home/vscode/.local/lib/python3.10/site-packages/airflow/example_dags/example_latest_only_with_trigger.py
[2026-03-14T09:21:41.738+0000] {logging_mixin.py:150} INFO - [2026-03-14T09:21:41.738+0000] {dag.py:2742} INFO - Sync 1 DAGs
[2026-03-14T09:21:41.751+0000] {logging_mixin.py:150} INFO - [2026-03-14T09:21:41.751+0000] {dag.py:3504} INFO - Setting next_dagrun for latest_only_with_trigger to 2026-03-14T05:21:41.751317+00:00, run_after=2026-03-14T09:21:41.751317+00:00
[2026-03-14T09:21:41.767+0000] {processor.py:179} INFO - Processing /home/vscode/.local/lib/python3.10/site-packages/airflow/example_dags/example_latest_only_with_trigger.py took 0.048 seconds
[2026-03-14T09:22:26.817+0000] {processor.py:157} INFO - Started process (PID=13770) to work on /home/vscode/.local/lib/python3.10/site-packages/airflow/example_dags/example_latest_only_with_trigger.py
[2026-03-14T09:22:26.818+0000] {processor.py:826} INFO - Processing file /home/vscode/.local/lib/python3.10/site-packages/airflow/example_dags/example_latest_only_with_trigger.py for tasks to queue
[2026-03-14T09:22:26.818+0000] {logging_mixin.py:150} INFO - [2026-03-14T09:22:26.818+0000] {dagbag.py:541} INFO - Filling up the DagBag from /home/vscode/.local/lib/python3.10/site-packages/airflow/example_dags/example_latest_only_with_trigger.py
[2026-03-14T09:22:26.823+0000] {processor.py:836} INFO - DAG(s) dict_keys(['latest_only_with_trigger']) retrieved from /home/vscode/.local/lib/python3.10/site-packages/airflow/example_dags/example_latest_only_with_trigger.py
[2026-03-14T09:22:26.834+0000] {logging_mixin.py:150} INFO - [2026-03-14T09:22:26.834+0000] {dag.py:2742} INFO - Sync 1 DAGs
[2026-03-14T09:22:26.847+0000] {logging_mixin.py:150} INFO - [2026-03-14T09:22:26.847+0000] {dag.py:3504} INFO - Setting next_dagrun for latest_only_with_trigger to 2026-03-14T05:22:26.847320+00:00, run_after=2026-03-14T09:22:26.847320+00:00
[2026-03-14T09:22:26.862+0000] {processor.py:179} INFO - Processing /home/vscode/.local/lib/python3.10/site-packages/airflow/example_dags/example_latest_only_with_trigger.py took 0.047 seconds
[2026-03-14T09:23:11.418+0000] {processor.py:157} INFO - Started process (PID=14080) to work on /home/vscode/.local/lib/python3.10/site-packages/airflow/example_dags/example_latest_only_with_trigger.py
[2026-03-14T09:23:11.419+0000] {processor.py:826} INFO - Processing file /home/vscode/.local/lib/python3.10/site-packages/airflow/example_dags/example_latest_only_with_trigger.py for tasks to queue
[2026-03-14T09:23:11.420+0000] {logging_mixin.py:150} INFO - [2026-03-14T09:23:11.419+0000] {dagbag.py:541} INFO - Filling up the DagBag from /home/vscode/.local/lib/python3.10/site-packages/airflow/example_dags/example_latest_only_with_trigger.py
[2026-03-14T09:23:11.424+0000] {processor.py:836} INFO - DAG(s) dict_keys(['latest_only_with_trigger']) retrieved from /home/vscode/.local/lib/python3.10/site-packages/airflow/example_dags/example_latest_only_with_trigger.py
[2026-03-14T09:23:11.436+0000] {logging_mixin.py:150} INFO - [2026-03-14T09:23:11.436+0000] {dag.py:2742} INFO - Sync 1 DAGs
[2026-03-14T09:23:11.450+0000] {logging_mixin.py:150} INFO - [2026-03-14T09:23:11.450+0000] {dag.py:3504} INFO - Setting next_dagrun for latest_only_with_trigger to 2026-03-14T05:23:11.450027+00:00, run_after=2026-03-14T09:23:11.450027+00:00
[2026-03-14T09:23:11.466+0000] {processor.py:179} INFO - Processing /home/vscode/.local/lib/python3.10/site-packages/airflow/example_dags/example_latest_only_with_trigger.py took 0.050 seconds
[2026-03-14T09:23:59.103+0000] {processor.py:157} INFO - Started process (PID=14423) to work on /home/vscode/.local/lib/python3.10/site-packages/airflow/example_dags/example_latest_only_with_trigger.py
[2026-03-14T09:23:59.104+0000] {processor.py:826} INFO - Processing file /home/vscode/.local/lib/python3.10/site-packages/airflow/example_dags/example_latest_only_with_trigger.py for tasks to queue
[2026-03-14T09:23:59.105+0000] {logging_mixin.py:150} INFO - [2026-03-14T09:23:59.105+0000] {dagbag.py:541} INFO - Filling up the DagBag from /home/vscode/.local/lib/python3.10/site-packages/airflow/example_dags/example_latest_only_with_trigger.py
[2026-03-14T09:23:59.112+0000] {processor.py:836} INFO - DAG(s) dict_keys(['latest_only_with_trigger']) retrieved from /home/vscode/.local/lib/python3.10/site-packages/airflow/example_dags/example_latest_only_with_trigger.py
[2026-03-14T09:23:59.132+0000] {logging_mixin.py:150} INFO - [2026-03-14T09:23:59.132+0000] {dag.py:2742} INFO - Sync 1 DAGs
[2026-03-14T09:23:59.156+0000] {logging_mixin.py:150} INFO - [2026-03-14T09:23:59.156+0000] {dag.py:3504} INFO - Setting next_dagrun for latest_only_with_trigger to 2026-03-14T05:23:59.156418+00:00, run_after=2026-03-14T09:23:59.156418+00:00
[2026-03-14T09:23:59.182+0000] {processor.py:179} INFO - Processing /home/vscode/.local/lib/python3.10/site-packages/airflow/example_dags/example_latest_only_with_trigger.py took 0.083 seconds
[2026-03-14T10:12:10.520+0000] {processor.py:157} INFO - Started process (PID=35028) to work on /home/vscode/.local/lib/python3.10/site-packages/airflow/example_dags/example_latest_only_with_trigger.py
[2026-03-14T10:12:10.522+0000] {processor.py:826} INFO - Processing file /home/vscode/.local/lib/python3.10/site-packages/airflow/example_dags/example_latest_only_with_trigger.py for tasks to queue
[2026-03-14T10:12:10.523+0000] {logging_mixin.py:150} INFO - [2026-03-14T10:12:10.522+0000] {dagbag.py:541} INFO - Filling up the DagBag from /home/vscode/.local/lib/python3.10/site-packages/airflow/example_dags/example_latest_only_with_trigger.py
[2026-03-14T10:12:10.528+0000] {processor.py:836} INFO - DAG(s) dict_keys(['latest_only_with_trigger']) retrieved from /home/vscode/.local/lib/python3.10/site-packages/airflow/example_dags/example_latest_only_with_trigger.py
[2026-03-14T10:12:10.542+0000] {logging_mixin.py:150} INFO - [2026-03-14T10:12:10.542+0000] {dag.py:2742} INFO - Sync 1 DAGs
[2026-03-14T10:12:10.557+0000] {logging_mixin.py:150} INFO - [2026-03-14T10:12:10.557+0000] {dag.py:3504} INFO - Setting next_dagrun for latest_only_with_trigger to 2026-03-14T06:12:10.557504+00:00, run_after=2026-03-14T10:12:10.557504+00:00
[2026-03-14T10:12:10.589+0000] {processor.py:179} INFO - Processing /home/vscode/.local/lib/python3.10/site-packages/airflow/example_dags/example_latest_only_with_trigger.py took 0.071 seconds
[2026-03-14T10:12:59.144+0000] {processor.py:157} INFO - Started process (PID=35389) to work on /home/vscode/.local/lib/python3.10/site-packages/airflow/example_dags/example_latest_only_with_trigger.py
[2026-03-14T10:12:59.145+0000] {processor.py:826} INFO - Processing file /home/vscode/.local/lib/python3.10/site-packages/airflow/example_dags/example_latest_only_with_trigger.py for tasks to queue
[2026-03-14T10:12:59.146+0000] {logging_mixin.py:150} INFO - [2026-03-14T10:12:59.145+0000] {dagbag.py:541} INFO - Filling up the DagBag from /home/vscode/.local/lib/python3.10/site-packages/airflow/example_dags/example_latest_only_with_trigger.py
[2026-03-14T10:12:59.151+0000] {processor.py:836} INFO - DAG(s) dict_keys(['latest_only_with_trigger']) retrieved from /home/vscode/.local/lib/python3.10/site-packages/airflow/example_dags/example_latest_only_with_trigger.py
[2026-03-14T10:12:59.167+0000] {logging_mixin.py:150} INFO - [2026-03-14T10:12:59.167+0000] {dag.py:2742} INFO - Sync 1 DAGs
[2026-03-14T10:12:59.182+0000] {logging_mixin.py:150} INFO - [2026-03-14T10:12:59.182+0000] {dag.py:3504} INFO - Setting next_dagrun for latest_only_with_trigger to 2026-03-14T06:12:59.182647+00:00, run_after=2026-03-14T10:12:59.182647+00:00
[2026-03-14T10:12:59.199+0000] {processor.py:179} INFO - Processing /home/vscode/.local/lib/python3.10/site-packages/airflow/example_dags/example_latest_only_with_trigger.py took 0.057 seconds
[2026-03-14T10:13:51.903+0000] {processor.py:157} INFO - Started process (PID=35751) to work on /home/vscode/.local/lib/python3.10/site-packages/airflow/example_dags/example_latest_only_with_trigger.py
[2026-03-14T10:13:51.904+0000] {processor.py:826} INFO - Processing file /home/vscode/.local/lib/python3.10/site-packages/airflow/example_dags/example_latest_only_with_trigger.py for tasks to queue
[2026-03-14T10:13:51.905+0000] {logging_mixin.py:150} INFO - [2026-03-14T10:13:51.904+0000] {dagbag.py:541} INFO - Filling up the DagBag from /home/vscode/.local/lib/python3.10/site-packages/airflow/example_dags/example_latest_only_with_trigger.py
[2026-03-14T10:13:51.909+0000] {processor.py:836} INFO - DAG(s) dict_keys(['latest_only_with_trigger']) retrieved from /home/vscode/.local/lib/python3.10/site-packages/airflow/example_dags/example_latest_only_with_trigger.py
[2026-03-14T10:13:51.921+0000] {logging_mixin.py:150} INFO - [2026-03-14T10:13:51.921+0000] {dag.py:2742} INFO - Sync 1 DAGs
[2026-03-14T10:13:51.934+0000] {logging_mixin.py:150} INFO - [2026-03-14T10:13:51.934+0000] {dag.py:3504} INFO - Setting next_dagrun for latest_only_with_trigger to 2026-03-14T06:13:51.934529+00:00, run_after=2026-03-14T10:13:51.934529+00:00
[2026-03-14T10:13:51.950+0000] {processor.py:179} INFO - Processing /home/vscode/.local/lib/python3.10/site-packages/airflow/example_dags/example_latest_only_with_trigger.py took 0.049 seconds
[2026-03-14T10:14:44.030+0000] {processor.py:157} INFO - Started process (PID=36185) to work on /home/vscode/.local/lib/python3.10/site-packages/airflow/example_dags/example_latest_only_with_trigger.py
[2026-03-14T10:14:44.031+0000] {processor.py:826} INFO - Processing file /home/vscode/.local/lib/python3.10/site-packages/airflow/example_dags/example_latest_only_with_trigger.py for tasks to queue
[2026-03-14T10:14:44.031+0000] {logging_mixin.py:150} INFO - [2026-03-14T10:14:44.031+0000] {dagbag.py:541} INFO - Filling up the DagBag from /home/vscode/.local/lib/python3.10/site-packages/airflow/example_dags/example_latest_only_with_trigger.py
[2026-03-14T10:14:44.036+0000] {processor.py:836} INFO - DAG(s) dict_keys(['latest_only_with_trigger']) retrieved from /home/vscode/.local/lib/python3.10/site-packages/airflow/example_dags/example_latest_only_with_trigger.py
[2026-03-14T10:14:44.048+0000] {logging_mixin.py:150} INFO - [2026-03-14T10:14:44.047+0000] {dag.py:2742} INFO - Sync 1 DAGs
[2026-03-14T10:14:44.065+0000] {logging_mixin.py:150} INFO - [2026-03-14T10:14:44.065+0000] {dag.py:3504} INFO - Setting next_dagrun for latest_only_with_trigger to 2026-03-14T06:14:44.065409+00:00, run_after=2026-03-14T10:14:44.065409+00:00
[2026-03-14T10:14:44.083+0000] {processor.py:179} INFO - Processing /home/vscode/.local/lib/python3.10/site-packages/airflow/example_dags/example_latest_only_with_trigger.py took 0.056 seconds
[2026-03-14T10:15:45.993+0000] {processor.py:157} INFO - Started process (PID=36657) to work on /home/vscode/.local/lib/python3.10/site-packages/airflow/example_dags/example_latest_only_with_trigger.py
[2026-03-14T10:15:45.994+0000] {processor.py:826} INFO - Processing file /home/vscode/.local/lib/python3.10/site-packages/airflow/example_dags/example_latest_only_with_trigger.py for tasks to queue
[2026-03-14T10:15:45.995+0000] {logging_mixin.py:150} INFO - [2026-03-14T10:15:45.994+0000] {dagbag.py:541} INFO - Filling up the DagBag from /home/vscode/.local/lib/python3.10/site-packages/airflow/example_dags/example_latest_only_with_trigger.py
[2026-03-14T10:15:45.999+0000] {processor.py:836} INFO - DAG(s) dict_keys(['latest_only_with_trigger']) retrieved from /home/vscode/.local/lib/python3.10/site-packages/airflow/example_dags/example_latest_only_with_trigger.py
[2026-03-14T10:15:46.011+0000] {logging_mixin.py:150} INFO - [2026-03-14T10:15:46.011+0000] {dag.py:2742} INFO - Sync 1 DAGs
[2026-03-14T10:15:46.026+0000] {logging_mixin.py:150} INFO - [2026-03-14T10:15:46.026+0000] {dag.py:3504} INFO - Setting next_dagrun for latest_only_with_trigger to 2026-03-14T06:15:46.026629+00:00, run_after=2026-03-14T10:15:46.026629+00:00
[2026-03-14T10:15:46.044+0000] {processor.py:179} INFO - Processing /home/vscode/.local/lib/python3.10/site-packages/airflow/example_dags/example_latest_only_with_trigger.py took 0.053 seconds
[2026-03-14T10:16:35.875+0000] {processor.py:157} INFO - Started process (PID=37063) to work on /home/vscode/.local/lib/python3.10/site-packages/airflow/example_dags/example_latest_only_with_trigger.py
[2026-03-14T10:16:35.876+0000] {processor.py:826} INFO - Processing file /home/vscode/.local/lib/python3.10/site-packages/airflow/example_dags/example_latest_only_with_trigger.py for tasks to queue
[2026-03-14T10:16:35.877+0000] {logging_mixin.py:150} INFO - [2026-03-14T10:16:35.876+0000] {dagbag.py:541} INFO - Filling up the DagBag from /home/vscode/.local/lib/python3.10/site-packages/airflow/example_dags/example_latest_only_with_trigger.py
[2026-03-14T10:16:35.882+0000] {processor.py:836} INFO - DAG(s) dict_keys(['latest_only_with_trigger']) retrieved from /home/vscode/.local/lib/python3.10/site-packages/airflow/example_dags/example_latest_only_with_trigger.py
[2026-03-14T10:16:35.894+0000] {logging_mixin.py:150} INFO - [2026-03-14T10:16:35.894+0000] {dag.py:2742} INFO - Sync 1 DAGs
[2026-03-14T10:16:35.914+0000] {logging_mixin.py:150} INFO - [2026-03-14T10:16:35.914+0000] {dag.py:3504} INFO - Setting next_dagrun for latest_only_with_trigger to 2026-03-14T06:16:35.914566+00:00, run_after=2026-03-14T10:16:35.914566+00:00
[2026-03-14T10:16:35.938+0000] {processor.py:179} INFO - Processing /home/vscode/.local/lib/python3.10/site-packages/airflow/example_dags/example_latest_only_with_trigger.py took 0.065 seconds
[2026-03-14T10:17:47.645+0000] {processor.py:157} INFO - Started process (PID=37706) to work on /home/vscode/.local/lib/python3.10/site-packages/airflow/example_dags/example_latest_only_with_trigger.py
[2026-03-14T10:17:47.646+0000] {processor.py:826} INFO - Processing file /home/vscode/.local/lib/python3.10/site-packages/airflow/example_dags/example_latest_only_with_trigger.py for tasks to queue
[2026-03-14T10:17:47.646+0000] {logging_mixin.py:150} INFO - [2026-03-14T10:17:47.646+0000] {dagbag.py:541} INFO - Filling up the DagBag from /home/vscode/.local/lib/python3.10/site-packages/airflow/example_dags/example_latest_only_with_trigger.py
[2026-03-14T10:17:47.651+0000] {processor.py:836} INFO - DAG(s) dict_keys(['latest_only_with_trigger']) retrieved from /home/vscode/.local/lib/python3.10/site-packages/airflow/example_dags/example_latest_only_with_trigger.py
[2026-03-14T10:17:47.666+0000] {logging_mixin.py:150} INFO - [2026-03-14T10:17:47.666+0000] {dag.py:2742} INFO - Sync 1 DAGs
[2026-03-14T10:17:47.686+0000] {logging_mixin.py:150} INFO - [2026-03-14T10:17:47.686+0000] {dag.py:3504} INFO - Setting next_dagrun for latest_only_with_trigger to 2026-03-14T06:17:47.686252+00:00, run_after=2026-03-14T10:17:47.686252+00:00
[2026-03-14T10:17:47.702+0000] {processor.py:179} INFO - Processing /home/vscode/.local/lib/python3.10/site-packages/airflow/example_dags/example_latest_only_with_trigger.py took 0.059 seconds
[2026-03-14T10:18:52.319+0000] {processor.py:157} INFO - Started process (PID=38160) to work on /home/vscode/.local/lib/python3.10/site-packages/airflow/example_dags/example_latest_only_with_trigger.py
[2026-03-14T10:18:52.325+0000] {processor.py:826} INFO - Processing file /home/vscode/.local/lib/python3.10/site-packages/airflow/example_dags/example_latest_only_with_trigger.py for tasks to queue
[2026-03-14T10:18:52.326+0000] {logging_mixin.py:150} INFO - [2026-03-14T10:18:52.326+0000] {dagbag.py:541} INFO - Filling up the DagBag from /home/vscode/.local/lib/python3.10/site-packages/airflow/example_dags/example_latest_only_with_trigger.py
[2026-03-14T10:18:52.341+0000] {processor.py:836} INFO - DAG(s) dict_keys(['latest_only_with_trigger']) retrieved from /home/vscode/.local/lib/python3.10/site-packages/airflow/example_dags/example_latest_only_with_trigger.py
[2026-03-14T10:18:52.396+0000] {logging_mixin.py:150} INFO - [2026-03-14T10:18:52.395+0000] {dag.py:2742} INFO - Sync 1 DAGs
[2026-03-14T10:18:52.487+0000] {logging_mixin.py:150} INFO - [2026-03-14T10:18:52.487+0000] {dag.py:3504} INFO - Setting next_dagrun for latest_only_with_trigger to 2026-03-14T06:18:52.486899+00:00, run_after=2026-03-14T10:18:52.486899+00:00
[2026-03-14T10:18:52.557+0000] {processor.py:179} INFO - Processing /home/vscode/.local/lib/python3.10/site-packages/airflow/example_dags/example_latest_only_with_trigger.py took 0.247 seconds
[2026-03-14T10:19:52.226+0000] {processor.py:157} INFO - Started process (PID=38550) to work on /home/vscode/.local/lib/python3.10/site-packages/airflow/example_dags/example_latest_only_with_trigger.py
[2026-03-14T10:19:52.226+0000] {processor.py:826} INFO - Processing file /home/vscode/.local/lib/python3.10/site-packages/airflow/example_dags/example_latest_only_with_trigger.py for tasks to queue
[2026-03-14T10:19:52.227+0000] {logging_mixin.py:150} INFO - [2026-03-14T10:19:52.227+0000] {dagbag.py:541} INFO - Filling up the DagBag from /home/vscode/.local/lib/python3.10/site-packages/airflow/example_dags/example_latest_only_with_trigger.py
[2026-03-14T10:19:52.232+0000] {processor.py:836} INFO - DAG(s) dict_keys(['latest_only_with_trigger']) retrieved from /home/vscode/.local/lib/python3.10/site-packages/airflow/example_dags/example_latest_only_with_trigger.py
[2026-03-14T10:19:52.244+0000] {logging_mixin.py:150} INFO - [2026-03-14T10:19:52.243+0000] {dag.py:2742} INFO - Sync 1 DAGs
[2026-03-14T10:19:52.259+0000] {logging_mixin.py:150} INFO - [2026-03-14T10:19:52.259+0000] {dag.py:3504} INFO - Setting next_dagrun for latest_only_with_trigger to 2026-03-14T06:19:52.259566+00:00, run_after=2026-03-14T10:19:52.259566+00:00
[2026-03-14T10:19:52.280+0000] {processor.py:179} INFO - Processing /home/vscode/.local/lib/python3.10/site-packages/airflow/example_dags/example_latest_only_with_trigger.py took 0.057 seconds
[2026-03-14T10:20:43.595+0000] {processor.py:157} INFO - Started process (PID=38879) to work on /home/vscode/.local/lib/python3.10/site-packages/airflow/example_dags/example_latest_only_with_trigger.py
[2026-03-14T10:20:43.596+0000] {processor.py:826} INFO - Processing file /home/vscode/.local/lib/python3.10/site-packages/airflow/example_dags/example_latest_only_with_trigger.py for tasks to queue
[2026-03-14T10:20:43.596+0000] {logging_mixin.py:150} INFO - [2026-03-14T10:20:43.596+0000] {dagbag.py:541} INFO - Filling up the DagBag from /home/vscode/.local/lib/python3.10/site-packages/airflow/example_dags/example_latest_only_with_trigger.py
[2026-03-14T10:20:43.601+0000] {processor.py:836} INFO - DAG(s) dict_keys(['latest_only_with_trigger']) retrieved from /home/vscode/.local/lib/python3.10/site-packages/airflow/example_dags/example_latest_only_with_trigger.py
[2026-03-14T10:20:43.614+0000] {logging_mixin.py:150} INFO - [2026-03-14T10:20:43.614+0000] {dag.py:2742} INFO - Sync 1 DAGs
[2026-03-14T10:20:43.628+0000] {logging_mixin.py:150} INFO - [2026-03-14T10:20:43.628+0000] {dag.py:3504} INFO - Setting next_dagrun for latest_only_with_trigger to 2026-03-14T06:20:43.628254+00:00, run_after=2026-03-14T10:20:43.628254+00:00
[2026-03-14T10:20:43.645+0000] {processor.py:179} INFO - Processing /home/vscode/.local/lib/python3.10/site-packages/airflow/example_dags/example_latest_only_with_trigger.py took 0.052 seconds
[2026-03-14T10:21:50.460+0000] {processor.py:157} INFO - Started process (PID=39364) to work on /home/vscode/.local/lib/python3.10/site-packages/airflow/example_dags/example_latest_only_with_trigger.py
[2026-03-14T10:21:50.461+0000] {processor.py:826} INFO - Processing file /home/vscode/.local/lib/python3.10/site-packages/airflow/example_dags/example_latest_only_with_trigger.py for tasks to queue
[2026-03-14T10:21:50.461+0000] {logging_mixin.py:150} INFO - [2026-03-14T10:21:50.461+0000] {dagbag.py:541} INFO - Filling up the DagBag from /home/vscode/.local/lib/python3.10/site-packages/airflow/example_dags/example_latest_only_with_trigger.py
[2026-03-14T10:21:50.468+0000] {processor.py:836} INFO - DAG(s) dict_keys(['latest_only_with_trigger']) retrieved from /home/vscode/.local/lib/python3.10/site-packages/airflow/example_dags/example_latest_only_with_trigger.py
[2026-03-14T10:21:50.480+0000] {logging_mixin.py:150} INFO - [2026-03-14T10:21:50.480+0000] {dag.py:2742} INFO - Sync 1 DAGs
[2026-03-14T10:21:50.504+0000] {logging_mixin.py:150} INFO - [2026-03-14T10:21:50.503+0000] {dag.py:3504} INFO - Setting next_dagrun for latest_only_with_trigger to 2026-03-14T06:21:50.503700+00:00, run_after=2026-03-14T10:21:50.503700+00:00
[2026-03-14T10:21:50.534+0000] {processor.py:179} INFO - Processing /home/vscode/.local/lib/python3.10/site-packages/airflow/example_dags/example_latest_only_with_trigger.py took 0.077 seconds
[2026-03-14T10:22:56.505+0000] {processor.py:157} INFO - Started process (PID=39925) to work on /home/vscode/.local/lib/python3.10/site-packages/airflow/example_dags/example_latest_only_with_trigger.py
[2026-03-14T10:22:56.509+0000] {processor.py:826} INFO - Processing file /home/vscode/.local/lib/python3.10/site-packages/airflow/example_dags/example_latest_only_with_trigger.py for tasks to queue
[2026-03-14T10:22:56.511+0000] {logging_mixin.py:150} INFO - [2026-03-14T10:22:56.510+0000] {dagbag.py:541} INFO - Filling up the DagBag from /home/vscode/.local/lib/python3.10/site-packages/airflow/example_dags/example_latest_only_with_trigger.py
[2026-03-14T10:22:56.520+0000] {processor.py:836} INFO - DAG(s) dict_keys(['latest_only_with_trigger']) retrieved from /home/vscode/.local/lib/python3.10/site-packages/airflow/example_dags/example_latest_only_with_trigger.py
[2026-03-14T10:22:56.539+0000] {logging_mixin.py:150} INFO - [2026-03-14T10:22:56.539+0000] {dag.py:2742} INFO - Sync 1 DAGs
[2026-03-14T10:22:56.592+0000] {logging_mixin.py:150} INFO - [2026-03-14T10:22:56.592+0000] {dag.py:3504} INFO - Setting next_dagrun for latest_only_with_trigger to 2026-03-14T06:22:56.592212+00:00, run_after=2026-03-14T10:22:56.592212+00:00
[2026-03-14T10:22:56.627+0000] {processor.py:179} INFO - Processing /home/vscode/.local/lib/python3.10/site-packages/airflow/example_dags/example_latest_only_with_trigger.py took 0.129 seconds
[2026-03-14T10:24:03.384+0000] {processor.py:157} INFO - Started process (PID=40456) to work on /home/vscode/.local/lib/python3.10/site-packages/airflow/example_dags/example_latest_only_with_trigger.py
[2026-03-14T10:24:03.385+0000] {processor.py:826} INFO - Processing file /home/vscode/.local/lib/python3.10/site-packages/airflow/example_dags/example_latest_only_with_trigger.py for tasks to queue
[2026-03-14T10:24:03.386+0000] {logging_mixin.py:150} INFO - [2026-03-14T10:24:03.386+0000] {dagbag.py:541} INFO - Filling up the DagBag from /home/vscode/.local/lib/python3.10/site-packages/airflow/example_dags/example_latest_only_with_trigger.py
[2026-03-14T10:24:03.392+0000] {processor.py:836} INFO - DAG(s) dict_keys(['latest_only_with_trigger']) retrieved from /home/vscode/.local/lib/python3.10/site-packages/airflow/example_dags/example_latest_only_with_trigger.py
[2026-03-14T10:24:03.404+0000] {logging_mixin.py:150} INFO - [2026-03-14T10:24:03.404+0000] {dag.py:2742} INFO - Sync 1 DAGs
[2026-03-14T10:24:03.418+0000] {logging_mixin.py:150} INFO - [2026-03-14T10:24:03.418+0000] {dag.py:3504} INFO - Setting next_dagrun for latest_only_with_trigger to 2026-03-14T06:24:03.418553+00:00, run_after=2026-03-14T10:24:03.418553+00:00
[2026-03-14T10:24:03.445+0000] {processor.py:179} INFO - Processing /home/vscode/.local/lib/python3.10/site-packages/airflow/example_dags/example_latest_only_with_trigger.py took 0.063 seconds
[2026-03-14T10:25:10.492+0000] {processor.py:157} INFO - Started process (PID=41043) to work on /home/vscode/.local/lib/python3.10/site-packages/airflow/example_dags/example_latest_only_with_trigger.py
[2026-03-14T10:25:10.493+0000] {processor.py:826} INFO - Processing file /home/vscode/.local/lib/python3.10/site-packages/airflow/example_dags/example_latest_only_with_trigger.py for tasks to queue
[2026-03-14T10:25:10.494+0000] {logging_mixin.py:150} INFO - [2026-03-14T10:25:10.493+0000] {dagbag.py:541} INFO - Filling up the DagBag from /home/vscode/.local/lib/python3.10/site-packages/airflow/example_dags/example_latest_only_with_trigger.py
[2026-03-14T10:25:10.498+0000] {processor.py:836} INFO - DAG(s) dict_keys(['latest_only_with_trigger']) retrieved from /home/vscode/.local/lib/python3.10/site-packages/airflow/example_dags/example_latest_only_with_trigger.py
[2026-03-14T10:25:10.510+0000] {logging_mixin.py:150} INFO - [2026-03-14T10:25:10.510+0000] {dag.py:2742} INFO - Sync 1 DAGs
[2026-03-14T10:25:10.524+0000] {logging_mixin.py:150} INFO - [2026-03-14T10:25:10.524+0000] {dag.py:3504} INFO - Setting next_dagrun for latest_only_with_trigger to 2026-03-14T06:25:10.523906+00:00, run_after=2026-03-14T10:25:10.523906+00:00
[2026-03-14T10:25:10.540+0000] {processor.py:179} INFO - Processing /home/vscode/.local/lib/python3.10/site-packages/airflow/example_dags/example_latest_only_with_trigger.py took 0.050 seconds
[2026-03-14T10:26:19.044+0000] {processor.py:157} INFO - Started process (PID=41558) to work on /home/vscode/.local/lib/python3.10/site-packages/airflow/example_dags/example_latest_only_with_trigger.py
[2026-03-14T10:26:19.044+0000] {processor.py:826} INFO - Processing file /home/vscode/.local/lib/python3.10/site-packages/airflow/example_dags/example_latest_only_with_trigger.py for tasks to queue
[2026-03-14T10:26:19.045+0000] {logging_mixin.py:150} INFO - [2026-03-14T10:26:19.045+0000] {dagbag.py:541} INFO - Filling up the DagBag from /home/vscode/.local/lib/python3.10/site-packages/airflow/example_dags/example_latest_only_with_trigger.py
[2026-03-14T10:26:19.050+0000] {processor.py:836} INFO - DAG(s) dict_keys(['latest_only_with_trigger']) retrieved from /home/vscode/.local/lib/python3.10/site-packages/airflow/example_dags/example_latest_only_with_trigger.py
[2026-03-14T10:26:19.065+0000] {logging_mixin.py:150} INFO - [2026-03-14T10:26:19.065+0000] {dag.py:2742} INFO - Sync 1 DAGs
[2026-03-14T10:26:19.081+0000] {logging_mixin.py:150} INFO - [2026-03-14T10:26:19.080+0000] {dag.py:3504} INFO - Setting next_dagrun for latest_only_with_trigger to 2026-03-14T06:26:19.080774+00:00, run_after=2026-03-14T10:26:19.080774+00:00
[2026-03-14T10:26:19.100+0000] {processor.py:179} INFO - Processing /home/vscode/.local/lib/python3.10/site-packages/airflow/example_dags/example_latest_only_with_trigger.py took 0.058 seconds
[2026-03-14T10:27:26.309+0000] {processor.py:157} INFO - Started process (PID=42165) to work on /home/vscode/.local/lib/python3.10/site-packages/airflow/example_dags/example_latest_only_with_trigger.py
[2026-03-14T10:27:26.310+0000] {processor.py:826} INFO - Processing file /home/vscode/.local/lib/python3.10/site-packages/airflow/example_dags/example_latest_only_with_trigger.py for tasks to queue
[2026-03-14T10:27:26.311+0000] {logging_mixin.py:150} INFO - [2026-03-14T10:27:26.310+0000] {dagbag.py:541} INFO - Filling up the DagBag from /home/vscode/.local/lib/python3.10/site-packages/airflow/example_dags/example_latest_only_with_trigger.py
[2026-03-14T10:27:26.315+0000] {processor.py:836} INFO - DAG(s) dict_keys(['latest_only_with_trigger']) retrieved from /home/vscode/.local/lib/python3.10/site-packages/airflow/example_dags/example_latest_only_with_trigger.py
[2026-03-14T10:27:26.327+0000] {logging_mixin.py:150} INFO - [2026-03-14T10:27:26.327+0000] {dag.py:2742} INFO - Sync 1 DAGs
[2026-03-14T10:27:26.341+0000] {logging_mixin.py:150} INFO - [2026-03-14T10:27:26.341+0000] {dag.py:3504} INFO - Setting next_dagrun for latest_only_with_trigger to 2026-03-14T06:27:26.340845+00:00, run_after=2026-03-14T10:27:26.340845+00:00
[2026-03-14T10:27:26.360+0000] {processor.py:179} INFO - Processing /home/vscode/.local/lib/python3.10/site-packages/airflow/example_dags/example_latest_only_with_trigger.py took 0.053 seconds
[2026-03-14T10:28:35.418+0000] {processor.py:157} INFO - Started process (PID=42740) to work on /home/vscode/.local/lib/python3.10/site-packages/airflow/example_dags/example_latest_only_with_trigger.py
[2026-03-14T10:28:35.419+0000] {processor.py:826} INFO - Processing file /home/vscode/.local/lib/python3.10/site-packages/airflow/example_dags/example_latest_only_with_trigger.py for tasks to queue
[2026-03-14T10:28:35.419+0000] {logging_mixin.py:150} INFO - [2026-03-14T10:28:35.419+0000] {dagbag.py:541} INFO - Filling up the DagBag from /home/vscode/.local/lib/python3.10/site-packages/airflow/example_dags/example_latest_only_with_trigger.py
[2026-03-14T10:28:35.424+0000] {processor.py:836} INFO - DAG(s) dict_keys(['latest_only_with_trigger']) retrieved from /home/vscode/.local/lib/python3.10/site-packages/airflow/example_dags/example_latest_only_with_trigger.py
[2026-03-14T10:28:35.435+0000] {logging_mixin.py:150} INFO - [2026-03-14T10:28:35.435+0000] {dag.py:2742} INFO - Sync 1 DAGs
[2026-03-14T10:28:35.449+0000] {logging_mixin.py:150} INFO - [2026-03-14T10:28:35.449+0000] {dag.py:3504} INFO - Setting next_dagrun for latest_only_with_trigger to 2026-03-14T06:28:35.449415+00:00, run_after=2026-03-14T10:28:35.449415+00:00
[2026-03-14T10:28:35.470+0000] {processor.py:179} INFO - Processing /home/vscode/.local/lib/python3.10/site-packages/airflow/example_dags/example_latest_only_with_trigger.py took 0.054 seconds
