[2026-03-14T09:13:24.178+0000] {processor.py:157} INFO - Started process (PID=9952) to work on /home/vscode/.local/lib/python3.10/site-packages/airflow/example_dags/example_dag_decorator.py
[2026-03-14T09:13:24.179+0000] {processor.py:826} INFO - Processing file /home/vscode/.local/lib/python3.10/site-packages/airflow/example_dags/example_dag_decorator.py for tasks to queue
[2026-03-14T09:13:24.179+0000] {logging_mixin.py:150} INFO - [2026-03-14T09:13:24.179+0000] {dagbag.py:541} INFO - Filling up the DagBag from /home/vscode/.local/lib/python3.10/site-packages/airflow/example_dags/example_dag_decorator.py
[2026-03-14T09:13:24.188+0000] {processor.py:836} INFO - DAG(s) dict_keys(['example_dag_decorator']) retrieved from /home/vscode/.local/lib/python3.10/site-packages/airflow/example_dags/example_dag_decorator.py
[2026-03-14T09:13:24.267+0000] {logging_mixin.py:150} INFO - [2026-03-14T09:13:24.267+0000] {manager.py:504} INFO - Created Permission View: can delete on DAG:example_dag_decorator
[2026-03-14T09:13:24.275+0000] {logging_mixin.py:150} INFO - [2026-03-14T09:13:24.275+0000] {manager.py:504} INFO - Created Permission View: can edit on DAG:example_dag_decorator
[2026-03-14T09:13:24.281+0000] {logging_mixin.py:150} INFO - [2026-03-14T09:13:24.281+0000] {manager.py:504} INFO - Created Permission View: can read on DAG:example_dag_decorator
[2026-03-14T09:13:24.289+0000] {logging_mixin.py:150} INFO - [2026-03-14T09:13:24.289+0000] {dag.py:2742} INFO - Sync 1 DAGs
[2026-03-14T09:13:24.296+0000] {logging_mixin.py:150} INFO - [2026-03-14T09:13:24.296+0000] {dag.py:2763} INFO - Creating ORM DAG for example_dag_decorator
[2026-03-14T09:13:24.302+0000] {logging_mixin.py:150} INFO - [2026-03-14T09:13:24.302+0000] {dag.py:3504} INFO - Setting next_dagrun for example_dag_decorator to None, run_after=None
[2026-03-14T09:13:24.317+0000] {processor.py:179} INFO - Processing /home/vscode/.local/lib/python3.10/site-packages/airflow/example_dags/example_dag_decorator.py took 0.141 seconds
[2026-03-14T09:14:13.147+0000] {processor.py:157} INFO - Started process (PID=10272) to work on /home/vscode/.local/lib/python3.10/site-packages/airflow/example_dags/example_dag_decorator.py
[2026-03-14T09:14:13.147+0000] {processor.py:826} INFO - Processing file /home/vscode/.local/lib/python3.10/site-packages/airflow/example_dags/example_dag_decorator.py for tasks to queue
[2026-03-14T09:14:13.148+0000] {logging_mixin.py:150} INFO - [2026-03-14T09:14:13.148+0000] {dagbag.py:541} INFO - Filling up the DagBag from /home/vscode/.local/lib/python3.10/site-packages/airflow/example_dags/example_dag_decorator.py
[2026-03-14T09:14:13.156+0000] {processor.py:836} INFO - DAG(s) dict_keys(['example_dag_decorator']) retrieved from /home/vscode/.local/lib/python3.10/site-packages/airflow/example_dags/example_dag_decorator.py
[2026-03-14T09:14:13.230+0000] {logging_mixin.py:150} INFO - [2026-03-14T09:14:13.230+0000] {dag.py:2742} INFO - Sync 1 DAGs
[2026-03-14T09:14:13.242+0000] {logging_mixin.py:150} INFO - [2026-03-14T09:14:13.242+0000] {dag.py:3504} INFO - Setting next_dagrun for example_dag_decorator to None, run_after=None
[2026-03-14T09:14:13.257+0000] {processor.py:179} INFO - Processing /home/vscode/.local/lib/python3.10/site-packages/airflow/example_dags/example_dag_decorator.py took 0.113 seconds
[2026-03-14T09:15:01.021+0000] {processor.py:157} INFO - Started process (PID=10602) to work on /home/vscode/.local/lib/python3.10/site-packages/airflow/example_dags/example_dag_decorator.py
[2026-03-14T09:15:01.021+0000] {processor.py:826} INFO - Processing file /home/vscode/.local/lib/python3.10/site-packages/airflow/example_dags/example_dag_decorator.py for tasks to queue
[2026-03-14T09:15:01.022+0000] {logging_mixin.py:150} INFO - [2026-03-14T09:15:01.022+0000] {dagbag.py:541} INFO - Filling up the DagBag from /home/vscode/.local/lib/python3.10/site-packages/airflow/example_dags/example_dag_decorator.py
[2026-03-14T09:15:01.030+0000] {processor.py:836} INFO - DAG(s) dict_keys(['example_dag_decorator']) retrieved from /home/vscode/.local/lib/python3.10/site-packages/airflow/example_dags/example_dag_decorator.py
[2026-03-14T09:15:01.104+0000] {logging_mixin.py:150} INFO - [2026-03-14T09:15:01.104+0000] {dag.py:2742} INFO - Sync 1 DAGs
[2026-03-14T09:15:01.116+0000] {logging_mixin.py:150} INFO - [2026-03-14T09:15:01.116+0000] {dag.py:3504} INFO - Setting next_dagrun for example_dag_decorator to None, run_after=None
[2026-03-14T09:15:01.135+0000] {processor.py:179} INFO - Processing /home/vscode/.local/lib/python3.10/site-packages/airflow/example_dags/example_dag_decorator.py took 0.116 seconds
[2026-03-14T09:15:49.611+0000] {processor.py:157} INFO - Started process (PID=10956) to work on /home/vscode/.local/lib/python3.10/site-packages/airflow/example_dags/example_dag_decorator.py
[2026-03-14T09:15:49.612+0000] {processor.py:826} INFO - Processing file /home/vscode/.local/lib/python3.10/site-packages/airflow/example_dags/example_dag_decorator.py for tasks to queue
[2026-03-14T09:15:49.613+0000] {logging_mixin.py:150} INFO - [2026-03-14T09:15:49.613+0000] {dagbag.py:541} INFO - Filling up the DagBag from /home/vscode/.local/lib/python3.10/site-packages/airflow/example_dags/example_dag_decorator.py
[2026-03-14T09:15:49.622+0000] {processor.py:836} INFO - DAG(s) dict_keys(['example_dag_decorator']) retrieved from /home/vscode/.local/lib/python3.10/site-packages/airflow/example_dags/example_dag_decorator.py
[2026-03-14T09:15:49.699+0000] {logging_mixin.py:150} INFO - [2026-03-14T09:15:49.699+0000] {dag.py:2742} INFO - Sync 1 DAGs
[2026-03-14T09:15:49.711+0000] {logging_mixin.py:150} INFO - [2026-03-14T09:15:49.711+0000] {dag.py:3504} INFO - Setting next_dagrun for example_dag_decorator to None, run_after=None
[2026-03-14T09:15:49.728+0000] {processor.py:179} INFO - Processing /home/vscode/.local/lib/python3.10/site-packages/airflow/example_dags/example_dag_decorator.py took 0.119 seconds
[2026-03-14T09:16:36.589+0000] {processor.py:157} INFO - Started process (PID=11343) to work on /home/vscode/.local/lib/python3.10/site-packages/airflow/example_dags/example_dag_decorator.py
[2026-03-14T09:16:36.590+0000] {processor.py:826} INFO - Processing file /home/vscode/.local/lib/python3.10/site-packages/airflow/example_dags/example_dag_decorator.py for tasks to queue
[2026-03-14T09:16:36.590+0000] {logging_mixin.py:150} INFO - [2026-03-14T09:16:36.590+0000] {dagbag.py:541} INFO - Filling up the DagBag from /home/vscode/.local/lib/python3.10/site-packages/airflow/example_dags/example_dag_decorator.py
[2026-03-14T09:16:36.599+0000] {processor.py:836} INFO - DAG(s) dict_keys(['example_dag_decorator']) retrieved from /home/vscode/.local/lib/python3.10/site-packages/airflow/example_dags/example_dag_decorator.py
[2026-03-14T09:16:36.678+0000] {logging_mixin.py:150} INFO - [2026-03-14T09:16:36.678+0000] {dag.py:2742} INFO - Sync 1 DAGs
[2026-03-14T09:16:36.692+0000] {logging_mixin.py:150} INFO - [2026-03-14T09:16:36.692+0000] {dag.py:3504} INFO - Setting next_dagrun for example_dag_decorator to None, run_after=None
[2026-03-14T09:16:36.707+0000] {processor.py:179} INFO - Processing /home/vscode/.local/lib/python3.10/site-packages/airflow/example_dags/example_dag_decorator.py took 0.120 seconds
[2026-03-14T09:17:19.233+0000] {processor.py:157} INFO - Started process (PID=11630) to work on /home/vscode/.local/lib/python3.10/site-packages/airflow/example_dags/example_dag_decorator.py
[2026-03-14T09:17:19.234+0000] {processor.py:826} INFO - Processing file /home/vscode/.local/lib/python3.10/site-packages/airflow/example_dags/example_dag_decorator.py for tasks to queue
[2026-03-14T09:17:19.234+0000] {logging_mixin.py:150} INFO - [2026-03-14T09:17:19.234+0000] {dagbag.py:541} INFO - Filling up the DagBag from /home/vscode/.local/lib/python3.10/site-packages/airflow/example_dags/example_dag_decorator.py
[2026-03-14T09:17:19.243+0000] {processor.py:836} INFO - DAG(s) dict_keys(['example_dag_decorator']) retrieved from /home/vscode/.local/lib/python3.10/site-packages/airflow/example_dags/example_dag_decorator.py
[2026-03-14T09:17:19.319+0000] {logging_mixin.py:150} INFO - [2026-03-14T09:17:19.319+0000] {dag.py:2742} INFO - Sync 1 DAGs
[2026-03-14T09:17:19.332+0000] {logging_mixin.py:150} INFO - [2026-03-14T09:17:19.332+0000] {dag.py:3504} INFO - Setting next_dagrun for example_dag_decorator to None, run_after=None
[2026-03-14T09:17:19.347+0000] {processor.py:179} INFO - Processing /home/vscode/.local/lib/python3.10/site-packages/airflow/example_dags/example_dag_decorator.py took 0.116 seconds
[2026-03-14T09:18:08.153+0000] {processor.py:157} INFO - Started process (PID=12062) to work on /home/vscode/.local/lib/python3.10/site-packages/airflow/example_dags/example_dag_decorator.py
[2026-03-14T09:18:08.154+0000] {processor.py:826} INFO - Processing file /home/vscode/.local/lib/python3.10/site-packages/airflow/example_dags/example_dag_decorator.py for tasks to queue
[2026-03-14T09:18:08.154+0000] {logging_mixin.py:150} INFO - [2026-03-14T09:18:08.154+0000] {dagbag.py:541} INFO - Filling up the DagBag from /home/vscode/.local/lib/python3.10/site-packages/airflow/example_dags/example_dag_decorator.py
[2026-03-14T09:18:08.163+0000] {processor.py:836} INFO - DAG(s) dict_keys(['example_dag_decorator']) retrieved from /home/vscode/.local/lib/python3.10/site-packages/airflow/example_dags/example_dag_decorator.py
[2026-03-14T09:18:08.239+0000] {logging_mixin.py:150} INFO - [2026-03-14T09:18:08.238+0000] {dag.py:2742} INFO - Sync 1 DAGs
[2026-03-14T09:18:08.251+0000] {logging_mixin.py:150} INFO - [2026-03-14T09:18:08.251+0000] {dag.py:3504} INFO - Setting next_dagrun for example_dag_decorator to None, run_after=None
[2026-03-14T09:18:08.267+0000] {processor.py:179} INFO - Processing /home/vscode/.local/lib/python3.10/site-packages/airflow/example_dags/example_dag_decorator.py took 0.116 seconds
[2026-03-14T09:18:50.741+0000] {processor.py:157} INFO - Started process (PID=12342) to work on /home/vscode/.local/lib/python3.10/site-packages/airflow/example_dags/example_dag_decorator.py
[2026-03-14T09:18:50.741+0000] {processor.py:826} INFO - Processing file /home/vscode/.local/lib/python3.10/site-packages/airflow/example_dags/example_dag_decorator.py for tasks to queue
[2026-03-14T09:18:50.742+0000] {logging_mixin.py:150} INFO - [2026-03-14T09:18:50.742+0000] {dagbag.py:541} INFO - Filling up the DagBag from /home/vscode/.local/lib/python3.10/site-packages/airflow/example_dags/example_dag_decorator.py
[2026-03-14T09:18:50.750+0000] {processor.py:836} INFO - DAG(s) dict_keys(['example_dag_decorator']) retrieved from /home/vscode/.local/lib/python3.10/site-packages/airflow/example_dags/example_dag_decorator.py
[2026-03-14T09:18:50.828+0000] {logging_mixin.py:150} INFO - [2026-03-14T09:18:50.828+0000] {dag.py:2742} INFO - Sync 1 DAGs
[2026-03-14T09:18:50.840+0000] {logging_mixin.py:150} INFO - [2026-03-14T09:18:50.840+0000] {dag.py:3504} INFO - Setting next_dagrun for example_dag_decorator to None, run_after=None
[2026-03-14T09:18:50.856+0000] {processor.py:179} INFO - Processing /home/vscode/.local/lib/python3.10/site-packages/airflow/example_dags/example_dag_decorator.py took 0.117 seconds
[2026-03-14T09:19:34.884+0000] {processor.py:157} INFO - Started process (PID=12636) to work on /home/vscode/.local/lib/python3.10/site-packages/airflow/example_dags/example_dag_decorator.py
[2026-03-14T09:19:34.884+0000] {processor.py:826} INFO - Processing file /home/vscode/.local/lib/python3.10/site-packages/airflow/example_dags/example_dag_decorator.py for tasks to queue
[2026-03-14T09:19:34.885+0000] {logging_mixin.py:150} INFO - [2026-03-14T09:19:34.884+0000] {dagbag.py:541} INFO - Filling up the DagBag from /home/vscode/.local/lib/python3.10/site-packages/airflow/example_dags/example_dag_decorator.py
[2026-03-14T09:19:34.893+0000] {processor.py:836} INFO - DAG(s) dict_keys(['example_dag_decorator']) retrieved from /home/vscode/.local/lib/python3.10/site-packages/airflow/example_dags/example_dag_decorator.py
[2026-03-14T09:19:34.968+0000] {logging_mixin.py:150} INFO - [2026-03-14T09:19:34.968+0000] {dag.py:2742} INFO - Sync 1 DAGs
[2026-03-14T09:19:34.981+0000] {logging_mixin.py:150} INFO - [2026-03-14T09:19:34.981+0000] {dag.py:3504} INFO - Setting next_dagrun for example_dag_decorator to None, run_after=None
[2026-03-14T09:19:34.997+0000] {processor.py:179} INFO - Processing /home/vscode/.local/lib/python3.10/site-packages/airflow/example_dags/example_dag_decorator.py took 0.116 seconds
[2026-03-14T09:20:22.253+0000] {processor.py:157} INFO - Started process (PID=12949) to work on /home/vscode/.local/lib/python3.10/site-packages/airflow/example_dags/example_dag_decorator.py
[2026-03-14T09:20:22.254+0000] {processor.py:826} INFO - Processing file /home/vscode/.local/lib/python3.10/site-packages/airflow/example_dags/example_dag_decorator.py for tasks to queue
[2026-03-14T09:20:22.254+0000] {logging_mixin.py:150} INFO - [2026-03-14T09:20:22.254+0000] {dagbag.py:541} INFO - Filling up the DagBag from /home/vscode/.local/lib/python3.10/site-packages/airflow/example_dags/example_dag_decorator.py
[2026-03-14T09:20:22.263+0000] {processor.py:836} INFO - DAG(s) dict_keys(['example_dag_decorator']) retrieved from /home/vscode/.local/lib/python3.10/site-packages/airflow/example_dags/example_dag_decorator.py
[2026-03-14T09:20:22.336+0000] {logging_mixin.py:150} INFO - [2026-03-14T09:20:22.336+0000] {dag.py:2742} INFO - Sync 1 DAGs
[2026-03-14T09:20:22.348+0000] {logging_mixin.py:150} INFO - [2026-03-14T09:20:22.348+0000] {dag.py:3504} INFO - Setting next_dagrun for example_dag_decorator to None, run_after=None
[2026-03-14T09:20:22.364+0000] {processor.py:179} INFO - Processing /home/vscode/.local/lib/python3.10/site-packages/airflow/example_dags/example_dag_decorator.py took 0.113 seconds
[2026-03-14T09:21:12.009+0000] {processor.py:157} INFO - Started process (PID=13283) to work on /home/vscode/.local/lib/python3.10/site-packages/airflow/example_dags/example_dag_decorator.py
[2026-03-14T09:21:12.010+0000] {processor.py:826} INFO - Processing file /home/vscode/.local/lib/python3.10/site-packages/airflow/example_dags/example_dag_decorator.py for tasks to queue
[2026-03-14T09:21:12.011+0000] {logging_mixin.py:150} INFO - [2026-03-14T09:21:12.010+0000] {dagbag.py:541} INFO - Filling up the DagBag from /home/vscode/.local/lib/python3.10/site-packages/airflow/example_dags/example_dag_decorator.py
[2026-03-14T09:21:12.024+0000] {processor.py:836} INFO - DAG(s) dict_keys(['example_dag_decorator']) retrieved from /home/vscode/.local/lib/python3.10/site-packages/airflow/example_dags/example_dag_decorator.py
[2026-03-14T09:21:12.121+0000] {logging_mixin.py:150} INFO - [2026-03-14T09:21:12.120+0000] {dag.py:2742} INFO - Sync 1 DAGs
[2026-03-14T09:21:12.141+0000] {logging_mixin.py:150} INFO - [2026-03-14T09:21:12.141+0000] {dag.py:3504} INFO - Setting next_dagrun for example_dag_decorator to None, run_after=None
[2026-03-14T09:21:12.174+0000] {processor.py:179} INFO - Processing /home/vscode/.local/lib/python3.10/site-packages/airflow/example_dags/example_dag_decorator.py took 0.167 seconds
[2026-03-14T09:21:57.102+0000] {processor.py:157} INFO - Started process (PID=13585) to work on /home/vscode/.local/lib/python3.10/site-packages/airflow/example_dags/example_dag_decorator.py
[2026-03-14T09:21:57.102+0000] {processor.py:826} INFO - Processing file /home/vscode/.local/lib/python3.10/site-packages/airflow/example_dags/example_dag_decorator.py for tasks to queue
[2026-03-14T09:21:57.103+0000] {logging_mixin.py:150} INFO - [2026-03-14T09:21:57.103+0000] {dagbag.py:541} INFO - Filling up the DagBag from /home/vscode/.local/lib/python3.10/site-packages/airflow/example_dags/example_dag_decorator.py
[2026-03-14T09:21:57.111+0000] {processor.py:836} INFO - DAG(s) dict_keys(['example_dag_decorator']) retrieved from /home/vscode/.local/lib/python3.10/site-packages/airflow/example_dags/example_dag_decorator.py
[2026-03-14T09:21:57.185+0000] {logging_mixin.py:150} INFO - [2026-03-14T09:21:57.185+0000] {dag.py:2742} INFO - Sync 1 DAGs
[2026-03-14T09:21:57.197+0000] {logging_mixin.py:150} INFO - [2026-03-14T09:21:57.197+0000] {dag.py:3504} INFO - Setting next_dagrun for example_dag_decorator to None, run_after=None
[2026-03-14T09:21:57.213+0000] {processor.py:179} INFO - Processing /home/vscode/.local/lib/python3.10/site-packages/airflow/example_dags/example_dag_decorator.py took 0.113 seconds
[2026-03-14T09:22:43.407+0000] {processor.py:157} INFO - Started process (PID=13892) to work on /home/vscode/.local/lib/python3.10/site-packages/airflow/example_dags/example_dag_decorator.py
[2026-03-14T09:22:43.408+0000] {processor.py:826} INFO - Processing file /home/vscode/.local/lib/python3.10/site-packages/airflow/example_dags/example_dag_decorator.py for tasks to queue
[2026-03-14T09:22:43.408+0000] {logging_mixin.py:150} INFO - [2026-03-14T09:22:43.408+0000] {dagbag.py:541} INFO - Filling up the DagBag from /home/vscode/.local/lib/python3.10/site-packages/airflow/example_dags/example_dag_decorator.py
[2026-03-14T09:22:43.417+0000] {processor.py:836} INFO - DAG(s) dict_keys(['example_dag_decorator']) retrieved from /home/vscode/.local/lib/python3.10/site-packages/airflow/example_dags/example_dag_decorator.py
[2026-03-14T09:22:43.493+0000] {logging_mixin.py:150} INFO - [2026-03-14T09:22:43.492+0000] {dag.py:2742} INFO - Sync 1 DAGs
[2026-03-14T09:22:43.506+0000] {logging_mixin.py:150} INFO - [2026-03-14T09:22:43.505+0000] {dag.py:3504} INFO - Setting next_dagrun for example_dag_decorator to None, run_after=None
[2026-03-14T09:22:43.521+0000] {processor.py:179} INFO - Processing /home/vscode/.local/lib/python3.10/site-packages/airflow/example_dags/example_dag_decorator.py took 0.116 seconds
[2026-03-14T09:23:38.258+0000] {processor.py:157} INFO - Started process (PID=14277) to work on /home/vscode/.local/lib/python3.10/site-packages/airflow/example_dags/example_dag_decorator.py
[2026-03-14T09:23:38.258+0000] {processor.py:826} INFO - Processing file /home/vscode/.local/lib/python3.10/site-packages/airflow/example_dags/example_dag_decorator.py for tasks to queue
[2026-03-14T09:23:38.259+0000] {logging_mixin.py:150} INFO - [2026-03-14T09:23:38.259+0000] {dagbag.py:541} INFO - Filling up the DagBag from /home/vscode/.local/lib/python3.10/site-packages/airflow/example_dags/example_dag_decorator.py
[2026-03-14T09:23:38.267+0000] {processor.py:836} INFO - DAG(s) dict_keys(['example_dag_decorator']) retrieved from /home/vscode/.local/lib/python3.10/site-packages/airflow/example_dags/example_dag_decorator.py
[2026-03-14T09:23:38.344+0000] {logging_mixin.py:150} INFO - [2026-03-14T09:23:38.343+0000] {dag.py:2742} INFO - Sync 1 DAGs
[2026-03-14T09:23:38.356+0000] {logging_mixin.py:150} INFO - [2026-03-14T09:23:38.356+0000] {dag.py:3504} INFO - Setting next_dagrun for example_dag_decorator to None, run_after=None
[2026-03-14T09:23:38.371+0000] {processor.py:179} INFO - Processing /home/vscode/.local/lib/python3.10/site-packages/airflow/example_dags/example_dag_decorator.py took 0.115 seconds
[2026-03-14T09:24:26.710+0000] {processor.py:157} INFO - Started process (PID=14598) to work on /home/vscode/.local/lib/python3.10/site-packages/airflow/example_dags/example_dag_decorator.py
[2026-03-14T09:24:26.711+0000] {processor.py:826} INFO - Processing file /home/vscode/.local/lib/python3.10/site-packages/airflow/example_dags/example_dag_decorator.py for tasks to queue
[2026-03-14T09:24:26.711+0000] {logging_mixin.py:150} INFO - [2026-03-14T09:24:26.711+0000] {dagbag.py:541} INFO - Filling up the DagBag from /home/vscode/.local/lib/python3.10/site-packages/airflow/example_dags/example_dag_decorator.py
[2026-03-14T09:24:26.721+0000] {processor.py:836} INFO - DAG(s) dict_keys(['example_dag_decorator']) retrieved from /home/vscode/.local/lib/python3.10/site-packages/airflow/example_dags/example_dag_decorator.py
[2026-03-14T09:24:26.797+0000] {logging_mixin.py:150} INFO - [2026-03-14T09:24:26.797+0000] {dag.py:2742} INFO - Sync 1 DAGs
[2026-03-14T09:24:26.809+0000] {logging_mixin.py:150} INFO - [2026-03-14T09:24:26.809+0000] {dag.py:3504} INFO - Setting next_dagrun for example_dag_decorator to None, run_after=None
[2026-03-14T09:24:26.825+0000] {processor.py:179} INFO - Processing /home/vscode/.local/lib/python3.10/site-packages/airflow/example_dags/example_dag_decorator.py took 0.117 seconds
