[2026-03-14T09:13:10.620+0000] {processor.py:157} INFO - Started process (PID=9852) to work on /home/vscode/.local/lib/python3.10/site-packages/airflow/example_dags/example_sensor_decorator.py
[2026-03-14T09:13:10.620+0000] {processor.py:826} INFO - Processing file /home/vscode/.local/lib/python3.10/site-packages/airflow/example_dags/example_sensor_decorator.py for tasks to queue
[2026-03-14T09:13:10.621+0000] {logging_mixin.py:150} INFO - [2026-03-14T09:13:10.620+0000] {dagbag.py:541} INFO - Filling up the DagBag from /home/vscode/.local/lib/python3.10/site-packages/airflow/example_dags/example_sensor_decorator.py
[2026-03-14T09:13:10.625+0000] {processor.py:836} INFO - DAG(s) dict_keys(['example_sensor_decorator']) retrieved from /home/vscode/.local/lib/python3.10/site-packages/airflow/example_dags/example_sensor_decorator.py
[2026-03-14T09:13:10.719+0000] {logging_mixin.py:150} INFO - [2026-03-14T09:13:10.719+0000] {manager.py:504} INFO - Created Permission View: can delete on DAG:example_sensor_decorator
[2026-03-14T09:13:10.730+0000] {logging_mixin.py:150} INFO - [2026-03-14T09:13:10.730+0000] {manager.py:504} INFO - Created Permission View: can edit on DAG:example_sensor_decorator
[2026-03-14T09:13:10.738+0000] {logging_mixin.py:150} INFO - [2026-03-14T09:13:10.738+0000] {manager.py:504} INFO - Created Permission View: can read on DAG:example_sensor_decorator
[2026-03-14T09:13:10.746+0000] {logging_mixin.py:150} INFO - [2026-03-14T09:13:10.746+0000] {dag.py:2742} INFO - Sync 1 DAGs
[2026-03-14T09:13:10.752+0000] {logging_mixin.py:150} INFO - [2026-03-14T09:13:10.752+0000] {dag.py:2763} INFO - Creating ORM DAG for example_sensor_decorator
[2026-03-14T09:13:10.758+0000] {logging_mixin.py:150} INFO - [2026-03-14T09:13:10.758+0000] {dag.py:3504} INFO - Setting next_dagrun for example_sensor_decorator to None, run_after=None
[2026-03-14T09:13:10.774+0000] {processor.py:179} INFO - Processing /home/vscode/.local/lib/python3.10/site-packages/airflow/example_dags/example_sensor_decorator.py took 0.156 seconds
[2026-03-14T09:13:55.823+0000] {processor.py:157} INFO - Started process (PID=10165) to work on /home/vscode/.local/lib/python3.10/site-packages/airflow/example_dags/example_sensor_decorator.py
[2026-03-14T09:13:55.824+0000] {processor.py:826} INFO - Processing file /home/vscode/.local/lib/python3.10/site-packages/airflow/example_dags/example_sensor_decorator.py for tasks to queue
[2026-03-14T09:13:55.825+0000] {logging_mixin.py:150} INFO - [2026-03-14T09:13:55.824+0000] {dagbag.py:541} INFO - Filling up the DagBag from /home/vscode/.local/lib/python3.10/site-packages/airflow/example_dags/example_sensor_decorator.py
[2026-03-14T09:13:55.829+0000] {processor.py:836} INFO - DAG(s) dict_keys(['example_sensor_decorator']) retrieved from /home/vscode/.local/lib/python3.10/site-packages/airflow/example_dags/example_sensor_decorator.py
[2026-03-14T09:13:55.842+0000] {logging_mixin.py:150} INFO - [2026-03-14T09:13:55.841+0000] {dag.py:2742} INFO - Sync 1 DAGs
[2026-03-14T09:13:55.859+0000] {logging_mixin.py:150} INFO - [2026-03-14T09:13:55.859+0000] {dag.py:3504} INFO - Setting next_dagrun for example_sensor_decorator to None, run_after=None
[2026-03-14T09:13:55.874+0000] {processor.py:179} INFO - Processing /home/vscode/.local/lib/python3.10/site-packages/airflow/example_dags/example_sensor_decorator.py took 0.053 seconds
[2026-03-14T09:14:44.757+0000] {processor.py:157} INFO - Started process (PID=10491) to work on /home/vscode/.local/lib/python3.10/site-packages/airflow/example_dags/example_sensor_decorator.py
[2026-03-14T09:14:44.758+0000] {processor.py:826} INFO - Processing file /home/vscode/.local/lib/python3.10/site-packages/airflow/example_dags/example_sensor_decorator.py for tasks to queue
[2026-03-14T09:14:44.758+0000] {logging_mixin.py:150} INFO - [2026-03-14T09:14:44.758+0000] {dagbag.py:541} INFO - Filling up the DagBag from /home/vscode/.local/lib/python3.10/site-packages/airflow/example_dags/example_sensor_decorator.py
[2026-03-14T09:14:44.763+0000] {processor.py:836} INFO - DAG(s) dict_keys(['example_sensor_decorator']) retrieved from /home/vscode/.local/lib/python3.10/site-packages/airflow/example_dags/example_sensor_decorator.py
[2026-03-14T09:14:44.774+0000] {logging_mixin.py:150} INFO - [2026-03-14T09:14:44.774+0000] {dag.py:2742} INFO - Sync 1 DAGs
[2026-03-14T09:14:44.788+0000] {logging_mixin.py:150} INFO - [2026-03-14T09:14:44.788+0000] {dag.py:3504} INFO - Setting next_dagrun for example_sensor_decorator to None, run_after=None
[2026-03-14T09:14:44.804+0000] {processor.py:179} INFO - Processing /home/vscode/.local/lib/python3.10/site-packages/airflow/example_dags/example_sensor_decorator.py took 0.049 seconds
[2026-03-14T09:15:31.423+0000] {processor.py:157} INFO - Started process (PID=10812) to work on /home/vscode/.local/lib/python3.10/site-packages/airflow/example_dags/example_sensor_decorator.py
[2026-03-14T09:15:31.423+0000] {processor.py:826} INFO - Processing file /home/vscode/.local/lib/python3.10/site-packages/airflow/example_dags/example_sensor_decorator.py for tasks to queue
[2026-03-14T09:15:31.424+0000] {logging_mixin.py:150} INFO - [2026-03-14T09:15:31.424+0000] {dagbag.py:541} INFO - Filling up the DagBag from /home/vscode/.local/lib/python3.10/site-packages/airflow/example_dags/example_sensor_decorator.py
[2026-03-14T09:15:31.428+0000] {processor.py:836} INFO - DAG(s) dict_keys(['example_sensor_decorator']) retrieved from /home/vscode/.local/lib/python3.10/site-packages/airflow/example_dags/example_sensor_decorator.py
[2026-03-14T09:15:31.439+0000] {logging_mixin.py:150} INFO - [2026-03-14T09:15:31.439+0000] {dag.py:2742} INFO - Sync 1 DAGs
[2026-03-14T09:15:31.452+0000] {logging_mixin.py:150} INFO - [2026-03-14T09:15:31.452+0000] {dag.py:3504} INFO - Setting next_dagrun for example_sensor_decorator to None, run_after=None
[2026-03-14T09:15:31.467+0000] {processor.py:179} INFO - Processing /home/vscode/.local/lib/python3.10/site-packages/airflow/example_dags/example_sensor_decorator.py took 0.047 seconds
[2026-03-14T09:16:17.960+0000] {processor.py:157} INFO - Started process (PID=11220) to work on /home/vscode/.local/lib/python3.10/site-packages/airflow/example_dags/example_sensor_decorator.py
[2026-03-14T09:16:17.965+0000] {processor.py:826} INFO - Processing file /home/vscode/.local/lib/python3.10/site-packages/airflow/example_dags/example_sensor_decorator.py for tasks to queue
[2026-03-14T09:16:17.968+0000] {logging_mixin.py:150} INFO - [2026-03-14T09:16:17.968+0000] {dagbag.py:541} INFO - Filling up the DagBag from /home/vscode/.local/lib/python3.10/site-packages/airflow/example_dags/example_sensor_decorator.py
[2026-03-14T09:16:17.992+0000] {processor.py:836} INFO - DAG(s) dict_keys(['example_sensor_decorator']) retrieved from /home/vscode/.local/lib/python3.10/site-packages/airflow/example_dags/example_sensor_decorator.py
[2026-03-14T09:16:18.184+0000] {logging_mixin.py:150} INFO - [2026-03-14T09:16:18.184+0000] {dag.py:2742} INFO - Sync 1 DAGs
[2026-03-14T09:16:18.381+0000] {logging_mixin.py:150} INFO - [2026-03-14T09:16:18.381+0000] {dag.py:3504} INFO - Setting next_dagrun for example_sensor_decorator to None, run_after=None
[2026-03-14T09:16:18.468+0000] {processor.py:179} INFO - Processing /home/vscode/.local/lib/python3.10/site-packages/airflow/example_dags/example_sensor_decorator.py took 0.516 seconds
[2026-03-14T09:17:02.285+0000] {processor.py:157} INFO - Started process (PID=11518) to work on /home/vscode/.local/lib/python3.10/site-packages/airflow/example_dags/example_sensor_decorator.py
[2026-03-14T09:17:02.285+0000] {processor.py:826} INFO - Processing file /home/vscode/.local/lib/python3.10/site-packages/airflow/example_dags/example_sensor_decorator.py for tasks to queue
[2026-03-14T09:17:02.286+0000] {logging_mixin.py:150} INFO - [2026-03-14T09:17:02.286+0000] {dagbag.py:541} INFO - Filling up the DagBag from /home/vscode/.local/lib/python3.10/site-packages/airflow/example_dags/example_sensor_decorator.py
[2026-03-14T09:17:02.290+0000] {processor.py:836} INFO - DAG(s) dict_keys(['example_sensor_decorator']) retrieved from /home/vscode/.local/lib/python3.10/site-packages/airflow/example_dags/example_sensor_decorator.py
[2026-03-14T09:17:02.301+0000] {logging_mixin.py:150} INFO - [2026-03-14T09:17:02.301+0000] {dag.py:2742} INFO - Sync 1 DAGs
[2026-03-14T09:17:02.314+0000] {logging_mixin.py:150} INFO - [2026-03-14T09:17:02.314+0000] {dag.py:3504} INFO - Setting next_dagrun for example_sensor_decorator to None, run_after=None
[2026-03-14T09:17:02.330+0000] {processor.py:179} INFO - Processing /home/vscode/.local/lib/python3.10/site-packages/airflow/example_dags/example_sensor_decorator.py took 0.048 seconds
[2026-03-14T09:17:47.702+0000] {processor.py:157} INFO - Started process (PID=11839) to work on /home/vscode/.local/lib/python3.10/site-packages/airflow/example_dags/example_sensor_decorator.py
[2026-03-14T09:17:47.702+0000] {processor.py:826} INFO - Processing file /home/vscode/.local/lib/python3.10/site-packages/airflow/example_dags/example_sensor_decorator.py for tasks to queue
[2026-03-14T09:17:47.703+0000] {logging_mixin.py:150} INFO - [2026-03-14T09:17:47.703+0000] {dagbag.py:541} INFO - Filling up the DagBag from /home/vscode/.local/lib/python3.10/site-packages/airflow/example_dags/example_sensor_decorator.py
[2026-03-14T09:17:47.707+0000] {processor.py:836} INFO - DAG(s) dict_keys(['example_sensor_decorator']) retrieved from /home/vscode/.local/lib/python3.10/site-packages/airflow/example_dags/example_sensor_decorator.py
[2026-03-14T09:17:47.720+0000] {logging_mixin.py:150} INFO - [2026-03-14T09:17:47.720+0000] {dag.py:2742} INFO - Sync 1 DAGs
[2026-03-14T09:17:47.736+0000] {logging_mixin.py:150} INFO - [2026-03-14T09:17:47.736+0000] {dag.py:3504} INFO - Setting next_dagrun for example_sensor_decorator to None, run_after=None
[2026-03-14T09:17:47.760+0000] {processor.py:179} INFO - Processing /home/vscode/.local/lib/python3.10/site-packages/airflow/example_dags/example_sensor_decorator.py took 0.061 seconds
[2026-03-14T09:18:32.759+0000] {processor.py:157} INFO - Started process (PID=12221) to work on /home/vscode/.local/lib/python3.10/site-packages/airflow/example_dags/example_sensor_decorator.py
[2026-03-14T09:18:32.760+0000] {processor.py:826} INFO - Processing file /home/vscode/.local/lib/python3.10/site-packages/airflow/example_dags/example_sensor_decorator.py for tasks to queue
[2026-03-14T09:18:32.761+0000] {logging_mixin.py:150} INFO - [2026-03-14T09:18:32.761+0000] {dagbag.py:541} INFO - Filling up the DagBag from /home/vscode/.local/lib/python3.10/site-packages/airflow/example_dags/example_sensor_decorator.py
[2026-03-14T09:18:32.768+0000] {processor.py:836} INFO - DAG(s) dict_keys(['example_sensor_decorator']) retrieved from /home/vscode/.local/lib/python3.10/site-packages/airflow/example_dags/example_sensor_decorator.py
[2026-03-14T09:18:32.785+0000] {logging_mixin.py:150} INFO - [2026-03-14T09:18:32.784+0000] {dag.py:2742} INFO - Sync 1 DAGs
[2026-03-14T09:18:32.809+0000] {logging_mixin.py:150} INFO - [2026-03-14T09:18:32.809+0000] {dag.py:3504} INFO - Setting next_dagrun for example_sensor_decorator to None, run_after=None
[2026-03-14T09:18:32.834+0000] {processor.py:179} INFO - Processing /home/vscode/.local/lib/python3.10/site-packages/airflow/example_dags/example_sensor_decorator.py took 0.078 seconds
[2026-03-14T09:19:16.043+0000] {processor.py:157} INFO - Started process (PID=12510) to work on /home/vscode/.local/lib/python3.10/site-packages/airflow/example_dags/example_sensor_decorator.py
[2026-03-14T09:19:16.044+0000] {processor.py:826} INFO - Processing file /home/vscode/.local/lib/python3.10/site-packages/airflow/example_dags/example_sensor_decorator.py for tasks to queue
[2026-03-14T09:19:16.045+0000] {logging_mixin.py:150} INFO - [2026-03-14T09:19:16.044+0000] {dagbag.py:541} INFO - Filling up the DagBag from /home/vscode/.local/lib/python3.10/site-packages/airflow/example_dags/example_sensor_decorator.py
[2026-03-14T09:19:16.054+0000] {processor.py:836} INFO - DAG(s) dict_keys(['example_sensor_decorator']) retrieved from /home/vscode/.local/lib/python3.10/site-packages/airflow/example_dags/example_sensor_decorator.py
[2026-03-14T09:19:16.074+0000] {logging_mixin.py:150} INFO - [2026-03-14T09:19:16.074+0000] {dag.py:2742} INFO - Sync 1 DAGs
[2026-03-14T09:19:16.106+0000] {logging_mixin.py:150} INFO - [2026-03-14T09:19:16.106+0000] {dag.py:3504} INFO - Setting next_dagrun for example_sensor_decorator to None, run_after=None
[2026-03-14T09:19:16.120+0000] {processor.py:179} INFO - Processing /home/vscode/.local/lib/python3.10/site-packages/airflow/example_dags/example_sensor_decorator.py took 0.081 seconds
[2026-03-14T09:19:58.879+0000] {processor.py:157} INFO - Started process (PID=12797) to work on /home/vscode/.local/lib/python3.10/site-packages/airflow/example_dags/example_sensor_decorator.py
[2026-03-14T09:19:58.879+0000] {processor.py:826} INFO - Processing file /home/vscode/.local/lib/python3.10/site-packages/airflow/example_dags/example_sensor_decorator.py for tasks to queue
[2026-03-14T09:19:58.880+0000] {logging_mixin.py:150} INFO - [2026-03-14T09:19:58.880+0000] {dagbag.py:541} INFO - Filling up the DagBag from /home/vscode/.local/lib/python3.10/site-packages/airflow/example_dags/example_sensor_decorator.py
[2026-03-14T09:19:58.884+0000] {processor.py:836} INFO - DAG(s) dict_keys(['example_sensor_decorator']) retrieved from /home/vscode/.local/lib/python3.10/site-packages/airflow/example_dags/example_sensor_decorator.py
[2026-03-14T09:19:58.895+0000] {logging_mixin.py:150} INFO - [2026-03-14T09:19:58.895+0000] {dag.py:2742} INFO - Sync 1 DAGs
[2026-03-14T09:19:58.909+0000] {logging_mixin.py:150} INFO - [2026-03-14T09:19:58.909+0000] {dag.py:3504} INFO - Setting next_dagrun for example_sensor_decorator to None, run_after=None
[2026-03-14T09:19:58.924+0000] {processor.py:179} INFO - Processing /home/vscode/.local/lib/python3.10/site-packages/airflow/example_dags/example_sensor_decorator.py took 0.047 seconds
[2026-03-14T09:20:49.059+0000] {processor.py:157} INFO - Started process (PID=13128) to work on /home/vscode/.local/lib/python3.10/site-packages/airflow/example_dags/example_sensor_decorator.py
[2026-03-14T09:20:49.060+0000] {processor.py:826} INFO - Processing file /home/vscode/.local/lib/python3.10/site-packages/airflow/example_dags/example_sensor_decorator.py for tasks to queue
[2026-03-14T09:20:49.060+0000] {logging_mixin.py:150} INFO - [2026-03-14T09:20:49.060+0000] {dagbag.py:541} INFO - Filling up the DagBag from /home/vscode/.local/lib/python3.10/site-packages/airflow/example_dags/example_sensor_decorator.py
[2026-03-14T09:20:49.064+0000] {processor.py:836} INFO - DAG(s) dict_keys(['example_sensor_decorator']) retrieved from /home/vscode/.local/lib/python3.10/site-packages/airflow/example_dags/example_sensor_decorator.py
[2026-03-14T09:20:49.076+0000] {logging_mixin.py:150} INFO - [2026-03-14T09:20:49.076+0000] {dag.py:2742} INFO - Sync 1 DAGs
[2026-03-14T09:20:49.089+0000] {logging_mixin.py:150} INFO - [2026-03-14T09:20:49.089+0000] {dag.py:3504} INFO - Setting next_dagrun for example_sensor_decorator to None, run_after=None
[2026-03-14T09:20:49.106+0000] {processor.py:179} INFO - Processing /home/vscode/.local/lib/python3.10/site-packages/airflow/example_dags/example_sensor_decorator.py took 0.049 seconds
[2026-03-14T09:21:35.443+0000] {processor.py:157} INFO - Started process (PID=13433) to work on /home/vscode/.local/lib/python3.10/site-packages/airflow/example_dags/example_sensor_decorator.py
[2026-03-14T09:21:35.444+0000] {processor.py:826} INFO - Processing file /home/vscode/.local/lib/python3.10/site-packages/airflow/example_dags/example_sensor_decorator.py for tasks to queue
[2026-03-14T09:21:35.445+0000] {logging_mixin.py:150} INFO - [2026-03-14T09:21:35.444+0000] {dagbag.py:541} INFO - Filling up the DagBag from /home/vscode/.local/lib/python3.10/site-packages/airflow/example_dags/example_sensor_decorator.py
[2026-03-14T09:21:35.449+0000] {processor.py:836} INFO - DAG(s) dict_keys(['example_sensor_decorator']) retrieved from /home/vscode/.local/lib/python3.10/site-packages/airflow/example_dags/example_sensor_decorator.py
[2026-03-14T09:21:35.460+0000] {logging_mixin.py:150} INFO - [2026-03-14T09:21:35.460+0000] {dag.py:2742} INFO - Sync 1 DAGs
[2026-03-14T09:21:35.473+0000] {logging_mixin.py:150} INFO - [2026-03-14T09:21:35.473+0000] {dag.py:3504} INFO - Setting next_dagrun for example_sensor_decorator to None, run_after=None
[2026-03-14T09:21:35.488+0000] {processor.py:179} INFO - Processing /home/vscode/.local/lib/python3.10/site-packages/airflow/example_dags/example_sensor_decorator.py took 0.047 seconds
[2026-03-14T09:22:21.482+0000] {processor.py:157} INFO - Started process (PID=13735) to work on /home/vscode/.local/lib/python3.10/site-packages/airflow/example_dags/example_sensor_decorator.py
[2026-03-14T09:22:21.483+0000] {processor.py:826} INFO - Processing file /home/vscode/.local/lib/python3.10/site-packages/airflow/example_dags/example_sensor_decorator.py for tasks to queue
[2026-03-14T09:22:21.483+0000] {logging_mixin.py:150} INFO - [2026-03-14T09:22:21.483+0000] {dagbag.py:541} INFO - Filling up the DagBag from /home/vscode/.local/lib/python3.10/site-packages/airflow/example_dags/example_sensor_decorator.py
[2026-03-14T09:22:21.487+0000] {processor.py:836} INFO - DAG(s) dict_keys(['example_sensor_decorator']) retrieved from /home/vscode/.local/lib/python3.10/site-packages/airflow/example_dags/example_sensor_decorator.py
[2026-03-14T09:22:21.498+0000] {logging_mixin.py:150} INFO - [2026-03-14T09:22:21.498+0000] {dag.py:2742} INFO - Sync 1 DAGs
[2026-03-14T09:22:21.514+0000] {logging_mixin.py:150} INFO - [2026-03-14T09:22:21.514+0000] {dag.py:3504} INFO - Setting next_dagrun for example_sensor_decorator to None, run_after=None
[2026-03-14T09:22:21.546+0000] {processor.py:179} INFO - Processing /home/vscode/.local/lib/python3.10/site-packages/airflow/example_dags/example_sensor_decorator.py took 0.066 seconds
[2026-03-14T09:23:04.556+0000] {processor.py:157} INFO - Started process (PID=14037) to work on /home/vscode/.local/lib/python3.10/site-packages/airflow/example_dags/example_sensor_decorator.py
[2026-03-14T09:23:04.557+0000] {processor.py:826} INFO - Processing file /home/vscode/.local/lib/python3.10/site-packages/airflow/example_dags/example_sensor_decorator.py for tasks to queue
[2026-03-14T09:23:04.557+0000] {logging_mixin.py:150} INFO - [2026-03-14T09:23:04.557+0000] {dagbag.py:541} INFO - Filling up the DagBag from /home/vscode/.local/lib/python3.10/site-packages/airflow/example_dags/example_sensor_decorator.py
[2026-03-14T09:23:04.562+0000] {processor.py:836} INFO - DAG(s) dict_keys(['example_sensor_decorator']) retrieved from /home/vscode/.local/lib/python3.10/site-packages/airflow/example_dags/example_sensor_decorator.py
[2026-03-14T09:23:04.573+0000] {logging_mixin.py:150} INFO - [2026-03-14T09:23:04.573+0000] {dag.py:2742} INFO - Sync 1 DAGs
[2026-03-14T09:23:04.587+0000] {logging_mixin.py:150} INFO - [2026-03-14T09:23:04.587+0000] {dag.py:3504} INFO - Setting next_dagrun for example_sensor_decorator to None, run_after=None
[2026-03-14T09:23:04.602+0000] {processor.py:179} INFO - Processing /home/vscode/.local/lib/python3.10/site-packages/airflow/example_dags/example_sensor_decorator.py took 0.048 seconds
[2026-03-14T09:23:53.385+0000] {processor.py:157} INFO - Started process (PID=14381) to work on /home/vscode/.local/lib/python3.10/site-packages/airflow/example_dags/example_sensor_decorator.py
[2026-03-14T09:23:53.386+0000] {processor.py:826} INFO - Processing file /home/vscode/.local/lib/python3.10/site-packages/airflow/example_dags/example_sensor_decorator.py for tasks to queue
[2026-03-14T09:23:53.386+0000] {logging_mixin.py:150} INFO - [2026-03-14T09:23:53.386+0000] {dagbag.py:541} INFO - Filling up the DagBag from /home/vscode/.local/lib/python3.10/site-packages/airflow/example_dags/example_sensor_decorator.py
[2026-03-14T09:23:53.391+0000] {processor.py:836} INFO - DAG(s) dict_keys(['example_sensor_decorator']) retrieved from /home/vscode/.local/lib/python3.10/site-packages/airflow/example_dags/example_sensor_decorator.py
[2026-03-14T09:23:53.401+0000] {logging_mixin.py:150} INFO - [2026-03-14T09:23:53.401+0000] {dag.py:2742} INFO - Sync 1 DAGs
[2026-03-14T09:23:53.415+0000] {logging_mixin.py:150} INFO - [2026-03-14T09:23:53.415+0000] {dag.py:3504} INFO - Setting next_dagrun for example_sensor_decorator to None, run_after=None
[2026-03-14T09:23:53.431+0000] {processor.py:179} INFO - Processing /home/vscode/.local/lib/python3.10/site-packages/airflow/example_dags/example_sensor_decorator.py took 0.048 seconds
