[2026-03-14T09:13:22.924+0000] {processor.py:157} INFO - Started process (PID=9944) to work on /home/vscode/.local/lib/python3.10/site-packages/airflow/example_dags/example_external_task_marker_dag.py
[2026-03-14T09:13:22.924+0000] {processor.py:826} INFO - Processing file /home/vscode/.local/lib/python3.10/site-packages/airflow/example_dags/example_external_task_marker_dag.py for tasks to queue
[2026-03-14T09:13:22.925+0000] {logging_mixin.py:150} INFO - [2026-03-14T09:13:22.925+0000] {dagbag.py:541} INFO - Filling up the DagBag from /home/vscode/.local/lib/python3.10/site-packages/airflow/example_dags/example_external_task_marker_dag.py
[2026-03-14T09:13:22.929+0000] {processor.py:836} INFO - DAG(s) dict_keys(['example_external_task_marker_child', 'example_external_task_marker_parent']) retrieved from /home/vscode/.local/lib/python3.10/site-packages/airflow/example_dags/example_external_task_marker_dag.py
[2026-03-14T09:13:23.004+0000] {logging_mixin.py:150} INFO - [2026-03-14T09:13:23.004+0000] {manager.py:504} INFO - Created Permission View: can delete on DAG:example_external_task_marker_child
[2026-03-14T09:13:23.012+0000] {logging_mixin.py:150} INFO - [2026-03-14T09:13:23.012+0000] {manager.py:504} INFO - Created Permission View: can edit on DAG:example_external_task_marker_child
[2026-03-14T09:13:23.018+0000] {logging_mixin.py:150} INFO - [2026-03-14T09:13:23.018+0000] {manager.py:504} INFO - Created Permission View: can read on DAG:example_external_task_marker_child
[2026-03-14T09:13:23.039+0000] {logging_mixin.py:150} INFO - [2026-03-14T09:13:23.039+0000] {manager.py:504} INFO - Created Permission View: can delete on DAG:example_external_task_marker_parent
[2026-03-14T09:13:23.045+0000] {logging_mixin.py:150} INFO - [2026-03-14T09:13:23.045+0000] {manager.py:504} INFO - Created Permission View: can edit on DAG:example_external_task_marker_parent
[2026-03-14T09:13:23.052+0000] {logging_mixin.py:150} INFO - [2026-03-14T09:13:23.052+0000] {manager.py:504} INFO - Created Permission View: can read on DAG:example_external_task_marker_parent
[2026-03-14T09:13:23.055+0000] {logging_mixin.py:150} INFO - [2026-03-14T09:13:23.055+0000] {dag.py:2742} INFO - Sync 2 DAGs
[2026-03-14T09:13:23.063+0000] {logging_mixin.py:150} INFO - [2026-03-14T09:13:23.063+0000] {dag.py:2763} INFO - Creating ORM DAG for example_external_task_marker_parent
[2026-03-14T09:13:23.063+0000] {logging_mixin.py:150} INFO - [2026-03-14T09:13:23.063+0000] {dag.py:2763} INFO - Creating ORM DAG for example_external_task_marker_child
[2026-03-14T09:13:23.069+0000] {logging_mixin.py:150} INFO - [2026-03-14T09:13:23.069+0000] {dag.py:3504} INFO - Setting next_dagrun for example_external_task_marker_child to None, run_after=None
[2026-03-14T09:13:23.070+0000] {logging_mixin.py:150} INFO - [2026-03-14T09:13:23.070+0000] {dag.py:3504} INFO - Setting next_dagrun for example_external_task_marker_parent to None, run_after=None
[2026-03-14T09:13:23.087+0000] {processor.py:179} INFO - Processing /home/vscode/.local/lib/python3.10/site-packages/airflow/example_dags/example_external_task_marker_dag.py took 0.166 seconds
[2026-03-14T09:14:12.598+0000] {processor.py:157} INFO - Started process (PID=10270) to work on /home/vscode/.local/lib/python3.10/site-packages/airflow/example_dags/example_external_task_marker_dag.py
[2026-03-14T09:14:12.599+0000] {processor.py:826} INFO - Processing file /home/vscode/.local/lib/python3.10/site-packages/airflow/example_dags/example_external_task_marker_dag.py for tasks to queue
[2026-03-14T09:14:12.600+0000] {logging_mixin.py:150} INFO - [2026-03-14T09:14:12.600+0000] {dagbag.py:541} INFO - Filling up the DagBag from /home/vscode/.local/lib/python3.10/site-packages/airflow/example_dags/example_external_task_marker_dag.py
[2026-03-14T09:14:12.605+0000] {processor.py:836} INFO - DAG(s) dict_keys(['example_external_task_marker_parent', 'example_external_task_marker_child']) retrieved from /home/vscode/.local/lib/python3.10/site-packages/airflow/example_dags/example_external_task_marker_dag.py
[2026-03-14T09:14:12.619+0000] {logging_mixin.py:150} INFO - [2026-03-14T09:14:12.619+0000] {dag.py:2742} INFO - Sync 2 DAGs
[2026-03-14T09:14:12.632+0000] {logging_mixin.py:150} INFO - [2026-03-14T09:14:12.632+0000] {dag.py:3504} INFO - Setting next_dagrun for example_external_task_marker_child to None, run_after=None
[2026-03-14T09:14:12.634+0000] {logging_mixin.py:150} INFO - [2026-03-14T09:14:12.634+0000] {dag.py:3504} INFO - Setting next_dagrun for example_external_task_marker_parent to None, run_after=None
[2026-03-14T09:14:12.650+0000] {processor.py:179} INFO - Processing /home/vscode/.local/lib/python3.10/site-packages/airflow/example_dags/example_external_task_marker_dag.py took 0.054 seconds
[2026-03-14T09:15:00.619+0000] {processor.py:157} INFO - Started process (PID=10601) to work on /home/vscode/.local/lib/python3.10/site-packages/airflow/example_dags/example_external_task_marker_dag.py
[2026-03-14T09:15:00.620+0000] {processor.py:826} INFO - Processing file /home/vscode/.local/lib/python3.10/site-packages/airflow/example_dags/example_external_task_marker_dag.py for tasks to queue
[2026-03-14T09:15:00.620+0000] {logging_mixin.py:150} INFO - [2026-03-14T09:15:00.620+0000] {dagbag.py:541} INFO - Filling up the DagBag from /home/vscode/.local/lib/python3.10/site-packages/airflow/example_dags/example_external_task_marker_dag.py
[2026-03-14T09:15:00.624+0000] {processor.py:836} INFO - DAG(s) dict_keys(['example_external_task_marker_parent', 'example_external_task_marker_child']) retrieved from /home/vscode/.local/lib/python3.10/site-packages/airflow/example_dags/example_external_task_marker_dag.py
[2026-03-14T09:15:00.638+0000] {logging_mixin.py:150} INFO - [2026-03-14T09:15:00.638+0000] {dag.py:2742} INFO - Sync 2 DAGs
[2026-03-14T09:15:00.651+0000] {logging_mixin.py:150} INFO - [2026-03-14T09:15:00.651+0000] {dag.py:3504} INFO - Setting next_dagrun for example_external_task_marker_child to None, run_after=None
[2026-03-14T09:15:00.653+0000] {logging_mixin.py:150} INFO - [2026-03-14T09:15:00.653+0000] {dag.py:3504} INFO - Setting next_dagrun for example_external_task_marker_parent to None, run_after=None
[2026-03-14T09:15:00.667+0000] {processor.py:179} INFO - Processing /home/vscode/.local/lib/python3.10/site-packages/airflow/example_dags/example_external_task_marker_dag.py took 0.050 seconds
[2026-03-14T09:15:48.446+0000] {processor.py:157} INFO - Started process (PID=10954) to work on /home/vscode/.local/lib/python3.10/site-packages/airflow/example_dags/example_external_task_marker_dag.py
[2026-03-14T09:15:48.447+0000] {processor.py:826} INFO - Processing file /home/vscode/.local/lib/python3.10/site-packages/airflow/example_dags/example_external_task_marker_dag.py for tasks to queue
[2026-03-14T09:15:48.447+0000] {logging_mixin.py:150} INFO - [2026-03-14T09:15:48.447+0000] {dagbag.py:541} INFO - Filling up the DagBag from /home/vscode/.local/lib/python3.10/site-packages/airflow/example_dags/example_external_task_marker_dag.py
[2026-03-14T09:15:48.452+0000] {processor.py:836} INFO - DAG(s) dict_keys(['example_external_task_marker_parent', 'example_external_task_marker_child']) retrieved from /home/vscode/.local/lib/python3.10/site-packages/airflow/example_dags/example_external_task_marker_dag.py
[2026-03-14T09:15:48.466+0000] {logging_mixin.py:150} INFO - [2026-03-14T09:15:48.465+0000] {dag.py:2742} INFO - Sync 2 DAGs
[2026-03-14T09:15:48.486+0000] {logging_mixin.py:150} INFO - [2026-03-14T09:15:48.486+0000] {dag.py:3504} INFO - Setting next_dagrun for example_external_task_marker_child to None, run_after=None
[2026-03-14T09:15:48.488+0000] {logging_mixin.py:150} INFO - [2026-03-14T09:15:48.488+0000] {dag.py:3504} INFO - Setting next_dagrun for example_external_task_marker_parent to None, run_after=None
[2026-03-14T09:15:48.503+0000] {processor.py:179} INFO - Processing /home/vscode/.local/lib/python3.10/site-packages/airflow/example_dags/example_external_task_marker_dag.py took 0.059 seconds
[2026-03-14T09:16:35.457+0000] {processor.py:157} INFO - Started process (PID=11341) to work on /home/vscode/.local/lib/python3.10/site-packages/airflow/example_dags/example_external_task_marker_dag.py
[2026-03-14T09:16:35.458+0000] {processor.py:826} INFO - Processing file /home/vscode/.local/lib/python3.10/site-packages/airflow/example_dags/example_external_task_marker_dag.py for tasks to queue
[2026-03-14T09:16:35.458+0000] {logging_mixin.py:150} INFO - [2026-03-14T09:16:35.458+0000] {dagbag.py:541} INFO - Filling up the DagBag from /home/vscode/.local/lib/python3.10/site-packages/airflow/example_dags/example_external_task_marker_dag.py
[2026-03-14T09:16:35.463+0000] {processor.py:836} INFO - DAG(s) dict_keys(['example_external_task_marker_parent', 'example_external_task_marker_child']) retrieved from /home/vscode/.local/lib/python3.10/site-packages/airflow/example_dags/example_external_task_marker_dag.py
[2026-03-14T09:16:35.476+0000] {logging_mixin.py:150} INFO - [2026-03-14T09:16:35.476+0000] {dag.py:2742} INFO - Sync 2 DAGs
[2026-03-14T09:16:35.490+0000] {logging_mixin.py:150} INFO - [2026-03-14T09:16:35.490+0000] {dag.py:3504} INFO - Setting next_dagrun for example_external_task_marker_child to None, run_after=None
[2026-03-14T09:16:35.492+0000] {logging_mixin.py:150} INFO - [2026-03-14T09:16:35.492+0000] {dag.py:3504} INFO - Setting next_dagrun for example_external_task_marker_parent to None, run_after=None
[2026-03-14T09:16:35.508+0000] {processor.py:179} INFO - Processing /home/vscode/.local/lib/python3.10/site-packages/airflow/example_dags/example_external_task_marker_dag.py took 0.053 seconds
[2026-03-14T09:17:18.192+0000] {processor.py:157} INFO - Started process (PID=11622) to work on /home/vscode/.local/lib/python3.10/site-packages/airflow/example_dags/example_external_task_marker_dag.py
[2026-03-14T09:17:18.193+0000] {processor.py:826} INFO - Processing file /home/vscode/.local/lib/python3.10/site-packages/airflow/example_dags/example_external_task_marker_dag.py for tasks to queue
[2026-03-14T09:17:18.194+0000] {logging_mixin.py:150} INFO - [2026-03-14T09:17:18.193+0000] {dagbag.py:541} INFO - Filling up the DagBag from /home/vscode/.local/lib/python3.10/site-packages/airflow/example_dags/example_external_task_marker_dag.py
[2026-03-14T09:17:18.198+0000] {processor.py:836} INFO - DAG(s) dict_keys(['example_external_task_marker_child', 'example_external_task_marker_parent']) retrieved from /home/vscode/.local/lib/python3.10/site-packages/airflow/example_dags/example_external_task_marker_dag.py
[2026-03-14T09:17:18.212+0000] {logging_mixin.py:150} INFO - [2026-03-14T09:17:18.212+0000] {dag.py:2742} INFO - Sync 2 DAGs
[2026-03-14T09:17:18.226+0000] {logging_mixin.py:150} INFO - [2026-03-14T09:17:18.225+0000] {dag.py:3504} INFO - Setting next_dagrun for example_external_task_marker_child to None, run_after=None
[2026-03-14T09:17:18.228+0000] {logging_mixin.py:150} INFO - [2026-03-14T09:17:18.228+0000] {dag.py:3504} INFO - Setting next_dagrun for example_external_task_marker_parent to None, run_after=None
[2026-03-14T09:17:18.241+0000] {processor.py:179} INFO - Processing /home/vscode/.local/lib/python3.10/site-packages/airflow/example_dags/example_external_task_marker_dag.py took 0.051 seconds
[2026-03-14T09:18:07.021+0000] {processor.py:157} INFO - Started process (PID=12054) to work on /home/vscode/.local/lib/python3.10/site-packages/airflow/example_dags/example_external_task_marker_dag.py
[2026-03-14T09:18:07.021+0000] {processor.py:826} INFO - Processing file /home/vscode/.local/lib/python3.10/site-packages/airflow/example_dags/example_external_task_marker_dag.py for tasks to queue
[2026-03-14T09:18:07.022+0000] {logging_mixin.py:150} INFO - [2026-03-14T09:18:07.022+0000] {dagbag.py:541} INFO - Filling up the DagBag from /home/vscode/.local/lib/python3.10/site-packages/airflow/example_dags/example_external_task_marker_dag.py
[2026-03-14T09:18:07.026+0000] {processor.py:836} INFO - DAG(s) dict_keys(['example_external_task_marker_parent', 'example_external_task_marker_child']) retrieved from /home/vscode/.local/lib/python3.10/site-packages/airflow/example_dags/example_external_task_marker_dag.py
[2026-03-14T09:18:07.040+0000] {logging_mixin.py:150} INFO - [2026-03-14T09:18:07.040+0000] {dag.py:2742} INFO - Sync 2 DAGs
[2026-03-14T09:18:07.054+0000] {logging_mixin.py:150} INFO - [2026-03-14T09:18:07.054+0000] {dag.py:3504} INFO - Setting next_dagrun for example_external_task_marker_child to None, run_after=None
[2026-03-14T09:18:07.056+0000] {logging_mixin.py:150} INFO - [2026-03-14T09:18:07.056+0000] {dag.py:3504} INFO - Setting next_dagrun for example_external_task_marker_parent to None, run_after=None
[2026-03-14T09:18:07.070+0000] {processor.py:179} INFO - Processing /home/vscode/.local/lib/python3.10/site-packages/airflow/example_dags/example_external_task_marker_dag.py took 0.052 seconds
[2026-03-14T09:18:50.549+0000] {processor.py:157} INFO - Started process (PID=12340) to work on /home/vscode/.local/lib/python3.10/site-packages/airflow/example_dags/example_external_task_marker_dag.py
[2026-03-14T09:18:50.550+0000] {processor.py:826} INFO - Processing file /home/vscode/.local/lib/python3.10/site-packages/airflow/example_dags/example_external_task_marker_dag.py for tasks to queue
[2026-03-14T09:18:50.551+0000] {logging_mixin.py:150} INFO - [2026-03-14T09:18:50.550+0000] {dagbag.py:541} INFO - Filling up the DagBag from /home/vscode/.local/lib/python3.10/site-packages/airflow/example_dags/example_external_task_marker_dag.py
[2026-03-14T09:18:50.555+0000] {processor.py:836} INFO - DAG(s) dict_keys(['example_external_task_marker_child', 'example_external_task_marker_parent']) retrieved from /home/vscode/.local/lib/python3.10/site-packages/airflow/example_dags/example_external_task_marker_dag.py
[2026-03-14T09:18:50.568+0000] {logging_mixin.py:150} INFO - [2026-03-14T09:18:50.568+0000] {dag.py:2742} INFO - Sync 2 DAGs
[2026-03-14T09:18:50.581+0000] {logging_mixin.py:150} INFO - [2026-03-14T09:18:50.581+0000] {dag.py:3504} INFO - Setting next_dagrun for example_external_task_marker_child to None, run_after=None
[2026-03-14T09:18:50.583+0000] {logging_mixin.py:150} INFO - [2026-03-14T09:18:50.583+0000] {dag.py:3504} INFO - Setting next_dagrun for example_external_task_marker_parent to None, run_after=None
[2026-03-14T09:18:50.598+0000] {processor.py:179} INFO - Processing /home/vscode/.local/lib/python3.10/site-packages/airflow/example_dags/example_external_task_marker_dag.py took 0.050 seconds
[2026-03-14T09:19:33.747+0000] {processor.py:157} INFO - Started process (PID=12627) to work on /home/vscode/.local/lib/python3.10/site-packages/airflow/example_dags/example_external_task_marker_dag.py
[2026-03-14T09:19:33.748+0000] {processor.py:826} INFO - Processing file /home/vscode/.local/lib/python3.10/site-packages/airflow/example_dags/example_external_task_marker_dag.py for tasks to queue
[2026-03-14T09:19:33.748+0000] {logging_mixin.py:150} INFO - [2026-03-14T09:19:33.748+0000] {dagbag.py:541} INFO - Filling up the DagBag from /home/vscode/.local/lib/python3.10/site-packages/airflow/example_dags/example_external_task_marker_dag.py
[2026-03-14T09:19:33.752+0000] {processor.py:836} INFO - DAG(s) dict_keys(['example_external_task_marker_child', 'example_external_task_marker_parent']) retrieved from /home/vscode/.local/lib/python3.10/site-packages/airflow/example_dags/example_external_task_marker_dag.py
[2026-03-14T09:19:33.768+0000] {logging_mixin.py:150} INFO - [2026-03-14T09:19:33.768+0000] {dag.py:2742} INFO - Sync 2 DAGs
[2026-03-14T09:19:33.782+0000] {logging_mixin.py:150} INFO - [2026-03-14T09:19:33.782+0000] {dag.py:3504} INFO - Setting next_dagrun for example_external_task_marker_child to None, run_after=None
[2026-03-14T09:19:33.785+0000] {logging_mixin.py:150} INFO - [2026-03-14T09:19:33.785+0000] {dag.py:3504} INFO - Setting next_dagrun for example_external_task_marker_parent to None, run_after=None
[2026-03-14T09:19:33.798+0000] {processor.py:179} INFO - Processing /home/vscode/.local/lib/python3.10/site-packages/airflow/example_dags/example_external_task_marker_dag.py took 0.053 seconds
[2026-03-14T09:20:21.526+0000] {processor.py:157} INFO - Started process (PID=12947) to work on /home/vscode/.local/lib/python3.10/site-packages/airflow/example_dags/example_external_task_marker_dag.py
[2026-03-14T09:20:21.527+0000] {processor.py:826} INFO - Processing file /home/vscode/.local/lib/python3.10/site-packages/airflow/example_dags/example_external_task_marker_dag.py for tasks to queue
[2026-03-14T09:20:21.528+0000] {logging_mixin.py:150} INFO - [2026-03-14T09:20:21.527+0000] {dagbag.py:541} INFO - Filling up the DagBag from /home/vscode/.local/lib/python3.10/site-packages/airflow/example_dags/example_external_task_marker_dag.py
[2026-03-14T09:20:21.532+0000] {processor.py:836} INFO - DAG(s) dict_keys(['example_external_task_marker_child', 'example_external_task_marker_parent']) retrieved from /home/vscode/.local/lib/python3.10/site-packages/airflow/example_dags/example_external_task_marker_dag.py
[2026-03-14T09:20:21.545+0000] {logging_mixin.py:150} INFO - [2026-03-14T09:20:21.545+0000] {dag.py:2742} INFO - Sync 2 DAGs
[2026-03-14T09:20:21.559+0000] {logging_mixin.py:150} INFO - [2026-03-14T09:20:21.558+0000] {dag.py:3504} INFO - Setting next_dagrun for example_external_task_marker_child to None, run_after=None
[2026-03-14T09:20:21.561+0000] {logging_mixin.py:150} INFO - [2026-03-14T09:20:21.560+0000] {dag.py:3504} INFO - Setting next_dagrun for example_external_task_marker_parent to None, run_after=None
[2026-03-14T09:20:21.575+0000] {processor.py:179} INFO - Processing /home/vscode/.local/lib/python3.10/site-packages/airflow/example_dags/example_external_task_marker_dag.py took 0.051 seconds
[2026-03-14T09:21:10.855+0000] {processor.py:157} INFO - Started process (PID=13274) to work on /home/vscode/.local/lib/python3.10/site-packages/airflow/example_dags/example_external_task_marker_dag.py
[2026-03-14T09:21:10.855+0000] {processor.py:826} INFO - Processing file /home/vscode/.local/lib/python3.10/site-packages/airflow/example_dags/example_external_task_marker_dag.py for tasks to queue
[2026-03-14T09:21:10.856+0000] {logging_mixin.py:150} INFO - [2026-03-14T09:21:10.856+0000] {dagbag.py:541} INFO - Filling up the DagBag from /home/vscode/.local/lib/python3.10/site-packages/airflow/example_dags/example_external_task_marker_dag.py
[2026-03-14T09:21:10.860+0000] {processor.py:836} INFO - DAG(s) dict_keys(['example_external_task_marker_child', 'example_external_task_marker_parent']) retrieved from /home/vscode/.local/lib/python3.10/site-packages/airflow/example_dags/example_external_task_marker_dag.py
[2026-03-14T09:21:10.874+0000] {logging_mixin.py:150} INFO - [2026-03-14T09:21:10.874+0000] {dag.py:2742} INFO - Sync 2 DAGs
[2026-03-14T09:21:10.887+0000] {logging_mixin.py:150} INFO - [2026-03-14T09:21:10.887+0000] {dag.py:3504} INFO - Setting next_dagrun for example_external_task_marker_child to None, run_after=None
[2026-03-14T09:21:10.889+0000] {logging_mixin.py:150} INFO - [2026-03-14T09:21:10.889+0000] {dag.py:3504} INFO - Setting next_dagrun for example_external_task_marker_parent to None, run_after=None
[2026-03-14T09:21:10.903+0000] {processor.py:179} INFO - Processing /home/vscode/.local/lib/python3.10/site-packages/airflow/example_dags/example_external_task_marker_dag.py took 0.050 seconds
[2026-03-14T09:21:55.960+0000] {processor.py:157} INFO - Started process (PID=13570) to work on /home/vscode/.local/lib/python3.10/site-packages/airflow/example_dags/example_external_task_marker_dag.py
[2026-03-14T09:21:55.961+0000] {processor.py:826} INFO - Processing file /home/vscode/.local/lib/python3.10/site-packages/airflow/example_dags/example_external_task_marker_dag.py for tasks to queue
[2026-03-14T09:21:55.962+0000] {logging_mixin.py:150} INFO - [2026-03-14T09:21:55.961+0000] {dagbag.py:541} INFO - Filling up the DagBag from /home/vscode/.local/lib/python3.10/site-packages/airflow/example_dags/example_external_task_marker_dag.py
[2026-03-14T09:21:55.967+0000] {processor.py:836} INFO - DAG(s) dict_keys(['example_external_task_marker_parent', 'example_external_task_marker_child']) retrieved from /home/vscode/.local/lib/python3.10/site-packages/airflow/example_dags/example_external_task_marker_dag.py
[2026-03-14T09:21:55.982+0000] {logging_mixin.py:150} INFO - [2026-03-14T09:21:55.982+0000] {dag.py:2742} INFO - Sync 2 DAGs
[2026-03-14T09:21:55.995+0000] {logging_mixin.py:150} INFO - [2026-03-14T09:21:55.995+0000] {dag.py:3504} INFO - Setting next_dagrun for example_external_task_marker_child to None, run_after=None
[2026-03-14T09:21:55.997+0000] {logging_mixin.py:150} INFO - [2026-03-14T09:21:55.997+0000] {dag.py:3504} INFO - Setting next_dagrun for example_external_task_marker_parent to None, run_after=None
[2026-03-14T09:21:56.011+0000] {processor.py:179} INFO - Processing /home/vscode/.local/lib/python3.10/site-packages/airflow/example_dags/example_external_task_marker_dag.py took 0.053 seconds
[2026-03-14T09:22:42.269+0000] {processor.py:157} INFO - Started process (PID=13884) to work on /home/vscode/.local/lib/python3.10/site-packages/airflow/example_dags/example_external_task_marker_dag.py
[2026-03-14T09:22:42.269+0000] {processor.py:826} INFO - Processing file /home/vscode/.local/lib/python3.10/site-packages/airflow/example_dags/example_external_task_marker_dag.py for tasks to queue
[2026-03-14T09:22:42.270+0000] {logging_mixin.py:150} INFO - [2026-03-14T09:22:42.270+0000] {dagbag.py:541} INFO - Filling up the DagBag from /home/vscode/.local/lib/python3.10/site-packages/airflow/example_dags/example_external_task_marker_dag.py
[2026-03-14T09:22:42.274+0000] {processor.py:836} INFO - DAG(s) dict_keys(['example_external_task_marker_parent', 'example_external_task_marker_child']) retrieved from /home/vscode/.local/lib/python3.10/site-packages/airflow/example_dags/example_external_task_marker_dag.py
[2026-03-14T09:22:42.288+0000] {logging_mixin.py:150} INFO - [2026-03-14T09:22:42.287+0000] {dag.py:2742} INFO - Sync 2 DAGs
[2026-03-14T09:22:42.301+0000] {logging_mixin.py:150} INFO - [2026-03-14T09:22:42.301+0000] {dag.py:3504} INFO - Setting next_dagrun for example_external_task_marker_child to None, run_after=None
[2026-03-14T09:22:42.303+0000] {logging_mixin.py:150} INFO - [2026-03-14T09:22:42.303+0000] {dag.py:3504} INFO - Setting next_dagrun for example_external_task_marker_parent to None, run_after=None
[2026-03-14T09:22:42.317+0000] {processor.py:179} INFO - Processing /home/vscode/.local/lib/python3.10/site-packages/airflow/example_dags/example_external_task_marker_dag.py took 0.050 seconds
[2026-03-14T09:23:24.824+0000] {processor.py:157} INFO - Started process (PID=14173) to work on /home/vscode/.local/lib/python3.10/site-packages/airflow/example_dags/example_external_task_marker_dag.py
[2026-03-14T09:23:24.824+0000] {processor.py:826} INFO - Processing file /home/vscode/.local/lib/python3.10/site-packages/airflow/example_dags/example_external_task_marker_dag.py for tasks to queue
[2026-03-14T09:23:24.825+0000] {logging_mixin.py:150} INFO - [2026-03-14T09:23:24.825+0000] {dagbag.py:541} INFO - Filling up the DagBag from /home/vscode/.local/lib/python3.10/site-packages/airflow/example_dags/example_external_task_marker_dag.py
[2026-03-14T09:23:24.829+0000] {processor.py:836} INFO - DAG(s) dict_keys(['example_external_task_marker_child', 'example_external_task_marker_parent']) retrieved from /home/vscode/.local/lib/python3.10/site-packages/airflow/example_dags/example_external_task_marker_dag.py
[2026-03-14T09:23:24.842+0000] {logging_mixin.py:150} INFO - [2026-03-14T09:23:24.842+0000] {dag.py:2742} INFO - Sync 2 DAGs
[2026-03-14T09:23:24.856+0000] {logging_mixin.py:150} INFO - [2026-03-14T09:23:24.856+0000] {dag.py:3504} INFO - Setting next_dagrun for example_external_task_marker_child to None, run_after=None
[2026-03-14T09:23:24.858+0000] {logging_mixin.py:150} INFO - [2026-03-14T09:23:24.858+0000] {dag.py:3504} INFO - Setting next_dagrun for example_external_task_marker_parent to None, run_after=None
[2026-03-14T09:23:24.871+0000] {processor.py:179} INFO - Processing /home/vscode/.local/lib/python3.10/site-packages/airflow/example_dags/example_external_task_marker_dag.py took 0.049 seconds
[2026-03-14T09:24:14.009+0000] {processor.py:157} INFO - Started process (PID=14518) to work on /home/vscode/.local/lib/python3.10/site-packages/airflow/example_dags/example_external_task_marker_dag.py
[2026-03-14T09:24:14.010+0000] {processor.py:826} INFO - Processing file /home/vscode/.local/lib/python3.10/site-packages/airflow/example_dags/example_external_task_marker_dag.py for tasks to queue
[2026-03-14T09:24:14.010+0000] {logging_mixin.py:150} INFO - [2026-03-14T09:24:14.010+0000] {dagbag.py:541} INFO - Filling up the DagBag from /home/vscode/.local/lib/python3.10/site-packages/airflow/example_dags/example_external_task_marker_dag.py
[2026-03-14T09:24:14.014+0000] {processor.py:836} INFO - DAG(s) dict_keys(['example_external_task_marker_child', 'example_external_task_marker_parent']) retrieved from /home/vscode/.local/lib/python3.10/site-packages/airflow/example_dags/example_external_task_marker_dag.py
[2026-03-14T09:24:14.028+0000] {logging_mixin.py:150} INFO - [2026-03-14T09:24:14.028+0000] {dag.py:2742} INFO - Sync 2 DAGs
[2026-03-14T09:24:14.042+0000] {logging_mixin.py:150} INFO - [2026-03-14T09:24:14.042+0000] {dag.py:3504} INFO - Setting next_dagrun for example_external_task_marker_child to None, run_after=None
[2026-03-14T09:24:14.044+0000] {logging_mixin.py:150} INFO - [2026-03-14T09:24:14.044+0000] {dag.py:3504} INFO - Setting next_dagrun for example_external_task_marker_parent to None, run_after=None
[2026-03-14T09:24:14.059+0000] {processor.py:179} INFO - Processing /home/vscode/.local/lib/python3.10/site-packages/airflow/example_dags/example_external_task_marker_dag.py took 0.052 seconds
