[2026-03-14T09:13:16.238+0000] {processor.py:157} INFO - Started process (PID=9901) to work on /home/vscode/.local/lib/python3.10/site-packages/airflow/example_dags/example_nested_branch_dag.py
[2026-03-14T09:13:16.239+0000] {processor.py:826} INFO - Processing file /home/vscode/.local/lib/python3.10/site-packages/airflow/example_dags/example_nested_branch_dag.py for tasks to queue
[2026-03-14T09:13:16.239+0000] {logging_mixin.py:150} INFO - [2026-03-14T09:13:16.239+0000] {dagbag.py:541} INFO - Filling up the DagBag from /home/vscode/.local/lib/python3.10/site-packages/airflow/example_dags/example_nested_branch_dag.py
[2026-03-14T09:13:16.247+0000] {processor.py:836} INFO - DAG(s) dict_keys(['example_nested_branch_dag']) retrieved from /home/vscode/.local/lib/python3.10/site-packages/airflow/example_dags/example_nested_branch_dag.py
[2026-03-14T09:13:16.324+0000] {logging_mixin.py:150} INFO - [2026-03-14T09:13:16.323+0000] {manager.py:504} INFO - Created Permission View: can delete on DAG:example_nested_branch_dag
[2026-03-14T09:13:16.332+0000] {logging_mixin.py:150} INFO - [2026-03-14T09:13:16.332+0000] {manager.py:504} INFO - Created Permission View: can edit on DAG:example_nested_branch_dag
[2026-03-14T09:13:16.341+0000] {logging_mixin.py:150} INFO - [2026-03-14T09:13:16.341+0000] {manager.py:504} INFO - Created Permission View: can read on DAG:example_nested_branch_dag
[2026-03-14T09:13:16.348+0000] {logging_mixin.py:150} INFO - [2026-03-14T09:13:16.348+0000] {dag.py:2742} INFO - Sync 1 DAGs
[2026-03-14T09:13:16.354+0000] {logging_mixin.py:150} INFO - [2026-03-14T09:13:16.354+0000] {dag.py:2763} INFO - Creating ORM DAG for example_nested_branch_dag
[2026-03-14T09:13:16.362+0000] {logging_mixin.py:150} INFO - [2026-03-14T09:13:16.362+0000] {dag.py:3504} INFO - Setting next_dagrun for example_nested_branch_dag to 2026-03-13T00:00:00+00:00, run_after=2026-03-14T00:00:00+00:00
[2026-03-14T09:13:16.378+0000] {processor.py:179} INFO - Processing /home/vscode/.local/lib/python3.10/site-packages/airflow/example_dags/example_nested_branch_dag.py took 0.142 seconds
[2026-03-14T09:14:02.825+0000] {processor.py:157} INFO - Started process (PID=10203) to work on /home/vscode/.local/lib/python3.10/site-packages/airflow/example_dags/example_nested_branch_dag.py
[2026-03-14T09:14:02.825+0000] {processor.py:826} INFO - Processing file /home/vscode/.local/lib/python3.10/site-packages/airflow/example_dags/example_nested_branch_dag.py for tasks to queue
[2026-03-14T09:14:02.826+0000] {logging_mixin.py:150} INFO - [2026-03-14T09:14:02.826+0000] {dagbag.py:541} INFO - Filling up the DagBag from /home/vscode/.local/lib/python3.10/site-packages/airflow/example_dags/example_nested_branch_dag.py
[2026-03-14T09:14:02.833+0000] {processor.py:836} INFO - DAG(s) dict_keys(['example_nested_branch_dag']) retrieved from /home/vscode/.local/lib/python3.10/site-packages/airflow/example_dags/example_nested_branch_dag.py
[2026-03-14T09:14:02.845+0000] {logging_mixin.py:150} INFO - [2026-03-14T09:14:02.845+0000] {dag.py:2742} INFO - Sync 1 DAGs
[2026-03-14T09:14:02.859+0000] {logging_mixin.py:150} INFO - [2026-03-14T09:14:02.859+0000] {dag.py:3504} INFO - Setting next_dagrun for example_nested_branch_dag to 2026-03-13T00:00:00+00:00, run_after=2026-03-14T00:00:00+00:00
[2026-03-14T09:14:02.875+0000] {processor.py:179} INFO - Processing /home/vscode/.local/lib/python3.10/site-packages/airflow/example_dags/example_nested_branch_dag.py took 0.053 seconds
[2026-03-14T09:14:51.494+0000] {processor.py:157} INFO - Started process (PID=10535) to work on /home/vscode/.local/lib/python3.10/site-packages/airflow/example_dags/example_nested_branch_dag.py
[2026-03-14T09:14:51.495+0000] {processor.py:826} INFO - Processing file /home/vscode/.local/lib/python3.10/site-packages/airflow/example_dags/example_nested_branch_dag.py for tasks to queue
[2026-03-14T09:14:51.495+0000] {logging_mixin.py:150} INFO - [2026-03-14T09:14:51.495+0000] {dagbag.py:541} INFO - Filling up the DagBag from /home/vscode/.local/lib/python3.10/site-packages/airflow/example_dags/example_nested_branch_dag.py
[2026-03-14T09:14:51.503+0000] {processor.py:836} INFO - DAG(s) dict_keys(['example_nested_branch_dag']) retrieved from /home/vscode/.local/lib/python3.10/site-packages/airflow/example_dags/example_nested_branch_dag.py
[2026-03-14T09:14:51.516+0000] {logging_mixin.py:150} INFO - [2026-03-14T09:14:51.516+0000] {dag.py:2742} INFO - Sync 1 DAGs
[2026-03-14T09:14:51.531+0000] {logging_mixin.py:150} INFO - [2026-03-14T09:14:51.530+0000] {dag.py:3504} INFO - Setting next_dagrun for example_nested_branch_dag to 2026-03-13T00:00:00+00:00, run_after=2026-03-14T00:00:00+00:00
[2026-03-14T09:14:51.546+0000] {processor.py:179} INFO - Processing /home/vscode/.local/lib/python3.10/site-packages/airflow/example_dags/example_nested_branch_dag.py took 0.054 seconds
[2026-03-14T09:15:38.316+0000] {processor.py:157} INFO - Started process (PID=10874) to work on /home/vscode/.local/lib/python3.10/site-packages/airflow/example_dags/example_nested_branch_dag.py
[2026-03-14T09:15:38.316+0000] {processor.py:826} INFO - Processing file /home/vscode/.local/lib/python3.10/site-packages/airflow/example_dags/example_nested_branch_dag.py for tasks to queue
[2026-03-14T09:15:38.317+0000] {logging_mixin.py:150} INFO - [2026-03-14T09:15:38.316+0000] {dagbag.py:541} INFO - Filling up the DagBag from /home/vscode/.local/lib/python3.10/site-packages/airflow/example_dags/example_nested_branch_dag.py
[2026-03-14T09:15:38.324+0000] {processor.py:836} INFO - DAG(s) dict_keys(['example_nested_branch_dag']) retrieved from /home/vscode/.local/lib/python3.10/site-packages/airflow/example_dags/example_nested_branch_dag.py
[2026-03-14T09:15:38.336+0000] {logging_mixin.py:150} INFO - [2026-03-14T09:15:38.336+0000] {dag.py:2742} INFO - Sync 1 DAGs
[2026-03-14T09:15:38.351+0000] {logging_mixin.py:150} INFO - [2026-03-14T09:15:38.351+0000] {dag.py:3504} INFO - Setting next_dagrun for example_nested_branch_dag to 2026-03-13T00:00:00+00:00, run_after=2026-03-14T00:00:00+00:00
[2026-03-14T09:15:38.367+0000] {processor.py:179} INFO - Processing /home/vscode/.local/lib/python3.10/site-packages/airflow/example_dags/example_nested_branch_dag.py took 0.054 seconds
[2026-03-14T09:16:26.320+0000] {processor.py:157} INFO - Started process (PID=11268) to work on /home/vscode/.local/lib/python3.10/site-packages/airflow/example_dags/example_nested_branch_dag.py
[2026-03-14T09:16:26.321+0000] {processor.py:826} INFO - Processing file /home/vscode/.local/lib/python3.10/site-packages/airflow/example_dags/example_nested_branch_dag.py for tasks to queue
[2026-03-14T09:16:26.321+0000] {logging_mixin.py:150} INFO - [2026-03-14T09:16:26.321+0000] {dagbag.py:541} INFO - Filling up the DagBag from /home/vscode/.local/lib/python3.10/site-packages/airflow/example_dags/example_nested_branch_dag.py
[2026-03-14T09:16:26.328+0000] {processor.py:836} INFO - DAG(s) dict_keys(['example_nested_branch_dag']) retrieved from /home/vscode/.local/lib/python3.10/site-packages/airflow/example_dags/example_nested_branch_dag.py
[2026-03-14T09:16:26.341+0000] {logging_mixin.py:150} INFO - [2026-03-14T09:16:26.341+0000] {dag.py:2742} INFO - Sync 1 DAGs
[2026-03-14T09:16:26.356+0000] {logging_mixin.py:150} INFO - [2026-03-14T09:16:26.356+0000] {dag.py:3504} INFO - Setting next_dagrun for example_nested_branch_dag to 2026-03-13T00:00:00+00:00, run_after=2026-03-14T00:00:00+00:00
[2026-03-14T09:16:26.371+0000] {processor.py:179} INFO - Processing /home/vscode/.local/lib/python3.10/site-packages/airflow/example_dags/example_nested_branch_dag.py took 0.053 seconds
[2026-03-14T09:17:09.077+0000] {processor.py:157} INFO - Started process (PID=11562) to work on /home/vscode/.local/lib/python3.10/site-packages/airflow/example_dags/example_nested_branch_dag.py
[2026-03-14T09:17:09.077+0000] {processor.py:826} INFO - Processing file /home/vscode/.local/lib/python3.10/site-packages/airflow/example_dags/example_nested_branch_dag.py for tasks to queue
[2026-03-14T09:17:09.078+0000] {logging_mixin.py:150} INFO - [2026-03-14T09:17:09.078+0000] {dagbag.py:541} INFO - Filling up the DagBag from /home/vscode/.local/lib/python3.10/site-packages/airflow/example_dags/example_nested_branch_dag.py
[2026-03-14T09:17:09.085+0000] {processor.py:836} INFO - DAG(s) dict_keys(['example_nested_branch_dag']) retrieved from /home/vscode/.local/lib/python3.10/site-packages/airflow/example_dags/example_nested_branch_dag.py
[2026-03-14T09:17:09.097+0000] {logging_mixin.py:150} INFO - [2026-03-14T09:17:09.097+0000] {dag.py:2742} INFO - Sync 1 DAGs
[2026-03-14T09:17:09.112+0000] {logging_mixin.py:150} INFO - [2026-03-14T09:17:09.112+0000] {dag.py:3504} INFO - Setting next_dagrun for example_nested_branch_dag to 2026-03-13T00:00:00+00:00, run_after=2026-03-14T00:00:00+00:00
[2026-03-14T09:17:09.127+0000] {processor.py:179} INFO - Processing /home/vscode/.local/lib/python3.10/site-packages/airflow/example_dags/example_nested_branch_dag.py took 0.052 seconds
[2026-03-14T09:17:54.216+0000] {processor.py:157} INFO - Started process (PID=11887) to work on /home/vscode/.local/lib/python3.10/site-packages/airflow/example_dags/example_nested_branch_dag.py
[2026-03-14T09:17:54.216+0000] {processor.py:826} INFO - Processing file /home/vscode/.local/lib/python3.10/site-packages/airflow/example_dags/example_nested_branch_dag.py for tasks to queue
[2026-03-14T09:17:54.217+0000] {logging_mixin.py:150} INFO - [2026-03-14T09:17:54.217+0000] {dagbag.py:541} INFO - Filling up the DagBag from /home/vscode/.local/lib/python3.10/site-packages/airflow/example_dags/example_nested_branch_dag.py
[2026-03-14T09:17:54.233+0000] {processor.py:836} INFO - DAG(s) dict_keys(['example_nested_branch_dag']) retrieved from /home/vscode/.local/lib/python3.10/site-packages/airflow/example_dags/example_nested_branch_dag.py
[2026-03-14T09:17:54.251+0000] {logging_mixin.py:150} INFO - [2026-03-14T09:17:54.251+0000] {dag.py:2742} INFO - Sync 1 DAGs
[2026-03-14T09:17:54.289+0000] {logging_mixin.py:150} INFO - [2026-03-14T09:17:54.288+0000] {dag.py:3504} INFO - Setting next_dagrun for example_nested_branch_dag to 2026-03-13T00:00:00+00:00, run_after=2026-03-14T00:00:00+00:00
[2026-03-14T09:17:54.314+0000] {processor.py:179} INFO - Processing /home/vscode/.local/lib/python3.10/site-packages/airflow/example_dags/example_nested_branch_dag.py took 0.101 seconds
[2026-03-14T09:18:40.094+0000] {processor.py:157} INFO - Started process (PID=12270) to work on /home/vscode/.local/lib/python3.10/site-packages/airflow/example_dags/example_nested_branch_dag.py
[2026-03-14T09:18:40.095+0000] {processor.py:826} INFO - Processing file /home/vscode/.local/lib/python3.10/site-packages/airflow/example_dags/example_nested_branch_dag.py for tasks to queue
[2026-03-14T09:18:40.095+0000] {logging_mixin.py:150} INFO - [2026-03-14T09:18:40.095+0000] {dagbag.py:541} INFO - Filling up the DagBag from /home/vscode/.local/lib/python3.10/site-packages/airflow/example_dags/example_nested_branch_dag.py
[2026-03-14T09:18:40.104+0000] {processor.py:836} INFO - DAG(s) dict_keys(['example_nested_branch_dag']) retrieved from /home/vscode/.local/lib/python3.10/site-packages/airflow/example_dags/example_nested_branch_dag.py
[2026-03-14T09:18:40.121+0000] {logging_mixin.py:150} INFO - [2026-03-14T09:18:40.121+0000] {dag.py:2742} INFO - Sync 1 DAGs
[2026-03-14T09:18:40.145+0000] {logging_mixin.py:150} INFO - [2026-03-14T09:18:40.145+0000] {dag.py:3504} INFO - Setting next_dagrun for example_nested_branch_dag to 2026-03-13T00:00:00+00:00, run_after=2026-03-14T00:00:00+00:00
[2026-03-14T09:18:40.165+0000] {processor.py:179} INFO - Processing /home/vscode/.local/lib/python3.10/site-packages/airflow/example_dags/example_nested_branch_dag.py took 0.074 seconds
[2026-03-14T09:19:21.685+0000] {processor.py:157} INFO - Started process (PID=12543) to work on /home/vscode/.local/lib/python3.10/site-packages/airflow/example_dags/example_nested_branch_dag.py
[2026-03-14T09:19:21.686+0000] {processor.py:826} INFO - Processing file /home/vscode/.local/lib/python3.10/site-packages/airflow/example_dags/example_nested_branch_dag.py for tasks to queue
[2026-03-14T09:19:21.687+0000] {logging_mixin.py:150} INFO - [2026-03-14T09:19:21.686+0000] {dagbag.py:541} INFO - Filling up the DagBag from /home/vscode/.local/lib/python3.10/site-packages/airflow/example_dags/example_nested_branch_dag.py
[2026-03-14T09:19:21.694+0000] {processor.py:836} INFO - DAG(s) dict_keys(['example_nested_branch_dag']) retrieved from /home/vscode/.local/lib/python3.10/site-packages/airflow/example_dags/example_nested_branch_dag.py
[2026-03-14T09:19:21.706+0000] {logging_mixin.py:150} INFO - [2026-03-14T09:19:21.706+0000] {dag.py:2742} INFO - Sync 1 DAGs
[2026-03-14T09:19:21.720+0000] {logging_mixin.py:150} INFO - [2026-03-14T09:19:21.720+0000] {dag.py:3504} INFO - Setting next_dagrun for example_nested_branch_dag to 2026-03-13T00:00:00+00:00, run_after=2026-03-14T00:00:00+00:00
[2026-03-14T09:19:21.736+0000] {processor.py:179} INFO - Processing /home/vscode/.local/lib/python3.10/site-packages/airflow/example_dags/example_nested_branch_dag.py took 0.053 seconds
[2026-03-14T09:20:06.371+0000] {processor.py:157} INFO - Started process (PID=12858) to work on /home/vscode/.local/lib/python3.10/site-packages/airflow/example_dags/example_nested_branch_dag.py
[2026-03-14T09:20:06.371+0000] {processor.py:826} INFO - Processing file /home/vscode/.local/lib/python3.10/site-packages/airflow/example_dags/example_nested_branch_dag.py for tasks to queue
[2026-03-14T09:20:06.372+0000] {logging_mixin.py:150} INFO - [2026-03-14T09:20:06.372+0000] {dagbag.py:541} INFO - Filling up the DagBag from /home/vscode/.local/lib/python3.10/site-packages/airflow/example_dags/example_nested_branch_dag.py
[2026-03-14T09:20:06.379+0000] {processor.py:836} INFO - DAG(s) dict_keys(['example_nested_branch_dag']) retrieved from /home/vscode/.local/lib/python3.10/site-packages/airflow/example_dags/example_nested_branch_dag.py
[2026-03-14T09:20:06.391+0000] {logging_mixin.py:150} INFO - [2026-03-14T09:20:06.391+0000] {dag.py:2742} INFO - Sync 1 DAGs
[2026-03-14T09:20:06.411+0000] {logging_mixin.py:150} INFO - [2026-03-14T09:20:06.410+0000] {dag.py:3504} INFO - Setting next_dagrun for example_nested_branch_dag to 2026-03-13T00:00:00+00:00, run_after=2026-03-14T00:00:00+00:00
[2026-03-14T09:20:06.426+0000] {processor.py:179} INFO - Processing /home/vscode/.local/lib/python3.10/site-packages/airflow/example_dags/example_nested_branch_dag.py took 0.057 seconds
[2026-03-14T09:20:55.336+0000] {processor.py:157} INFO - Started process (PID=13171) to work on /home/vscode/.local/lib/python3.10/site-packages/airflow/example_dags/example_nested_branch_dag.py
[2026-03-14T09:20:55.337+0000] {processor.py:826} INFO - Processing file /home/vscode/.local/lib/python3.10/site-packages/airflow/example_dags/example_nested_branch_dag.py for tasks to queue
[2026-03-14T09:20:55.337+0000] {logging_mixin.py:150} INFO - [2026-03-14T09:20:55.337+0000] {dagbag.py:541} INFO - Filling up the DagBag from /home/vscode/.local/lib/python3.10/site-packages/airflow/example_dags/example_nested_branch_dag.py
[2026-03-14T09:20:55.345+0000] {processor.py:836} INFO - DAG(s) dict_keys(['example_nested_branch_dag']) retrieved from /home/vscode/.local/lib/python3.10/site-packages/airflow/example_dags/example_nested_branch_dag.py
[2026-03-14T09:20:55.357+0000] {logging_mixin.py:150} INFO - [2026-03-14T09:20:55.357+0000] {dag.py:2742} INFO - Sync 1 DAGs
[2026-03-14T09:20:55.372+0000] {logging_mixin.py:150} INFO - [2026-03-14T09:20:55.372+0000] {dag.py:3504} INFO - Setting next_dagrun for example_nested_branch_dag to 2026-03-13T00:00:00+00:00, run_after=2026-03-14T00:00:00+00:00
[2026-03-14T09:20:55.387+0000] {processor.py:179} INFO - Processing /home/vscode/.local/lib/python3.10/site-packages/airflow/example_dags/example_nested_branch_dag.py took 0.053 seconds
[2026-03-14T09:21:42.876+0000] {processor.py:157} INFO - Started process (PID=13483) to work on /home/vscode/.local/lib/python3.10/site-packages/airflow/example_dags/example_nested_branch_dag.py
[2026-03-14T09:21:42.876+0000] {processor.py:826} INFO - Processing file /home/vscode/.local/lib/python3.10/site-packages/airflow/example_dags/example_nested_branch_dag.py for tasks to queue
[2026-03-14T09:21:42.877+0000] {logging_mixin.py:150} INFO - [2026-03-14T09:21:42.877+0000] {dagbag.py:541} INFO - Filling up the DagBag from /home/vscode/.local/lib/python3.10/site-packages/airflow/example_dags/example_nested_branch_dag.py
[2026-03-14T09:21:42.884+0000] {processor.py:836} INFO - DAG(s) dict_keys(['example_nested_branch_dag']) retrieved from /home/vscode/.local/lib/python3.10/site-packages/airflow/example_dags/example_nested_branch_dag.py
[2026-03-14T09:21:42.896+0000] {logging_mixin.py:150} INFO - [2026-03-14T09:21:42.896+0000] {dag.py:2742} INFO - Sync 1 DAGs
[2026-03-14T09:21:42.911+0000] {logging_mixin.py:150} INFO - [2026-03-14T09:21:42.911+0000] {dag.py:3504} INFO - Setting next_dagrun for example_nested_branch_dag to 2026-03-13T00:00:00+00:00, run_after=2026-03-14T00:00:00+00:00
[2026-03-14T09:21:42.936+0000] {processor.py:179} INFO - Processing /home/vscode/.local/lib/python3.10/site-packages/airflow/example_dags/example_nested_branch_dag.py took 0.062 seconds
[2026-03-14T09:22:27.956+0000] {processor.py:157} INFO - Started process (PID=13784) to work on /home/vscode/.local/lib/python3.10/site-packages/airflow/example_dags/example_nested_branch_dag.py
[2026-03-14T09:22:27.957+0000] {processor.py:826} INFO - Processing file /home/vscode/.local/lib/python3.10/site-packages/airflow/example_dags/example_nested_branch_dag.py for tasks to queue
[2026-03-14T09:22:27.957+0000] {logging_mixin.py:150} INFO - [2026-03-14T09:22:27.957+0000] {dagbag.py:541} INFO - Filling up the DagBag from /home/vscode/.local/lib/python3.10/site-packages/airflow/example_dags/example_nested_branch_dag.py
[2026-03-14T09:22:27.964+0000] {processor.py:836} INFO - DAG(s) dict_keys(['example_nested_branch_dag']) retrieved from /home/vscode/.local/lib/python3.10/site-packages/airflow/example_dags/example_nested_branch_dag.py
[2026-03-14T09:22:27.977+0000] {logging_mixin.py:150} INFO - [2026-03-14T09:22:27.976+0000] {dag.py:2742} INFO - Sync 1 DAGs
[2026-03-14T09:22:27.991+0000] {logging_mixin.py:150} INFO - [2026-03-14T09:22:27.991+0000] {dag.py:3504} INFO - Setting next_dagrun for example_nested_branch_dag to 2026-03-13T00:00:00+00:00, run_after=2026-03-14T00:00:00+00:00
[2026-03-14T09:22:28.007+0000] {processor.py:179} INFO - Processing /home/vscode/.local/lib/python3.10/site-packages/airflow/example_dags/example_nested_branch_dag.py took 0.053 seconds
[2026-03-14T09:23:12.552+0000] {processor.py:157} INFO - Started process (PID=14094) to work on /home/vscode/.local/lib/python3.10/site-packages/airflow/example_dags/example_nested_branch_dag.py
[2026-03-14T09:23:12.552+0000] {processor.py:826} INFO - Processing file /home/vscode/.local/lib/python3.10/site-packages/airflow/example_dags/example_nested_branch_dag.py for tasks to queue
[2026-03-14T09:23:12.553+0000] {logging_mixin.py:150} INFO - [2026-03-14T09:23:12.553+0000] {dagbag.py:541} INFO - Filling up the DagBag from /home/vscode/.local/lib/python3.10/site-packages/airflow/example_dags/example_nested_branch_dag.py
[2026-03-14T09:23:12.560+0000] {processor.py:836} INFO - DAG(s) dict_keys(['example_nested_branch_dag']) retrieved from /home/vscode/.local/lib/python3.10/site-packages/airflow/example_dags/example_nested_branch_dag.py
[2026-03-14T09:23:12.572+0000] {logging_mixin.py:150} INFO - [2026-03-14T09:23:12.572+0000] {dag.py:2742} INFO - Sync 1 DAGs
[2026-03-14T09:23:12.587+0000] {logging_mixin.py:150} INFO - [2026-03-14T09:23:12.587+0000] {dag.py:3504} INFO - Setting next_dagrun for example_nested_branch_dag to 2026-03-13T00:00:00+00:00, run_after=2026-03-14T00:00:00+00:00
[2026-03-14T09:23:12.602+0000] {processor.py:179} INFO - Processing /home/vscode/.local/lib/python3.10/site-packages/airflow/example_dags/example_nested_branch_dag.py took 0.052 seconds
[2026-03-14T09:24:00.276+0000] {processor.py:157} INFO - Started process (PID=14431) to work on /home/vscode/.local/lib/python3.10/site-packages/airflow/example_dags/example_nested_branch_dag.py
[2026-03-14T09:24:00.277+0000] {processor.py:826} INFO - Processing file /home/vscode/.local/lib/python3.10/site-packages/airflow/example_dags/example_nested_branch_dag.py for tasks to queue
[2026-03-14T09:24:00.277+0000] {logging_mixin.py:150} INFO - [2026-03-14T09:24:00.277+0000] {dagbag.py:541} INFO - Filling up the DagBag from /home/vscode/.local/lib/python3.10/site-packages/airflow/example_dags/example_nested_branch_dag.py
[2026-03-14T09:24:00.284+0000] {processor.py:836} INFO - DAG(s) dict_keys(['example_nested_branch_dag']) retrieved from /home/vscode/.local/lib/python3.10/site-packages/airflow/example_dags/example_nested_branch_dag.py
[2026-03-14T09:24:00.296+0000] {logging_mixin.py:150} INFO - [2026-03-14T09:24:00.296+0000] {dag.py:2742} INFO - Sync 1 DAGs
[2026-03-14T09:24:00.315+0000] {logging_mixin.py:150} INFO - [2026-03-14T09:24:00.315+0000] {dag.py:3504} INFO - Setting next_dagrun for example_nested_branch_dag to 2026-03-13T00:00:00+00:00, run_after=2026-03-14T00:00:00+00:00
[2026-03-14T09:24:00.332+0000] {processor.py:179} INFO - Processing /home/vscode/.local/lib/python3.10/site-packages/airflow/example_dags/example_nested_branch_dag.py took 0.058 seconds
