[2026-03-14T09:13:30.157+0000] {processor.py:157} INFO - Started process (PID=9987) to work on /home/vscode/.local/lib/python3.10/site-packages/airflow/example_dags/example_branch_day_of_week_operator.py
[2026-03-14T09:13:30.158+0000] {processor.py:826} INFO - Processing file /home/vscode/.local/lib/python3.10/site-packages/airflow/example_dags/example_branch_day_of_week_operator.py for tasks to queue
[2026-03-14T09:13:30.158+0000] {logging_mixin.py:150} INFO - [2026-03-14T09:13:30.158+0000] {dagbag.py:541} INFO - Filling up the DagBag from /home/vscode/.local/lib/python3.10/site-packages/airflow/example_dags/example_branch_day_of_week_operator.py
[2026-03-14T09:13:30.164+0000] {processor.py:836} INFO - DAG(s) dict_keys(['example_weekday_branch_operator']) retrieved from /home/vscode/.local/lib/python3.10/site-packages/airflow/example_dags/example_branch_day_of_week_operator.py
[2026-03-14T09:13:30.237+0000] {logging_mixin.py:150} INFO - [2026-03-14T09:13:30.237+0000] {manager.py:504} INFO - Created Permission View: can delete on DAG:example_weekday_branch_operator
[2026-03-14T09:13:30.245+0000] {logging_mixin.py:150} INFO - [2026-03-14T09:13:30.245+0000] {manager.py:504} INFO - Created Permission View: can edit on DAG:example_weekday_branch_operator
[2026-03-14T09:13:30.251+0000] {logging_mixin.py:150} INFO - [2026-03-14T09:13:30.251+0000] {manager.py:504} INFO - Created Permission View: can read on DAG:example_weekday_branch_operator
[2026-03-14T09:13:30.259+0000] {logging_mixin.py:150} INFO - [2026-03-14T09:13:30.259+0000] {dag.py:2742} INFO - Sync 1 DAGs
[2026-03-14T09:13:30.266+0000] {logging_mixin.py:150} INFO - [2026-03-14T09:13:30.266+0000] {dag.py:2763} INFO - Creating ORM DAG for example_weekday_branch_operator
[2026-03-14T09:13:30.273+0000] {logging_mixin.py:150} INFO - [2026-03-14T09:13:30.273+0000] {dag.py:3504} INFO - Setting next_dagrun for example_weekday_branch_operator to 2026-03-13T00:00:00+00:00, run_after=2026-03-14T00:00:00+00:00
[2026-03-14T09:13:30.289+0000] {processor.py:179} INFO - Processing /home/vscode/.local/lib/python3.10/site-packages/airflow/example_dags/example_branch_day_of_week_operator.py took 0.134 seconds
[2026-03-14T09:14:18.408+0000] {processor.py:157} INFO - Started process (PID=10306) to work on /home/vscode/.local/lib/python3.10/site-packages/airflow/example_dags/example_branch_day_of_week_operator.py
[2026-03-14T09:14:18.409+0000] {processor.py:826} INFO - Processing file /home/vscode/.local/lib/python3.10/site-packages/airflow/example_dags/example_branch_day_of_week_operator.py for tasks to queue
[2026-03-14T09:14:18.409+0000] {logging_mixin.py:150} INFO - [2026-03-14T09:14:18.409+0000] {dagbag.py:541} INFO - Filling up the DagBag from /home/vscode/.local/lib/python3.10/site-packages/airflow/example_dags/example_branch_day_of_week_operator.py
[2026-03-14T09:14:18.415+0000] {processor.py:836} INFO - DAG(s) dict_keys(['example_weekday_branch_operator']) retrieved from /home/vscode/.local/lib/python3.10/site-packages/airflow/example_dags/example_branch_day_of_week_operator.py
[2026-03-14T09:14:18.427+0000] {logging_mixin.py:150} INFO - [2026-03-14T09:14:18.427+0000] {dag.py:2742} INFO - Sync 1 DAGs
[2026-03-14T09:14:18.442+0000] {logging_mixin.py:150} INFO - [2026-03-14T09:14:18.442+0000] {dag.py:3504} INFO - Setting next_dagrun for example_weekday_branch_operator to 2026-03-13T00:00:00+00:00, run_after=2026-03-14T00:00:00+00:00
[2026-03-14T09:14:18.459+0000] {processor.py:179} INFO - Processing /home/vscode/.local/lib/python3.10/site-packages/airflow/example_dags/example_branch_day_of_week_operator.py took 0.053 seconds
[2026-03-14T09:15:06.767+0000] {processor.py:157} INFO - Started process (PID=10648) to work on /home/vscode/.local/lib/python3.10/site-packages/airflow/example_dags/example_branch_day_of_week_operator.py
[2026-03-14T09:15:06.768+0000] {processor.py:826} INFO - Processing file /home/vscode/.local/lib/python3.10/site-packages/airflow/example_dags/example_branch_day_of_week_operator.py for tasks to queue
[2026-03-14T09:15:06.769+0000] {logging_mixin.py:150} INFO - [2026-03-14T09:15:06.768+0000] {dagbag.py:541} INFO - Filling up the DagBag from /home/vscode/.local/lib/python3.10/site-packages/airflow/example_dags/example_branch_day_of_week_operator.py
[2026-03-14T09:15:06.774+0000] {processor.py:836} INFO - DAG(s) dict_keys(['example_weekday_branch_operator']) retrieved from /home/vscode/.local/lib/python3.10/site-packages/airflow/example_dags/example_branch_day_of_week_operator.py
[2026-03-14T09:15:06.788+0000] {logging_mixin.py:150} INFO - [2026-03-14T09:15:06.788+0000] {dag.py:2742} INFO - Sync 1 DAGs
[2026-03-14T09:15:06.803+0000] {logging_mixin.py:150} INFO - [2026-03-14T09:15:06.803+0000] {dag.py:3504} INFO - Setting next_dagrun for example_weekday_branch_operator to 2026-03-13T00:00:00+00:00, run_after=2026-03-14T00:00:00+00:00
[2026-03-14T09:15:06.818+0000] {processor.py:179} INFO - Processing /home/vscode/.local/lib/python3.10/site-packages/airflow/example_dags/example_branch_day_of_week_operator.py took 0.053 seconds
[2026-03-14T09:15:55.448+0000] {processor.py:157} INFO - Started process (PID=11009) to work on /home/vscode/.local/lib/python3.10/site-packages/airflow/example_dags/example_branch_day_of_week_operator.py
[2026-03-14T09:15:55.449+0000] {processor.py:826} INFO - Processing file /home/vscode/.local/lib/python3.10/site-packages/airflow/example_dags/example_branch_day_of_week_operator.py for tasks to queue
[2026-03-14T09:15:55.449+0000] {logging_mixin.py:150} INFO - [2026-03-14T09:15:55.449+0000] {dagbag.py:541} INFO - Filling up the DagBag from /home/vscode/.local/lib/python3.10/site-packages/airflow/example_dags/example_branch_day_of_week_operator.py
[2026-03-14T09:15:55.455+0000] {processor.py:836} INFO - DAG(s) dict_keys(['example_weekday_branch_operator']) retrieved from /home/vscode/.local/lib/python3.10/site-packages/airflow/example_dags/example_branch_day_of_week_operator.py
[2026-03-14T09:15:55.467+0000] {logging_mixin.py:150} INFO - [2026-03-14T09:15:55.467+0000] {dag.py:2742} INFO - Sync 1 DAGs
[2026-03-14T09:15:55.482+0000] {logging_mixin.py:150} INFO - [2026-03-14T09:15:55.482+0000] {dag.py:3504} INFO - Setting next_dagrun for example_weekday_branch_operator to 2026-03-13T00:00:00+00:00, run_after=2026-03-14T00:00:00+00:00
[2026-03-14T09:15:55.497+0000] {processor.py:179} INFO - Processing /home/vscode/.local/lib/python3.10/site-packages/airflow/example_dags/example_branch_day_of_week_operator.py took 0.051 seconds
[2026-03-14T09:16:41.067+0000] {processor.py:157} INFO - Started process (PID=11371) to work on /home/vscode/.local/lib/python3.10/site-packages/airflow/example_dags/example_branch_day_of_week_operator.py
[2026-03-14T09:16:41.067+0000] {processor.py:826} INFO - Processing file /home/vscode/.local/lib/python3.10/site-packages/airflow/example_dags/example_branch_day_of_week_operator.py for tasks to queue
[2026-03-14T09:16:41.068+0000] {logging_mixin.py:150} INFO - [2026-03-14T09:16:41.067+0000] {dagbag.py:541} INFO - Filling up the DagBag from /home/vscode/.local/lib/python3.10/site-packages/airflow/example_dags/example_branch_day_of_week_operator.py
[2026-03-14T09:16:41.073+0000] {processor.py:836} INFO - DAG(s) dict_keys(['example_weekday_branch_operator']) retrieved from /home/vscode/.local/lib/python3.10/site-packages/airflow/example_dags/example_branch_day_of_week_operator.py
[2026-03-14T09:16:41.085+0000] {logging_mixin.py:150} INFO - [2026-03-14T09:16:41.085+0000] {dag.py:2742} INFO - Sync 1 DAGs
[2026-03-14T09:16:41.099+0000] {logging_mixin.py:150} INFO - [2026-03-14T09:16:41.099+0000] {dag.py:3504} INFO - Setting next_dagrun for example_weekday_branch_operator to 2026-03-13T00:00:00+00:00, run_after=2026-03-14T00:00:00+00:00
[2026-03-14T09:16:41.115+0000] {processor.py:179} INFO - Processing /home/vscode/.local/lib/python3.10/site-packages/airflow/example_dags/example_branch_day_of_week_operator.py took 0.050 seconds
[2026-03-14T09:17:24.495+0000] {processor.py:157} INFO - Started process (PID=11659) to work on /home/vscode/.local/lib/python3.10/site-packages/airflow/example_dags/example_branch_day_of_week_operator.py
[2026-03-14T09:17:24.495+0000] {processor.py:826} INFO - Processing file /home/vscode/.local/lib/python3.10/site-packages/airflow/example_dags/example_branch_day_of_week_operator.py for tasks to queue
[2026-03-14T09:17:24.496+0000] {logging_mixin.py:150} INFO - [2026-03-14T09:17:24.496+0000] {dagbag.py:541} INFO - Filling up the DagBag from /home/vscode/.local/lib/python3.10/site-packages/airflow/example_dags/example_branch_day_of_week_operator.py
[2026-03-14T09:17:24.501+0000] {processor.py:836} INFO - DAG(s) dict_keys(['example_weekday_branch_operator']) retrieved from /home/vscode/.local/lib/python3.10/site-packages/airflow/example_dags/example_branch_day_of_week_operator.py
[2026-03-14T09:17:24.514+0000] {logging_mixin.py:150} INFO - [2026-03-14T09:17:24.513+0000] {dag.py:2742} INFO - Sync 1 DAGs
[2026-03-14T09:17:24.529+0000] {logging_mixin.py:150} INFO - [2026-03-14T09:17:24.529+0000] {dag.py:3504} INFO - Setting next_dagrun for example_weekday_branch_operator to 2026-03-13T00:00:00+00:00, run_after=2026-03-14T00:00:00+00:00
[2026-03-14T09:17:24.544+0000] {processor.py:179} INFO - Processing /home/vscode/.local/lib/python3.10/site-packages/airflow/example_dags/example_branch_day_of_week_operator.py took 0.052 seconds
[2026-03-14T09:18:12.575+0000] {processor.py:157} INFO - Started process (PID=12089) to work on /home/vscode/.local/lib/python3.10/site-packages/airflow/example_dags/example_branch_day_of_week_operator.py
[2026-03-14T09:18:12.576+0000] {processor.py:826} INFO - Processing file /home/vscode/.local/lib/python3.10/site-packages/airflow/example_dags/example_branch_day_of_week_operator.py for tasks to queue
[2026-03-14T09:18:12.576+0000] {logging_mixin.py:150} INFO - [2026-03-14T09:18:12.576+0000] {dagbag.py:541} INFO - Filling up the DagBag from /home/vscode/.local/lib/python3.10/site-packages/airflow/example_dags/example_branch_day_of_week_operator.py
[2026-03-14T09:18:12.582+0000] {processor.py:836} INFO - DAG(s) dict_keys(['example_weekday_branch_operator']) retrieved from /home/vscode/.local/lib/python3.10/site-packages/airflow/example_dags/example_branch_day_of_week_operator.py
[2026-03-14T09:18:12.595+0000] {logging_mixin.py:150} INFO - [2026-03-14T09:18:12.595+0000] {dag.py:2742} INFO - Sync 1 DAGs
[2026-03-14T09:18:12.610+0000] {logging_mixin.py:150} INFO - [2026-03-14T09:18:12.610+0000] {dag.py:3504} INFO - Setting next_dagrun for example_weekday_branch_operator to 2026-03-13T00:00:00+00:00, run_after=2026-03-14T00:00:00+00:00
[2026-03-14T09:18:12.626+0000] {processor.py:179} INFO - Processing /home/vscode/.local/lib/python3.10/site-packages/airflow/example_dags/example_branch_day_of_week_operator.py took 0.053 seconds
[2026-03-14T09:18:55.981+0000] {processor.py:157} INFO - Started process (PID=12382) to work on /home/vscode/.local/lib/python3.10/site-packages/airflow/example_dags/example_branch_day_of_week_operator.py
[2026-03-14T09:18:55.982+0000] {processor.py:826} INFO - Processing file /home/vscode/.local/lib/python3.10/site-packages/airflow/example_dags/example_branch_day_of_week_operator.py for tasks to queue
[2026-03-14T09:18:55.982+0000] {logging_mixin.py:150} INFO - [2026-03-14T09:18:55.982+0000] {dagbag.py:541} INFO - Filling up the DagBag from /home/vscode/.local/lib/python3.10/site-packages/airflow/example_dags/example_branch_day_of_week_operator.py
[2026-03-14T09:18:55.988+0000] {processor.py:836} INFO - DAG(s) dict_keys(['example_weekday_branch_operator']) retrieved from /home/vscode/.local/lib/python3.10/site-packages/airflow/example_dags/example_branch_day_of_week_operator.py
[2026-03-14T09:18:56.000+0000] {logging_mixin.py:150} INFO - [2026-03-14T09:18:56.000+0000] {dag.py:2742} INFO - Sync 1 DAGs
[2026-03-14T09:18:56.015+0000] {logging_mixin.py:150} INFO - [2026-03-14T09:18:56.015+0000] {dag.py:3504} INFO - Setting next_dagrun for example_weekday_branch_operator to 2026-03-13T00:00:00+00:00, run_after=2026-03-14T00:00:00+00:00
[2026-03-14T09:18:56.030+0000] {processor.py:179} INFO - Processing /home/vscode/.local/lib/python3.10/site-packages/airflow/example_dags/example_branch_day_of_week_operator.py took 0.051 seconds
[2026-03-14T09:19:51.175+0000] {processor.py:157} INFO - Started process (PID=12740) to work on /home/vscode/.local/lib/python3.10/site-packages/airflow/example_dags/example_branch_day_of_week_operator.py
[2026-03-14T09:19:51.175+0000] {processor.py:826} INFO - Processing file /home/vscode/.local/lib/python3.10/site-packages/airflow/example_dags/example_branch_day_of_week_operator.py for tasks to queue
[2026-03-14T09:19:51.176+0000] {logging_mixin.py:150} INFO - [2026-03-14T09:19:51.176+0000] {dagbag.py:541} INFO - Filling up the DagBag from /home/vscode/.local/lib/python3.10/site-packages/airflow/example_dags/example_branch_day_of_week_operator.py
[2026-03-14T09:19:51.182+0000] {processor.py:836} INFO - DAG(s) dict_keys(['example_weekday_branch_operator']) retrieved from /home/vscode/.local/lib/python3.10/site-packages/airflow/example_dags/example_branch_day_of_week_operator.py
[2026-03-14T09:19:51.194+0000] {logging_mixin.py:150} INFO - [2026-03-14T09:19:51.194+0000] {dag.py:2742} INFO - Sync 1 DAGs
[2026-03-14T09:19:51.209+0000] {logging_mixin.py:150} INFO - [2026-03-14T09:19:51.209+0000] {dag.py:3504} INFO - Setting next_dagrun for example_weekday_branch_operator to 2026-03-13T00:00:00+00:00, run_after=2026-03-14T00:00:00+00:00
[2026-03-14T09:19:51.225+0000] {processor.py:179} INFO - Processing /home/vscode/.local/lib/python3.10/site-packages/airflow/example_dags/example_branch_day_of_week_operator.py took 0.052 seconds
[2026-03-14T09:20:41.128+0000] {processor.py:157} INFO - Started process (PID=13075) to work on /home/vscode/.local/lib/python3.10/site-packages/airflow/example_dags/example_branch_day_of_week_operator.py
[2026-03-14T09:20:41.128+0000] {processor.py:826} INFO - Processing file /home/vscode/.local/lib/python3.10/site-packages/airflow/example_dags/example_branch_day_of_week_operator.py for tasks to queue
[2026-03-14T09:20:41.129+0000] {logging_mixin.py:150} INFO - [2026-03-14T09:20:41.129+0000] {dagbag.py:541} INFO - Filling up the DagBag from /home/vscode/.local/lib/python3.10/site-packages/airflow/example_dags/example_branch_day_of_week_operator.py
[2026-03-14T09:20:41.134+0000] {processor.py:836} INFO - DAG(s) dict_keys(['example_weekday_branch_operator']) retrieved from /home/vscode/.local/lib/python3.10/site-packages/airflow/example_dags/example_branch_day_of_week_operator.py
[2026-03-14T09:20:41.146+0000] {logging_mixin.py:150} INFO - [2026-03-14T09:20:41.146+0000] {dag.py:2742} INFO - Sync 1 DAGs
[2026-03-14T09:20:41.161+0000] {logging_mixin.py:150} INFO - [2026-03-14T09:20:41.161+0000] {dag.py:3504} INFO - Setting next_dagrun for example_weekday_branch_operator to 2026-03-13T00:00:00+00:00, run_after=2026-03-14T00:00:00+00:00
[2026-03-14T09:20:41.177+0000] {processor.py:179} INFO - Processing /home/vscode/.local/lib/python3.10/site-packages/airflow/example_dags/example_branch_day_of_week_operator.py took 0.051 seconds
[2026-03-14T09:21:28.641+0000] {processor.py:157} INFO - Started process (PID=13394) to work on /home/vscode/.local/lib/python3.10/site-packages/airflow/example_dags/example_branch_day_of_week_operator.py
[2026-03-14T09:21:28.642+0000] {processor.py:826} INFO - Processing file /home/vscode/.local/lib/python3.10/site-packages/airflow/example_dags/example_branch_day_of_week_operator.py for tasks to queue
[2026-03-14T09:21:28.642+0000] {logging_mixin.py:150} INFO - [2026-03-14T09:21:28.642+0000] {dagbag.py:541} INFO - Filling up the DagBag from /home/vscode/.local/lib/python3.10/site-packages/airflow/example_dags/example_branch_day_of_week_operator.py
[2026-03-14T09:21:28.648+0000] {processor.py:836} INFO - DAG(s) dict_keys(['example_weekday_branch_operator']) retrieved from /home/vscode/.local/lib/python3.10/site-packages/airflow/example_dags/example_branch_day_of_week_operator.py
[2026-03-14T09:21:28.660+0000] {logging_mixin.py:150} INFO - [2026-03-14T09:21:28.660+0000] {dag.py:2742} INFO - Sync 1 DAGs
[2026-03-14T09:21:28.674+0000] {logging_mixin.py:150} INFO - [2026-03-14T09:21:28.674+0000] {dag.py:3504} INFO - Setting next_dagrun for example_weekday_branch_operator to 2026-03-13T00:00:00+00:00, run_after=2026-03-14T00:00:00+00:00
[2026-03-14T09:21:28.689+0000] {processor.py:179} INFO - Processing /home/vscode/.local/lib/python3.10/site-packages/airflow/example_dags/example_branch_day_of_week_operator.py took 0.050 seconds
[2026-03-14T09:22:13.696+0000] {processor.py:157} INFO - Started process (PID=13690) to work on /home/vscode/.local/lib/python3.10/site-packages/airflow/example_dags/example_branch_day_of_week_operator.py
[2026-03-14T09:22:13.696+0000] {processor.py:826} INFO - Processing file /home/vscode/.local/lib/python3.10/site-packages/airflow/example_dags/example_branch_day_of_week_operator.py for tasks to queue
[2026-03-14T09:22:13.697+0000] {logging_mixin.py:150} INFO - [2026-03-14T09:22:13.697+0000] {dagbag.py:541} INFO - Filling up the DagBag from /home/vscode/.local/lib/python3.10/site-packages/airflow/example_dags/example_branch_day_of_week_operator.py
[2026-03-14T09:22:13.702+0000] {processor.py:836} INFO - DAG(s) dict_keys(['example_weekday_branch_operator']) retrieved from /home/vscode/.local/lib/python3.10/site-packages/airflow/example_dags/example_branch_day_of_week_operator.py
[2026-03-14T09:22:13.714+0000] {logging_mixin.py:150} INFO - [2026-03-14T09:22:13.714+0000] {dag.py:2742} INFO - Sync 1 DAGs
[2026-03-14T09:22:13.729+0000] {logging_mixin.py:150} INFO - [2026-03-14T09:22:13.729+0000] {dag.py:3504} INFO - Setting next_dagrun for example_weekday_branch_operator to 2026-03-13T00:00:00+00:00, run_after=2026-03-14T00:00:00+00:00
[2026-03-14T09:22:13.746+0000] {processor.py:179} INFO - Processing /home/vscode/.local/lib/python3.10/site-packages/airflow/example_dags/example_branch_day_of_week_operator.py took 0.053 seconds
[2026-03-14T09:22:56.718+0000] {processor.py:157} INFO - Started process (PID=13980) to work on /home/vscode/.local/lib/python3.10/site-packages/airflow/example_dags/example_branch_day_of_week_operator.py
[2026-03-14T09:22:56.718+0000] {processor.py:826} INFO - Processing file /home/vscode/.local/lib/python3.10/site-packages/airflow/example_dags/example_branch_day_of_week_operator.py for tasks to queue
[2026-03-14T09:22:56.719+0000] {logging_mixin.py:150} INFO - [2026-03-14T09:22:56.719+0000] {dagbag.py:541} INFO - Filling up the DagBag from /home/vscode/.local/lib/python3.10/site-packages/airflow/example_dags/example_branch_day_of_week_operator.py
[2026-03-14T09:22:56.724+0000] {processor.py:836} INFO - DAG(s) dict_keys(['example_weekday_branch_operator']) retrieved from /home/vscode/.local/lib/python3.10/site-packages/airflow/example_dags/example_branch_day_of_week_operator.py
[2026-03-14T09:22:56.736+0000] {logging_mixin.py:150} INFO - [2026-03-14T09:22:56.736+0000] {dag.py:2742} INFO - Sync 1 DAGs
[2026-03-14T09:22:56.751+0000] {logging_mixin.py:150} INFO - [2026-03-14T09:22:56.751+0000] {dag.py:3504} INFO - Setting next_dagrun for example_weekday_branch_operator to 2026-03-13T00:00:00+00:00, run_after=2026-03-14T00:00:00+00:00
[2026-03-14T09:22:56.767+0000] {processor.py:179} INFO - Processing /home/vscode/.local/lib/python3.10/site-packages/airflow/example_dags/example_branch_day_of_week_operator.py took 0.051 seconds
[2026-03-14T09:23:43.162+0000] {processor.py:157} INFO - Started process (PID=14317) to work on /home/vscode/.local/lib/python3.10/site-packages/airflow/example_dags/example_branch_day_of_week_operator.py
[2026-03-14T09:23:43.163+0000] {processor.py:826} INFO - Processing file /home/vscode/.local/lib/python3.10/site-packages/airflow/example_dags/example_branch_day_of_week_operator.py for tasks to queue
[2026-03-14T09:23:43.164+0000] {logging_mixin.py:150} INFO - [2026-03-14T09:23:43.163+0000] {dagbag.py:541} INFO - Filling up the DagBag from /home/vscode/.local/lib/python3.10/site-packages/airflow/example_dags/example_branch_day_of_week_operator.py
[2026-03-14T09:23:43.169+0000] {processor.py:836} INFO - DAG(s) dict_keys(['example_weekday_branch_operator']) retrieved from /home/vscode/.local/lib/python3.10/site-packages/airflow/example_dags/example_branch_day_of_week_operator.py
[2026-03-14T09:23:43.184+0000] {logging_mixin.py:150} INFO - [2026-03-14T09:23:43.184+0000] {dag.py:2742} INFO - Sync 1 DAGs
[2026-03-14T09:23:43.201+0000] {logging_mixin.py:150} INFO - [2026-03-14T09:23:43.201+0000] {dag.py:3504} INFO - Setting next_dagrun for example_weekday_branch_operator to 2026-03-13T00:00:00+00:00, run_after=2026-03-14T00:00:00+00:00
[2026-03-14T09:23:43.216+0000] {processor.py:179} INFO - Processing /home/vscode/.local/lib/python3.10/site-packages/airflow/example_dags/example_branch_day_of_week_operator.py took 0.055 seconds
