[2026-03-14T09:13:19.866+0000] {processor.py:157} INFO - Started process (PID=9918) to work on /home/vscode/.local/lib/python3.10/site-packages/airflow/example_dags/example_dynamic_task_mapping_with_no_taskflow_operators.py
[2026-03-14T09:13:19.866+0000] {processor.py:826} INFO - Processing file /home/vscode/.local/lib/python3.10/site-packages/airflow/example_dags/example_dynamic_task_mapping_with_no_taskflow_operators.py for tasks to queue
[2026-03-14T09:13:19.867+0000] {logging_mixin.py:150} INFO - [2026-03-14T09:13:19.867+0000] {dagbag.py:541} INFO - Filling up the DagBag from /home/vscode/.local/lib/python3.10/site-packages/airflow/example_dags/example_dynamic_task_mapping_with_no_taskflow_operators.py
[2026-03-14T09:13:19.872+0000] {processor.py:836} INFO - DAG(s) dict_keys(['example_dynamic_task_mapping_with_no_taskflow_operators']) retrieved from /home/vscode/.local/lib/python3.10/site-packages/airflow/example_dags/example_dynamic_task_mapping_with_no_taskflow_operators.py
[2026-03-14T09:13:19.964+0000] {logging_mixin.py:150} INFO - [2026-03-14T09:13:19.964+0000] {manager.py:504} INFO - Created Permission View: can delete on DAG:example_dynamic_task_mapping_with_no_taskflow_operators
[2026-03-14T09:13:19.973+0000] {logging_mixin.py:150} INFO - [2026-03-14T09:13:19.973+0000] {manager.py:504} INFO - Created Permission View: can edit on DAG:example_dynamic_task_mapping_with_no_taskflow_operators
[2026-03-14T09:13:19.979+0000] {logging_mixin.py:150} INFO - [2026-03-14T09:13:19.979+0000] {manager.py:504} INFO - Created Permission View: can read on DAG:example_dynamic_task_mapping_with_no_taskflow_operators
[2026-03-14T09:13:19.987+0000] {logging_mixin.py:150} INFO - [2026-03-14T09:13:19.987+0000] {dag.py:2742} INFO - Sync 1 DAGs
[2026-03-14T09:13:19.994+0000] {logging_mixin.py:150} INFO - [2026-03-14T09:13:19.994+0000] {dag.py:2763} INFO - Creating ORM DAG for example_dynamic_task_mapping_with_no_taskflow_operators
[2026-03-14T09:13:20.000+0000] {logging_mixin.py:150} INFO - [2026-03-14T09:13:20.000+0000] {dag.py:3504} INFO - Setting next_dagrun for example_dynamic_task_mapping_with_no_taskflow_operators to 2026-03-13T09:13:20.000294+00:00, run_after=2026-03-14T09:13:20.000294+00:00
[2026-03-14T09:13:20.016+0000] {processor.py:179} INFO - Processing /home/vscode/.local/lib/python3.10/site-packages/airflow/example_dags/example_dynamic_task_mapping_with_no_taskflow_operators.py took 0.152 seconds
[2026-03-14T09:14:05.965+0000] {processor.py:157} INFO - Started process (PID=10227) to work on /home/vscode/.local/lib/python3.10/site-packages/airflow/example_dags/example_dynamic_task_mapping_with_no_taskflow_operators.py
[2026-03-14T09:14:05.966+0000] {processor.py:826} INFO - Processing file /home/vscode/.local/lib/python3.10/site-packages/airflow/example_dags/example_dynamic_task_mapping_with_no_taskflow_operators.py for tasks to queue
[2026-03-14T09:14:05.967+0000] {logging_mixin.py:150} INFO - [2026-03-14T09:14:05.967+0000] {dagbag.py:541} INFO - Filling up the DagBag from /home/vscode/.local/lib/python3.10/site-packages/airflow/example_dags/example_dynamic_task_mapping_with_no_taskflow_operators.py
[2026-03-14T09:14:05.982+0000] {processor.py:836} INFO - DAG(s) dict_keys(['example_dynamic_task_mapping_with_no_taskflow_operators']) retrieved from /home/vscode/.local/lib/python3.10/site-packages/airflow/example_dags/example_dynamic_task_mapping_with_no_taskflow_operators.py
[2026-03-14T09:14:06.016+0000] {logging_mixin.py:150} INFO - [2026-03-14T09:14:06.016+0000] {dag.py:2742} INFO - Sync 1 DAGs
[2026-03-14T09:14:06.050+0000] {logging_mixin.py:150} INFO - [2026-03-14T09:14:06.050+0000] {dag.py:3504} INFO - Setting next_dagrun for example_dynamic_task_mapping_with_no_taskflow_operators to 2026-03-13T09:14:06.049845+00:00, run_after=2026-03-14T09:14:06.049845+00:00
[2026-03-14T09:14:06.065+0000] {processor.py:179} INFO - Processing /home/vscode/.local/lib/python3.10/site-packages/airflow/example_dags/example_dynamic_task_mapping_with_no_taskflow_operators.py took 0.104 seconds
[2026-03-14T09:14:54.341+0000] {processor.py:157} INFO - Started process (PID=10565) to work on /home/vscode/.local/lib/python3.10/site-packages/airflow/example_dags/example_dynamic_task_mapping_with_no_taskflow_operators.py
[2026-03-14T09:14:54.342+0000] {processor.py:826} INFO - Processing file /home/vscode/.local/lib/python3.10/site-packages/airflow/example_dags/example_dynamic_task_mapping_with_no_taskflow_operators.py for tasks to queue
[2026-03-14T09:14:54.343+0000] {logging_mixin.py:150} INFO - [2026-03-14T09:14:54.342+0000] {dagbag.py:541} INFO - Filling up the DagBag from /home/vscode/.local/lib/python3.10/site-packages/airflow/example_dags/example_dynamic_task_mapping_with_no_taskflow_operators.py
[2026-03-14T09:14:54.348+0000] {processor.py:836} INFO - DAG(s) dict_keys(['example_dynamic_task_mapping_with_no_taskflow_operators']) retrieved from /home/vscode/.local/lib/python3.10/site-packages/airflow/example_dags/example_dynamic_task_mapping_with_no_taskflow_operators.py
[2026-03-14T09:14:54.359+0000] {logging_mixin.py:150} INFO - [2026-03-14T09:14:54.359+0000] {dag.py:2742} INFO - Sync 1 DAGs
[2026-03-14T09:14:54.372+0000] {logging_mixin.py:150} INFO - [2026-03-14T09:14:54.372+0000] {dag.py:3504} INFO - Setting next_dagrun for example_dynamic_task_mapping_with_no_taskflow_operators to 2026-03-13T09:14:54.372566+00:00, run_after=2026-03-14T09:14:54.372566+00:00
[2026-03-14T09:14:54.387+0000] {processor.py:179} INFO - Processing /home/vscode/.local/lib/python3.10/site-packages/airflow/example_dags/example_dynamic_task_mapping_with_no_taskflow_operators.py took 0.048 seconds
[2026-03-14T09:15:41.720+0000] {processor.py:157} INFO - Started process (PID=10892) to work on /home/vscode/.local/lib/python3.10/site-packages/airflow/example_dags/example_dynamic_task_mapping_with_no_taskflow_operators.py
[2026-03-14T09:15:41.720+0000] {processor.py:826} INFO - Processing file /home/vscode/.local/lib/python3.10/site-packages/airflow/example_dags/example_dynamic_task_mapping_with_no_taskflow_operators.py for tasks to queue
[2026-03-14T09:15:41.721+0000] {logging_mixin.py:150} INFO - [2026-03-14T09:15:41.721+0000] {dagbag.py:541} INFO - Filling up the DagBag from /home/vscode/.local/lib/python3.10/site-packages/airflow/example_dags/example_dynamic_task_mapping_with_no_taskflow_operators.py
[2026-03-14T09:15:41.726+0000] {processor.py:836} INFO - DAG(s) dict_keys(['example_dynamic_task_mapping_with_no_taskflow_operators']) retrieved from /home/vscode/.local/lib/python3.10/site-packages/airflow/example_dags/example_dynamic_task_mapping_with_no_taskflow_operators.py
[2026-03-14T09:15:41.736+0000] {logging_mixin.py:150} INFO - [2026-03-14T09:15:41.736+0000] {dag.py:2742} INFO - Sync 1 DAGs
[2026-03-14T09:15:41.750+0000] {logging_mixin.py:150} INFO - [2026-03-14T09:15:41.750+0000] {dag.py:3504} INFO - Setting next_dagrun for example_dynamic_task_mapping_with_no_taskflow_operators to 2026-03-13T09:15:41.750224+00:00, run_after=2026-03-14T09:15:41.750224+00:00
[2026-03-14T09:15:41.765+0000] {processor.py:179} INFO - Processing /home/vscode/.local/lib/python3.10/site-packages/airflow/example_dags/example_dynamic_task_mapping_with_no_taskflow_operators.py took 0.047 seconds
[2026-03-14T09:16:28.628+0000] {processor.py:157} INFO - Started process (PID=11286) to work on /home/vscode/.local/lib/python3.10/site-packages/airflow/example_dags/example_dynamic_task_mapping_with_no_taskflow_operators.py
[2026-03-14T09:16:28.629+0000] {processor.py:826} INFO - Processing file /home/vscode/.local/lib/python3.10/site-packages/airflow/example_dags/example_dynamic_task_mapping_with_no_taskflow_operators.py for tasks to queue
[2026-03-14T09:16:28.630+0000] {logging_mixin.py:150} INFO - [2026-03-14T09:16:28.629+0000] {dagbag.py:541} INFO - Filling up the DagBag from /home/vscode/.local/lib/python3.10/site-packages/airflow/example_dags/example_dynamic_task_mapping_with_no_taskflow_operators.py
[2026-03-14T09:16:28.635+0000] {processor.py:836} INFO - DAG(s) dict_keys(['example_dynamic_task_mapping_with_no_taskflow_operators']) retrieved from /home/vscode/.local/lib/python3.10/site-packages/airflow/example_dags/example_dynamic_task_mapping_with_no_taskflow_operators.py
[2026-03-14T09:16:28.645+0000] {logging_mixin.py:150} INFO - [2026-03-14T09:16:28.645+0000] {dag.py:2742} INFO - Sync 1 DAGs
[2026-03-14T09:16:28.659+0000] {logging_mixin.py:150} INFO - [2026-03-14T09:16:28.659+0000] {dag.py:3504} INFO - Setting next_dagrun for example_dynamic_task_mapping_with_no_taskflow_operators to 2026-03-13T09:16:28.658698+00:00, run_after=2026-03-14T09:16:28.658698+00:00
[2026-03-14T09:16:28.674+0000] {processor.py:179} INFO - Processing /home/vscode/.local/lib/python3.10/site-packages/airflow/example_dags/example_dynamic_task_mapping_with_no_taskflow_operators.py took 0.047 seconds
[2026-03-14T09:17:12.506+0000] {processor.py:157} INFO - Started process (PID=11581) to work on /home/vscode/.local/lib/python3.10/site-packages/airflow/example_dags/example_dynamic_task_mapping_with_no_taskflow_operators.py
[2026-03-14T09:17:12.507+0000] {processor.py:826} INFO - Processing file /home/vscode/.local/lib/python3.10/site-packages/airflow/example_dags/example_dynamic_task_mapping_with_no_taskflow_operators.py for tasks to queue
[2026-03-14T09:17:12.508+0000] {logging_mixin.py:150} INFO - [2026-03-14T09:17:12.508+0000] {dagbag.py:541} INFO - Filling up the DagBag from /home/vscode/.local/lib/python3.10/site-packages/airflow/example_dags/example_dynamic_task_mapping_with_no_taskflow_operators.py
[2026-03-14T09:17:12.516+0000] {processor.py:836} INFO - DAG(s) dict_keys(['example_dynamic_task_mapping_with_no_taskflow_operators']) retrieved from /home/vscode/.local/lib/python3.10/site-packages/airflow/example_dags/example_dynamic_task_mapping_with_no_taskflow_operators.py
[2026-03-14T09:17:12.528+0000] {logging_mixin.py:150} INFO - [2026-03-14T09:17:12.528+0000] {dag.py:2742} INFO - Sync 1 DAGs
[2026-03-14T09:17:12.542+0000] {logging_mixin.py:150} INFO - [2026-03-14T09:17:12.542+0000] {dag.py:3504} INFO - Setting next_dagrun for example_dynamic_task_mapping_with_no_taskflow_operators to 2026-03-13T09:17:12.542203+00:00, run_after=2026-03-14T09:17:12.542203+00:00
[2026-03-14T09:17:12.558+0000] {processor.py:179} INFO - Processing /home/vscode/.local/lib/python3.10/site-packages/airflow/example_dags/example_dynamic_task_mapping_with_no_taskflow_operators.py took 0.055 seconds
[2026-03-14T09:17:58.207+0000] {processor.py:157} INFO - Started process (PID=11926) to work on /home/vscode/.local/lib/python3.10/site-packages/airflow/example_dags/example_dynamic_task_mapping_with_no_taskflow_operators.py
[2026-03-14T09:17:58.207+0000] {processor.py:826} INFO - Processing file /home/vscode/.local/lib/python3.10/site-packages/airflow/example_dags/example_dynamic_task_mapping_with_no_taskflow_operators.py for tasks to queue
[2026-03-14T09:17:58.208+0000] {logging_mixin.py:150} INFO - [2026-03-14T09:17:58.208+0000] {dagbag.py:541} INFO - Filling up the DagBag from /home/vscode/.local/lib/python3.10/site-packages/airflow/example_dags/example_dynamic_task_mapping_with_no_taskflow_operators.py
[2026-03-14T09:17:58.223+0000] {processor.py:836} INFO - DAG(s) dict_keys(['example_dynamic_task_mapping_with_no_taskflow_operators']) retrieved from /home/vscode/.local/lib/python3.10/site-packages/airflow/example_dags/example_dynamic_task_mapping_with_no_taskflow_operators.py
[2026-03-14T09:17:58.259+0000] {logging_mixin.py:150} INFO - [2026-03-14T09:17:58.259+0000] {dag.py:2742} INFO - Sync 1 DAGs
[2026-03-14T09:17:58.304+0000] {logging_mixin.py:150} INFO - [2026-03-14T09:17:58.304+0000] {dag.py:3504} INFO - Setting next_dagrun for example_dynamic_task_mapping_with_no_taskflow_operators to 2026-03-13T09:17:58.303973+00:00, run_after=2026-03-14T09:17:58.303973+00:00
[2026-03-14T09:17:58.362+0000] {processor.py:179} INFO - Processing /home/vscode/.local/lib/python3.10/site-packages/airflow/example_dags/example_dynamic_task_mapping_with_no_taskflow_operators.py took 0.162 seconds
[2026-03-14T09:18:42.900+0000] {processor.py:157} INFO - Started process (PID=12288) to work on /home/vscode/.local/lib/python3.10/site-packages/airflow/example_dags/example_dynamic_task_mapping_with_no_taskflow_operators.py
[2026-03-14T09:18:42.901+0000] {processor.py:826} INFO - Processing file /home/vscode/.local/lib/python3.10/site-packages/airflow/example_dags/example_dynamic_task_mapping_with_no_taskflow_operators.py for tasks to queue
[2026-03-14T09:18:42.901+0000] {logging_mixin.py:150} INFO - [2026-03-14T09:18:42.901+0000] {dagbag.py:541} INFO - Filling up the DagBag from /home/vscode/.local/lib/python3.10/site-packages/airflow/example_dags/example_dynamic_task_mapping_with_no_taskflow_operators.py
[2026-03-14T09:18:42.906+0000] {processor.py:836} INFO - DAG(s) dict_keys(['example_dynamic_task_mapping_with_no_taskflow_operators']) retrieved from /home/vscode/.local/lib/python3.10/site-packages/airflow/example_dags/example_dynamic_task_mapping_with_no_taskflow_operators.py
[2026-03-14T09:18:42.917+0000] {logging_mixin.py:150} INFO - [2026-03-14T09:18:42.917+0000] {dag.py:2742} INFO - Sync 1 DAGs
[2026-03-14T09:18:42.931+0000] {logging_mixin.py:150} INFO - [2026-03-14T09:18:42.931+0000] {dag.py:3504} INFO - Setting next_dagrun for example_dynamic_task_mapping_with_no_taskflow_operators to 2026-03-13T09:18:42.931498+00:00, run_after=2026-03-14T09:18:42.931498+00:00
[2026-03-14T09:18:42.948+0000] {processor.py:179} INFO - Processing /home/vscode/.local/lib/python3.10/site-packages/airflow/example_dags/example_dynamic_task_mapping_with_no_taskflow_operators.py took 0.050 seconds
[2026-03-14T09:19:31.413+0000] {processor.py:157} INFO - Started process (PID=12610) to work on /home/vscode/.local/lib/python3.10/site-packages/airflow/example_dags/example_dynamic_task_mapping_with_no_taskflow_operators.py
[2026-03-14T09:19:31.413+0000] {processor.py:826} INFO - Processing file /home/vscode/.local/lib/python3.10/site-packages/airflow/example_dags/example_dynamic_task_mapping_with_no_taskflow_operators.py for tasks to queue
[2026-03-14T09:19:31.414+0000] {logging_mixin.py:150} INFO - [2026-03-14T09:19:31.414+0000] {dagbag.py:541} INFO - Filling up the DagBag from /home/vscode/.local/lib/python3.10/site-packages/airflow/example_dags/example_dynamic_task_mapping_with_no_taskflow_operators.py
[2026-03-14T09:19:31.419+0000] {processor.py:836} INFO - DAG(s) dict_keys(['example_dynamic_task_mapping_with_no_taskflow_operators']) retrieved from /home/vscode/.local/lib/python3.10/site-packages/airflow/example_dags/example_dynamic_task_mapping_with_no_taskflow_operators.py
[2026-03-14T09:19:31.430+0000] {logging_mixin.py:150} INFO - [2026-03-14T09:19:31.430+0000] {dag.py:2742} INFO - Sync 1 DAGs
[2026-03-14T09:19:31.444+0000] {logging_mixin.py:150} INFO - [2026-03-14T09:19:31.444+0000] {dag.py:3504} INFO - Setting next_dagrun for example_dynamic_task_mapping_with_no_taskflow_operators to 2026-03-13T09:19:31.443877+00:00, run_after=2026-03-14T09:19:31.443877+00:00
[2026-03-14T09:19:31.459+0000] {processor.py:179} INFO - Processing /home/vscode/.local/lib/python3.10/site-packages/airflow/example_dags/example_dynamic_task_mapping_with_no_taskflow_operators.py took 0.049 seconds
[2026-03-14T09:20:18.282+0000] {processor.py:157} INFO - Started process (PID=12929) to work on /home/vscode/.local/lib/python3.10/site-packages/airflow/example_dags/example_dynamic_task_mapping_with_no_taskflow_operators.py
[2026-03-14T09:20:18.283+0000] {processor.py:826} INFO - Processing file /home/vscode/.local/lib/python3.10/site-packages/airflow/example_dags/example_dynamic_task_mapping_with_no_taskflow_operators.py for tasks to queue
[2026-03-14T09:20:18.283+0000] {logging_mixin.py:150} INFO - [2026-03-14T09:20:18.283+0000] {dagbag.py:541} INFO - Filling up the DagBag from /home/vscode/.local/lib/python3.10/site-packages/airflow/example_dags/example_dynamic_task_mapping_with_no_taskflow_operators.py
[2026-03-14T09:20:18.288+0000] {processor.py:836} INFO - DAG(s) dict_keys(['example_dynamic_task_mapping_with_no_taskflow_operators']) retrieved from /home/vscode/.local/lib/python3.10/site-packages/airflow/example_dags/example_dynamic_task_mapping_with_no_taskflow_operators.py
[2026-03-14T09:20:18.299+0000] {logging_mixin.py:150} INFO - [2026-03-14T09:20:18.299+0000] {dag.py:2742} INFO - Sync 1 DAGs
[2026-03-14T09:20:18.312+0000] {logging_mixin.py:150} INFO - [2026-03-14T09:20:18.312+0000] {dag.py:3504} INFO - Setting next_dagrun for example_dynamic_task_mapping_with_no_taskflow_operators to 2026-03-13T09:20:18.312398+00:00, run_after=2026-03-14T09:20:18.312398+00:00
[2026-03-14T09:20:18.327+0000] {processor.py:179} INFO - Processing /home/vscode/.local/lib/python3.10/site-packages/airflow/example_dags/example_dynamic_task_mapping_with_no_taskflow_operators.py took 0.047 seconds
[2026-03-14T09:21:08.005+0000] {processor.py:157} INFO - Started process (PID=13257) to work on /home/vscode/.local/lib/python3.10/site-packages/airflow/example_dags/example_dynamic_task_mapping_with_no_taskflow_operators.py
[2026-03-14T09:21:08.006+0000] {processor.py:826} INFO - Processing file /home/vscode/.local/lib/python3.10/site-packages/airflow/example_dags/example_dynamic_task_mapping_with_no_taskflow_operators.py for tasks to queue
[2026-03-14T09:21:08.006+0000] {logging_mixin.py:150} INFO - [2026-03-14T09:21:08.006+0000] {dagbag.py:541} INFO - Filling up the DagBag from /home/vscode/.local/lib/python3.10/site-packages/airflow/example_dags/example_dynamic_task_mapping_with_no_taskflow_operators.py
[2026-03-14T09:21:08.011+0000] {processor.py:836} INFO - DAG(s) dict_keys(['example_dynamic_task_mapping_with_no_taskflow_operators']) retrieved from /home/vscode/.local/lib/python3.10/site-packages/airflow/example_dags/example_dynamic_task_mapping_with_no_taskflow_operators.py
[2026-03-14T09:21:08.022+0000] {logging_mixin.py:150} INFO - [2026-03-14T09:21:08.022+0000] {dag.py:2742} INFO - Sync 1 DAGs
[2026-03-14T09:21:08.035+0000] {logging_mixin.py:150} INFO - [2026-03-14T09:21:08.035+0000] {dag.py:3504} INFO - Setting next_dagrun for example_dynamic_task_mapping_with_no_taskflow_operators to 2026-03-13T09:21:08.035679+00:00, run_after=2026-03-14T09:21:08.035679+00:00
[2026-03-14T09:21:08.050+0000] {processor.py:179} INFO - Processing /home/vscode/.local/lib/python3.10/site-packages/airflow/example_dags/example_dynamic_task_mapping_with_no_taskflow_operators.py took 0.047 seconds
[2026-03-14T09:21:53.427+0000] {processor.py:157} INFO - Started process (PID=13553) to work on /home/vscode/.local/lib/python3.10/site-packages/airflow/example_dags/example_dynamic_task_mapping_with_no_taskflow_operators.py
[2026-03-14T09:21:53.427+0000] {processor.py:826} INFO - Processing file /home/vscode/.local/lib/python3.10/site-packages/airflow/example_dags/example_dynamic_task_mapping_with_no_taskflow_operators.py for tasks to queue
[2026-03-14T09:21:53.428+0000] {logging_mixin.py:150} INFO - [2026-03-14T09:21:53.428+0000] {dagbag.py:541} INFO - Filling up the DagBag from /home/vscode/.local/lib/python3.10/site-packages/airflow/example_dags/example_dynamic_task_mapping_with_no_taskflow_operators.py
[2026-03-14T09:21:53.433+0000] {processor.py:836} INFO - DAG(s) dict_keys(['example_dynamic_task_mapping_with_no_taskflow_operators']) retrieved from /home/vscode/.local/lib/python3.10/site-packages/airflow/example_dags/example_dynamic_task_mapping_with_no_taskflow_operators.py
[2026-03-14T09:21:53.443+0000] {logging_mixin.py:150} INFO - [2026-03-14T09:21:53.443+0000] {dag.py:2742} INFO - Sync 1 DAGs
[2026-03-14T09:21:53.457+0000] {logging_mixin.py:150} INFO - [2026-03-14T09:21:53.457+0000] {dag.py:3504} INFO - Setting next_dagrun for example_dynamic_task_mapping_with_no_taskflow_operators to 2026-03-13T09:21:53.457091+00:00, run_after=2026-03-14T09:21:53.457091+00:00
[2026-03-14T09:21:53.471+0000] {processor.py:179} INFO - Processing /home/vscode/.local/lib/python3.10/site-packages/airflow/example_dags/example_dynamic_task_mapping_with_no_taskflow_operators.py took 0.046 seconds
[2026-03-14T09:22:39.432+0000] {processor.py:157} INFO - Started process (PID=13867) to work on /home/vscode/.local/lib/python3.10/site-packages/airflow/example_dags/example_dynamic_task_mapping_with_no_taskflow_operators.py
[2026-03-14T09:22:39.433+0000] {processor.py:826} INFO - Processing file /home/vscode/.local/lib/python3.10/site-packages/airflow/example_dags/example_dynamic_task_mapping_with_no_taskflow_operators.py for tasks to queue
[2026-03-14T09:22:39.433+0000] {logging_mixin.py:150} INFO - [2026-03-14T09:22:39.433+0000] {dagbag.py:541} INFO - Filling up the DagBag from /home/vscode/.local/lib/python3.10/site-packages/airflow/example_dags/example_dynamic_task_mapping_with_no_taskflow_operators.py
[2026-03-14T09:22:39.438+0000] {processor.py:836} INFO - DAG(s) dict_keys(['example_dynamic_task_mapping_with_no_taskflow_operators']) retrieved from /home/vscode/.local/lib/python3.10/site-packages/airflow/example_dags/example_dynamic_task_mapping_with_no_taskflow_operators.py
[2026-03-14T09:22:39.448+0000] {logging_mixin.py:150} INFO - [2026-03-14T09:22:39.448+0000] {dag.py:2742} INFO - Sync 1 DAGs
[2026-03-14T09:22:39.462+0000] {logging_mixin.py:150} INFO - [2026-03-14T09:22:39.462+0000] {dag.py:3504} INFO - Setting next_dagrun for example_dynamic_task_mapping_with_no_taskflow_operators to 2026-03-13T09:22:39.462469+00:00, run_after=2026-03-14T09:22:39.462469+00:00
[2026-03-14T09:22:39.477+0000] {processor.py:179} INFO - Processing /home/vscode/.local/lib/python3.10/site-packages/airflow/example_dags/example_dynamic_task_mapping_with_no_taskflow_operators.py took 0.047 seconds
[2026-03-14T09:23:21.992+0000] {processor.py:157} INFO - Started process (PID=14149) to work on /home/vscode/.local/lib/python3.10/site-packages/airflow/example_dags/example_dynamic_task_mapping_with_no_taskflow_operators.py
[2026-03-14T09:23:21.993+0000] {processor.py:826} INFO - Processing file /home/vscode/.local/lib/python3.10/site-packages/airflow/example_dags/example_dynamic_task_mapping_with_no_taskflow_operators.py for tasks to queue
[2026-03-14T09:23:21.993+0000] {logging_mixin.py:150} INFO - [2026-03-14T09:23:21.993+0000] {dagbag.py:541} INFO - Filling up the DagBag from /home/vscode/.local/lib/python3.10/site-packages/airflow/example_dags/example_dynamic_task_mapping_with_no_taskflow_operators.py
[2026-03-14T09:23:21.998+0000] {processor.py:836} INFO - DAG(s) dict_keys(['example_dynamic_task_mapping_with_no_taskflow_operators']) retrieved from /home/vscode/.local/lib/python3.10/site-packages/airflow/example_dags/example_dynamic_task_mapping_with_no_taskflow_operators.py
[2026-03-14T09:23:22.009+0000] {logging_mixin.py:150} INFO - [2026-03-14T09:23:22.009+0000] {dag.py:2742} INFO - Sync 1 DAGs
[2026-03-14T09:23:22.022+0000] {logging_mixin.py:150} INFO - [2026-03-14T09:23:22.022+0000] {dag.py:3504} INFO - Setting next_dagrun for example_dynamic_task_mapping_with_no_taskflow_operators to 2026-03-13T09:23:22.022396+00:00, run_after=2026-03-14T09:23:22.022396+00:00
[2026-03-14T09:23:22.038+0000] {processor.py:179} INFO - Processing /home/vscode/.local/lib/python3.10/site-packages/airflow/example_dags/example_dynamic_task_mapping_with_no_taskflow_operators.py took 0.048 seconds
[2026-03-14T09:24:10.567+0000] {processor.py:157} INFO - Started process (PID=14500) to work on /home/vscode/.local/lib/python3.10/site-packages/airflow/example_dags/example_dynamic_task_mapping_with_no_taskflow_operators.py
[2026-03-14T09:24:10.568+0000] {processor.py:826} INFO - Processing file /home/vscode/.local/lib/python3.10/site-packages/airflow/example_dags/example_dynamic_task_mapping_with_no_taskflow_operators.py for tasks to queue
[2026-03-14T09:24:10.568+0000] {logging_mixin.py:150} INFO - [2026-03-14T09:24:10.568+0000] {dagbag.py:541} INFO - Filling up the DagBag from /home/vscode/.local/lib/python3.10/site-packages/airflow/example_dags/example_dynamic_task_mapping_with_no_taskflow_operators.py
[2026-03-14T09:24:10.576+0000] {processor.py:836} INFO - DAG(s) dict_keys(['example_dynamic_task_mapping_with_no_taskflow_operators']) retrieved from /home/vscode/.local/lib/python3.10/site-packages/airflow/example_dags/example_dynamic_task_mapping_with_no_taskflow_operators.py
[2026-03-14T09:24:10.595+0000] {logging_mixin.py:150} INFO - [2026-03-14T09:24:10.594+0000] {dag.py:2742} INFO - Sync 1 DAGs
[2026-03-14T09:24:10.610+0000] {logging_mixin.py:150} INFO - [2026-03-14T09:24:10.610+0000] {dag.py:3504} INFO - Setting next_dagrun for example_dynamic_task_mapping_with_no_taskflow_operators to 2026-03-13T09:24:10.610072+00:00, run_after=2026-03-14T09:24:10.610072+00:00
[2026-03-14T09:24:10.626+0000] {processor.py:179} INFO - Processing /home/vscode/.local/lib/python3.10/site-packages/airflow/example_dags/example_dynamic_task_mapping_with_no_taskflow_operators.py took 0.063 seconds
