[2026-03-14T09:12:53.687+0000] {processor.py:157} INFO - Started process (PID=9723) to work on /home/vscode/.local/lib/python3.10/site-packages/airflow/example_dags/example_xcomargs.py
[2026-03-14T09:12:53.687+0000] {processor.py:826} INFO - Processing file /home/vscode/.local/lib/python3.10/site-packages/airflow/example_dags/example_xcomargs.py for tasks to queue
[2026-03-14T09:12:53.688+0000] {logging_mixin.py:150} INFO - [2026-03-14T09:12:53.688+0000] {dagbag.py:541} INFO - Filling up the DagBag from /home/vscode/.local/lib/python3.10/site-packages/airflow/example_dags/example_xcomargs.py
[2026-03-14T09:12:53.696+0000] {processor.py:836} INFO - DAG(s) dict_keys(['example_xcom_args_with_operators', 'example_xcom_args']) retrieved from /home/vscode/.local/lib/python3.10/site-packages/airflow/example_dags/example_xcomargs.py
[2026-03-14T09:12:53.784+0000] {logging_mixin.py:150} INFO - [2026-03-14T09:12:53.784+0000] {manager.py:504} INFO - Created Permission View: can delete on DAG:example_xcom_args_with_operators
[2026-03-14T09:12:53.793+0000] {logging_mixin.py:150} INFO - [2026-03-14T09:12:53.793+0000] {manager.py:504} INFO - Created Permission View: can edit on DAG:example_xcom_args_with_operators
[2026-03-14T09:12:53.801+0000] {logging_mixin.py:150} INFO - [2026-03-14T09:12:53.800+0000] {manager.py:504} INFO - Created Permission View: can read on DAG:example_xcom_args_with_operators
[2026-03-14T09:12:53.823+0000] {logging_mixin.py:150} INFO - [2026-03-14T09:12:53.823+0000] {manager.py:504} INFO - Created Permission View: can delete on DAG:example_xcom_args
[2026-03-14T09:12:53.833+0000] {logging_mixin.py:150} INFO - [2026-03-14T09:12:53.833+0000] {manager.py:504} INFO - Created Permission View: can edit on DAG:example_xcom_args
[2026-03-14T09:12:53.841+0000] {logging_mixin.py:150} INFO - [2026-03-14T09:12:53.840+0000] {manager.py:504} INFO - Created Permission View: can read on DAG:example_xcom_args
[2026-03-14T09:12:53.844+0000] {logging_mixin.py:150} INFO - [2026-03-14T09:12:53.844+0000] {dag.py:2742} INFO - Sync 2 DAGs
[2026-03-14T09:12:53.855+0000] {logging_mixin.py:150} INFO - [2026-03-14T09:12:53.854+0000] {dag.py:2763} INFO - Creating ORM DAG for example_xcom_args_with_operators
[2026-03-14T09:12:53.855+0000] {logging_mixin.py:150} INFO - [2026-03-14T09:12:53.855+0000] {dag.py:2763} INFO - Creating ORM DAG for example_xcom_args
[2026-03-14T09:12:53.862+0000] {logging_mixin.py:150} INFO - [2026-03-14T09:12:53.862+0000] {dag.py:3504} INFO - Setting next_dagrun for example_xcom_args to None, run_after=None
[2026-03-14T09:12:53.862+0000] {logging_mixin.py:150} INFO - [2026-03-14T09:12:53.862+0000] {dag.py:3504} INFO - Setting next_dagrun for example_xcom_args_with_operators to None, run_after=None
[2026-03-14T09:12:53.879+0000] {processor.py:179} INFO - Processing /home/vscode/.local/lib/python3.10/site-packages/airflow/example_dags/example_xcomargs.py took 0.198 seconds
[2026-03-14T09:13:41.764+0000] {processor.py:157} INFO - Started process (PID=10063) to work on /home/vscode/.local/lib/python3.10/site-packages/airflow/example_dags/example_xcomargs.py
[2026-03-14T09:13:41.765+0000] {processor.py:826} INFO - Processing file /home/vscode/.local/lib/python3.10/site-packages/airflow/example_dags/example_xcomargs.py for tasks to queue
[2026-03-14T09:13:41.766+0000] {logging_mixin.py:150} INFO - [2026-03-14T09:13:41.765+0000] {dagbag.py:541} INFO - Filling up the DagBag from /home/vscode/.local/lib/python3.10/site-packages/airflow/example_dags/example_xcomargs.py
[2026-03-14T09:13:41.771+0000] {processor.py:836} INFO - DAG(s) dict_keys(['example_xcom_args', 'example_xcom_args_with_operators']) retrieved from /home/vscode/.local/lib/python3.10/site-packages/airflow/example_dags/example_xcomargs.py
[2026-03-14T09:13:41.786+0000] {logging_mixin.py:150} INFO - [2026-03-14T09:13:41.785+0000] {dag.py:2742} INFO - Sync 2 DAGs
[2026-03-14T09:13:41.799+0000] {logging_mixin.py:150} INFO - [2026-03-14T09:13:41.799+0000] {dag.py:3504} INFO - Setting next_dagrun for example_xcom_args to None, run_after=None
[2026-03-14T09:13:41.801+0000] {logging_mixin.py:150} INFO - [2026-03-14T09:13:41.801+0000] {dag.py:3504} INFO - Setting next_dagrun for example_xcom_args_with_operators to None, run_after=None
[2026-03-14T09:13:41.816+0000] {processor.py:179} INFO - Processing /home/vscode/.local/lib/python3.10/site-packages/airflow/example_dags/example_xcomargs.py took 0.053 seconds
[2026-03-14T09:14:26.343+0000] {processor.py:157} INFO - Started process (PID=10364) to work on /home/vscode/.local/lib/python3.10/site-packages/airflow/example_dags/example_xcomargs.py
[2026-03-14T09:14:26.344+0000] {processor.py:826} INFO - Processing file /home/vscode/.local/lib/python3.10/site-packages/airflow/example_dags/example_xcomargs.py for tasks to queue
[2026-03-14T09:14:26.344+0000] {logging_mixin.py:150} INFO - [2026-03-14T09:14:26.344+0000] {dagbag.py:541} INFO - Filling up the DagBag from /home/vscode/.local/lib/python3.10/site-packages/airflow/example_dags/example_xcomargs.py
[2026-03-14T09:14:26.350+0000] {processor.py:836} INFO - DAG(s) dict_keys(['example_xcom_args', 'example_xcom_args_with_operators']) retrieved from /home/vscode/.local/lib/python3.10/site-packages/airflow/example_dags/example_xcomargs.py
[2026-03-14T09:14:26.363+0000] {logging_mixin.py:150} INFO - [2026-03-14T09:14:26.363+0000] {dag.py:2742} INFO - Sync 2 DAGs
[2026-03-14T09:14:26.377+0000] {logging_mixin.py:150} INFO - [2026-03-14T09:14:26.377+0000] {dag.py:3504} INFO - Setting next_dagrun for example_xcom_args to None, run_after=None
[2026-03-14T09:14:26.379+0000] {logging_mixin.py:150} INFO - [2026-03-14T09:14:26.379+0000] {dag.py:3504} INFO - Setting next_dagrun for example_xcom_args_with_operators to None, run_after=None
[2026-03-14T09:14:26.393+0000] {processor.py:179} INFO - Processing /home/vscode/.local/lib/python3.10/site-packages/airflow/example_dags/example_xcomargs.py took 0.052 seconds
[2026-03-14T09:15:13.184+0000] {processor.py:157} INFO - Started process (PID=10691) to work on /home/vscode/.local/lib/python3.10/site-packages/airflow/example_dags/example_xcomargs.py
[2026-03-14T09:15:13.184+0000] {processor.py:826} INFO - Processing file /home/vscode/.local/lib/python3.10/site-packages/airflow/example_dags/example_xcomargs.py for tasks to queue
[2026-03-14T09:15:13.185+0000] {logging_mixin.py:150} INFO - [2026-03-14T09:15:13.185+0000] {dagbag.py:541} INFO - Filling up the DagBag from /home/vscode/.local/lib/python3.10/site-packages/airflow/example_dags/example_xcomargs.py
[2026-03-14T09:15:13.191+0000] {processor.py:836} INFO - DAG(s) dict_keys(['example_xcom_args_with_operators', 'example_xcom_args']) retrieved from /home/vscode/.local/lib/python3.10/site-packages/airflow/example_dags/example_xcomargs.py
[2026-03-14T09:15:13.204+0000] {logging_mixin.py:150} INFO - [2026-03-14T09:15:13.204+0000] {dag.py:2742} INFO - Sync 2 DAGs
[2026-03-14T09:15:13.220+0000] {logging_mixin.py:150} INFO - [2026-03-14T09:15:13.219+0000] {dag.py:3504} INFO - Setting next_dagrun for example_xcom_args to None, run_after=None
[2026-03-14T09:15:13.222+0000] {logging_mixin.py:150} INFO - [2026-03-14T09:15:13.222+0000] {dag.py:3504} INFO - Setting next_dagrun for example_xcom_args_with_operators to None, run_after=None
[2026-03-14T09:15:13.236+0000] {processor.py:179} INFO - Processing /home/vscode/.local/lib/python3.10/site-packages/airflow/example_dags/example_xcomargs.py took 0.055 seconds
[2026-03-14T09:16:01.115+0000] {processor.py:157} INFO - Started process (PID=11052) to work on /home/vscode/.local/lib/python3.10/site-packages/airflow/example_dags/example_xcomargs.py
[2026-03-14T09:16:01.116+0000] {processor.py:826} INFO - Processing file /home/vscode/.local/lib/python3.10/site-packages/airflow/example_dags/example_xcomargs.py for tasks to queue
[2026-03-14T09:16:01.117+0000] {logging_mixin.py:150} INFO - [2026-03-14T09:16:01.117+0000] {dagbag.py:541} INFO - Filling up the DagBag from /home/vscode/.local/lib/python3.10/site-packages/airflow/example_dags/example_xcomargs.py
[2026-03-14T09:16:01.124+0000] {processor.py:836} INFO - DAG(s) dict_keys(['example_xcom_args', 'example_xcom_args_with_operators']) retrieved from /home/vscode/.local/lib/python3.10/site-packages/airflow/example_dags/example_xcomargs.py
[2026-03-14T09:16:01.138+0000] {logging_mixin.py:150} INFO - [2026-03-14T09:16:01.138+0000] {dag.py:2742} INFO - Sync 2 DAGs
[2026-03-14T09:16:01.151+0000] {logging_mixin.py:150} INFO - [2026-03-14T09:16:01.151+0000] {dag.py:3504} INFO - Setting next_dagrun for example_xcom_args to None, run_after=None
[2026-03-14T09:16:01.154+0000] {logging_mixin.py:150} INFO - [2026-03-14T09:16:01.153+0000] {dag.py:3504} INFO - Setting next_dagrun for example_xcom_args_with_operators to None, run_after=None
[2026-03-14T09:16:01.168+0000] {processor.py:179} INFO - Processing /home/vscode/.local/lib/python3.10/site-packages/airflow/example_dags/example_xcomargs.py took 0.055 seconds
[2026-03-14T09:16:46.190+0000] {processor.py:157} INFO - Started process (PID=11412) to work on /home/vscode/.local/lib/python3.10/site-packages/airflow/example_dags/example_xcomargs.py
[2026-03-14T09:16:46.191+0000] {processor.py:826} INFO - Processing file /home/vscode/.local/lib/python3.10/site-packages/airflow/example_dags/example_xcomargs.py for tasks to queue
[2026-03-14T09:16:46.192+0000] {logging_mixin.py:150} INFO - [2026-03-14T09:16:46.192+0000] {dagbag.py:541} INFO - Filling up the DagBag from /home/vscode/.local/lib/python3.10/site-packages/airflow/example_dags/example_xcomargs.py
[2026-03-14T09:16:46.198+0000] {processor.py:836} INFO - DAG(s) dict_keys(['example_xcom_args_with_operators', 'example_xcom_args']) retrieved from /home/vscode/.local/lib/python3.10/site-packages/airflow/example_dags/example_xcomargs.py
[2026-03-14T09:16:46.211+0000] {logging_mixin.py:150} INFO - [2026-03-14T09:16:46.211+0000] {dag.py:2742} INFO - Sync 2 DAGs
[2026-03-14T09:16:46.224+0000] {logging_mixin.py:150} INFO - [2026-03-14T09:16:46.224+0000] {dag.py:3504} INFO - Setting next_dagrun for example_xcom_args to None, run_after=None
[2026-03-14T09:16:46.226+0000] {logging_mixin.py:150} INFO - [2026-03-14T09:16:46.226+0000] {dag.py:3504} INFO - Setting next_dagrun for example_xcom_args_with_operators to None, run_after=None
[2026-03-14T09:16:46.241+0000] {processor.py:179} INFO - Processing /home/vscode/.local/lib/python3.10/site-packages/airflow/example_dags/example_xcomargs.py took 0.053 seconds
[2026-03-14T09:17:28.472+0000] {processor.py:157} INFO - Started process (PID=11691) to work on /home/vscode/.local/lib/python3.10/site-packages/airflow/example_dags/example_xcomargs.py
[2026-03-14T09:17:28.472+0000] {processor.py:826} INFO - Processing file /home/vscode/.local/lib/python3.10/site-packages/airflow/example_dags/example_xcomargs.py for tasks to queue
[2026-03-14T09:17:28.473+0000] {logging_mixin.py:150} INFO - [2026-03-14T09:17:28.472+0000] {dagbag.py:541} INFO - Filling up the DagBag from /home/vscode/.local/lib/python3.10/site-packages/airflow/example_dags/example_xcomargs.py
[2026-03-14T09:17:28.479+0000] {processor.py:836} INFO - DAG(s) dict_keys(['example_xcom_args_with_operators', 'example_xcom_args']) retrieved from /home/vscode/.local/lib/python3.10/site-packages/airflow/example_dags/example_xcomargs.py
[2026-03-14T09:17:28.492+0000] {logging_mixin.py:150} INFO - [2026-03-14T09:17:28.492+0000] {dag.py:2742} INFO - Sync 2 DAGs
[2026-03-14T09:17:28.506+0000] {logging_mixin.py:150} INFO - [2026-03-14T09:17:28.506+0000] {dag.py:3504} INFO - Setting next_dagrun for example_xcom_args to None, run_after=None
[2026-03-14T09:17:28.508+0000] {logging_mixin.py:150} INFO - [2026-03-14T09:17:28.508+0000] {dag.py:3504} INFO - Setting next_dagrun for example_xcom_args_with_operators to None, run_after=None
[2026-03-14T09:17:28.522+0000] {processor.py:179} INFO - Processing /home/vscode/.local/lib/python3.10/site-packages/airflow/example_dags/example_xcomargs.py took 0.053 seconds
[2026-03-14T09:18:03.970+0000] {processor.py:157} INFO - Started process (PID=12018) to work on /home/vscode/.local/lib/python3.10/site-packages/airflow/example_dags/example_xcomargs.py
[2026-03-14T09:18:03.970+0000] {processor.py:826} INFO - Processing file /home/vscode/.local/lib/python3.10/site-packages/airflow/example_dags/example_xcomargs.py for tasks to queue
[2026-03-14T09:18:03.971+0000] {logging_mixin.py:150} INFO - [2026-03-14T09:18:03.971+0000] {dagbag.py:541} INFO - Filling up the DagBag from /home/vscode/.local/lib/python3.10/site-packages/airflow/example_dags/example_xcomargs.py
[2026-03-14T09:18:03.977+0000] {processor.py:836} INFO - DAG(s) dict_keys(['example_xcom_args_with_operators', 'example_xcom_args']) retrieved from /home/vscode/.local/lib/python3.10/site-packages/airflow/example_dags/example_xcomargs.py
[2026-03-14T09:18:03.990+0000] {logging_mixin.py:150} INFO - [2026-03-14T09:18:03.990+0000] {dag.py:2742} INFO - Sync 2 DAGs
[2026-03-14T09:18:04.004+0000] {logging_mixin.py:150} INFO - [2026-03-14T09:18:04.004+0000] {dag.py:3504} INFO - Setting next_dagrun for example_xcom_args to None, run_after=None
[2026-03-14T09:18:04.006+0000] {logging_mixin.py:150} INFO - [2026-03-14T09:18:04.006+0000] {dag.py:3504} INFO - Setting next_dagrun for example_xcom_args_with_operators to None, run_after=None
[2026-03-14T09:18:04.020+0000] {processor.py:179} INFO - Processing /home/vscode/.local/lib/python3.10/site-packages/airflow/example_dags/example_xcomargs.py took 0.052 seconds
[2026-03-14T09:18:48.045+0000] {processor.py:157} INFO - Started process (PID=12323) to work on /home/vscode/.local/lib/python3.10/site-packages/airflow/example_dags/example_xcomargs.py
[2026-03-14T09:18:48.046+0000] {processor.py:826} INFO - Processing file /home/vscode/.local/lib/python3.10/site-packages/airflow/example_dags/example_xcomargs.py for tasks to queue
[2026-03-14T09:18:48.046+0000] {logging_mixin.py:150} INFO - [2026-03-14T09:18:48.046+0000] {dagbag.py:541} INFO - Filling up the DagBag from /home/vscode/.local/lib/python3.10/site-packages/airflow/example_dags/example_xcomargs.py
[2026-03-14T09:18:48.052+0000] {processor.py:836} INFO - DAG(s) dict_keys(['example_xcom_args_with_operators', 'example_xcom_args']) retrieved from /home/vscode/.local/lib/python3.10/site-packages/airflow/example_dags/example_xcomargs.py
[2026-03-14T09:18:48.066+0000] {logging_mixin.py:150} INFO - [2026-03-14T09:18:48.065+0000] {dag.py:2742} INFO - Sync 2 DAGs
[2026-03-14T09:18:48.079+0000] {logging_mixin.py:150} INFO - [2026-03-14T09:18:48.079+0000] {dag.py:3504} INFO - Setting next_dagrun for example_xcom_args to None, run_after=None
[2026-03-14T09:18:48.081+0000] {logging_mixin.py:150} INFO - [2026-03-14T09:18:48.081+0000] {dag.py:3504} INFO - Setting next_dagrun for example_xcom_args_with_operators to None, run_after=None
[2026-03-14T09:18:48.099+0000] {processor.py:179} INFO - Processing /home/vscode/.local/lib/python3.10/site-packages/airflow/example_dags/example_xcomargs.py took 0.056 seconds
[2026-03-14T09:19:29.126+0000] {processor.py:157} INFO - Started process (PID=12600) to work on /home/vscode/.local/lib/python3.10/site-packages/airflow/example_dags/example_xcomargs.py
[2026-03-14T09:19:29.127+0000] {processor.py:826} INFO - Processing file /home/vscode/.local/lib/python3.10/site-packages/airflow/example_dags/example_xcomargs.py for tasks to queue
[2026-03-14T09:19:29.127+0000] {logging_mixin.py:150} INFO - [2026-03-14T09:19:29.127+0000] {dagbag.py:541} INFO - Filling up the DagBag from /home/vscode/.local/lib/python3.10/site-packages/airflow/example_dags/example_xcomargs.py
[2026-03-14T09:19:29.133+0000] {processor.py:836} INFO - DAG(s) dict_keys(['example_xcom_args', 'example_xcom_args_with_operators']) retrieved from /home/vscode/.local/lib/python3.10/site-packages/airflow/example_dags/example_xcomargs.py
[2026-03-14T09:19:29.146+0000] {logging_mixin.py:150} INFO - [2026-03-14T09:19:29.146+0000] {dag.py:2742} INFO - Sync 2 DAGs
[2026-03-14T09:19:29.159+0000] {logging_mixin.py:150} INFO - [2026-03-14T09:19:29.159+0000] {dag.py:3504} INFO - Setting next_dagrun for example_xcom_args to None, run_after=None
[2026-03-14T09:19:29.161+0000] {logging_mixin.py:150} INFO - [2026-03-14T09:19:29.161+0000] {dag.py:3504} INFO - Setting next_dagrun for example_xcom_args_with_operators to None, run_after=None
[2026-03-14T09:19:29.176+0000] {processor.py:179} INFO - Processing /home/vscode/.local/lib/python3.10/site-packages/airflow/example_dags/example_xcomargs.py took 0.052 seconds
[2026-03-14T09:20:15.438+0000] {processor.py:157} INFO - Started process (PID=12906) to work on /home/vscode/.local/lib/python3.10/site-packages/airflow/example_dags/example_xcomargs.py
[2026-03-14T09:20:15.439+0000] {processor.py:826} INFO - Processing file /home/vscode/.local/lib/python3.10/site-packages/airflow/example_dags/example_xcomargs.py for tasks to queue
[2026-03-14T09:20:15.439+0000] {logging_mixin.py:150} INFO - [2026-03-14T09:20:15.439+0000] {dagbag.py:541} INFO - Filling up the DagBag from /home/vscode/.local/lib/python3.10/site-packages/airflow/example_dags/example_xcomargs.py
[2026-03-14T09:20:15.445+0000] {processor.py:836} INFO - DAG(s) dict_keys(['example_xcom_args_with_operators', 'example_xcom_args']) retrieved from /home/vscode/.local/lib/python3.10/site-packages/airflow/example_dags/example_xcomargs.py
[2026-03-14T09:20:15.458+0000] {logging_mixin.py:150} INFO - [2026-03-14T09:20:15.458+0000] {dag.py:2742} INFO - Sync 2 DAGs
[2026-03-14T09:20:15.472+0000] {logging_mixin.py:150} INFO - [2026-03-14T09:20:15.472+0000] {dag.py:3504} INFO - Setting next_dagrun for example_xcom_args to None, run_after=None
[2026-03-14T09:20:15.474+0000] {logging_mixin.py:150} INFO - [2026-03-14T09:20:15.474+0000] {dag.py:3504} INFO - Setting next_dagrun for example_xcom_args_with_operators to None, run_after=None
[2026-03-14T09:20:15.489+0000] {processor.py:179} INFO - Processing /home/vscode/.local/lib/python3.10/site-packages/airflow/example_dags/example_xcomargs.py took 0.053 seconds
[2026-03-14T09:21:01.630+0000] {processor.py:157} INFO - Started process (PID=13213) to work on /home/vscode/.local/lib/python3.10/site-packages/airflow/example_dags/example_xcomargs.py
[2026-03-14T09:21:01.630+0000] {processor.py:826} INFO - Processing file /home/vscode/.local/lib/python3.10/site-packages/airflow/example_dags/example_xcomargs.py for tasks to queue
[2026-03-14T09:21:01.631+0000] {logging_mixin.py:150} INFO - [2026-03-14T09:21:01.631+0000] {dagbag.py:541} INFO - Filling up the DagBag from /home/vscode/.local/lib/python3.10/site-packages/airflow/example_dags/example_xcomargs.py
[2026-03-14T09:21:01.636+0000] {processor.py:836} INFO - DAG(s) dict_keys(['example_xcom_args_with_operators', 'example_xcom_args']) retrieved from /home/vscode/.local/lib/python3.10/site-packages/airflow/example_dags/example_xcomargs.py
[2026-03-14T09:21:01.649+0000] {logging_mixin.py:150} INFO - [2026-03-14T09:21:01.649+0000] {dag.py:2742} INFO - Sync 2 DAGs
[2026-03-14T09:21:01.663+0000] {logging_mixin.py:150} INFO - [2026-03-14T09:21:01.663+0000] {dag.py:3504} INFO - Setting next_dagrun for example_xcom_args to None, run_after=None
[2026-03-14T09:21:01.665+0000] {logging_mixin.py:150} INFO - [2026-03-14T09:21:01.665+0000] {dag.py:3504} INFO - Setting next_dagrun for example_xcom_args_with_operators to None, run_after=None
[2026-03-14T09:21:01.680+0000] {processor.py:179} INFO - Processing /home/vscode/.local/lib/python3.10/site-packages/airflow/example_dags/example_xcomargs.py took 0.052 seconds
[2026-03-14T09:21:47.995+0000] {processor.py:157} INFO - Started process (PID=13517) to work on /home/vscode/.local/lib/python3.10/site-packages/airflow/example_dags/example_xcomargs.py
[2026-03-14T09:21:47.995+0000] {processor.py:826} INFO - Processing file /home/vscode/.local/lib/python3.10/site-packages/airflow/example_dags/example_xcomargs.py for tasks to queue
[2026-03-14T09:21:47.996+0000] {logging_mixin.py:150} INFO - [2026-03-14T09:21:47.996+0000] {dagbag.py:541} INFO - Filling up the DagBag from /home/vscode/.local/lib/python3.10/site-packages/airflow/example_dags/example_xcomargs.py
[2026-03-14T09:21:48.002+0000] {processor.py:836} INFO - DAG(s) dict_keys(['example_xcom_args_with_operators', 'example_xcom_args']) retrieved from /home/vscode/.local/lib/python3.10/site-packages/airflow/example_dags/example_xcomargs.py
[2026-03-14T09:21:48.015+0000] {logging_mixin.py:150} INFO - [2026-03-14T09:21:48.014+0000] {dag.py:2742} INFO - Sync 2 DAGs
[2026-03-14T09:21:48.028+0000] {logging_mixin.py:150} INFO - [2026-03-14T09:21:48.028+0000] {dag.py:3504} INFO - Setting next_dagrun for example_xcom_args to None, run_after=None
[2026-03-14T09:21:48.030+0000] {logging_mixin.py:150} INFO - [2026-03-14T09:21:48.030+0000] {dag.py:3504} INFO - Setting next_dagrun for example_xcom_args_with_operators to None, run_after=None
[2026-03-14T09:21:48.044+0000] {processor.py:179} INFO - Processing /home/vscode/.local/lib/python3.10/site-packages/airflow/example_dags/example_xcomargs.py took 0.051 seconds
[2026-03-14T09:22:34.008+0000] {processor.py:157} INFO - Started process (PID=13820) to work on /home/vscode/.local/lib/python3.10/site-packages/airflow/example_dags/example_xcomargs.py
[2026-03-14T09:22:34.009+0000] {processor.py:826} INFO - Processing file /home/vscode/.local/lib/python3.10/site-packages/airflow/example_dags/example_xcomargs.py for tasks to queue
[2026-03-14T09:22:34.009+0000] {logging_mixin.py:150} INFO - [2026-03-14T09:22:34.009+0000] {dagbag.py:541} INFO - Filling up the DagBag from /home/vscode/.local/lib/python3.10/site-packages/airflow/example_dags/example_xcomargs.py
[2026-03-14T09:22:34.015+0000] {processor.py:836} INFO - DAG(s) dict_keys(['example_xcom_args_with_operators', 'example_xcom_args']) retrieved from /home/vscode/.local/lib/python3.10/site-packages/airflow/example_dags/example_xcomargs.py
[2026-03-14T09:22:34.048+0000] {logging_mixin.py:150} INFO - [2026-03-14T09:22:34.046+0000] {dag.py:2742} INFO - Sync 2 DAGs
[2026-03-14T09:22:34.099+0000] {logging_mixin.py:150} INFO - [2026-03-14T09:22:34.099+0000] {dag.py:3504} INFO - Setting next_dagrun for example_xcom_args to None, run_after=None
[2026-03-14T09:22:34.102+0000] {logging_mixin.py:150} INFO - [2026-03-14T09:22:34.102+0000] {dag.py:3504} INFO - Setting next_dagrun for example_xcom_args_with_operators to None, run_after=None
[2026-03-14T09:22:34.122+0000] {processor.py:179} INFO - Processing /home/vscode/.local/lib/python3.10/site-packages/airflow/example_dags/example_xcomargs.py took 0.116 seconds
[2026-03-14T09:23:15.825+0000] {processor.py:157} INFO - Started process (PID=14107) to work on /home/vscode/.local/lib/python3.10/site-packages/airflow/example_dags/example_xcomargs.py
[2026-03-14T09:23:15.825+0000] {processor.py:826} INFO - Processing file /home/vscode/.local/lib/python3.10/site-packages/airflow/example_dags/example_xcomargs.py for tasks to queue
[2026-03-14T09:23:15.826+0000] {logging_mixin.py:150} INFO - [2026-03-14T09:23:15.826+0000] {dagbag.py:541} INFO - Filling up the DagBag from /home/vscode/.local/lib/python3.10/site-packages/airflow/example_dags/example_xcomargs.py
[2026-03-14T09:23:15.832+0000] {processor.py:836} INFO - DAG(s) dict_keys(['example_xcom_args_with_operators', 'example_xcom_args']) retrieved from /home/vscode/.local/lib/python3.10/site-packages/airflow/example_dags/example_xcomargs.py
[2026-03-14T09:23:15.845+0000] {logging_mixin.py:150} INFO - [2026-03-14T09:23:15.845+0000] {dag.py:2742} INFO - Sync 2 DAGs
[2026-03-14T09:23:15.858+0000] {logging_mixin.py:150} INFO - [2026-03-14T09:23:15.858+0000] {dag.py:3504} INFO - Setting next_dagrun for example_xcom_args to None, run_after=None
[2026-03-14T09:23:15.860+0000] {logging_mixin.py:150} INFO - [2026-03-14T09:23:15.860+0000] {dag.py:3504} INFO - Setting next_dagrun for example_xcom_args_with_operators to None, run_after=None
[2026-03-14T09:23:15.876+0000] {processor.py:179} INFO - Processing /home/vscode/.local/lib/python3.10/site-packages/airflow/example_dags/example_xcomargs.py took 0.054 seconds
[2026-03-14T09:24:02.572+0000] {processor.py:157} INFO - Started process (PID=14448) to work on /home/vscode/.local/lib/python3.10/site-packages/airflow/example_dags/example_xcomargs.py
[2026-03-14T09:24:02.573+0000] {processor.py:826} INFO - Processing file /home/vscode/.local/lib/python3.10/site-packages/airflow/example_dags/example_xcomargs.py for tasks to queue
[2026-03-14T09:24:02.574+0000] {logging_mixin.py:150} INFO - [2026-03-14T09:24:02.573+0000] {dagbag.py:541} INFO - Filling up the DagBag from /home/vscode/.local/lib/python3.10/site-packages/airflow/example_dags/example_xcomargs.py
[2026-03-14T09:24:02.580+0000] {processor.py:836} INFO - DAG(s) dict_keys(['example_xcom_args', 'example_xcom_args_with_operators']) retrieved from /home/vscode/.local/lib/python3.10/site-packages/airflow/example_dags/example_xcomargs.py
[2026-03-14T09:24:02.593+0000] {logging_mixin.py:150} INFO - [2026-03-14T09:24:02.593+0000] {dag.py:2742} INFO - Sync 2 DAGs
[2026-03-14T09:24:02.607+0000] {logging_mixin.py:150} INFO - [2026-03-14T09:24:02.607+0000] {dag.py:3504} INFO - Setting next_dagrun for example_xcom_args to None, run_after=None
[2026-03-14T09:24:02.609+0000] {logging_mixin.py:150} INFO - [2026-03-14T09:24:02.609+0000] {dag.py:3504} INFO - Setting next_dagrun for example_xcom_args_with_operators to None, run_after=None
[2026-03-14T09:24:02.623+0000] {processor.py:179} INFO - Processing /home/vscode/.local/lib/python3.10/site-packages/airflow/example_dags/example_xcomargs.py took 0.053 seconds
[2026-03-14T10:11:51.105+0000] {processor.py:157} INFO - Started process (PID=34892) to work on /home/vscode/.local/lib/python3.10/site-packages/airflow/example_dags/example_xcomargs.py
[2026-03-14T10:11:51.107+0000] {processor.py:826} INFO - Processing file /home/vscode/.local/lib/python3.10/site-packages/airflow/example_dags/example_xcomargs.py for tasks to queue
[2026-03-14T10:11:51.108+0000] {logging_mixin.py:150} INFO - [2026-03-14T10:11:51.107+0000] {dagbag.py:541} INFO - Filling up the DagBag from /home/vscode/.local/lib/python3.10/site-packages/airflow/example_dags/example_xcomargs.py
[2026-03-14T10:11:51.116+0000] {processor.py:836} INFO - DAG(s) dict_keys(['example_xcom_args', 'example_xcom_args_with_operators']) retrieved from /home/vscode/.local/lib/python3.10/site-packages/airflow/example_dags/example_xcomargs.py
[2026-03-14T10:11:51.136+0000] {logging_mixin.py:150} INFO - [2026-03-14T10:11:51.136+0000] {dag.py:2742} INFO - Sync 2 DAGs
[2026-03-14T10:11:51.152+0000] {logging_mixin.py:150} INFO - [2026-03-14T10:11:51.151+0000] {dag.py:3504} INFO - Setting next_dagrun for example_xcom_args to None, run_after=None
[2026-03-14T10:11:51.154+0000] {logging_mixin.py:150} INFO - [2026-03-14T10:11:51.154+0000] {dag.py:3504} INFO - Setting next_dagrun for example_xcom_args_with_operators to None, run_after=None
[2026-03-14T10:11:51.172+0000] {processor.py:179} INFO - Processing /home/vscode/.local/lib/python3.10/site-packages/airflow/example_dags/example_xcomargs.py took 0.069 seconds
[2026-03-14T10:12:38.792+0000] {processor.py:157} INFO - Started process (PID=35254) to work on /home/vscode/.local/lib/python3.10/site-packages/airflow/example_dags/example_xcomargs.py
[2026-03-14T10:12:38.792+0000] {processor.py:826} INFO - Processing file /home/vscode/.local/lib/python3.10/site-packages/airflow/example_dags/example_xcomargs.py for tasks to queue
[2026-03-14T10:12:38.793+0000] {logging_mixin.py:150} INFO - [2026-03-14T10:12:38.793+0000] {dagbag.py:541} INFO - Filling up the DagBag from /home/vscode/.local/lib/python3.10/site-packages/airflow/example_dags/example_xcomargs.py
[2026-03-14T10:12:38.799+0000] {processor.py:836} INFO - DAG(s) dict_keys(['example_xcom_args_with_operators', 'example_xcom_args']) retrieved from /home/vscode/.local/lib/python3.10/site-packages/airflow/example_dags/example_xcomargs.py
[2026-03-14T10:12:38.822+0000] {logging_mixin.py:150} INFO - [2026-03-14T10:12:38.822+0000] {dag.py:2742} INFO - Sync 2 DAGs
[2026-03-14T10:12:38.842+0000] {logging_mixin.py:150} INFO - [2026-03-14T10:12:38.841+0000] {dag.py:3504} INFO - Setting next_dagrun for example_xcom_args to None, run_after=None
[2026-03-14T10:12:38.844+0000] {logging_mixin.py:150} INFO - [2026-03-14T10:12:38.843+0000] {dag.py:3504} INFO - Setting next_dagrun for example_xcom_args_with_operators to None, run_after=None
[2026-03-14T10:12:38.859+0000] {processor.py:179} INFO - Processing /home/vscode/.local/lib/python3.10/site-packages/airflow/example_dags/example_xcomargs.py took 0.069 seconds
[2026-03-14T10:13:26.589+0000] {processor.py:157} INFO - Started process (PID=35568) to work on /home/vscode/.local/lib/python3.10/site-packages/airflow/example_dags/example_xcomargs.py
[2026-03-14T10:13:26.590+0000] {processor.py:826} INFO - Processing file /home/vscode/.local/lib/python3.10/site-packages/airflow/example_dags/example_xcomargs.py for tasks to queue
[2026-03-14T10:13:26.591+0000] {logging_mixin.py:150} INFO - [2026-03-14T10:13:26.591+0000] {dagbag.py:541} INFO - Filling up the DagBag from /home/vscode/.local/lib/python3.10/site-packages/airflow/example_dags/example_xcomargs.py
[2026-03-14T10:13:26.597+0000] {processor.py:836} INFO - DAG(s) dict_keys(['example_xcom_args', 'example_xcom_args_with_operators']) retrieved from /home/vscode/.local/lib/python3.10/site-packages/airflow/example_dags/example_xcomargs.py
[2026-03-14T10:13:26.611+0000] {logging_mixin.py:150} INFO - [2026-03-14T10:13:26.611+0000] {dag.py:2742} INFO - Sync 2 DAGs
[2026-03-14T10:13:26.626+0000] {logging_mixin.py:150} INFO - [2026-03-14T10:13:26.625+0000] {dag.py:3504} INFO - Setting next_dagrun for example_xcom_args to None, run_after=None
[2026-03-14T10:13:26.628+0000] {logging_mixin.py:150} INFO - [2026-03-14T10:13:26.628+0000] {dag.py:3504} INFO - Setting next_dagrun for example_xcom_args_with_operators to None, run_after=None
[2026-03-14T10:13:26.650+0000] {processor.py:179} INFO - Processing /home/vscode/.local/lib/python3.10/site-packages/airflow/example_dags/example_xcomargs.py took 0.063 seconds
[2026-03-14T10:14:16.586+0000] {processor.py:157} INFO - Started process (PID=35925) to work on /home/vscode/.local/lib/python3.10/site-packages/airflow/example_dags/example_xcomargs.py
[2026-03-14T10:14:16.586+0000] {processor.py:826} INFO - Processing file /home/vscode/.local/lib/python3.10/site-packages/airflow/example_dags/example_xcomargs.py for tasks to queue
[2026-03-14T10:14:16.587+0000] {logging_mixin.py:150} INFO - [2026-03-14T10:14:16.587+0000] {dagbag.py:541} INFO - Filling up the DagBag from /home/vscode/.local/lib/python3.10/site-packages/airflow/example_dags/example_xcomargs.py
[2026-03-14T10:14:16.597+0000] {processor.py:836} INFO - DAG(s) dict_keys(['example_xcom_args', 'example_xcom_args_with_operators']) retrieved from /home/vscode/.local/lib/python3.10/site-packages/airflow/example_dags/example_xcomargs.py
[2026-03-14T10:14:16.614+0000] {logging_mixin.py:150} INFO - [2026-03-14T10:14:16.614+0000] {dag.py:2742} INFO - Sync 2 DAGs
[2026-03-14T10:14:16.629+0000] {logging_mixin.py:150} INFO - [2026-03-14T10:14:16.629+0000] {dag.py:3504} INFO - Setting next_dagrun for example_xcom_args to None, run_after=None
[2026-03-14T10:14:16.631+0000] {logging_mixin.py:150} INFO - [2026-03-14T10:14:16.631+0000] {dag.py:3504} INFO - Setting next_dagrun for example_xcom_args_with_operators to None, run_after=None
[2026-03-14T10:14:16.645+0000] {processor.py:179} INFO - Processing /home/vscode/.local/lib/python3.10/site-packages/airflow/example_dags/example_xcomargs.py took 0.062 seconds
[2026-03-14T10:14:54.316+0000] {processor.py:157} INFO - Started process (PID=36254) to work on /home/vscode/.local/lib/python3.10/site-packages/airflow/example_dags/example_xcomargs.py
[2026-03-14T10:14:54.317+0000] {processor.py:826} INFO - Processing file /home/vscode/.local/lib/python3.10/site-packages/airflow/example_dags/example_xcomargs.py for tasks to queue
[2026-03-14T10:14:54.317+0000] {logging_mixin.py:150} INFO - [2026-03-14T10:14:54.317+0000] {dagbag.py:541} INFO - Filling up the DagBag from /home/vscode/.local/lib/python3.10/site-packages/airflow/example_dags/example_xcomargs.py
[2026-03-14T10:14:54.323+0000] {processor.py:836} INFO - DAG(s) dict_keys(['example_xcom_args', 'example_xcom_args_with_operators']) retrieved from /home/vscode/.local/lib/python3.10/site-packages/airflow/example_dags/example_xcomargs.py
[2026-03-14T10:14:54.337+0000] {logging_mixin.py:150} INFO - [2026-03-14T10:14:54.337+0000] {dag.py:2742} INFO - Sync 2 DAGs
[2026-03-14T10:14:54.353+0000] {logging_mixin.py:150} INFO - [2026-03-14T10:14:54.353+0000] {dag.py:3504} INFO - Setting next_dagrun for example_xcom_args to None, run_after=None
[2026-03-14T10:14:54.356+0000] {logging_mixin.py:150} INFO - [2026-03-14T10:14:54.356+0000] {dag.py:3504} INFO - Setting next_dagrun for example_xcom_args_with_operators to None, run_after=None
[2026-03-14T10:14:54.376+0000] {processor.py:179} INFO - Processing /home/vscode/.local/lib/python3.10/site-packages/airflow/example_dags/example_xcomargs.py took 0.062 seconds
[2026-03-14T10:15:34.692+0000] {processor.py:157} INFO - Started process (PID=36539) to work on /home/vscode/.local/lib/python3.10/site-packages/airflow/example_dags/example_xcomargs.py
[2026-03-14T10:15:34.693+0000] {processor.py:826} INFO - Processing file /home/vscode/.local/lib/python3.10/site-packages/airflow/example_dags/example_xcomargs.py for tasks to queue
[2026-03-14T10:15:34.694+0000] {logging_mixin.py:150} INFO - [2026-03-14T10:15:34.694+0000] {dagbag.py:541} INFO - Filling up the DagBag from /home/vscode/.local/lib/python3.10/site-packages/airflow/example_dags/example_xcomargs.py
[2026-03-14T10:15:34.729+0000] {processor.py:836} INFO - DAG(s) dict_keys(['example_xcom_args_with_operators', 'example_xcom_args']) retrieved from /home/vscode/.local/lib/python3.10/site-packages/airflow/example_dags/example_xcomargs.py
[2026-03-14T10:15:34.848+0000] {logging_mixin.py:150} INFO - [2026-03-14T10:15:34.842+0000] {dag.py:2742} INFO - Sync 2 DAGs
[2026-03-14T10:15:34.928+0000] {logging_mixin.py:150} INFO - [2026-03-14T10:15:34.928+0000] {dag.py:3504} INFO - Setting next_dagrun for example_xcom_args to None, run_after=None
[2026-03-14T10:15:34.945+0000] {logging_mixin.py:150} INFO - [2026-03-14T10:15:34.940+0000] {dag.py:3504} INFO - Setting next_dagrun for example_xcom_args_with_operators to None, run_after=None
[2026-03-14T10:15:35.100+0000] {processor.py:179} INFO - Processing /home/vscode/.local/lib/python3.10/site-packages/airflow/example_dags/example_xcomargs.py took 0.425 seconds
[2026-03-14T10:16:22.724+0000] {processor.py:157} INFO - Started process (PID=36964) to work on /home/vscode/.local/lib/python3.10/site-packages/airflow/example_dags/example_xcomargs.py
[2026-03-14T10:16:22.725+0000] {processor.py:826} INFO - Processing file /home/vscode/.local/lib/python3.10/site-packages/airflow/example_dags/example_xcomargs.py for tasks to queue
[2026-03-14T10:16:22.726+0000] {logging_mixin.py:150} INFO - [2026-03-14T10:16:22.725+0000] {dagbag.py:541} INFO - Filling up the DagBag from /home/vscode/.local/lib/python3.10/site-packages/airflow/example_dags/example_xcomargs.py
[2026-03-14T10:16:22.732+0000] {processor.py:836} INFO - DAG(s) dict_keys(['example_xcom_args', 'example_xcom_args_with_operators']) retrieved from /home/vscode/.local/lib/python3.10/site-packages/airflow/example_dags/example_xcomargs.py
[2026-03-14T10:16:22.750+0000] {logging_mixin.py:150} INFO - [2026-03-14T10:16:22.750+0000] {dag.py:2742} INFO - Sync 2 DAGs
[2026-03-14T10:16:22.771+0000] {logging_mixin.py:150} INFO - [2026-03-14T10:16:22.770+0000] {dag.py:3504} INFO - Setting next_dagrun for example_xcom_args to None, run_after=None
[2026-03-14T10:16:22.774+0000] {logging_mixin.py:150} INFO - [2026-03-14T10:16:22.773+0000] {dag.py:3504} INFO - Setting next_dagrun for example_xcom_args_with_operators to None, run_after=None
[2026-03-14T10:16:22.795+0000] {processor.py:179} INFO - Processing /home/vscode/.local/lib/python3.10/site-packages/airflow/example_dags/example_xcomargs.py took 0.073 seconds
[2026-03-14T10:17:07.297+0000] {processor.py:157} INFO - Started process (PID=37290) to work on /home/vscode/.local/lib/python3.10/site-packages/airflow/example_dags/example_xcomargs.py
[2026-03-14T10:17:07.299+0000] {processor.py:826} INFO - Processing file /home/vscode/.local/lib/python3.10/site-packages/airflow/example_dags/example_xcomargs.py for tasks to queue
[2026-03-14T10:17:07.300+0000] {logging_mixin.py:150} INFO - [2026-03-14T10:17:07.300+0000] {dagbag.py:541} INFO - Filling up the DagBag from /home/vscode/.local/lib/python3.10/site-packages/airflow/example_dags/example_xcomargs.py
[2026-03-14T10:17:07.307+0000] {processor.py:836} INFO - DAG(s) dict_keys(['example_xcom_args', 'example_xcom_args_with_operators']) retrieved from /home/vscode/.local/lib/python3.10/site-packages/airflow/example_dags/example_xcomargs.py
[2026-03-14T10:17:07.321+0000] {logging_mixin.py:150} INFO - [2026-03-14T10:17:07.320+0000] {dag.py:2742} INFO - Sync 2 DAGs
[2026-03-14T10:17:07.335+0000] {logging_mixin.py:150} INFO - [2026-03-14T10:17:07.335+0000] {dag.py:3504} INFO - Setting next_dagrun for example_xcom_args to None, run_after=None
[2026-03-14T10:17:07.337+0000] {logging_mixin.py:150} INFO - [2026-03-14T10:17:07.337+0000] {dag.py:3504} INFO - Setting next_dagrun for example_xcom_args_with_operators to None, run_after=None
[2026-03-14T10:17:07.353+0000] {processor.py:179} INFO - Processing /home/vscode/.local/lib/python3.10/site-packages/airflow/example_dags/example_xcomargs.py took 0.059 seconds
[2026-03-14T10:17:55.467+0000] {processor.py:157} INFO - Started process (PID=37757) to work on /home/vscode/.local/lib/python3.10/site-packages/airflow/example_dags/example_xcomargs.py
[2026-03-14T10:17:55.467+0000] {processor.py:826} INFO - Processing file /home/vscode/.local/lib/python3.10/site-packages/airflow/example_dags/example_xcomargs.py for tasks to queue
[2026-03-14T10:17:55.468+0000] {logging_mixin.py:150} INFO - [2026-03-14T10:17:55.468+0000] {dagbag.py:541} INFO - Filling up the DagBag from /home/vscode/.local/lib/python3.10/site-packages/airflow/example_dags/example_xcomargs.py
[2026-03-14T10:17:55.476+0000] {processor.py:836} INFO - DAG(s) dict_keys(['example_xcom_args', 'example_xcom_args_with_operators']) retrieved from /home/vscode/.local/lib/python3.10/site-packages/airflow/example_dags/example_xcomargs.py
[2026-03-14T10:17:55.495+0000] {logging_mixin.py:150} INFO - [2026-03-14T10:17:55.495+0000] {dag.py:2742} INFO - Sync 2 DAGs
[2026-03-14T10:17:55.510+0000] {logging_mixin.py:150} INFO - [2026-03-14T10:17:55.510+0000] {dag.py:3504} INFO - Setting next_dagrun for example_xcom_args to None, run_after=None
[2026-03-14T10:17:55.513+0000] {logging_mixin.py:150} INFO - [2026-03-14T10:17:55.513+0000] {dag.py:3504} INFO - Setting next_dagrun for example_xcom_args_with_operators to None, run_after=None
[2026-03-14T10:17:55.527+0000] {processor.py:179} INFO - Processing /home/vscode/.local/lib/python3.10/site-packages/airflow/example_dags/example_xcomargs.py took 0.062 seconds
[2026-03-14T10:18:39.562+0000] {processor.py:157} INFO - Started process (PID=38071) to work on /home/vscode/.local/lib/python3.10/site-packages/airflow/example_dags/example_xcomargs.py
[2026-03-14T10:18:39.563+0000] {processor.py:826} INFO - Processing file /home/vscode/.local/lib/python3.10/site-packages/airflow/example_dags/example_xcomargs.py for tasks to queue
[2026-03-14T10:18:39.564+0000] {logging_mixin.py:150} INFO - [2026-03-14T10:18:39.564+0000] {dagbag.py:541} INFO - Filling up the DagBag from /home/vscode/.local/lib/python3.10/site-packages/airflow/example_dags/example_xcomargs.py
[2026-03-14T10:18:39.584+0000] {processor.py:836} INFO - DAG(s) dict_keys(['example_xcom_args', 'example_xcom_args_with_operators']) retrieved from /home/vscode/.local/lib/python3.10/site-packages/airflow/example_dags/example_xcomargs.py
[2026-03-14T10:18:39.606+0000] {logging_mixin.py:150} INFO - [2026-03-14T10:18:39.606+0000] {dag.py:2742} INFO - Sync 2 DAGs
[2026-03-14T10:18:39.636+0000] {logging_mixin.py:150} INFO - [2026-03-14T10:18:39.635+0000] {dag.py:3504} INFO - Setting next_dagrun for example_xcom_args to None, run_after=None
[2026-03-14T10:18:39.639+0000] {logging_mixin.py:150} INFO - [2026-03-14T10:18:39.638+0000] {dag.py:3504} INFO - Setting next_dagrun for example_xcom_args_with_operators to None, run_after=None
[2026-03-14T10:18:39.656+0000] {processor.py:179} INFO - Processing /home/vscode/.local/lib/python3.10/site-packages/airflow/example_dags/example_xcomargs.py took 0.102 seconds
[2026-03-14T10:19:31.074+0000] {processor.py:157} INFO - Started process (PID=38419) to work on /home/vscode/.local/lib/python3.10/site-packages/airflow/example_dags/example_xcomargs.py
[2026-03-14T10:19:31.074+0000] {processor.py:826} INFO - Processing file /home/vscode/.local/lib/python3.10/site-packages/airflow/example_dags/example_xcomargs.py for tasks to queue
[2026-03-14T10:19:31.075+0000] {logging_mixin.py:150} INFO - [2026-03-14T10:19:31.075+0000] {dagbag.py:541} INFO - Filling up the DagBag from /home/vscode/.local/lib/python3.10/site-packages/airflow/example_dags/example_xcomargs.py
[2026-03-14T10:19:31.081+0000] {processor.py:836} INFO - DAG(s) dict_keys(['example_xcom_args_with_operators', 'example_xcom_args']) retrieved from /home/vscode/.local/lib/python3.10/site-packages/airflow/example_dags/example_xcomargs.py
[2026-03-14T10:19:31.095+0000] {logging_mixin.py:150} INFO - [2026-03-14T10:19:31.095+0000] {dag.py:2742} INFO - Sync 2 DAGs
[2026-03-14T10:19:31.109+0000] {logging_mixin.py:150} INFO - [2026-03-14T10:19:31.109+0000] {dag.py:3504} INFO - Setting next_dagrun for example_xcom_args to None, run_after=None
[2026-03-14T10:19:31.112+0000] {logging_mixin.py:150} INFO - [2026-03-14T10:19:31.112+0000] {dag.py:3504} INFO - Setting next_dagrun for example_xcom_args_with_operators to None, run_after=None
[2026-03-14T10:19:31.126+0000] {processor.py:179} INFO - Processing /home/vscode/.local/lib/python3.10/site-packages/airflow/example_dags/example_xcomargs.py took 0.054 seconds
[2026-03-14T10:20:29.321+0000] {processor.py:157} INFO - Started process (PID=38791) to work on /home/vscode/.local/lib/python3.10/site-packages/airflow/example_dags/example_xcomargs.py
[2026-03-14T10:20:29.322+0000] {processor.py:826} INFO - Processing file /home/vscode/.local/lib/python3.10/site-packages/airflow/example_dags/example_xcomargs.py for tasks to queue
[2026-03-14T10:20:29.322+0000] {logging_mixin.py:150} INFO - [2026-03-14T10:20:29.322+0000] {dagbag.py:541} INFO - Filling up the DagBag from /home/vscode/.local/lib/python3.10/site-packages/airflow/example_dags/example_xcomargs.py
[2026-03-14T10:20:29.328+0000] {processor.py:836} INFO - DAG(s) dict_keys(['example_xcom_args', 'example_xcom_args_with_operators']) retrieved from /home/vscode/.local/lib/python3.10/site-packages/airflow/example_dags/example_xcomargs.py
[2026-03-14T10:20:29.342+0000] {logging_mixin.py:150} INFO - [2026-03-14T10:20:29.342+0000] {dag.py:2742} INFO - Sync 2 DAGs
[2026-03-14T10:20:29.357+0000] {logging_mixin.py:150} INFO - [2026-03-14T10:20:29.357+0000] {dag.py:3504} INFO - Setting next_dagrun for example_xcom_args to None, run_after=None
[2026-03-14T10:20:29.360+0000] {logging_mixin.py:150} INFO - [2026-03-14T10:20:29.360+0000] {dag.py:3504} INFO - Setting next_dagrun for example_xcom_args_with_operators to None, run_after=None
[2026-03-14T10:20:29.377+0000] {processor.py:179} INFO - Processing /home/vscode/.local/lib/python3.10/site-packages/airflow/example_dags/example_xcomargs.py took 0.059 seconds
[2026-03-14T10:21:11.720+0000] {processor.py:157} INFO - Started process (PID=39075) to work on /home/vscode/.local/lib/python3.10/site-packages/airflow/example_dags/example_xcomargs.py
[2026-03-14T10:21:11.720+0000] {processor.py:826} INFO - Processing file /home/vscode/.local/lib/python3.10/site-packages/airflow/example_dags/example_xcomargs.py for tasks to queue
[2026-03-14T10:21:11.721+0000] {logging_mixin.py:150} INFO - [2026-03-14T10:21:11.721+0000] {dagbag.py:541} INFO - Filling up the DagBag from /home/vscode/.local/lib/python3.10/site-packages/airflow/example_dags/example_xcomargs.py
[2026-03-14T10:21:11.727+0000] {processor.py:836} INFO - DAG(s) dict_keys(['example_xcom_args_with_operators', 'example_xcom_args']) retrieved from /home/vscode/.local/lib/python3.10/site-packages/airflow/example_dags/example_xcomargs.py
[2026-03-14T10:21:11.742+0000] {logging_mixin.py:150} INFO - [2026-03-14T10:21:11.742+0000] {dag.py:2742} INFO - Sync 2 DAGs
[2026-03-14T10:21:11.766+0000] {logging_mixin.py:150} INFO - [2026-03-14T10:21:11.765+0000] {dag.py:3504} INFO - Setting next_dagrun for example_xcom_args to None, run_after=None
[2026-03-14T10:21:11.769+0000] {logging_mixin.py:150} INFO - [2026-03-14T10:21:11.769+0000] {dag.py:3504} INFO - Setting next_dagrun for example_xcom_args_with_operators to None, run_after=None
[2026-03-14T10:21:11.815+0000] {processor.py:179} INFO - Processing /home/vscode/.local/lib/python3.10/site-packages/airflow/example_dags/example_xcomargs.py took 0.098 seconds
[2026-03-14T10:21:56.752+0000] {processor.py:157} INFO - Started process (PID=39427) to work on /home/vscode/.local/lib/python3.10/site-packages/airflow/example_dags/example_xcomargs.py
[2026-03-14T10:21:56.753+0000] {processor.py:826} INFO - Processing file /home/vscode/.local/lib/python3.10/site-packages/airflow/example_dags/example_xcomargs.py for tasks to queue
[2026-03-14T10:21:56.753+0000] {logging_mixin.py:150} INFO - [2026-03-14T10:21:56.753+0000] {dagbag.py:541} INFO - Filling up the DagBag from /home/vscode/.local/lib/python3.10/site-packages/airflow/example_dags/example_xcomargs.py
[2026-03-14T10:21:56.761+0000] {processor.py:836} INFO - DAG(s) dict_keys(['example_xcom_args_with_operators', 'example_xcom_args']) retrieved from /home/vscode/.local/lib/python3.10/site-packages/airflow/example_dags/example_xcomargs.py
[2026-03-14T10:21:56.777+0000] {logging_mixin.py:150} INFO - [2026-03-14T10:21:56.777+0000] {dag.py:2742} INFO - Sync 2 DAGs
[2026-03-14T10:21:56.793+0000] {logging_mixin.py:150} INFO - [2026-03-14T10:21:56.793+0000] {dag.py:3504} INFO - Setting next_dagrun for example_xcom_args to None, run_after=None
[2026-03-14T10:21:56.795+0000] {logging_mixin.py:150} INFO - [2026-03-14T10:21:56.795+0000] {dag.py:3504} INFO - Setting next_dagrun for example_xcom_args_with_operators to None, run_after=None
[2026-03-14T10:21:56.809+0000] {processor.py:179} INFO - Processing /home/vscode/.local/lib/python3.10/site-packages/airflow/example_dags/example_xcomargs.py took 0.059 seconds
[2026-03-14T10:22:40.378+0000] {processor.py:157} INFO - Started process (PID=39746) to work on /home/vscode/.local/lib/python3.10/site-packages/airflow/example_dags/example_xcomargs.py
[2026-03-14T10:22:40.379+0000] {processor.py:826} INFO - Processing file /home/vscode/.local/lib/python3.10/site-packages/airflow/example_dags/example_xcomargs.py for tasks to queue
[2026-03-14T10:22:40.380+0000] {logging_mixin.py:150} INFO - [2026-03-14T10:22:40.379+0000] {dagbag.py:541} INFO - Filling up the DagBag from /home/vscode/.local/lib/python3.10/site-packages/airflow/example_dags/example_xcomargs.py
[2026-03-14T10:22:40.386+0000] {processor.py:836} INFO - DAG(s) dict_keys(['example_xcom_args', 'example_xcom_args_with_operators']) retrieved from /home/vscode/.local/lib/python3.10/site-packages/airflow/example_dags/example_xcomargs.py
[2026-03-14T10:22:40.400+0000] {logging_mixin.py:150} INFO - [2026-03-14T10:22:40.399+0000] {dag.py:2742} INFO - Sync 2 DAGs
[2026-03-14T10:22:40.415+0000] {logging_mixin.py:150} INFO - [2026-03-14T10:22:40.415+0000] {dag.py:3504} INFO - Setting next_dagrun for example_xcom_args to None, run_after=None
[2026-03-14T10:22:40.418+0000] {logging_mixin.py:150} INFO - [2026-03-14T10:22:40.418+0000] {dag.py:3504} INFO - Setting next_dagrun for example_xcom_args_with_operators to None, run_after=None
[2026-03-14T10:22:40.432+0000] {processor.py:179} INFO - Processing /home/vscode/.local/lib/python3.10/site-packages/airflow/example_dags/example_xcomargs.py took 0.056 seconds
[2026-03-14T10:23:26.139+0000] {processor.py:157} INFO - Started process (PID=40186) to work on /home/vscode/.local/lib/python3.10/site-packages/airflow/example_dags/example_xcomargs.py
[2026-03-14T10:23:26.139+0000] {processor.py:826} INFO - Processing file /home/vscode/.local/lib/python3.10/site-packages/airflow/example_dags/example_xcomargs.py for tasks to queue
[2026-03-14T10:23:26.140+0000] {logging_mixin.py:150} INFO - [2026-03-14T10:23:26.140+0000] {dagbag.py:541} INFO - Filling up the DagBag from /home/vscode/.local/lib/python3.10/site-packages/airflow/example_dags/example_xcomargs.py
[2026-03-14T10:23:26.146+0000] {processor.py:836} INFO - DAG(s) dict_keys(['example_xcom_args_with_operators', 'example_xcom_args']) retrieved from /home/vscode/.local/lib/python3.10/site-packages/airflow/example_dags/example_xcomargs.py
[2026-03-14T10:23:26.162+0000] {logging_mixin.py:150} INFO - [2026-03-14T10:23:26.162+0000] {dag.py:2742} INFO - Sync 2 DAGs
[2026-03-14T10:23:26.178+0000] {logging_mixin.py:150} INFO - [2026-03-14T10:23:26.178+0000] {dag.py:3504} INFO - Setting next_dagrun for example_xcom_args to None, run_after=None
[2026-03-14T10:23:26.181+0000] {logging_mixin.py:150} INFO - [2026-03-14T10:23:26.180+0000] {dag.py:3504} INFO - Setting next_dagrun for example_xcom_args_with_operators to None, run_after=None
[2026-03-14T10:23:26.199+0000] {processor.py:179} INFO - Processing /home/vscode/.local/lib/python3.10/site-packages/airflow/example_dags/example_xcomargs.py took 0.062 seconds
[2026-03-14T10:24:09.650+0000] {processor.py:157} INFO - Started process (PID=40506) to work on /home/vscode/.local/lib/python3.10/site-packages/airflow/example_dags/example_xcomargs.py
[2026-03-14T10:24:09.651+0000] {processor.py:826} INFO - Processing file /home/vscode/.local/lib/python3.10/site-packages/airflow/example_dags/example_xcomargs.py for tasks to queue
[2026-03-14T10:24:09.652+0000] {logging_mixin.py:150} INFO - [2026-03-14T10:24:09.651+0000] {dagbag.py:541} INFO - Filling up the DagBag from /home/vscode/.local/lib/python3.10/site-packages/airflow/example_dags/example_xcomargs.py
[2026-03-14T10:24:09.659+0000] {processor.py:836} INFO - DAG(s) dict_keys(['example_xcom_args', 'example_xcom_args_with_operators']) retrieved from /home/vscode/.local/lib/python3.10/site-packages/airflow/example_dags/example_xcomargs.py
[2026-03-14T10:24:09.677+0000] {logging_mixin.py:150} INFO - [2026-03-14T10:24:09.676+0000] {dag.py:2742} INFO - Sync 2 DAGs
[2026-03-14T10:24:09.693+0000] {logging_mixin.py:150} INFO - [2026-03-14T10:24:09.693+0000] {dag.py:3504} INFO - Setting next_dagrun for example_xcom_args to None, run_after=None
[2026-03-14T10:24:09.695+0000] {logging_mixin.py:150} INFO - [2026-03-14T10:24:09.695+0000] {dag.py:3504} INFO - Setting next_dagrun for example_xcom_args_with_operators to None, run_after=None
[2026-03-14T10:24:09.710+0000] {processor.py:179} INFO - Processing /home/vscode/.local/lib/python3.10/site-packages/airflow/example_dags/example_xcomargs.py took 0.062 seconds
[2026-03-14T10:24:54.902+0000] {processor.py:157} INFO - Started process (PID=40898) to work on /home/vscode/.local/lib/python3.10/site-packages/airflow/example_dags/example_xcomargs.py
[2026-03-14T10:24:54.902+0000] {processor.py:826} INFO - Processing file /home/vscode/.local/lib/python3.10/site-packages/airflow/example_dags/example_xcomargs.py for tasks to queue
[2026-03-14T10:24:54.903+0000] {logging_mixin.py:150} INFO - [2026-03-14T10:24:54.903+0000] {dagbag.py:541} INFO - Filling up the DagBag from /home/vscode/.local/lib/python3.10/site-packages/airflow/example_dags/example_xcomargs.py
[2026-03-14T10:24:54.909+0000] {processor.py:836} INFO - DAG(s) dict_keys(['example_xcom_args', 'example_xcom_args_with_operators']) retrieved from /home/vscode/.local/lib/python3.10/site-packages/airflow/example_dags/example_xcomargs.py
[2026-03-14T10:24:54.922+0000] {logging_mixin.py:150} INFO - [2026-03-14T10:24:54.922+0000] {dag.py:2742} INFO - Sync 2 DAGs
[2026-03-14T10:24:54.936+0000] {logging_mixin.py:150} INFO - [2026-03-14T10:24:54.936+0000] {dag.py:3504} INFO - Setting next_dagrun for example_xcom_args to None, run_after=None
[2026-03-14T10:24:54.938+0000] {logging_mixin.py:150} INFO - [2026-03-14T10:24:54.938+0000] {dag.py:3504} INFO - Setting next_dagrun for example_xcom_args_with_operators to None, run_after=None
[2026-03-14T10:24:54.954+0000] {processor.py:179} INFO - Processing /home/vscode/.local/lib/python3.10/site-packages/airflow/example_dags/example_xcomargs.py took 0.054 seconds
[2026-03-14T10:25:40.038+0000] {processor.py:157} INFO - Started process (PID=41261) to work on /home/vscode/.local/lib/python3.10/site-packages/airflow/example_dags/example_xcomargs.py
[2026-03-14T10:25:40.039+0000] {processor.py:826} INFO - Processing file /home/vscode/.local/lib/python3.10/site-packages/airflow/example_dags/example_xcomargs.py for tasks to queue
[2026-03-14T10:25:40.040+0000] {logging_mixin.py:150} INFO - [2026-03-14T10:25:40.039+0000] {dagbag.py:541} INFO - Filling up the DagBag from /home/vscode/.local/lib/python3.10/site-packages/airflow/example_dags/example_xcomargs.py
[2026-03-14T10:25:40.046+0000] {processor.py:836} INFO - DAG(s) dict_keys(['example_xcom_args', 'example_xcom_args_with_operators']) retrieved from /home/vscode/.local/lib/python3.10/site-packages/airflow/example_dags/example_xcomargs.py
[2026-03-14T10:25:40.062+0000] {logging_mixin.py:150} INFO - [2026-03-14T10:25:40.062+0000] {dag.py:2742} INFO - Sync 2 DAGs
[2026-03-14T10:25:40.079+0000] {logging_mixin.py:150} INFO - [2026-03-14T10:25:40.079+0000] {dag.py:3504} INFO - Setting next_dagrun for example_xcom_args to None, run_after=None
[2026-03-14T10:25:40.081+0000] {logging_mixin.py:150} INFO - [2026-03-14T10:25:40.081+0000] {dag.py:3504} INFO - Setting next_dagrun for example_xcom_args_with_operators to None, run_after=None
[2026-03-14T10:25:40.096+0000] {processor.py:179} INFO - Processing /home/vscode/.local/lib/python3.10/site-packages/airflow/example_dags/example_xcomargs.py took 0.060 seconds
