[2026-03-14T09:13:26.690+0000] {processor.py:157} INFO - Started process (PID=9974) to work on /home/vscode/.local/lib/python3.10/site-packages/airflow/example_dags/example_branch_python_dop_operator_3.py
[2026-03-14T09:13:26.691+0000] {processor.py:826} INFO - Processing file /home/vscode/.local/lib/python3.10/site-packages/airflow/example_dags/example_branch_python_dop_operator_3.py for tasks to queue
[2026-03-14T09:13:26.691+0000] {logging_mixin.py:150} INFO - [2026-03-14T09:13:26.691+0000] {dagbag.py:541} INFO - Filling up the DagBag from /home/vscode/.local/lib/python3.10/site-packages/airflow/example_dags/example_branch_python_dop_operator_3.py
[2026-03-14T09:13:26.697+0000] {processor.py:836} INFO - DAG(s) dict_keys(['example_branch_dop_operator_v3']) retrieved from /home/vscode/.local/lib/python3.10/site-packages/airflow/example_dags/example_branch_python_dop_operator_3.py
[2026-03-14T09:13:26.779+0000] {logging_mixin.py:150} INFO - [2026-03-14T09:13:26.779+0000] {manager.py:504} INFO - Created Permission View: can delete on DAG:example_branch_dop_operator_v3
[2026-03-14T09:13:26.789+0000] {logging_mixin.py:150} INFO - [2026-03-14T09:13:26.789+0000] {manager.py:504} INFO - Created Permission View: can edit on DAG:example_branch_dop_operator_v3
[2026-03-14T09:13:26.796+0000] {logging_mixin.py:150} INFO - [2026-03-14T09:13:26.796+0000] {manager.py:504} INFO - Created Permission View: can read on DAG:example_branch_dop_operator_v3
[2026-03-14T09:13:26.804+0000] {logging_mixin.py:150} INFO - [2026-03-14T09:13:26.804+0000] {dag.py:2742} INFO - Sync 1 DAGs
[2026-03-14T09:13:26.811+0000] {logging_mixin.py:150} INFO - [2026-03-14T09:13:26.810+0000] {dag.py:2763} INFO - Creating ORM DAG for example_branch_dop_operator_v3
[2026-03-14T09:13:26.820+0000] {logging_mixin.py:150} INFO - [2026-03-14T09:13:26.820+0000] {dag.py:3504} INFO - Setting next_dagrun for example_branch_dop_operator_v3 to 2026-03-14T09:12:00+00:00, run_after=2026-03-14T09:13:00+00:00
[2026-03-14T09:13:26.835+0000] {processor.py:179} INFO - Processing /home/vscode/.local/lib/python3.10/site-packages/airflow/example_dags/example_branch_python_dop_operator_3.py took 0.147 seconds
[2026-03-14T09:14:15.543+0000] {processor.py:157} INFO - Started process (PID=10294) to work on /home/vscode/.local/lib/python3.10/site-packages/airflow/example_dags/example_branch_python_dop_operator_3.py
[2026-03-14T09:14:15.544+0000] {processor.py:826} INFO - Processing file /home/vscode/.local/lib/python3.10/site-packages/airflow/example_dags/example_branch_python_dop_operator_3.py for tasks to queue
[2026-03-14T09:14:15.544+0000] {logging_mixin.py:150} INFO - [2026-03-14T09:14:15.544+0000] {dagbag.py:541} INFO - Filling up the DagBag from /home/vscode/.local/lib/python3.10/site-packages/airflow/example_dags/example_branch_python_dop_operator_3.py
[2026-03-14T09:14:15.550+0000] {processor.py:836} INFO - DAG(s) dict_keys(['example_branch_dop_operator_v3']) retrieved from /home/vscode/.local/lib/python3.10/site-packages/airflow/example_dags/example_branch_python_dop_operator_3.py
[2026-03-14T09:14:15.562+0000] {logging_mixin.py:150} INFO - [2026-03-14T09:14:15.561+0000] {dag.py:2742} INFO - Sync 1 DAGs
[2026-03-14T09:14:15.578+0000] {logging_mixin.py:150} INFO - [2026-03-14T09:14:15.578+0000] {dag.py:3504} INFO - Setting next_dagrun for example_branch_dop_operator_v3 to 2026-03-14T09:13:00+00:00, run_after=2026-03-14T09:14:00+00:00
[2026-03-14T09:14:15.594+0000] {processor.py:179} INFO - Processing /home/vscode/.local/lib/python3.10/site-packages/airflow/example_dags/example_branch_python_dop_operator_3.py took 0.054 seconds
[2026-03-14T09:15:03.431+0000] {processor.py:157} INFO - Started process (PID=10613) to work on /home/vscode/.local/lib/python3.10/site-packages/airflow/example_dags/example_branch_python_dop_operator_3.py
[2026-03-14T09:15:03.432+0000] {processor.py:826} INFO - Processing file /home/vscode/.local/lib/python3.10/site-packages/airflow/example_dags/example_branch_python_dop_operator_3.py for tasks to queue
[2026-03-14T09:15:03.433+0000] {logging_mixin.py:150} INFO - [2026-03-14T09:15:03.432+0000] {dagbag.py:541} INFO - Filling up the DagBag from /home/vscode/.local/lib/python3.10/site-packages/airflow/example_dags/example_branch_python_dop_operator_3.py
[2026-03-14T09:15:03.438+0000] {processor.py:836} INFO - DAG(s) dict_keys(['example_branch_dop_operator_v3']) retrieved from /home/vscode/.local/lib/python3.10/site-packages/airflow/example_dags/example_branch_python_dop_operator_3.py
[2026-03-14T09:15:03.450+0000] {logging_mixin.py:150} INFO - [2026-03-14T09:15:03.450+0000] {dag.py:2742} INFO - Sync 1 DAGs
[2026-03-14T09:15:03.467+0000] {logging_mixin.py:150} INFO - [2026-03-14T09:15:03.467+0000] {dag.py:3504} INFO - Setting next_dagrun for example_branch_dop_operator_v3 to 2026-03-14T09:14:00+00:00, run_after=2026-03-14T09:15:00+00:00
[2026-03-14T09:15:03.484+0000] {processor.py:179} INFO - Processing /home/vscode/.local/lib/python3.10/site-packages/airflow/example_dags/example_branch_python_dop_operator_3.py took 0.054 seconds
[2026-03-14T09:15:52.000+0000] {processor.py:157} INFO - Started process (PID=10972) to work on /home/vscode/.local/lib/python3.10/site-packages/airflow/example_dags/example_branch_python_dop_operator_3.py
[2026-03-14T09:15:52.000+0000] {processor.py:826} INFO - Processing file /home/vscode/.local/lib/python3.10/site-packages/airflow/example_dags/example_branch_python_dop_operator_3.py for tasks to queue
[2026-03-14T09:15:52.001+0000] {logging_mixin.py:150} INFO - [2026-03-14T09:15:52.001+0000] {dagbag.py:541} INFO - Filling up the DagBag from /home/vscode/.local/lib/python3.10/site-packages/airflow/example_dags/example_branch_python_dop_operator_3.py
[2026-03-14T09:15:52.007+0000] {processor.py:836} INFO - DAG(s) dict_keys(['example_branch_dop_operator_v3']) retrieved from /home/vscode/.local/lib/python3.10/site-packages/airflow/example_dags/example_branch_python_dop_operator_3.py
[2026-03-14T09:15:52.018+0000] {logging_mixin.py:150} INFO - [2026-03-14T09:15:52.018+0000] {dag.py:2742} INFO - Sync 1 DAGs
[2026-03-14T09:15:52.035+0000] {logging_mixin.py:150} INFO - [2026-03-14T09:15:52.035+0000] {dag.py:3504} INFO - Setting next_dagrun for example_branch_dop_operator_v3 to 2026-03-14T09:14:00+00:00, run_after=2026-03-14T09:15:00+00:00
[2026-03-14T09:15:52.051+0000] {processor.py:179} INFO - Processing /home/vscode/.local/lib/python3.10/site-packages/airflow/example_dags/example_branch_python_dop_operator_3.py took 0.053 seconds
[2026-03-14T09:16:38.310+0000] {processor.py:157} INFO - Started process (PID=11358) to work on /home/vscode/.local/lib/python3.10/site-packages/airflow/example_dags/example_branch_python_dop_operator_3.py
[2026-03-14T09:16:38.311+0000] {processor.py:826} INFO - Processing file /home/vscode/.local/lib/python3.10/site-packages/airflow/example_dags/example_branch_python_dop_operator_3.py for tasks to queue
[2026-03-14T09:16:38.312+0000] {logging_mixin.py:150} INFO - [2026-03-14T09:16:38.311+0000] {dagbag.py:541} INFO - Filling up the DagBag from /home/vscode/.local/lib/python3.10/site-packages/airflow/example_dags/example_branch_python_dop_operator_3.py
[2026-03-14T09:16:38.317+0000] {processor.py:836} INFO - DAG(s) dict_keys(['example_branch_dop_operator_v3']) retrieved from /home/vscode/.local/lib/python3.10/site-packages/airflow/example_dags/example_branch_python_dop_operator_3.py
[2026-03-14T09:16:38.329+0000] {logging_mixin.py:150} INFO - [2026-03-14T09:16:38.329+0000] {dag.py:2742} INFO - Sync 1 DAGs
[2026-03-14T09:16:38.346+0000] {logging_mixin.py:150} INFO - [2026-03-14T09:16:38.346+0000] {dag.py:3504} INFO - Setting next_dagrun for example_branch_dop_operator_v3 to 2026-03-14T09:15:00+00:00, run_after=2026-03-14T09:16:00+00:00
[2026-03-14T09:16:38.363+0000] {processor.py:179} INFO - Processing /home/vscode/.local/lib/python3.10/site-packages/airflow/example_dags/example_branch_python_dop_operator_3.py took 0.055 seconds
[2026-03-14T09:17:21.624+0000] {processor.py:157} INFO - Started process (PID=11647) to work on /home/vscode/.local/lib/python3.10/site-packages/airflow/example_dags/example_branch_python_dop_operator_3.py
[2026-03-14T09:17:21.624+0000] {processor.py:826} INFO - Processing file /home/vscode/.local/lib/python3.10/site-packages/airflow/example_dags/example_branch_python_dop_operator_3.py for tasks to queue
[2026-03-14T09:17:21.625+0000] {logging_mixin.py:150} INFO - [2026-03-14T09:17:21.625+0000] {dagbag.py:541} INFO - Filling up the DagBag from /home/vscode/.local/lib/python3.10/site-packages/airflow/example_dags/example_branch_python_dop_operator_3.py
[2026-03-14T09:17:21.631+0000] {processor.py:836} INFO - DAG(s) dict_keys(['example_branch_dop_operator_v3']) retrieved from /home/vscode/.local/lib/python3.10/site-packages/airflow/example_dags/example_branch_python_dop_operator_3.py
[2026-03-14T09:17:21.642+0000] {logging_mixin.py:150} INFO - [2026-03-14T09:17:21.642+0000] {dag.py:2742} INFO - Sync 1 DAGs
[2026-03-14T09:17:21.659+0000] {logging_mixin.py:150} INFO - [2026-03-14T09:17:21.659+0000] {dag.py:3504} INFO - Setting next_dagrun for example_branch_dop_operator_v3 to 2026-03-14T09:16:00+00:00, run_after=2026-03-14T09:17:00+00:00
[2026-03-14T09:17:21.690+0000] {processor.py:179} INFO - Processing /home/vscode/.local/lib/python3.10/site-packages/airflow/example_dags/example_branch_python_dop_operator_3.py took 0.068 seconds
[2026-03-14T09:18:09.864+0000] {processor.py:157} INFO - Started process (PID=12072) to work on /home/vscode/.local/lib/python3.10/site-packages/airflow/example_dags/example_branch_python_dop_operator_3.py
[2026-03-14T09:18:09.865+0000] {processor.py:826} INFO - Processing file /home/vscode/.local/lib/python3.10/site-packages/airflow/example_dags/example_branch_python_dop_operator_3.py for tasks to queue
[2026-03-14T09:18:09.865+0000] {logging_mixin.py:150} INFO - [2026-03-14T09:18:09.865+0000] {dagbag.py:541} INFO - Filling up the DagBag from /home/vscode/.local/lib/python3.10/site-packages/airflow/example_dags/example_branch_python_dop_operator_3.py
[2026-03-14T09:18:09.871+0000] {processor.py:836} INFO - DAG(s) dict_keys(['example_branch_dop_operator_v3']) retrieved from /home/vscode/.local/lib/python3.10/site-packages/airflow/example_dags/example_branch_python_dop_operator_3.py
[2026-03-14T09:18:09.883+0000] {logging_mixin.py:150} INFO - [2026-03-14T09:18:09.883+0000] {dag.py:2742} INFO - Sync 1 DAGs
[2026-03-14T09:18:09.900+0000] {logging_mixin.py:150} INFO - [2026-03-14T09:18:09.900+0000] {dag.py:3504} INFO - Setting next_dagrun for example_branch_dop_operator_v3 to 2026-03-14T09:17:00+00:00, run_after=2026-03-14T09:18:00+00:00
[2026-03-14T09:18:09.915+0000] {processor.py:179} INFO - Processing /home/vscode/.local/lib/python3.10/site-packages/airflow/example_dags/example_branch_python_dop_operator_3.py took 0.053 seconds
[2026-03-14T09:18:53.160+0000] {processor.py:157} INFO - Started process (PID=12358) to work on /home/vscode/.local/lib/python3.10/site-packages/airflow/example_dags/example_branch_python_dop_operator_3.py
[2026-03-14T09:18:53.161+0000] {processor.py:826} INFO - Processing file /home/vscode/.local/lib/python3.10/site-packages/airflow/example_dags/example_branch_python_dop_operator_3.py for tasks to queue
[2026-03-14T09:18:53.161+0000] {logging_mixin.py:150} INFO - [2026-03-14T09:18:53.161+0000] {dagbag.py:541} INFO - Filling up the DagBag from /home/vscode/.local/lib/python3.10/site-packages/airflow/example_dags/example_branch_python_dop_operator_3.py
[2026-03-14T09:18:53.168+0000] {processor.py:836} INFO - DAG(s) dict_keys(['example_branch_dop_operator_v3']) retrieved from /home/vscode/.local/lib/python3.10/site-packages/airflow/example_dags/example_branch_python_dop_operator_3.py
[2026-03-14T09:18:53.179+0000] {logging_mixin.py:150} INFO - [2026-03-14T09:18:53.179+0000] {dag.py:2742} INFO - Sync 1 DAGs
[2026-03-14T09:18:53.197+0000] {logging_mixin.py:150} INFO - [2026-03-14T09:18:53.197+0000] {dag.py:3504} INFO - Setting next_dagrun for example_branch_dop_operator_v3 to 2026-03-14T09:17:00+00:00, run_after=2026-03-14T09:18:00+00:00
[2026-03-14T09:18:53.212+0000] {processor.py:179} INFO - Processing /home/vscode/.local/lib/python3.10/site-packages/airflow/example_dags/example_branch_python_dop_operator_3.py took 0.054 seconds
[2026-03-14T09:19:37.101+0000] {processor.py:157} INFO - Started process (PID=12652) to work on /home/vscode/.local/lib/python3.10/site-packages/airflow/example_dags/example_branch_python_dop_operator_3.py
[2026-03-14T09:19:37.102+0000] {processor.py:826} INFO - Processing file /home/vscode/.local/lib/python3.10/site-packages/airflow/example_dags/example_branch_python_dop_operator_3.py for tasks to queue
[2026-03-14T09:19:37.103+0000] {logging_mixin.py:150} INFO - [2026-03-14T09:19:37.102+0000] {dagbag.py:541} INFO - Filling up the DagBag from /home/vscode/.local/lib/python3.10/site-packages/airflow/example_dags/example_branch_python_dop_operator_3.py
[2026-03-14T09:19:37.109+0000] {processor.py:836} INFO - DAG(s) dict_keys(['example_branch_dop_operator_v3']) retrieved from /home/vscode/.local/lib/python3.10/site-packages/airflow/example_dags/example_branch_python_dop_operator_3.py
[2026-03-14T09:19:37.120+0000] {logging_mixin.py:150} INFO - [2026-03-14T09:19:37.120+0000] {dag.py:2742} INFO - Sync 1 DAGs
[2026-03-14T09:19:37.137+0000] {logging_mixin.py:150} INFO - [2026-03-14T09:19:37.137+0000] {dag.py:3504} INFO - Setting next_dagrun for example_branch_dop_operator_v3 to 2026-03-14T09:18:00+00:00, run_after=2026-03-14T09:19:00+00:00
[2026-03-14T09:19:37.152+0000] {processor.py:179} INFO - Processing /home/vscode/.local/lib/python3.10/site-packages/airflow/example_dags/example_branch_python_dop_operator_3.py took 0.053 seconds
[2026-03-14T09:20:24.582+0000] {processor.py:157} INFO - Started process (PID=12965) to work on /home/vscode/.local/lib/python3.10/site-packages/airflow/example_dags/example_branch_python_dop_operator_3.py
[2026-03-14T09:20:24.583+0000] {processor.py:826} INFO - Processing file /home/vscode/.local/lib/python3.10/site-packages/airflow/example_dags/example_branch_python_dop_operator_3.py for tasks to queue
[2026-03-14T09:20:24.583+0000] {logging_mixin.py:150} INFO - [2026-03-14T09:20:24.583+0000] {dagbag.py:541} INFO - Filling up the DagBag from /home/vscode/.local/lib/python3.10/site-packages/airflow/example_dags/example_branch_python_dop_operator_3.py
[2026-03-14T09:20:24.589+0000] {processor.py:836} INFO - DAG(s) dict_keys(['example_branch_dop_operator_v3']) retrieved from /home/vscode/.local/lib/python3.10/site-packages/airflow/example_dags/example_branch_python_dop_operator_3.py
[2026-03-14T09:20:24.600+0000] {logging_mixin.py:150} INFO - [2026-03-14T09:20:24.600+0000] {dag.py:2742} INFO - Sync 1 DAGs
[2026-03-14T09:20:24.618+0000] {logging_mixin.py:150} INFO - [2026-03-14T09:20:24.618+0000] {dag.py:3504} INFO - Setting next_dagrun for example_branch_dop_operator_v3 to 2026-03-14T09:19:00+00:00, run_after=2026-03-14T09:20:00+00:00
[2026-03-14T09:20:24.635+0000] {processor.py:179} INFO - Processing /home/vscode/.local/lib/python3.10/site-packages/airflow/example_dags/example_branch_python_dop_operator_3.py took 0.056 seconds
[2026-03-14T09:21:14.052+0000] {processor.py:157} INFO - Started process (PID=13293) to work on /home/vscode/.local/lib/python3.10/site-packages/airflow/example_dags/example_branch_python_dop_operator_3.py
[2026-03-14T09:21:14.052+0000] {processor.py:826} INFO - Processing file /home/vscode/.local/lib/python3.10/site-packages/airflow/example_dags/example_branch_python_dop_operator_3.py for tasks to queue
[2026-03-14T09:21:14.053+0000] {logging_mixin.py:150} INFO - [2026-03-14T09:21:14.053+0000] {dagbag.py:541} INFO - Filling up the DagBag from /home/vscode/.local/lib/python3.10/site-packages/airflow/example_dags/example_branch_python_dop_operator_3.py
[2026-03-14T09:21:14.059+0000] {processor.py:836} INFO - DAG(s) dict_keys(['example_branch_dop_operator_v3']) retrieved from /home/vscode/.local/lib/python3.10/site-packages/airflow/example_dags/example_branch_python_dop_operator_3.py
[2026-03-14T09:21:14.071+0000] {logging_mixin.py:150} INFO - [2026-03-14T09:21:14.071+0000] {dag.py:2742} INFO - Sync 1 DAGs
[2026-03-14T09:21:14.103+0000] {logging_mixin.py:150} INFO - [2026-03-14T09:21:14.103+0000] {dag.py:3504} INFO - Setting next_dagrun for example_branch_dop_operator_v3 to 2026-03-14T09:20:00+00:00, run_after=2026-03-14T09:21:00+00:00
[2026-03-14T09:21:14.123+0000] {processor.py:179} INFO - Processing /home/vscode/.local/lib/python3.10/site-packages/airflow/example_dags/example_branch_python_dop_operator_3.py took 0.073 seconds
[2026-03-14T09:21:59.489+0000] {processor.py:157} INFO - Started process (PID=13595) to work on /home/vscode/.local/lib/python3.10/site-packages/airflow/example_dags/example_branch_python_dop_operator_3.py
[2026-03-14T09:21:59.489+0000] {processor.py:826} INFO - Processing file /home/vscode/.local/lib/python3.10/site-packages/airflow/example_dags/example_branch_python_dop_operator_3.py for tasks to queue
[2026-03-14T09:21:59.490+0000] {logging_mixin.py:150} INFO - [2026-03-14T09:21:59.490+0000] {dagbag.py:541} INFO - Filling up the DagBag from /home/vscode/.local/lib/python3.10/site-packages/airflow/example_dags/example_branch_python_dop_operator_3.py
[2026-03-14T09:21:59.496+0000] {processor.py:836} INFO - DAG(s) dict_keys(['example_branch_dop_operator_v3']) retrieved from /home/vscode/.local/lib/python3.10/site-packages/airflow/example_dags/example_branch_python_dop_operator_3.py
[2026-03-14T09:21:59.507+0000] {logging_mixin.py:150} INFO - [2026-03-14T09:21:59.507+0000] {dag.py:2742} INFO - Sync 1 DAGs
[2026-03-14T09:21:59.524+0000] {logging_mixin.py:150} INFO - [2026-03-14T09:21:59.523+0000] {dag.py:3504} INFO - Setting next_dagrun for example_branch_dop_operator_v3 to 2026-03-14T09:20:00+00:00, run_after=2026-03-14T09:21:00+00:00
[2026-03-14T09:21:59.539+0000] {processor.py:179} INFO - Processing /home/vscode/.local/lib/python3.10/site-packages/airflow/example_dags/example_branch_python_dop_operator_3.py took 0.052 seconds
[2026-03-14T09:22:44.961+0000] {processor.py:157} INFO - Started process (PID=13907) to work on /home/vscode/.local/lib/python3.10/site-packages/airflow/example_dags/example_branch_python_dop_operator_3.py
[2026-03-14T09:22:44.962+0000] {processor.py:826} INFO - Processing file /home/vscode/.local/lib/python3.10/site-packages/airflow/example_dags/example_branch_python_dop_operator_3.py for tasks to queue
[2026-03-14T09:22:44.963+0000] {logging_mixin.py:150} INFO - [2026-03-14T09:22:44.963+0000] {dagbag.py:541} INFO - Filling up the DagBag from /home/vscode/.local/lib/python3.10/site-packages/airflow/example_dags/example_branch_python_dop_operator_3.py
[2026-03-14T09:22:44.977+0000] {processor.py:836} INFO - DAG(s) dict_keys(['example_branch_dop_operator_v3']) retrieved from /home/vscode/.local/lib/python3.10/site-packages/airflow/example_dags/example_branch_python_dop_operator_3.py
[2026-03-14T09:22:44.995+0000] {logging_mixin.py:150} INFO - [2026-03-14T09:22:44.995+0000] {dag.py:2742} INFO - Sync 1 DAGs
[2026-03-14T09:22:45.014+0000] {logging_mixin.py:150} INFO - [2026-03-14T09:22:45.014+0000] {dag.py:3504} INFO - Setting next_dagrun for example_branch_dop_operator_v3 to 2026-03-14T09:21:00+00:00, run_after=2026-03-14T09:22:00+00:00
[2026-03-14T09:22:45.029+0000] {processor.py:179} INFO - Processing /home/vscode/.local/lib/python3.10/site-packages/airflow/example_dags/example_branch_python_dop_operator_3.py took 0.074 seconds
[2026-03-14T09:23:39.682+0000] {processor.py:157} INFO - Started process (PID=14293) to work on /home/vscode/.local/lib/python3.10/site-packages/airflow/example_dags/example_branch_python_dop_operator_3.py
[2026-03-14T09:23:39.683+0000] {processor.py:826} INFO - Processing file /home/vscode/.local/lib/python3.10/site-packages/airflow/example_dags/example_branch_python_dop_operator_3.py for tasks to queue
[2026-03-14T09:23:39.684+0000] {logging_mixin.py:150} INFO - [2026-03-14T09:23:39.683+0000] {dagbag.py:541} INFO - Filling up the DagBag from /home/vscode/.local/lib/python3.10/site-packages/airflow/example_dags/example_branch_python_dop_operator_3.py
[2026-03-14T09:23:39.690+0000] {processor.py:836} INFO - DAG(s) dict_keys(['example_branch_dop_operator_v3']) retrieved from /home/vscode/.local/lib/python3.10/site-packages/airflow/example_dags/example_branch_python_dop_operator_3.py
[2026-03-14T09:23:39.702+0000] {logging_mixin.py:150} INFO - [2026-03-14T09:23:39.702+0000] {dag.py:2742} INFO - Sync 1 DAGs
[2026-03-14T09:23:39.719+0000] {logging_mixin.py:150} INFO - [2026-03-14T09:23:39.719+0000] {dag.py:3504} INFO - Setting next_dagrun for example_branch_dop_operator_v3 to 2026-03-14T09:22:00+00:00, run_after=2026-03-14T09:23:00+00:00
[2026-03-14T09:23:39.736+0000] {processor.py:179} INFO - Processing /home/vscode/.local/lib/python3.10/site-packages/airflow/example_dags/example_branch_python_dop_operator_3.py took 0.055 seconds
[2026-03-14T09:24:29.132+0000] {processor.py:157} INFO - Started process (PID=14626) to work on /home/vscode/.local/lib/python3.10/site-packages/airflow/example_dags/example_branch_python_dop_operator_3.py
[2026-03-14T09:24:29.132+0000] {processor.py:826} INFO - Processing file /home/vscode/.local/lib/python3.10/site-packages/airflow/example_dags/example_branch_python_dop_operator_3.py for tasks to queue
[2026-03-14T09:24:29.133+0000] {logging_mixin.py:150} INFO - [2026-03-14T09:24:29.133+0000] {dagbag.py:541} INFO - Filling up the DagBag from /home/vscode/.local/lib/python3.10/site-packages/airflow/example_dags/example_branch_python_dop_operator_3.py
[2026-03-14T09:24:29.139+0000] {processor.py:836} INFO - DAG(s) dict_keys(['example_branch_dop_operator_v3']) retrieved from /home/vscode/.local/lib/python3.10/site-packages/airflow/example_dags/example_branch_python_dop_operator_3.py
[2026-03-14T09:24:29.151+0000] {logging_mixin.py:150} INFO - [2026-03-14T09:24:29.151+0000] {dag.py:2742} INFO - Sync 1 DAGs
[2026-03-14T09:24:29.170+0000] {logging_mixin.py:150} INFO - [2026-03-14T09:24:29.169+0000] {dag.py:3504} INFO - Setting next_dagrun for example_branch_dop_operator_v3 to 2026-03-14T09:23:00+00:00, run_after=2026-03-14T09:24:00+00:00
[2026-03-14T09:24:29.185+0000] {processor.py:179} INFO - Processing /home/vscode/.local/lib/python3.10/site-packages/airflow/example_dags/example_branch_python_dop_operator_3.py took 0.055 seconds
[2026-03-14T10:12:20.804+0000] {processor.py:157} INFO - Started process (PID=35100) to work on /home/vscode/.local/lib/python3.10/site-packages/airflow/example_dags/example_branch_python_dop_operator_3.py
[2026-03-14T10:12:20.806+0000] {processor.py:826} INFO - Processing file /home/vscode/.local/lib/python3.10/site-packages/airflow/example_dags/example_branch_python_dop_operator_3.py for tasks to queue
[2026-03-14T10:12:20.806+0000] {logging_mixin.py:150} INFO - [2026-03-14T10:12:20.806+0000] {dagbag.py:541} INFO - Filling up the DagBag from /home/vscode/.local/lib/python3.10/site-packages/airflow/example_dags/example_branch_python_dop_operator_3.py
[2026-03-14T10:12:20.813+0000] {processor.py:836} INFO - DAG(s) dict_keys(['example_branch_dop_operator_v3']) retrieved from /home/vscode/.local/lib/python3.10/site-packages/airflow/example_dags/example_branch_python_dop_operator_3.py
[2026-03-14T10:12:20.825+0000] {logging_mixin.py:150} INFO - [2026-03-14T10:12:20.825+0000] {dag.py:2742} INFO - Sync 1 DAGs
[2026-03-14T10:12:20.842+0000] {logging_mixin.py:150} INFO - [2026-03-14T10:12:20.842+0000] {dag.py:3504} INFO - Setting next_dagrun for example_branch_dop_operator_v3 to 2026-03-14T10:11:00+00:00, run_after=2026-03-14T10:12:00+00:00
[2026-03-14T10:12:20.859+0000] {processor.py:179} INFO - Processing /home/vscode/.local/lib/python3.10/site-packages/airflow/example_dags/example_branch_python_dop_operator_3.py took 0.057 seconds
[2026-03-14T10:13:15.986+0000] {processor.py:157} INFO - Started process (PID=35494) to work on /home/vscode/.local/lib/python3.10/site-packages/airflow/example_dags/example_branch_python_dop_operator_3.py
[2026-03-14T10:13:15.987+0000] {processor.py:826} INFO - Processing file /home/vscode/.local/lib/python3.10/site-packages/airflow/example_dags/example_branch_python_dop_operator_3.py for tasks to queue
[2026-03-14T10:13:15.988+0000] {logging_mixin.py:150} INFO - [2026-03-14T10:13:15.987+0000] {dagbag.py:541} INFO - Filling up the DagBag from /home/vscode/.local/lib/python3.10/site-packages/airflow/example_dags/example_branch_python_dop_operator_3.py
[2026-03-14T10:13:15.994+0000] {processor.py:836} INFO - DAG(s) dict_keys(['example_branch_dop_operator_v3']) retrieved from /home/vscode/.local/lib/python3.10/site-packages/airflow/example_dags/example_branch_python_dop_operator_3.py
[2026-03-14T10:13:16.006+0000] {logging_mixin.py:150} INFO - [2026-03-14T10:13:16.006+0000] {dag.py:2742} INFO - Sync 1 DAGs
[2026-03-14T10:13:16.023+0000] {logging_mixin.py:150} INFO - [2026-03-14T10:13:16.023+0000] {dag.py:3504} INFO - Setting next_dagrun for example_branch_dop_operator_v3 to 2026-03-14T10:12:00+00:00, run_after=2026-03-14T10:13:00+00:00
[2026-03-14T10:13:16.039+0000] {processor.py:179} INFO - Processing /home/vscode/.local/lib/python3.10/site-packages/airflow/example_dags/example_branch_python_dop_operator_3.py took 0.055 seconds
[2026-03-14T10:14:06.395+0000] {processor.py:157} INFO - Started process (PID=35858) to work on /home/vscode/.local/lib/python3.10/site-packages/airflow/example_dags/example_branch_python_dop_operator_3.py
[2026-03-14T10:14:06.395+0000] {processor.py:826} INFO - Processing file /home/vscode/.local/lib/python3.10/site-packages/airflow/example_dags/example_branch_python_dop_operator_3.py for tasks to queue
[2026-03-14T10:14:06.396+0000] {logging_mixin.py:150} INFO - [2026-03-14T10:14:06.396+0000] {dagbag.py:541} INFO - Filling up the DagBag from /home/vscode/.local/lib/python3.10/site-packages/airflow/example_dags/example_branch_python_dop_operator_3.py
[2026-03-14T10:14:06.402+0000] {processor.py:836} INFO - DAG(s) dict_keys(['example_branch_dop_operator_v3']) retrieved from /home/vscode/.local/lib/python3.10/site-packages/airflow/example_dags/example_branch_python_dop_operator_3.py
[2026-03-14T10:14:06.414+0000] {logging_mixin.py:150} INFO - [2026-03-14T10:14:06.414+0000] {dag.py:2742} INFO - Sync 1 DAGs
[2026-03-14T10:14:06.433+0000] {logging_mixin.py:150} INFO - [2026-03-14T10:14:06.432+0000] {dag.py:3504} INFO - Setting next_dagrun for example_branch_dop_operator_v3 to 2026-03-14T10:13:00+00:00, run_after=2026-03-14T10:14:00+00:00
[2026-03-14T10:14:06.454+0000] {processor.py:179} INFO - Processing /home/vscode/.local/lib/python3.10/site-packages/airflow/example_dags/example_branch_python_dop_operator_3.py took 0.061 seconds
[2026-03-14T10:15:02.945+0000] {processor.py:157} INFO - Started process (PID=36307) to work on /home/vscode/.local/lib/python3.10/site-packages/airflow/example_dags/example_branch_python_dop_operator_3.py
[2026-03-14T10:15:02.946+0000] {processor.py:826} INFO - Processing file /home/vscode/.local/lib/python3.10/site-packages/airflow/example_dags/example_branch_python_dop_operator_3.py for tasks to queue
[2026-03-14T10:15:02.947+0000] {logging_mixin.py:150} INFO - [2026-03-14T10:15:02.947+0000] {dagbag.py:541} INFO - Filling up the DagBag from /home/vscode/.local/lib/python3.10/site-packages/airflow/example_dags/example_branch_python_dop_operator_3.py
[2026-03-14T10:15:02.954+0000] {processor.py:836} INFO - DAG(s) dict_keys(['example_branch_dop_operator_v3']) retrieved from /home/vscode/.local/lib/python3.10/site-packages/airflow/example_dags/example_branch_python_dop_operator_3.py
[2026-03-14T10:15:02.971+0000] {logging_mixin.py:150} INFO - [2026-03-14T10:15:02.970+0000] {dag.py:2742} INFO - Sync 1 DAGs
[2026-03-14T10:15:02.988+0000] {logging_mixin.py:150} INFO - [2026-03-14T10:15:02.988+0000] {dag.py:3504} INFO - Setting next_dagrun for example_branch_dop_operator_v3 to 2026-03-14T10:14:00+00:00, run_after=2026-03-14T10:15:00+00:00
[2026-03-14T10:15:03.004+0000] {processor.py:179} INFO - Processing /home/vscode/.local/lib/python3.10/site-packages/airflow/example_dags/example_branch_python_dop_operator_3.py took 0.061 seconds
[2026-03-14T10:16:08.862+0000] {processor.py:157} INFO - Started process (PID=36881) to work on /home/vscode/.local/lib/python3.10/site-packages/airflow/example_dags/example_branch_python_dop_operator_3.py
[2026-03-14T10:16:08.863+0000] {processor.py:826} INFO - Processing file /home/vscode/.local/lib/python3.10/site-packages/airflow/example_dags/example_branch_python_dop_operator_3.py for tasks to queue
[2026-03-14T10:16:08.864+0000] {logging_mixin.py:150} INFO - [2026-03-14T10:16:08.863+0000] {dagbag.py:541} INFO - Filling up the DagBag from /home/vscode/.local/lib/python3.10/site-packages/airflow/example_dags/example_branch_python_dop_operator_3.py
[2026-03-14T10:16:08.872+0000] {processor.py:836} INFO - DAG(s) dict_keys(['example_branch_dop_operator_v3']) retrieved from /home/vscode/.local/lib/python3.10/site-packages/airflow/example_dags/example_branch_python_dop_operator_3.py
[2026-03-14T10:16:08.884+0000] {logging_mixin.py:150} INFO - [2026-03-14T10:16:08.884+0000] {dag.py:2742} INFO - Sync 1 DAGs
[2026-03-14T10:16:08.901+0000] {logging_mixin.py:150} INFO - [2026-03-14T10:16:08.901+0000] {dag.py:3504} INFO - Setting next_dagrun for example_branch_dop_operator_v3 to 2026-03-14T10:15:00+00:00, run_after=2026-03-14T10:16:00+00:00
[2026-03-14T10:16:08.917+0000] {processor.py:179} INFO - Processing /home/vscode/.local/lib/python3.10/site-packages/airflow/example_dags/example_branch_python_dop_operator_3.py took 0.058 seconds
[2026-03-14T10:17:17.444+0000] {processor.py:157} INFO - Started process (PID=37411) to work on /home/vscode/.local/lib/python3.10/site-packages/airflow/example_dags/example_branch_python_dop_operator_3.py
[2026-03-14T10:17:17.445+0000] {processor.py:826} INFO - Processing file /home/vscode/.local/lib/python3.10/site-packages/airflow/example_dags/example_branch_python_dop_operator_3.py for tasks to queue
[2026-03-14T10:17:17.446+0000] {logging_mixin.py:150} INFO - [2026-03-14T10:17:17.446+0000] {dagbag.py:541} INFO - Filling up the DagBag from /home/vscode/.local/lib/python3.10/site-packages/airflow/example_dags/example_branch_python_dop_operator_3.py
[2026-03-14T10:17:17.453+0000] {processor.py:836} INFO - DAG(s) dict_keys(['example_branch_dop_operator_v3']) retrieved from /home/vscode/.local/lib/python3.10/site-packages/airflow/example_dags/example_branch_python_dop_operator_3.py
[2026-03-14T10:17:17.468+0000] {logging_mixin.py:150} INFO - [2026-03-14T10:17:17.468+0000] {dag.py:2742} INFO - Sync 1 DAGs
[2026-03-14T10:17:17.489+0000] {logging_mixin.py:150} INFO - [2026-03-14T10:17:17.489+0000] {dag.py:3504} INFO - Setting next_dagrun for example_branch_dop_operator_v3 to 2026-03-14T10:16:00+00:00, run_after=2026-03-14T10:17:00+00:00
[2026-03-14T10:17:17.506+0000] {processor.py:179} INFO - Processing /home/vscode/.local/lib/python3.10/site-packages/airflow/example_dags/example_branch_python_dop_operator_3.py took 0.063 seconds
[2026-03-14T10:18:09.690+0000] {processor.py:157} INFO - Started process (PID=37862) to work on /home/vscode/.local/lib/python3.10/site-packages/airflow/example_dags/example_branch_python_dop_operator_3.py
[2026-03-14T10:18:09.690+0000] {processor.py:826} INFO - Processing file /home/vscode/.local/lib/python3.10/site-packages/airflow/example_dags/example_branch_python_dop_operator_3.py for tasks to queue
[2026-03-14T10:18:09.691+0000] {logging_mixin.py:150} INFO - [2026-03-14T10:18:09.691+0000] {dagbag.py:541} INFO - Filling up the DagBag from /home/vscode/.local/lib/python3.10/site-packages/airflow/example_dags/example_branch_python_dop_operator_3.py
[2026-03-14T10:18:09.697+0000] {processor.py:836} INFO - DAG(s) dict_keys(['example_branch_dop_operator_v3']) retrieved from /home/vscode/.local/lib/python3.10/site-packages/airflow/example_dags/example_branch_python_dop_operator_3.py
[2026-03-14T10:18:09.713+0000] {logging_mixin.py:150} INFO - [2026-03-14T10:18:09.713+0000] {dag.py:2742} INFO - Sync 1 DAGs
[2026-03-14T10:18:09.733+0000] {logging_mixin.py:150} INFO - [2026-03-14T10:18:09.733+0000] {dag.py:3504} INFO - Setting next_dagrun for example_branch_dop_operator_v3 to 2026-03-14T10:17:00+00:00, run_after=2026-03-14T10:18:00+00:00
[2026-03-14T10:18:09.748+0000] {processor.py:179} INFO - Processing /home/vscode/.local/lib/python3.10/site-packages/airflow/example_dags/example_branch_python_dop_operator_3.py took 0.061 seconds
[2026-03-14T10:19:18.777+0000] {processor.py:157} INFO - Started process (PID=38330) to work on /home/vscode/.local/lib/python3.10/site-packages/airflow/example_dags/example_branch_python_dop_operator_3.py
[2026-03-14T10:19:18.781+0000] {processor.py:826} INFO - Processing file /home/vscode/.local/lib/python3.10/site-packages/airflow/example_dags/example_branch_python_dop_operator_3.py for tasks to queue
[2026-03-14T10:19:18.782+0000] {logging_mixin.py:150} INFO - [2026-03-14T10:19:18.782+0000] {dagbag.py:541} INFO - Filling up the DagBag from /home/vscode/.local/lib/python3.10/site-packages/airflow/example_dags/example_branch_python_dop_operator_3.py
[2026-03-14T10:19:18.791+0000] {processor.py:836} INFO - DAG(s) dict_keys(['example_branch_dop_operator_v3']) retrieved from /home/vscode/.local/lib/python3.10/site-packages/airflow/example_dags/example_branch_python_dop_operator_3.py
[2026-03-14T10:19:18.802+0000] {logging_mixin.py:150} INFO - [2026-03-14T10:19:18.802+0000] {dag.py:2742} INFO - Sync 1 DAGs
[2026-03-14T10:19:18.820+0000] {logging_mixin.py:150} INFO - [2026-03-14T10:19:18.820+0000] {dag.py:3504} INFO - Setting next_dagrun for example_branch_dop_operator_v3 to 2026-03-14T10:18:00+00:00, run_after=2026-03-14T10:19:00+00:00
[2026-03-14T10:19:18.839+0000] {processor.py:179} INFO - Processing /home/vscode/.local/lib/python3.10/site-packages/airflow/example_dags/example_branch_python_dop_operator_3.py took 0.065 seconds
[2026-03-14T10:20:25.319+0000] {processor.py:157} INFO - Started process (PID=38765) to work on /home/vscode/.local/lib/python3.10/site-packages/airflow/example_dags/example_branch_python_dop_operator_3.py
[2026-03-14T10:20:25.320+0000] {processor.py:826} INFO - Processing file /home/vscode/.local/lib/python3.10/site-packages/airflow/example_dags/example_branch_python_dop_operator_3.py for tasks to queue
[2026-03-14T10:20:25.320+0000] {logging_mixin.py:150} INFO - [2026-03-14T10:20:25.320+0000] {dagbag.py:541} INFO - Filling up the DagBag from /home/vscode/.local/lib/python3.10/site-packages/airflow/example_dags/example_branch_python_dop_operator_3.py
[2026-03-14T10:20:25.326+0000] {processor.py:836} INFO - DAG(s) dict_keys(['example_branch_dop_operator_v3']) retrieved from /home/vscode/.local/lib/python3.10/site-packages/airflow/example_dags/example_branch_python_dop_operator_3.py
[2026-03-14T10:20:25.339+0000] {logging_mixin.py:150} INFO - [2026-03-14T10:20:25.338+0000] {dag.py:2742} INFO - Sync 1 DAGs
[2026-03-14T10:20:25.358+0000] {logging_mixin.py:150} INFO - [2026-03-14T10:20:25.358+0000] {dag.py:3504} INFO - Setting next_dagrun for example_branch_dop_operator_v3 to 2026-03-14T10:19:00+00:00, run_after=2026-03-14T10:20:00+00:00
[2026-03-14T10:20:25.379+0000] {processor.py:179} INFO - Processing /home/vscode/.local/lib/python3.10/site-packages/airflow/example_dags/example_branch_python_dop_operator_3.py took 0.062 seconds
[2026-03-14T10:21:31.072+0000] {processor.py:157} INFO - Started process (PID=39213) to work on /home/vscode/.local/lib/python3.10/site-packages/airflow/example_dags/example_branch_python_dop_operator_3.py
[2026-03-14T10:21:31.073+0000] {processor.py:826} INFO - Processing file /home/vscode/.local/lib/python3.10/site-packages/airflow/example_dags/example_branch_python_dop_operator_3.py for tasks to queue
[2026-03-14T10:21:31.073+0000] {logging_mixin.py:150} INFO - [2026-03-14T10:21:31.073+0000] {dagbag.py:541} INFO - Filling up the DagBag from /home/vscode/.local/lib/python3.10/site-packages/airflow/example_dags/example_branch_python_dop_operator_3.py
[2026-03-14T10:21:31.081+0000] {processor.py:836} INFO - DAG(s) dict_keys(['example_branch_dop_operator_v3']) retrieved from /home/vscode/.local/lib/python3.10/site-packages/airflow/example_dags/example_branch_python_dop_operator_3.py
[2026-03-14T10:21:31.093+0000] {logging_mixin.py:150} INFO - [2026-03-14T10:21:31.093+0000] {dag.py:2742} INFO - Sync 1 DAGs
[2026-03-14T10:21:31.110+0000] {logging_mixin.py:150} INFO - [2026-03-14T10:21:31.110+0000] {dag.py:3504} INFO - Setting next_dagrun for example_branch_dop_operator_v3 to 2026-03-14T10:20:00+00:00, run_after=2026-03-14T10:21:00+00:00
[2026-03-14T10:21:31.126+0000] {processor.py:179} INFO - Processing /home/vscode/.local/lib/python3.10/site-packages/airflow/example_dags/example_branch_python_dop_operator_3.py took 0.057 seconds
[2026-03-14T10:22:36.120+0000] {processor.py:157} INFO - Started process (PID=39719) to work on /home/vscode/.local/lib/python3.10/site-packages/airflow/example_dags/example_branch_python_dop_operator_3.py
[2026-03-14T10:22:36.121+0000] {processor.py:826} INFO - Processing file /home/vscode/.local/lib/python3.10/site-packages/airflow/example_dags/example_branch_python_dop_operator_3.py for tasks to queue
[2026-03-14T10:22:36.122+0000] {logging_mixin.py:150} INFO - [2026-03-14T10:22:36.121+0000] {dagbag.py:541} INFO - Filling up the DagBag from /home/vscode/.local/lib/python3.10/site-packages/airflow/example_dags/example_branch_python_dop_operator_3.py
[2026-03-14T10:22:36.128+0000] {processor.py:836} INFO - DAG(s) dict_keys(['example_branch_dop_operator_v3']) retrieved from /home/vscode/.local/lib/python3.10/site-packages/airflow/example_dags/example_branch_python_dop_operator_3.py
[2026-03-14T10:22:36.140+0000] {logging_mixin.py:150} INFO - [2026-03-14T10:22:36.140+0000] {dag.py:2742} INFO - Sync 1 DAGs
[2026-03-14T10:22:36.161+0000] {logging_mixin.py:150} INFO - [2026-03-14T10:22:36.161+0000] {dag.py:3504} INFO - Setting next_dagrun for example_branch_dop_operator_v3 to 2026-03-14T10:21:00+00:00, run_after=2026-03-14T10:22:00+00:00
[2026-03-14T10:22:36.181+0000] {processor.py:179} INFO - Processing /home/vscode/.local/lib/python3.10/site-packages/airflow/example_dags/example_branch_python_dop_operator_3.py took 0.063 seconds
[2026-03-14T10:23:42.971+0000] {processor.py:157} INFO - Started process (PID=40331) to work on /home/vscode/.local/lib/python3.10/site-packages/airflow/example_dags/example_branch_python_dop_operator_3.py
[2026-03-14T10:23:42.972+0000] {processor.py:826} INFO - Processing file /home/vscode/.local/lib/python3.10/site-packages/airflow/example_dags/example_branch_python_dop_operator_3.py for tasks to queue
[2026-03-14T10:23:42.972+0000] {logging_mixin.py:150} INFO - [2026-03-14T10:23:42.972+0000] {dagbag.py:541} INFO - Filling up the DagBag from /home/vscode/.local/lib/python3.10/site-packages/airflow/example_dags/example_branch_python_dop_operator_3.py
[2026-03-14T10:23:42.979+0000] {processor.py:836} INFO - DAG(s) dict_keys(['example_branch_dop_operator_v3']) retrieved from /home/vscode/.local/lib/python3.10/site-packages/airflow/example_dags/example_branch_python_dop_operator_3.py
[2026-03-14T10:23:42.991+0000] {logging_mixin.py:150} INFO - [2026-03-14T10:23:42.991+0000] {dag.py:2742} INFO - Sync 1 DAGs
[2026-03-14T10:23:43.012+0000] {logging_mixin.py:150} INFO - [2026-03-14T10:23:43.012+0000] {dag.py:3504} INFO - Setting next_dagrun for example_branch_dop_operator_v3 to 2026-03-14T10:22:00+00:00, run_after=2026-03-14T10:23:00+00:00
[2026-03-14T10:23:43.038+0000] {processor.py:179} INFO - Processing /home/vscode/.local/lib/python3.10/site-packages/airflow/example_dags/example_branch_python_dop_operator_3.py took 0.070 seconds
[2026-03-14T10:24:50.863+0000] {processor.py:157} INFO - Started process (PID=40869) to work on /home/vscode/.local/lib/python3.10/site-packages/airflow/example_dags/example_branch_python_dop_operator_3.py
[2026-03-14T10:24:50.866+0000] {processor.py:826} INFO - Processing file /home/vscode/.local/lib/python3.10/site-packages/airflow/example_dags/example_branch_python_dop_operator_3.py for tasks to queue
[2026-03-14T10:24:50.867+0000] {logging_mixin.py:150} INFO - [2026-03-14T10:24:50.867+0000] {dagbag.py:541} INFO - Filling up the DagBag from /home/vscode/.local/lib/python3.10/site-packages/airflow/example_dags/example_branch_python_dop_operator_3.py
[2026-03-14T10:24:50.876+0000] {processor.py:836} INFO - DAG(s) dict_keys(['example_branch_dop_operator_v3']) retrieved from /home/vscode/.local/lib/python3.10/site-packages/airflow/example_dags/example_branch_python_dop_operator_3.py
[2026-03-14T10:24:50.889+0000] {logging_mixin.py:150} INFO - [2026-03-14T10:24:50.889+0000] {dag.py:2742} INFO - Sync 1 DAGs
[2026-03-14T10:24:50.906+0000] {logging_mixin.py:150} INFO - [2026-03-14T10:24:50.906+0000] {dag.py:3504} INFO - Setting next_dagrun for example_branch_dop_operator_v3 to 2026-03-14T10:23:00+00:00, run_after=2026-03-14T10:24:00+00:00
[2026-03-14T10:24:50.922+0000] {processor.py:179} INFO - Processing /home/vscode/.local/lib/python3.10/site-packages/airflow/example_dags/example_branch_python_dop_operator_3.py took 0.063 seconds
[2026-03-14T10:25:58.578+0000] {processor.py:157} INFO - Started process (PID=41436) to work on /home/vscode/.local/lib/python3.10/site-packages/airflow/example_dags/example_branch_python_dop_operator_3.py
[2026-03-14T10:25:58.579+0000] {processor.py:826} INFO - Processing file /home/vscode/.local/lib/python3.10/site-packages/airflow/example_dags/example_branch_python_dop_operator_3.py for tasks to queue
[2026-03-14T10:25:58.580+0000] {logging_mixin.py:150} INFO - [2026-03-14T10:25:58.579+0000] {dagbag.py:541} INFO - Filling up the DagBag from /home/vscode/.local/lib/python3.10/site-packages/airflow/example_dags/example_branch_python_dop_operator_3.py
[2026-03-14T10:25:58.594+0000] {processor.py:836} INFO - DAG(s) dict_keys(['example_branch_dop_operator_v3']) retrieved from /home/vscode/.local/lib/python3.10/site-packages/airflow/example_dags/example_branch_python_dop_operator_3.py
[2026-03-14T10:25:58.619+0000] {logging_mixin.py:150} INFO - [2026-03-14T10:25:58.618+0000] {dag.py:2742} INFO - Sync 1 DAGs
[2026-03-14T10:25:58.664+0000] {logging_mixin.py:150} INFO - [2026-03-14T10:25:58.664+0000] {dag.py:3504} INFO - Setting next_dagrun for example_branch_dop_operator_v3 to 2026-03-14T10:24:00+00:00, run_after=2026-03-14T10:25:00+00:00
[2026-03-14T10:25:58.735+0000] {processor.py:179} INFO - Processing /home/vscode/.local/lib/python3.10/site-packages/airflow/example_dags/example_branch_python_dop_operator_3.py took 0.160 seconds
