[2026-03-14T09:12:58.871+0000] {processor.py:157} INFO - Started process (PID=9758) to work on /home/vscode/.local/lib/python3.10/site-packages/airflow/example_dags/example_trigger_controller_dag.py
[2026-03-14T09:12:58.871+0000] {processor.py:826} INFO - Processing file /home/vscode/.local/lib/python3.10/site-packages/airflow/example_dags/example_trigger_controller_dag.py for tasks to queue
[2026-03-14T09:12:58.872+0000] {logging_mixin.py:150} INFO - [2026-03-14T09:12:58.871+0000] {dagbag.py:541} INFO - Filling up the DagBag from /home/vscode/.local/lib/python3.10/site-packages/airflow/example_dags/example_trigger_controller_dag.py
[2026-03-14T09:12:58.876+0000] {processor.py:836} INFO - DAG(s) dict_keys(['example_trigger_controller_dag']) retrieved from /home/vscode/.local/lib/python3.10/site-packages/airflow/example_dags/example_trigger_controller_dag.py
[2026-03-14T09:12:58.950+0000] {logging_mixin.py:150} INFO - [2026-03-14T09:12:58.950+0000] {manager.py:504} INFO - Created Permission View: can delete on DAG:example_trigger_controller_dag
[2026-03-14T09:12:58.960+0000] {logging_mixin.py:150} INFO - [2026-03-14T09:12:58.959+0000] {manager.py:504} INFO - Created Permission View: can edit on DAG:example_trigger_controller_dag
[2026-03-14T09:12:58.967+0000] {logging_mixin.py:150} INFO - [2026-03-14T09:12:58.967+0000] {manager.py:504} INFO - Created Permission View: can read on DAG:example_trigger_controller_dag
[2026-03-14T09:12:58.979+0000] {logging_mixin.py:150} INFO - [2026-03-14T09:12:58.979+0000] {dag.py:2742} INFO - Sync 1 DAGs
[2026-03-14T09:12:58.989+0000] {logging_mixin.py:150} INFO - [2026-03-14T09:12:58.988+0000] {dag.py:2763} INFO - Creating ORM DAG for example_trigger_controller_dag
[2026-03-14T09:12:58.997+0000] {logging_mixin.py:150} INFO - [2026-03-14T09:12:58.997+0000] {dag.py:3504} INFO - Setting next_dagrun for example_trigger_controller_dag to 2021-01-01T00:00:00+00:00, run_after=2021-01-01T00:00:00+00:00
[2026-03-14T09:12:59.015+0000] {processor.py:179} INFO - Processing /home/vscode/.local/lib/python3.10/site-packages/airflow/example_dags/example_trigger_controller_dag.py took 0.148 seconds
[2026-03-14T09:13:45.392+0000] {processor.py:157} INFO - Started process (PID=10096) to work on /home/vscode/.local/lib/python3.10/site-packages/airflow/example_dags/example_trigger_controller_dag.py
[2026-03-14T09:13:45.392+0000] {processor.py:826} INFO - Processing file /home/vscode/.local/lib/python3.10/site-packages/airflow/example_dags/example_trigger_controller_dag.py for tasks to queue
[2026-03-14T09:13:45.393+0000] {logging_mixin.py:150} INFO - [2026-03-14T09:13:45.393+0000] {dagbag.py:541} INFO - Filling up the DagBag from /home/vscode/.local/lib/python3.10/site-packages/airflow/example_dags/example_trigger_controller_dag.py
[2026-03-14T09:13:45.396+0000] {processor.py:836} INFO - DAG(s) dict_keys(['example_trigger_controller_dag']) retrieved from /home/vscode/.local/lib/python3.10/site-packages/airflow/example_dags/example_trigger_controller_dag.py
[2026-03-14T09:13:45.407+0000] {logging_mixin.py:150} INFO - [2026-03-14T09:13:45.407+0000] {dag.py:2742} INFO - Sync 1 DAGs
[2026-03-14T09:13:45.421+0000] {logging_mixin.py:150} INFO - [2026-03-14T09:13:45.421+0000] {dag.py:3504} INFO - Setting next_dagrun for example_trigger_controller_dag to 2021-01-01T00:00:00+00:00, run_after=2021-01-01T00:00:00+00:00
[2026-03-14T09:13:45.435+0000] {processor.py:179} INFO - Processing /home/vscode/.local/lib/python3.10/site-packages/airflow/example_dags/example_trigger_controller_dag.py took 0.046 seconds
[2026-03-14T09:14:31.854+0000] {processor.py:157} INFO - Started process (PID=10398) to work on /home/vscode/.local/lib/python3.10/site-packages/airflow/example_dags/example_trigger_controller_dag.py
[2026-03-14T09:14:31.855+0000] {processor.py:826} INFO - Processing file /home/vscode/.local/lib/python3.10/site-packages/airflow/example_dags/example_trigger_controller_dag.py for tasks to queue
[2026-03-14T09:14:31.855+0000] {logging_mixin.py:150} INFO - [2026-03-14T09:14:31.855+0000] {dagbag.py:541} INFO - Filling up the DagBag from /home/vscode/.local/lib/python3.10/site-packages/airflow/example_dags/example_trigger_controller_dag.py
[2026-03-14T09:14:31.858+0000] {processor.py:836} INFO - DAG(s) dict_keys(['example_trigger_controller_dag']) retrieved from /home/vscode/.local/lib/python3.10/site-packages/airflow/example_dags/example_trigger_controller_dag.py
[2026-03-14T09:14:31.870+0000] {logging_mixin.py:150} INFO - [2026-03-14T09:14:31.870+0000] {dag.py:2742} INFO - Sync 1 DAGs
[2026-03-14T09:14:31.884+0000] {logging_mixin.py:150} INFO - [2026-03-14T09:14:31.884+0000] {dag.py:3504} INFO - Setting next_dagrun for example_trigger_controller_dag to 2021-01-01T00:00:00+00:00, run_after=2021-01-01T00:00:00+00:00
[2026-03-14T09:14:31.899+0000] {processor.py:179} INFO - Processing /home/vscode/.local/lib/python3.10/site-packages/airflow/example_dags/example_trigger_controller_dag.py took 0.048 seconds
[2026-03-14T09:15:16.901+0000] {processor.py:157} INFO - Started process (PID=10717) to work on /home/vscode/.local/lib/python3.10/site-packages/airflow/example_dags/example_trigger_controller_dag.py
[2026-03-14T09:15:16.902+0000] {processor.py:826} INFO - Processing file /home/vscode/.local/lib/python3.10/site-packages/airflow/example_dags/example_trigger_controller_dag.py for tasks to queue
[2026-03-14T09:15:16.902+0000] {logging_mixin.py:150} INFO - [2026-03-14T09:15:16.902+0000] {dagbag.py:541} INFO - Filling up the DagBag from /home/vscode/.local/lib/python3.10/site-packages/airflow/example_dags/example_trigger_controller_dag.py
[2026-03-14T09:15:16.905+0000] {processor.py:836} INFO - DAG(s) dict_keys(['example_trigger_controller_dag']) retrieved from /home/vscode/.local/lib/python3.10/site-packages/airflow/example_dags/example_trigger_controller_dag.py
[2026-03-14T09:15:16.917+0000] {logging_mixin.py:150} INFO - [2026-03-14T09:15:16.917+0000] {dag.py:2742} INFO - Sync 1 DAGs
[2026-03-14T09:15:16.931+0000] {logging_mixin.py:150} INFO - [2026-03-14T09:15:16.931+0000] {dag.py:3504} INFO - Setting next_dagrun for example_trigger_controller_dag to 2021-01-01T00:00:00+00:00, run_after=2021-01-01T00:00:00+00:00
[2026-03-14T09:15:16.946+0000] {processor.py:179} INFO - Processing /home/vscode/.local/lib/python3.10/site-packages/airflow/example_dags/example_trigger_controller_dag.py took 0.047 seconds
[2026-03-14T09:16:06.284+0000] {processor.py:157} INFO - Started process (PID=11133) to work on /home/vscode/.local/lib/python3.10/site-packages/airflow/example_dags/example_trigger_controller_dag.py
[2026-03-14T09:16:06.285+0000] {processor.py:826} INFO - Processing file /home/vscode/.local/lib/python3.10/site-packages/airflow/example_dags/example_trigger_controller_dag.py for tasks to queue
[2026-03-14T09:16:06.285+0000] {logging_mixin.py:150} INFO - [2026-03-14T09:16:06.285+0000] {dagbag.py:541} INFO - Filling up the DagBag from /home/vscode/.local/lib/python3.10/site-packages/airflow/example_dags/example_trigger_controller_dag.py
[2026-03-14T09:16:06.288+0000] {processor.py:836} INFO - DAG(s) dict_keys(['example_trigger_controller_dag']) retrieved from /home/vscode/.local/lib/python3.10/site-packages/airflow/example_dags/example_trigger_controller_dag.py
[2026-03-14T09:16:06.300+0000] {logging_mixin.py:150} INFO - [2026-03-14T09:16:06.300+0000] {dag.py:2742} INFO - Sync 1 DAGs
[2026-03-14T09:16:06.314+0000] {logging_mixin.py:150} INFO - [2026-03-14T09:16:06.313+0000] {dag.py:3504} INFO - Setting next_dagrun for example_trigger_controller_dag to 2021-01-01T00:00:00+00:00, run_after=2021-01-01T00:00:00+00:00
[2026-03-14T09:16:06.330+0000] {processor.py:179} INFO - Processing /home/vscode/.local/lib/python3.10/site-packages/airflow/example_dags/example_trigger_controller_dag.py took 0.048 seconds
[2026-03-14T09:16:50.050+0000] {processor.py:157} INFO - Started process (PID=11439) to work on /home/vscode/.local/lib/python3.10/site-packages/airflow/example_dags/example_trigger_controller_dag.py
[2026-03-14T09:16:50.051+0000] {processor.py:826} INFO - Processing file /home/vscode/.local/lib/python3.10/site-packages/airflow/example_dags/example_trigger_controller_dag.py for tasks to queue
[2026-03-14T09:16:50.051+0000] {logging_mixin.py:150} INFO - [2026-03-14T09:16:50.051+0000] {dagbag.py:541} INFO - Filling up the DagBag from /home/vscode/.local/lib/python3.10/site-packages/airflow/example_dags/example_trigger_controller_dag.py
[2026-03-14T09:16:50.054+0000] {processor.py:836} INFO - DAG(s) dict_keys(['example_trigger_controller_dag']) retrieved from /home/vscode/.local/lib/python3.10/site-packages/airflow/example_dags/example_trigger_controller_dag.py
[2026-03-14T09:16:50.066+0000] {logging_mixin.py:150} INFO - [2026-03-14T09:16:50.066+0000] {dag.py:2742} INFO - Sync 1 DAGs
[2026-03-14T09:16:50.079+0000] {logging_mixin.py:150} INFO - [2026-03-14T09:16:50.079+0000] {dag.py:3504} INFO - Setting next_dagrun for example_trigger_controller_dag to 2021-01-01T00:00:00+00:00, run_after=2021-01-01T00:00:00+00:00
[2026-03-14T09:16:50.095+0000] {processor.py:179} INFO - Processing /home/vscode/.local/lib/python3.10/site-packages/airflow/example_dags/example_trigger_controller_dag.py took 0.047 seconds
[2026-03-14T09:17:33.609+0000] {processor.py:157} INFO - Started process (PID=11732) to work on /home/vscode/.local/lib/python3.10/site-packages/airflow/example_dags/example_trigger_controller_dag.py
[2026-03-14T09:17:33.610+0000] {processor.py:826} INFO - Processing file /home/vscode/.local/lib/python3.10/site-packages/airflow/example_dags/example_trigger_controller_dag.py for tasks to queue
[2026-03-14T09:17:33.611+0000] {logging_mixin.py:150} INFO - [2026-03-14T09:17:33.610+0000] {dagbag.py:541} INFO - Filling up the DagBag from /home/vscode/.local/lib/python3.10/site-packages/airflow/example_dags/example_trigger_controller_dag.py
[2026-03-14T09:17:33.614+0000] {processor.py:836} INFO - DAG(s) dict_keys(['example_trigger_controller_dag']) retrieved from /home/vscode/.local/lib/python3.10/site-packages/airflow/example_dags/example_trigger_controller_dag.py
[2026-03-14T09:17:33.626+0000] {logging_mixin.py:150} INFO - [2026-03-14T09:17:33.626+0000] {dag.py:2742} INFO - Sync 1 DAGs
[2026-03-14T09:17:33.640+0000] {logging_mixin.py:150} INFO - [2026-03-14T09:17:33.640+0000] {dag.py:3504} INFO - Setting next_dagrun for example_trigger_controller_dag to 2021-01-01T00:00:00+00:00, run_after=2021-01-01T00:00:00+00:00
[2026-03-14T09:17:33.655+0000] {processor.py:179} INFO - Processing /home/vscode/.local/lib/python3.10/site-packages/airflow/example_dags/example_trigger_controller_dag.py took 0.048 seconds
[2026-03-14T09:18:20.164+0000] {processor.py:157} INFO - Started process (PID=12141) to work on /home/vscode/.local/lib/python3.10/site-packages/airflow/example_dags/example_trigger_controller_dag.py
[2026-03-14T09:18:20.165+0000] {processor.py:826} INFO - Processing file /home/vscode/.local/lib/python3.10/site-packages/airflow/example_dags/example_trigger_controller_dag.py for tasks to queue
[2026-03-14T09:18:20.166+0000] {logging_mixin.py:150} INFO - [2026-03-14T09:18:20.165+0000] {dagbag.py:541} INFO - Filling up the DagBag from /home/vscode/.local/lib/python3.10/site-packages/airflow/example_dags/example_trigger_controller_dag.py
[2026-03-14T09:18:20.169+0000] {processor.py:836} INFO - DAG(s) dict_keys(['example_trigger_controller_dag']) retrieved from /home/vscode/.local/lib/python3.10/site-packages/airflow/example_dags/example_trigger_controller_dag.py
[2026-03-14T09:18:20.180+0000] {logging_mixin.py:150} INFO - [2026-03-14T09:18:20.180+0000] {dag.py:2742} INFO - Sync 1 DAGs
[2026-03-14T09:18:20.194+0000] {logging_mixin.py:150} INFO - [2026-03-14T09:18:20.194+0000] {dag.py:3504} INFO - Setting next_dagrun for example_trigger_controller_dag to 2021-01-01T00:00:00+00:00, run_after=2021-01-01T00:00:00+00:00
[2026-03-14T09:18:20.210+0000] {processor.py:179} INFO - Processing /home/vscode/.local/lib/python3.10/site-packages/airflow/example_dags/example_trigger_controller_dag.py took 0.048 seconds
[2026-03-14T09:19:03.418+0000] {processor.py:157} INFO - Started process (PID=12421) to work on /home/vscode/.local/lib/python3.10/site-packages/airflow/example_dags/example_trigger_controller_dag.py
[2026-03-14T09:19:03.419+0000] {processor.py:826} INFO - Processing file /home/vscode/.local/lib/python3.10/site-packages/airflow/example_dags/example_trigger_controller_dag.py for tasks to queue
[2026-03-14T09:19:03.419+0000] {logging_mixin.py:150} INFO - [2026-03-14T09:19:03.419+0000] {dagbag.py:541} INFO - Filling up the DagBag from /home/vscode/.local/lib/python3.10/site-packages/airflow/example_dags/example_trigger_controller_dag.py
[2026-03-14T09:19:03.422+0000] {processor.py:836} INFO - DAG(s) dict_keys(['example_trigger_controller_dag']) retrieved from /home/vscode/.local/lib/python3.10/site-packages/airflow/example_dags/example_trigger_controller_dag.py
[2026-03-14T09:19:03.433+0000] {logging_mixin.py:150} INFO - [2026-03-14T09:19:03.433+0000] {dag.py:2742} INFO - Sync 1 DAGs
[2026-03-14T09:19:03.447+0000] {logging_mixin.py:150} INFO - [2026-03-14T09:19:03.447+0000] {dag.py:3504} INFO - Setting next_dagrun for example_trigger_controller_dag to 2021-01-01T00:00:00+00:00, run_after=2021-01-01T00:00:00+00:00
[2026-03-14T09:19:03.465+0000] {processor.py:179} INFO - Processing /home/vscode/.local/lib/python3.10/site-packages/airflow/example_dags/example_trigger_controller_dag.py took 0.048 seconds
[2026-03-14T09:19:44.533+0000] {processor.py:157} INFO - Started process (PID=12696) to work on /home/vscode/.local/lib/python3.10/site-packages/airflow/example_dags/example_trigger_controller_dag.py
[2026-03-14T09:19:44.533+0000] {processor.py:826} INFO - Processing file /home/vscode/.local/lib/python3.10/site-packages/airflow/example_dags/example_trigger_controller_dag.py for tasks to queue
[2026-03-14T09:19:44.534+0000] {logging_mixin.py:150} INFO - [2026-03-14T09:19:44.534+0000] {dagbag.py:541} INFO - Filling up the DagBag from /home/vscode/.local/lib/python3.10/site-packages/airflow/example_dags/example_trigger_controller_dag.py
[2026-03-14T09:19:44.537+0000] {processor.py:836} INFO - DAG(s) dict_keys(['example_trigger_controller_dag']) retrieved from /home/vscode/.local/lib/python3.10/site-packages/airflow/example_dags/example_trigger_controller_dag.py
[2026-03-14T09:19:44.548+0000] {logging_mixin.py:150} INFO - [2026-03-14T09:19:44.548+0000] {dag.py:2742} INFO - Sync 1 DAGs
[2026-03-14T09:19:44.562+0000] {logging_mixin.py:150} INFO - [2026-03-14T09:19:44.562+0000] {dag.py:3504} INFO - Setting next_dagrun for example_trigger_controller_dag to 2021-01-01T00:00:00+00:00, run_after=2021-01-01T00:00:00+00:00
[2026-03-14T09:19:44.577+0000] {processor.py:179} INFO - Processing /home/vscode/.local/lib/python3.10/site-packages/airflow/example_dags/example_trigger_controller_dag.py took 0.047 seconds
[2026-03-14T09:20:30.853+0000] {processor.py:157} INFO - Started process (PID=13007) to work on /home/vscode/.local/lib/python3.10/site-packages/airflow/example_dags/example_trigger_controller_dag.py
[2026-03-14T09:20:30.853+0000] {processor.py:826} INFO - Processing file /home/vscode/.local/lib/python3.10/site-packages/airflow/example_dags/example_trigger_controller_dag.py for tasks to queue
[2026-03-14T09:20:30.854+0000] {logging_mixin.py:150} INFO - [2026-03-14T09:20:30.854+0000] {dagbag.py:541} INFO - Filling up the DagBag from /home/vscode/.local/lib/python3.10/site-packages/airflow/example_dags/example_trigger_controller_dag.py
[2026-03-14T09:20:30.857+0000] {processor.py:836} INFO - DAG(s) dict_keys(['example_trigger_controller_dag']) retrieved from /home/vscode/.local/lib/python3.10/site-packages/airflow/example_dags/example_trigger_controller_dag.py
[2026-03-14T09:20:30.869+0000] {logging_mixin.py:150} INFO - [2026-03-14T09:20:30.869+0000] {dag.py:2742} INFO - Sync 1 DAGs
[2026-03-14T09:20:30.883+0000] {logging_mixin.py:150} INFO - [2026-03-14T09:20:30.883+0000] {dag.py:3504} INFO - Setting next_dagrun for example_trigger_controller_dag to 2021-01-01T00:00:00+00:00, run_after=2021-01-01T00:00:00+00:00
[2026-03-14T09:20:30.899+0000] {processor.py:179} INFO - Processing /home/vscode/.local/lib/python3.10/site-packages/airflow/example_dags/example_trigger_controller_dag.py took 0.048 seconds
[2026-03-14T09:21:19.447+0000] {processor.py:157} INFO - Started process (PID=13333) to work on /home/vscode/.local/lib/python3.10/site-packages/airflow/example_dags/example_trigger_controller_dag.py
[2026-03-14T09:21:19.448+0000] {processor.py:826} INFO - Processing file /home/vscode/.local/lib/python3.10/site-packages/airflow/example_dags/example_trigger_controller_dag.py for tasks to queue
[2026-03-14T09:21:19.448+0000] {logging_mixin.py:150} INFO - [2026-03-14T09:21:19.448+0000] {dagbag.py:541} INFO - Filling up the DagBag from /home/vscode/.local/lib/python3.10/site-packages/airflow/example_dags/example_trigger_controller_dag.py
[2026-03-14T09:21:19.451+0000] {processor.py:836} INFO - DAG(s) dict_keys(['example_trigger_controller_dag']) retrieved from /home/vscode/.local/lib/python3.10/site-packages/airflow/example_dags/example_trigger_controller_dag.py
[2026-03-14T09:21:19.463+0000] {logging_mixin.py:150} INFO - [2026-03-14T09:21:19.463+0000] {dag.py:2742} INFO - Sync 1 DAGs
[2026-03-14T09:21:19.476+0000] {logging_mixin.py:150} INFO - [2026-03-14T09:21:19.476+0000] {dag.py:3504} INFO - Setting next_dagrun for example_trigger_controller_dag to 2021-01-01T00:00:00+00:00, run_after=2021-01-01T00:00:00+00:00
[2026-03-14T09:21:19.491+0000] {processor.py:179} INFO - Processing /home/vscode/.local/lib/python3.10/site-packages/airflow/example_dags/example_trigger_controller_dag.py took 0.046 seconds
[2026-03-14T09:22:03.559+0000] {processor.py:157} INFO - Started process (PID=13622) to work on /home/vscode/.local/lib/python3.10/site-packages/airflow/example_dags/example_trigger_controller_dag.py
[2026-03-14T09:22:03.560+0000] {processor.py:826} INFO - Processing file /home/vscode/.local/lib/python3.10/site-packages/airflow/example_dags/example_trigger_controller_dag.py for tasks to queue
[2026-03-14T09:22:03.561+0000] {logging_mixin.py:150} INFO - [2026-03-14T09:22:03.560+0000] {dagbag.py:541} INFO - Filling up the DagBag from /home/vscode/.local/lib/python3.10/site-packages/airflow/example_dags/example_trigger_controller_dag.py
[2026-03-14T09:22:03.565+0000] {processor.py:836} INFO - DAG(s) dict_keys(['example_trigger_controller_dag']) retrieved from /home/vscode/.local/lib/python3.10/site-packages/airflow/example_dags/example_trigger_controller_dag.py
[2026-03-14T09:22:03.576+0000] {logging_mixin.py:150} INFO - [2026-03-14T09:22:03.576+0000] {dag.py:2742} INFO - Sync 1 DAGs
[2026-03-14T09:22:03.590+0000] {logging_mixin.py:150} INFO - [2026-03-14T09:22:03.590+0000] {dag.py:3504} INFO - Setting next_dagrun for example_trigger_controller_dag to 2021-01-01T00:00:00+00:00, run_after=2021-01-01T00:00:00+00:00
[2026-03-14T09:22:03.606+0000] {processor.py:179} INFO - Processing /home/vscode/.local/lib/python3.10/site-packages/airflow/example_dags/example_trigger_controller_dag.py took 0.049 seconds
[2026-03-14T09:22:46.982+0000] {processor.py:157} INFO - Started process (PID=13918) to work on /home/vscode/.local/lib/python3.10/site-packages/airflow/example_dags/example_trigger_controller_dag.py
[2026-03-14T09:22:46.983+0000] {processor.py:826} INFO - Processing file /home/vscode/.local/lib/python3.10/site-packages/airflow/example_dags/example_trigger_controller_dag.py for tasks to queue
[2026-03-14T09:22:46.983+0000] {logging_mixin.py:150} INFO - [2026-03-14T09:22:46.983+0000] {dagbag.py:541} INFO - Filling up the DagBag from /home/vscode/.local/lib/python3.10/site-packages/airflow/example_dags/example_trigger_controller_dag.py
[2026-03-14T09:22:46.986+0000] {processor.py:836} INFO - DAG(s) dict_keys(['example_trigger_controller_dag']) retrieved from /home/vscode/.local/lib/python3.10/site-packages/airflow/example_dags/example_trigger_controller_dag.py
[2026-03-14T09:22:46.998+0000] {logging_mixin.py:150} INFO - [2026-03-14T09:22:46.998+0000] {dag.py:2742} INFO - Sync 1 DAGs
[2026-03-14T09:22:47.012+0000] {logging_mixin.py:150} INFO - [2026-03-14T09:22:47.011+0000] {dag.py:3504} INFO - Setting next_dagrun for example_trigger_controller_dag to 2021-01-01T00:00:00+00:00, run_after=2021-01-01T00:00:00+00:00
[2026-03-14T09:22:47.027+0000] {processor.py:179} INFO - Processing /home/vscode/.local/lib/python3.10/site-packages/airflow/example_dags/example_trigger_controller_dag.py took 0.047 seconds
[2026-03-14T09:23:30.539+0000] {processor.py:157} INFO - Started process (PID=14214) to work on /home/vscode/.local/lib/python3.10/site-packages/airflow/example_dags/example_trigger_controller_dag.py
[2026-03-14T09:23:30.539+0000] {processor.py:826} INFO - Processing file /home/vscode/.local/lib/python3.10/site-packages/airflow/example_dags/example_trigger_controller_dag.py for tasks to queue
[2026-03-14T09:23:30.540+0000] {logging_mixin.py:150} INFO - [2026-03-14T09:23:30.540+0000] {dagbag.py:541} INFO - Filling up the DagBag from /home/vscode/.local/lib/python3.10/site-packages/airflow/example_dags/example_trigger_controller_dag.py
[2026-03-14T09:23:30.543+0000] {processor.py:836} INFO - DAG(s) dict_keys(['example_trigger_controller_dag']) retrieved from /home/vscode/.local/lib/python3.10/site-packages/airflow/example_dags/example_trigger_controller_dag.py
[2026-03-14T09:23:30.556+0000] {logging_mixin.py:150} INFO - [2026-03-14T09:23:30.556+0000] {dag.py:2742} INFO - Sync 1 DAGs
[2026-03-14T09:23:30.573+0000] {logging_mixin.py:150} INFO - [2026-03-14T09:23:30.572+0000] {dag.py:3504} INFO - Setting next_dagrun for example_trigger_controller_dag to 2021-01-01T00:00:00+00:00, run_after=2021-01-01T00:00:00+00:00
[2026-03-14T09:23:30.592+0000] {processor.py:179} INFO - Processing /home/vscode/.local/lib/python3.10/site-packages/airflow/example_dags/example_trigger_controller_dag.py took 0.056 seconds
[2026-03-14T09:24:07.401+0000] {processor.py:157} INFO - Started process (PID=14476) to work on /home/vscode/.local/lib/python3.10/site-packages/airflow/example_dags/example_trigger_controller_dag.py
[2026-03-14T09:24:07.402+0000] {processor.py:826} INFO - Processing file /home/vscode/.local/lib/python3.10/site-packages/airflow/example_dags/example_trigger_controller_dag.py for tasks to queue
[2026-03-14T09:24:07.403+0000] {logging_mixin.py:150} INFO - [2026-03-14T09:24:07.402+0000] {dagbag.py:541} INFO - Filling up the DagBag from /home/vscode/.local/lib/python3.10/site-packages/airflow/example_dags/example_trigger_controller_dag.py
[2026-03-14T09:24:07.406+0000] {processor.py:836} INFO - DAG(s) dict_keys(['example_trigger_controller_dag']) retrieved from /home/vscode/.local/lib/python3.10/site-packages/airflow/example_dags/example_trigger_controller_dag.py
[2026-03-14T09:24:07.418+0000] {logging_mixin.py:150} INFO - [2026-03-14T09:24:07.418+0000] {dag.py:2742} INFO - Sync 1 DAGs
[2026-03-14T09:24:07.431+0000] {logging_mixin.py:150} INFO - [2026-03-14T09:24:07.431+0000] {dag.py:3504} INFO - Setting next_dagrun for example_trigger_controller_dag to 2021-01-01T00:00:00+00:00, run_after=2021-01-01T00:00:00+00:00
[2026-03-14T09:24:07.448+0000] {processor.py:179} INFO - Processing /home/vscode/.local/lib/python3.10/site-packages/airflow/example_dags/example_trigger_controller_dag.py took 0.049 seconds
[2026-03-14T10:11:55.094+0000] {processor.py:157} INFO - Started process (PID=34914) to work on /home/vscode/.local/lib/python3.10/site-packages/airflow/example_dags/example_trigger_controller_dag.py
[2026-03-14T10:11:55.096+0000] {processor.py:826} INFO - Processing file /home/vscode/.local/lib/python3.10/site-packages/airflow/example_dags/example_trigger_controller_dag.py for tasks to queue
[2026-03-14T10:11:55.096+0000] {logging_mixin.py:150} INFO - [2026-03-14T10:11:55.096+0000] {dagbag.py:541} INFO - Filling up the DagBag from /home/vscode/.local/lib/python3.10/site-packages/airflow/example_dags/example_trigger_controller_dag.py
[2026-03-14T10:11:55.101+0000] {processor.py:836} INFO - DAG(s) dict_keys(['example_trigger_controller_dag']) retrieved from /home/vscode/.local/lib/python3.10/site-packages/airflow/example_dags/example_trigger_controller_dag.py
[2026-03-14T10:11:55.114+0000] {logging_mixin.py:150} INFO - [2026-03-14T10:11:55.114+0000] {dag.py:2742} INFO - Sync 1 DAGs
[2026-03-14T10:11:55.128+0000] {logging_mixin.py:150} INFO - [2026-03-14T10:11:55.128+0000] {dag.py:3504} INFO - Setting next_dagrun for example_trigger_controller_dag to 2021-01-01T00:00:00+00:00, run_after=2021-01-01T00:00:00+00:00
[2026-03-14T10:11:55.143+0000] {processor.py:179} INFO - Processing /home/vscode/.local/lib/python3.10/site-packages/airflow/example_dags/example_trigger_controller_dag.py took 0.051 seconds
[2026-03-14T10:12:42.751+0000] {processor.py:157} INFO - Started process (PID=35275) to work on /home/vscode/.local/lib/python3.10/site-packages/airflow/example_dags/example_trigger_controller_dag.py
[2026-03-14T10:12:42.751+0000] {processor.py:826} INFO - Processing file /home/vscode/.local/lib/python3.10/site-packages/airflow/example_dags/example_trigger_controller_dag.py for tasks to queue
[2026-03-14T10:12:42.752+0000] {logging_mixin.py:150} INFO - [2026-03-14T10:12:42.752+0000] {dagbag.py:541} INFO - Filling up the DagBag from /home/vscode/.local/lib/python3.10/site-packages/airflow/example_dags/example_trigger_controller_dag.py
[2026-03-14T10:12:42.757+0000] {processor.py:836} INFO - DAG(s) dict_keys(['example_trigger_controller_dag']) retrieved from /home/vscode/.local/lib/python3.10/site-packages/airflow/example_dags/example_trigger_controller_dag.py
[2026-03-14T10:12:42.773+0000] {logging_mixin.py:150} INFO - [2026-03-14T10:12:42.772+0000] {dag.py:2742} INFO - Sync 1 DAGs
[2026-03-14T10:12:42.788+0000] {logging_mixin.py:150} INFO - [2026-03-14T10:12:42.787+0000] {dag.py:3504} INFO - Setting next_dagrun for example_trigger_controller_dag to 2021-01-01T00:00:00+00:00, run_after=2021-01-01T00:00:00+00:00
[2026-03-14T10:12:42.804+0000] {processor.py:179} INFO - Processing /home/vscode/.local/lib/python3.10/site-packages/airflow/example_dags/example_trigger_controller_dag.py took 0.056 seconds
[2026-03-14T10:13:31.587+0000] {processor.py:157} INFO - Started process (PID=35606) to work on /home/vscode/.local/lib/python3.10/site-packages/airflow/example_dags/example_trigger_controller_dag.py
[2026-03-14T10:13:31.588+0000] {processor.py:826} INFO - Processing file /home/vscode/.local/lib/python3.10/site-packages/airflow/example_dags/example_trigger_controller_dag.py for tasks to queue
[2026-03-14T10:13:31.589+0000] {logging_mixin.py:150} INFO - [2026-03-14T10:13:31.588+0000] {dagbag.py:541} INFO - Filling up the DagBag from /home/vscode/.local/lib/python3.10/site-packages/airflow/example_dags/example_trigger_controller_dag.py
[2026-03-14T10:13:31.592+0000] {processor.py:836} INFO - DAG(s) dict_keys(['example_trigger_controller_dag']) retrieved from /home/vscode/.local/lib/python3.10/site-packages/airflow/example_dags/example_trigger_controller_dag.py
[2026-03-14T10:13:31.605+0000] {logging_mixin.py:150} INFO - [2026-03-14T10:13:31.605+0000] {dag.py:2742} INFO - Sync 1 DAGs
[2026-03-14T10:13:31.618+0000] {logging_mixin.py:150} INFO - [2026-03-14T10:13:31.618+0000] {dag.py:3504} INFO - Setting next_dagrun for example_trigger_controller_dag to 2021-01-01T00:00:00+00:00, run_after=2021-01-01T00:00:00+00:00
[2026-03-14T10:13:31.634+0000] {processor.py:179} INFO - Processing /home/vscode/.local/lib/python3.10/site-packages/airflow/example_dags/example_trigger_controller_dag.py took 0.049 seconds
[2026-03-14T10:14:21.205+0000] {processor.py:157} INFO - Started process (PID=35960) to work on /home/vscode/.local/lib/python3.10/site-packages/airflow/example_dags/example_trigger_controller_dag.py
[2026-03-14T10:14:21.206+0000] {processor.py:826} INFO - Processing file /home/vscode/.local/lib/python3.10/site-packages/airflow/example_dags/example_trigger_controller_dag.py for tasks to queue
[2026-03-14T10:14:21.207+0000] {logging_mixin.py:150} INFO - [2026-03-14T10:14:21.207+0000] {dagbag.py:541} INFO - Filling up the DagBag from /home/vscode/.local/lib/python3.10/site-packages/airflow/example_dags/example_trigger_controller_dag.py
[2026-03-14T10:14:21.210+0000] {processor.py:836} INFO - DAG(s) dict_keys(['example_trigger_controller_dag']) retrieved from /home/vscode/.local/lib/python3.10/site-packages/airflow/example_dags/example_trigger_controller_dag.py
[2026-03-14T10:14:21.223+0000] {logging_mixin.py:150} INFO - [2026-03-14T10:14:21.223+0000] {dag.py:2742} INFO - Sync 1 DAGs
[2026-03-14T10:14:21.237+0000] {logging_mixin.py:150} INFO - [2026-03-14T10:14:21.237+0000] {dag.py:3504} INFO - Setting next_dagrun for example_trigger_controller_dag to 2021-01-01T00:00:00+00:00, run_after=2021-01-01T00:00:00+00:00
[2026-03-14T10:14:21.253+0000] {processor.py:179} INFO - Processing /home/vscode/.local/lib/python3.10/site-packages/airflow/example_dags/example_trigger_controller_dag.py took 0.050 seconds
[2026-03-14T10:15:17.355+0000] {processor.py:157} INFO - Started process (PID=36402) to work on /home/vscode/.local/lib/python3.10/site-packages/airflow/example_dags/example_trigger_controller_dag.py
[2026-03-14T10:15:17.356+0000] {processor.py:826} INFO - Processing file /home/vscode/.local/lib/python3.10/site-packages/airflow/example_dags/example_trigger_controller_dag.py for tasks to queue
[2026-03-14T10:15:17.357+0000] {logging_mixin.py:150} INFO - [2026-03-14T10:15:17.357+0000] {dagbag.py:541} INFO - Filling up the DagBag from /home/vscode/.local/lib/python3.10/site-packages/airflow/example_dags/example_trigger_controller_dag.py
[2026-03-14T10:15:17.361+0000] {processor.py:836} INFO - DAG(s) dict_keys(['example_trigger_controller_dag']) retrieved from /home/vscode/.local/lib/python3.10/site-packages/airflow/example_dags/example_trigger_controller_dag.py
[2026-03-14T10:15:17.376+0000] {logging_mixin.py:150} INFO - [2026-03-14T10:15:17.375+0000] {dag.py:2742} INFO - Sync 1 DAGs
[2026-03-14T10:15:17.389+0000] {logging_mixin.py:150} INFO - [2026-03-14T10:15:17.389+0000] {dag.py:3504} INFO - Setting next_dagrun for example_trigger_controller_dag to 2021-01-01T00:00:00+00:00, run_after=2021-01-01T00:00:00+00:00
[2026-03-14T10:15:17.405+0000] {processor.py:179} INFO - Processing /home/vscode/.local/lib/python3.10/site-packages/airflow/example_dags/example_trigger_controller_dag.py took 0.053 seconds
[2026-03-14T10:16:00.719+0000] {processor.py:157} INFO - Started process (PID=36814) to work on /home/vscode/.local/lib/python3.10/site-packages/airflow/example_dags/example_trigger_controller_dag.py
[2026-03-14T10:16:00.720+0000] {processor.py:826} INFO - Processing file /home/vscode/.local/lib/python3.10/site-packages/airflow/example_dags/example_trigger_controller_dag.py for tasks to queue
[2026-03-14T10:16:00.721+0000] {logging_mixin.py:150} INFO - [2026-03-14T10:16:00.720+0000] {dagbag.py:541} INFO - Filling up the DagBag from /home/vscode/.local/lib/python3.10/site-packages/airflow/example_dags/example_trigger_controller_dag.py
[2026-03-14T10:16:00.724+0000] {processor.py:836} INFO - DAG(s) dict_keys(['example_trigger_controller_dag']) retrieved from /home/vscode/.local/lib/python3.10/site-packages/airflow/example_dags/example_trigger_controller_dag.py
[2026-03-14T10:16:00.736+0000] {logging_mixin.py:150} INFO - [2026-03-14T10:16:00.736+0000] {dag.py:2742} INFO - Sync 1 DAGs
[2026-03-14T10:16:00.750+0000] {logging_mixin.py:150} INFO - [2026-03-14T10:16:00.750+0000] {dag.py:3504} INFO - Setting next_dagrun for example_trigger_controller_dag to 2021-01-01T00:00:00+00:00, run_after=2021-01-01T00:00:00+00:00
[2026-03-14T10:16:00.768+0000] {processor.py:179} INFO - Processing /home/vscode/.local/lib/python3.10/site-packages/airflow/example_dags/example_trigger_controller_dag.py took 0.051 seconds
[2026-03-14T10:16:44.995+0000] {processor.py:157} INFO - Started process (PID=37113) to work on /home/vscode/.local/lib/python3.10/site-packages/airflow/example_dags/example_trigger_controller_dag.py
[2026-03-14T10:16:44.996+0000] {processor.py:826} INFO - Processing file /home/vscode/.local/lib/python3.10/site-packages/airflow/example_dags/example_trigger_controller_dag.py for tasks to queue
[2026-03-14T10:16:44.997+0000] {logging_mixin.py:150} INFO - [2026-03-14T10:16:44.996+0000] {dagbag.py:541} INFO - Filling up the DagBag from /home/vscode/.local/lib/python3.10/site-packages/airflow/example_dags/example_trigger_controller_dag.py
[2026-03-14T10:16:45.000+0000] {processor.py:836} INFO - DAG(s) dict_keys(['example_trigger_controller_dag']) retrieved from /home/vscode/.local/lib/python3.10/site-packages/airflow/example_dags/example_trigger_controller_dag.py
[2026-03-14T10:16:45.012+0000] {logging_mixin.py:150} INFO - [2026-03-14T10:16:45.011+0000] {dag.py:2742} INFO - Sync 1 DAGs
[2026-03-14T10:16:45.025+0000] {logging_mixin.py:150} INFO - [2026-03-14T10:16:45.025+0000] {dag.py:3504} INFO - Setting next_dagrun for example_trigger_controller_dag to 2021-01-01T00:00:00+00:00, run_after=2021-01-01T00:00:00+00:00
[2026-03-14T10:16:45.041+0000] {processor.py:179} INFO - Processing /home/vscode/.local/lib/python3.10/site-packages/airflow/example_dags/example_trigger_controller_dag.py took 0.049 seconds
[2026-03-14T10:17:35.188+0000] {processor.py:157} INFO - Started process (PID=37622) to work on /home/vscode/.local/lib/python3.10/site-packages/airflow/example_dags/example_trigger_controller_dag.py
[2026-03-14T10:17:35.189+0000] {processor.py:826} INFO - Processing file /home/vscode/.local/lib/python3.10/site-packages/airflow/example_dags/example_trigger_controller_dag.py for tasks to queue
[2026-03-14T10:17:35.189+0000] {logging_mixin.py:150} INFO - [2026-03-14T10:17:35.189+0000] {dagbag.py:541} INFO - Filling up the DagBag from /home/vscode/.local/lib/python3.10/site-packages/airflow/example_dags/example_trigger_controller_dag.py
[2026-03-14T10:17:35.193+0000] {processor.py:836} INFO - DAG(s) dict_keys(['example_trigger_controller_dag']) retrieved from /home/vscode/.local/lib/python3.10/site-packages/airflow/example_dags/example_trigger_controller_dag.py
[2026-03-14T10:17:35.210+0000] {logging_mixin.py:150} INFO - [2026-03-14T10:17:35.210+0000] {dag.py:2742} INFO - Sync 1 DAGs
[2026-03-14T10:17:35.224+0000] {logging_mixin.py:150} INFO - [2026-03-14T10:17:35.224+0000] {dag.py:3504} INFO - Setting next_dagrun for example_trigger_controller_dag to 2021-01-01T00:00:00+00:00, run_after=2021-01-01T00:00:00+00:00
[2026-03-14T10:17:35.241+0000] {processor.py:179} INFO - Processing /home/vscode/.local/lib/python3.10/site-packages/airflow/example_dags/example_trigger_controller_dag.py took 0.055 seconds
[2026-03-14T10:18:23.691+0000] {processor.py:157} INFO - Started process (PID=37952) to work on /home/vscode/.local/lib/python3.10/site-packages/airflow/example_dags/example_trigger_controller_dag.py
[2026-03-14T10:18:23.692+0000] {processor.py:826} INFO - Processing file /home/vscode/.local/lib/python3.10/site-packages/airflow/example_dags/example_trigger_controller_dag.py for tasks to queue
[2026-03-14T10:18:23.693+0000] {logging_mixin.py:150} INFO - [2026-03-14T10:18:23.692+0000] {dagbag.py:541} INFO - Filling up the DagBag from /home/vscode/.local/lib/python3.10/site-packages/airflow/example_dags/example_trigger_controller_dag.py
[2026-03-14T10:18:23.696+0000] {processor.py:836} INFO - DAG(s) dict_keys(['example_trigger_controller_dag']) retrieved from /home/vscode/.local/lib/python3.10/site-packages/airflow/example_dags/example_trigger_controller_dag.py
[2026-03-14T10:18:23.707+0000] {logging_mixin.py:150} INFO - [2026-03-14T10:18:23.707+0000] {dag.py:2742} INFO - Sync 1 DAGs
[2026-03-14T10:18:23.721+0000] {logging_mixin.py:150} INFO - [2026-03-14T10:18:23.721+0000] {dag.py:3504} INFO - Setting next_dagrun for example_trigger_controller_dag to 2021-01-01T00:00:00+00:00, run_after=2021-01-01T00:00:00+00:00
[2026-03-14T10:18:23.737+0000] {processor.py:179} INFO - Processing /home/vscode/.local/lib/python3.10/site-packages/airflow/example_dags/example_trigger_controller_dag.py took 0.048 seconds
[2026-03-14T10:19:08.237+0000] {processor.py:157} INFO - Started process (PID=38258) to work on /home/vscode/.local/lib/python3.10/site-packages/airflow/example_dags/example_trigger_controller_dag.py
[2026-03-14T10:19:08.238+0000] {processor.py:826} INFO - Processing file /home/vscode/.local/lib/python3.10/site-packages/airflow/example_dags/example_trigger_controller_dag.py for tasks to queue
[2026-03-14T10:19:08.238+0000] {logging_mixin.py:150} INFO - [2026-03-14T10:19:08.238+0000] {dagbag.py:541} INFO - Filling up the DagBag from /home/vscode/.local/lib/python3.10/site-packages/airflow/example_dags/example_trigger_controller_dag.py
[2026-03-14T10:19:08.241+0000] {processor.py:836} INFO - DAG(s) dict_keys(['example_trigger_controller_dag']) retrieved from /home/vscode/.local/lib/python3.10/site-packages/airflow/example_dags/example_trigger_controller_dag.py
[2026-03-14T10:19:08.254+0000] {logging_mixin.py:150} INFO - [2026-03-14T10:19:08.253+0000] {dag.py:2742} INFO - Sync 1 DAGs
[2026-03-14T10:19:08.272+0000] {logging_mixin.py:150} INFO - [2026-03-14T10:19:08.272+0000] {dag.py:3504} INFO - Setting next_dagrun for example_trigger_controller_dag to 2021-01-01T00:00:00+00:00, run_after=2021-01-01T00:00:00+00:00
[2026-03-14T10:19:08.289+0000] {processor.py:179} INFO - Processing /home/vscode/.local/lib/python3.10/site-packages/airflow/example_dags/example_trigger_controller_dag.py took 0.054 seconds
[2026-03-14T10:20:14.377+0000] {processor.py:157} INFO - Started process (PID=38702) to work on /home/vscode/.local/lib/python3.10/site-packages/airflow/example_dags/example_trigger_controller_dag.py
[2026-03-14T10:20:14.378+0000] {processor.py:826} INFO - Processing file /home/vscode/.local/lib/python3.10/site-packages/airflow/example_dags/example_trigger_controller_dag.py for tasks to queue
[2026-03-14T10:20:14.378+0000] {logging_mixin.py:150} INFO - [2026-03-14T10:20:14.378+0000] {dagbag.py:541} INFO - Filling up the DagBag from /home/vscode/.local/lib/python3.10/site-packages/airflow/example_dags/example_trigger_controller_dag.py
[2026-03-14T10:20:14.381+0000] {processor.py:836} INFO - DAG(s) dict_keys(['example_trigger_controller_dag']) retrieved from /home/vscode/.local/lib/python3.10/site-packages/airflow/example_dags/example_trigger_controller_dag.py
[2026-03-14T10:20:14.393+0000] {logging_mixin.py:150} INFO - [2026-03-14T10:20:14.393+0000] {dag.py:2742} INFO - Sync 1 DAGs
[2026-03-14T10:20:14.410+0000] {logging_mixin.py:150} INFO - [2026-03-14T10:20:14.409+0000] {dag.py:3504} INFO - Setting next_dagrun for example_trigger_controller_dag to 2021-01-01T00:00:00+00:00, run_after=2021-01-01T00:00:00+00:00
[2026-03-14T10:20:14.426+0000] {processor.py:179} INFO - Processing /home/vscode/.local/lib/python3.10/site-packages/airflow/example_dags/example_trigger_controller_dag.py took 0.051 seconds
[2026-03-14T10:21:04.130+0000] {processor.py:157} INFO - Started process (PID=39014) to work on /home/vscode/.local/lib/python3.10/site-packages/airflow/example_dags/example_trigger_controller_dag.py
[2026-03-14T10:21:04.131+0000] {processor.py:826} INFO - Processing file /home/vscode/.local/lib/python3.10/site-packages/airflow/example_dags/example_trigger_controller_dag.py for tasks to queue
[2026-03-14T10:21:04.132+0000] {logging_mixin.py:150} INFO - [2026-03-14T10:21:04.131+0000] {dagbag.py:541} INFO - Filling up the DagBag from /home/vscode/.local/lib/python3.10/site-packages/airflow/example_dags/example_trigger_controller_dag.py
[2026-03-14T10:21:04.135+0000] {processor.py:836} INFO - DAG(s) dict_keys(['example_trigger_controller_dag']) retrieved from /home/vscode/.local/lib/python3.10/site-packages/airflow/example_dags/example_trigger_controller_dag.py
[2026-03-14T10:21:04.149+0000] {logging_mixin.py:150} INFO - [2026-03-14T10:21:04.148+0000] {dag.py:2742} INFO - Sync 1 DAGs
[2026-03-14T10:21:04.169+0000] {logging_mixin.py:150} INFO - [2026-03-14T10:21:04.169+0000] {dag.py:3504} INFO - Setting next_dagrun for example_trigger_controller_dag to 2021-01-01T00:00:00+00:00, run_after=2021-01-01T00:00:00+00:00
[2026-03-14T10:21:04.220+0000] {processor.py:179} INFO - Processing /home/vscode/.local/lib/python3.10/site-packages/airflow/example_dags/example_trigger_controller_dag.py took 0.092 seconds
