[2026-03-14T09:12:51.034+0000] {processor.py:157} INFO - Started process (PID=9701) to work on /home/vscode/.local/lib/python3.10/site-packages/airflow/example_dags/tutorial_taskflow_api_virtualenv.py
[2026-03-14T09:12:51.035+0000] {processor.py:826} INFO - Processing file /home/vscode/.local/lib/python3.10/site-packages/airflow/example_dags/tutorial_taskflow_api_virtualenv.py for tasks to queue
[2026-03-14T09:12:51.035+0000] {logging_mixin.py:150} INFO - [2026-03-14T09:12:51.035+0000] {dagbag.py:541} INFO - Filling up the DagBag from /home/vscode/.local/lib/python3.10/site-packages/airflow/example_dags/tutorial_taskflow_api_virtualenv.py
[2026-03-14T09:12:51.042+0000] {processor.py:836} INFO - DAG(s) dict_keys(['tutorial_taskflow_api_virtualenv']) retrieved from /home/vscode/.local/lib/python3.10/site-packages/airflow/example_dags/tutorial_taskflow_api_virtualenv.py
[2026-03-14T09:12:51.153+0000] {logging_mixin.py:150} INFO - [2026-03-14T09:12:51.152+0000] {manager.py:504} INFO - Created Permission View: can delete on DAG:tutorial_taskflow_api_virtualenv
[2026-03-14T09:12:51.169+0000] {logging_mixin.py:150} INFO - [2026-03-14T09:12:51.169+0000] {manager.py:504} INFO - Created Permission View: can edit on DAG:tutorial_taskflow_api_virtualenv
[2026-03-14T09:12:51.181+0000] {logging_mixin.py:150} INFO - [2026-03-14T09:12:51.181+0000] {manager.py:504} INFO - Created Permission View: can read on DAG:tutorial_taskflow_api_virtualenv
[2026-03-14T09:12:51.201+0000] {logging_mixin.py:150} INFO - [2026-03-14T09:12:51.199+0000] {dag.py:2742} INFO - Sync 1 DAGs
[2026-03-14T09:12:51.224+0000] {logging_mixin.py:150} INFO - [2026-03-14T09:12:51.224+0000] {dag.py:2763} INFO - Creating ORM DAG for tutorial_taskflow_api_virtualenv
[2026-03-14T09:12:51.240+0000] {logging_mixin.py:150} INFO - [2026-03-14T09:12:51.240+0000] {dag.py:3504} INFO - Setting next_dagrun for tutorial_taskflow_api_virtualenv to None, run_after=None
[2026-03-14T09:12:51.277+0000] {processor.py:179} INFO - Processing /home/vscode/.local/lib/python3.10/site-packages/airflow/example_dags/tutorial_taskflow_api_virtualenv.py took 0.245 seconds
[2026-03-14T09:13:39.477+0000] {processor.py:157} INFO - Started process (PID=10053) to work on /home/vscode/.local/lib/python3.10/site-packages/airflow/example_dags/tutorial_taskflow_api_virtualenv.py
[2026-03-14T09:13:39.477+0000] {processor.py:826} INFO - Processing file /home/vscode/.local/lib/python3.10/site-packages/airflow/example_dags/tutorial_taskflow_api_virtualenv.py for tasks to queue
[2026-03-14T09:13:39.478+0000] {logging_mixin.py:150} INFO - [2026-03-14T09:13:39.477+0000] {dagbag.py:541} INFO - Filling up the DagBag from /home/vscode/.local/lib/python3.10/site-packages/airflow/example_dags/tutorial_taskflow_api_virtualenv.py
[2026-03-14T09:13:39.483+0000] {processor.py:836} INFO - DAG(s) dict_keys(['tutorial_taskflow_api_virtualenv']) retrieved from /home/vscode/.local/lib/python3.10/site-packages/airflow/example_dags/tutorial_taskflow_api_virtualenv.py
[2026-03-14T09:13:39.494+0000] {logging_mixin.py:150} INFO - [2026-03-14T09:13:39.494+0000] {dag.py:2742} INFO - Sync 1 DAGs
[2026-03-14T09:13:39.507+0000] {logging_mixin.py:150} INFO - [2026-03-14T09:13:39.507+0000] {dag.py:3504} INFO - Setting next_dagrun for tutorial_taskflow_api_virtualenv to None, run_after=None
[2026-03-14T09:13:39.522+0000] {processor.py:179} INFO - Processing /home/vscode/.local/lib/python3.10/site-packages/airflow/example_dags/tutorial_taskflow_api_virtualenv.py took 0.048 seconds
[2026-03-14T09:14:24.696+0000] {processor.py:157} INFO - Started process (PID=10348) to work on /home/vscode/.local/lib/python3.10/site-packages/airflow/example_dags/tutorial_taskflow_api_virtualenv.py
[2026-03-14T09:14:24.697+0000] {processor.py:826} INFO - Processing file /home/vscode/.local/lib/python3.10/site-packages/airflow/example_dags/tutorial_taskflow_api_virtualenv.py for tasks to queue
[2026-03-14T09:14:24.698+0000] {logging_mixin.py:150} INFO - [2026-03-14T09:14:24.697+0000] {dagbag.py:541} INFO - Filling up the DagBag from /home/vscode/.local/lib/python3.10/site-packages/airflow/example_dags/tutorial_taskflow_api_virtualenv.py
[2026-03-14T09:14:24.703+0000] {processor.py:836} INFO - DAG(s) dict_keys(['tutorial_taskflow_api_virtualenv']) retrieved from /home/vscode/.local/lib/python3.10/site-packages/airflow/example_dags/tutorial_taskflow_api_virtualenv.py
[2026-03-14T09:14:24.713+0000] {logging_mixin.py:150} INFO - [2026-03-14T09:14:24.713+0000] {dag.py:2742} INFO - Sync 1 DAGs
[2026-03-14T09:14:24.730+0000] {logging_mixin.py:150} INFO - [2026-03-14T09:14:24.730+0000] {dag.py:3504} INFO - Setting next_dagrun for tutorial_taskflow_api_virtualenv to None, run_after=None
[2026-03-14T09:14:24.755+0000] {processor.py:179} INFO - Processing /home/vscode/.local/lib/python3.10/site-packages/airflow/example_dags/tutorial_taskflow_api_virtualenv.py took 0.061 seconds
[2026-03-14T09:14:57.767+0000] {processor.py:157} INFO - Started process (PID=10577) to work on /home/vscode/.local/lib/python3.10/site-packages/airflow/example_dags/tutorial_taskflow_api_virtualenv.py
[2026-03-14T09:14:57.768+0000] {processor.py:826} INFO - Processing file /home/vscode/.local/lib/python3.10/site-packages/airflow/example_dags/tutorial_taskflow_api_virtualenv.py for tasks to queue
[2026-03-14T09:14:57.769+0000] {logging_mixin.py:150} INFO - [2026-03-14T09:14:57.768+0000] {dagbag.py:541} INFO - Filling up the DagBag from /home/vscode/.local/lib/python3.10/site-packages/airflow/example_dags/tutorial_taskflow_api_virtualenv.py
[2026-03-14T09:14:57.774+0000] {processor.py:836} INFO - DAG(s) dict_keys(['tutorial_taskflow_api_virtualenv']) retrieved from /home/vscode/.local/lib/python3.10/site-packages/airflow/example_dags/tutorial_taskflow_api_virtualenv.py
[2026-03-14T09:14:57.786+0000] {logging_mixin.py:150} INFO - [2026-03-14T09:14:57.786+0000] {dag.py:2742} INFO - Sync 1 DAGs
[2026-03-14T09:14:57.799+0000] {logging_mixin.py:150} INFO - [2026-03-14T09:14:57.799+0000] {dag.py:3504} INFO - Setting next_dagrun for tutorial_taskflow_api_virtualenv to None, run_after=None
[2026-03-14T09:14:57.814+0000] {processor.py:179} INFO - Processing /home/vscode/.local/lib/python3.10/site-packages/airflow/example_dags/tutorial_taskflow_api_virtualenv.py took 0.049 seconds
[2026-03-14T09:15:44.898+0000] {processor.py:157} INFO - Started process (PID=10927) to work on /home/vscode/.local/lib/python3.10/site-packages/airflow/example_dags/tutorial_taskflow_api_virtualenv.py
[2026-03-14T09:15:44.898+0000] {processor.py:826} INFO - Processing file /home/vscode/.local/lib/python3.10/site-packages/airflow/example_dags/tutorial_taskflow_api_virtualenv.py for tasks to queue
[2026-03-14T09:15:44.899+0000] {logging_mixin.py:150} INFO - [2026-03-14T09:15:44.899+0000] {dagbag.py:541} INFO - Filling up the DagBag from /home/vscode/.local/lib/python3.10/site-packages/airflow/example_dags/tutorial_taskflow_api_virtualenv.py
[2026-03-14T09:15:44.904+0000] {processor.py:836} INFO - DAG(s) dict_keys(['tutorial_taskflow_api_virtualenv']) retrieved from /home/vscode/.local/lib/python3.10/site-packages/airflow/example_dags/tutorial_taskflow_api_virtualenv.py
[2026-03-14T09:15:44.915+0000] {logging_mixin.py:150} INFO - [2026-03-14T09:15:44.915+0000] {dag.py:2742} INFO - Sync 1 DAGs
[2026-03-14T09:15:44.929+0000] {logging_mixin.py:150} INFO - [2026-03-14T09:15:44.929+0000] {dag.py:3504} INFO - Setting next_dagrun for tutorial_taskflow_api_virtualenv to None, run_after=None
[2026-03-14T09:15:44.944+0000] {processor.py:179} INFO - Processing /home/vscode/.local/lib/python3.10/site-packages/airflow/example_dags/tutorial_taskflow_api_virtualenv.py took 0.048 seconds
[2026-03-14T09:16:30.939+0000] {processor.py:157} INFO - Started process (PID=11302) to work on /home/vscode/.local/lib/python3.10/site-packages/airflow/example_dags/tutorial_taskflow_api_virtualenv.py
[2026-03-14T09:16:30.940+0000] {processor.py:826} INFO - Processing file /home/vscode/.local/lib/python3.10/site-packages/airflow/example_dags/tutorial_taskflow_api_virtualenv.py for tasks to queue
[2026-03-14T09:16:30.940+0000] {logging_mixin.py:150} INFO - [2026-03-14T09:16:30.940+0000] {dagbag.py:541} INFO - Filling up the DagBag from /home/vscode/.local/lib/python3.10/site-packages/airflow/example_dags/tutorial_taskflow_api_virtualenv.py
[2026-03-14T09:16:30.948+0000] {processor.py:836} INFO - DAG(s) dict_keys(['tutorial_taskflow_api_virtualenv']) retrieved from /home/vscode/.local/lib/python3.10/site-packages/airflow/example_dags/tutorial_taskflow_api_virtualenv.py
[2026-03-14T09:16:30.964+0000] {logging_mixin.py:150} INFO - [2026-03-14T09:16:30.964+0000] {dag.py:2742} INFO - Sync 1 DAGs
[2026-03-14T09:16:30.986+0000] {logging_mixin.py:150} INFO - [2026-03-14T09:16:30.986+0000] {dag.py:3504} INFO - Setting next_dagrun for tutorial_taskflow_api_virtualenv to None, run_after=None
[2026-03-14T09:16:31.002+0000] {processor.py:179} INFO - Processing /home/vscode/.local/lib/python3.10/site-packages/airflow/example_dags/tutorial_taskflow_api_virtualenv.py took 0.067 seconds
[2026-03-14T09:17:14.216+0000] {processor.py:157} INFO - Started process (PID=11590) to work on /home/vscode/.local/lib/python3.10/site-packages/airflow/example_dags/tutorial_taskflow_api_virtualenv.py
[2026-03-14T09:17:14.216+0000] {processor.py:826} INFO - Processing file /home/vscode/.local/lib/python3.10/site-packages/airflow/example_dags/tutorial_taskflow_api_virtualenv.py for tasks to queue
[2026-03-14T09:17:14.217+0000] {logging_mixin.py:150} INFO - [2026-03-14T09:17:14.217+0000] {dagbag.py:541} INFO - Filling up the DagBag from /home/vscode/.local/lib/python3.10/site-packages/airflow/example_dags/tutorial_taskflow_api_virtualenv.py
[2026-03-14T09:17:14.222+0000] {processor.py:836} INFO - DAG(s) dict_keys(['tutorial_taskflow_api_virtualenv']) retrieved from /home/vscode/.local/lib/python3.10/site-packages/airflow/example_dags/tutorial_taskflow_api_virtualenv.py
[2026-03-14T09:17:14.233+0000] {logging_mixin.py:150} INFO - [2026-03-14T09:17:14.233+0000] {dag.py:2742} INFO - Sync 1 DAGs
[2026-03-14T09:17:14.246+0000] {logging_mixin.py:150} INFO - [2026-03-14T09:17:14.246+0000] {dag.py:3504} INFO - Setting next_dagrun for tutorial_taskflow_api_virtualenv to None, run_after=None
[2026-03-14T09:17:14.260+0000] {processor.py:179} INFO - Processing /home/vscode/.local/lib/python3.10/site-packages/airflow/example_dags/tutorial_taskflow_api_virtualenv.py took 0.047 seconds
[2026-03-14T09:18:02.358+0000] {processor.py:157} INFO - Started process (PID=12008) to work on /home/vscode/.local/lib/python3.10/site-packages/airflow/example_dags/tutorial_taskflow_api_virtualenv.py
[2026-03-14T09:18:02.359+0000] {processor.py:826} INFO - Processing file /home/vscode/.local/lib/python3.10/site-packages/airflow/example_dags/tutorial_taskflow_api_virtualenv.py for tasks to queue
[2026-03-14T09:18:02.360+0000] {logging_mixin.py:150} INFO - [2026-03-14T09:18:02.359+0000] {dagbag.py:541} INFO - Filling up the DagBag from /home/vscode/.local/lib/python3.10/site-packages/airflow/example_dags/tutorial_taskflow_api_virtualenv.py
[2026-03-14T09:18:02.367+0000] {processor.py:836} INFO - DAG(s) dict_keys(['tutorial_taskflow_api_virtualenv']) retrieved from /home/vscode/.local/lib/python3.10/site-packages/airflow/example_dags/tutorial_taskflow_api_virtualenv.py
[2026-03-14T09:18:02.384+0000] {logging_mixin.py:150} INFO - [2026-03-14T09:18:02.384+0000] {dag.py:2742} INFO - Sync 1 DAGs
[2026-03-14T09:18:02.400+0000] {logging_mixin.py:150} INFO - [2026-03-14T09:18:02.400+0000] {dag.py:3504} INFO - Setting next_dagrun for tutorial_taskflow_api_virtualenv to None, run_after=None
[2026-03-14T09:18:02.447+0000] {processor.py:179} INFO - Processing /home/vscode/.local/lib/python3.10/site-packages/airflow/example_dags/tutorial_taskflow_api_virtualenv.py took 0.092 seconds
[2026-03-14T09:18:45.743+0000] {processor.py:157} INFO - Started process (PID=12307) to work on /home/vscode/.local/lib/python3.10/site-packages/airflow/example_dags/tutorial_taskflow_api_virtualenv.py
[2026-03-14T09:18:45.743+0000] {processor.py:826} INFO - Processing file /home/vscode/.local/lib/python3.10/site-packages/airflow/example_dags/tutorial_taskflow_api_virtualenv.py for tasks to queue
[2026-03-14T09:18:45.744+0000] {logging_mixin.py:150} INFO - [2026-03-14T09:18:45.744+0000] {dagbag.py:541} INFO - Filling up the DagBag from /home/vscode/.local/lib/python3.10/site-packages/airflow/example_dags/tutorial_taskflow_api_virtualenv.py
[2026-03-14T09:18:45.752+0000] {processor.py:836} INFO - DAG(s) dict_keys(['tutorial_taskflow_api_virtualenv']) retrieved from /home/vscode/.local/lib/python3.10/site-packages/airflow/example_dags/tutorial_taskflow_api_virtualenv.py
[2026-03-14T09:18:45.769+0000] {logging_mixin.py:150} INFO - [2026-03-14T09:18:45.769+0000] {dag.py:2742} INFO - Sync 1 DAGs
[2026-03-14T09:18:45.793+0000] {logging_mixin.py:150} INFO - [2026-03-14T09:18:45.793+0000] {dag.py:3504} INFO - Setting next_dagrun for tutorial_taskflow_api_virtualenv to None, run_after=None
[2026-03-14T09:18:45.812+0000] {processor.py:179} INFO - Processing /home/vscode/.local/lib/python3.10/site-packages/airflow/example_dags/tutorial_taskflow_api_virtualenv.py took 0.071 seconds
[2026-03-14T09:19:26.825+0000] {processor.py:157} INFO - Started process (PID=12584) to work on /home/vscode/.local/lib/python3.10/site-packages/airflow/example_dags/tutorial_taskflow_api_virtualenv.py
[2026-03-14T09:19:26.825+0000] {processor.py:826} INFO - Processing file /home/vscode/.local/lib/python3.10/site-packages/airflow/example_dags/tutorial_taskflow_api_virtualenv.py for tasks to queue
[2026-03-14T09:19:26.826+0000] {logging_mixin.py:150} INFO - [2026-03-14T09:19:26.826+0000] {dagbag.py:541} INFO - Filling up the DagBag from /home/vscode/.local/lib/python3.10/site-packages/airflow/example_dags/tutorial_taskflow_api_virtualenv.py
[2026-03-14T09:19:26.832+0000] {processor.py:836} INFO - DAG(s) dict_keys(['tutorial_taskflow_api_virtualenv']) retrieved from /home/vscode/.local/lib/python3.10/site-packages/airflow/example_dags/tutorial_taskflow_api_virtualenv.py
[2026-03-14T09:19:26.843+0000] {logging_mixin.py:150} INFO - [2026-03-14T09:19:26.843+0000] {dag.py:2742} INFO - Sync 1 DAGs
[2026-03-14T09:19:26.856+0000] {logging_mixin.py:150} INFO - [2026-03-14T09:19:26.856+0000] {dag.py:3504} INFO - Setting next_dagrun for tutorial_taskflow_api_virtualenv to None, run_after=None
[2026-03-14T09:19:26.871+0000] {processor.py:179} INFO - Processing /home/vscode/.local/lib/python3.10/site-packages/airflow/example_dags/tutorial_taskflow_api_virtualenv.py took 0.049 seconds
[2026-03-14T09:20:13.144+0000] {processor.py:157} INFO - Started process (PID=12896) to work on /home/vscode/.local/lib/python3.10/site-packages/airflow/example_dags/tutorial_taskflow_api_virtualenv.py
[2026-03-14T09:20:13.145+0000] {processor.py:826} INFO - Processing file /home/vscode/.local/lib/python3.10/site-packages/airflow/example_dags/tutorial_taskflow_api_virtualenv.py for tasks to queue
[2026-03-14T09:20:13.145+0000] {logging_mixin.py:150} INFO - [2026-03-14T09:20:13.145+0000] {dagbag.py:541} INFO - Filling up the DagBag from /home/vscode/.local/lib/python3.10/site-packages/airflow/example_dags/tutorial_taskflow_api_virtualenv.py
[2026-03-14T09:20:13.150+0000] {processor.py:836} INFO - DAG(s) dict_keys(['tutorial_taskflow_api_virtualenv']) retrieved from /home/vscode/.local/lib/python3.10/site-packages/airflow/example_dags/tutorial_taskflow_api_virtualenv.py
[2026-03-14T09:20:13.161+0000] {logging_mixin.py:150} INFO - [2026-03-14T09:20:13.161+0000] {dag.py:2742} INFO - Sync 1 DAGs
[2026-03-14T09:20:13.174+0000] {logging_mixin.py:150} INFO - [2026-03-14T09:20:13.174+0000] {dag.py:3504} INFO - Setting next_dagrun for tutorial_taskflow_api_virtualenv to None, run_after=None
[2026-03-14T09:20:13.189+0000] {processor.py:179} INFO - Processing /home/vscode/.local/lib/python3.10/site-packages/airflow/example_dags/tutorial_taskflow_api_virtualenv.py took 0.047 seconds
[2026-03-14T09:20:59.336+0000] {processor.py:157} INFO - Started process (PID=13197) to work on /home/vscode/.local/lib/python3.10/site-packages/airflow/example_dags/tutorial_taskflow_api_virtualenv.py
[2026-03-14T09:20:59.336+0000] {processor.py:826} INFO - Processing file /home/vscode/.local/lib/python3.10/site-packages/airflow/example_dags/tutorial_taskflow_api_virtualenv.py for tasks to queue
[2026-03-14T09:20:59.337+0000] {logging_mixin.py:150} INFO - [2026-03-14T09:20:59.337+0000] {dagbag.py:541} INFO - Filling up the DagBag from /home/vscode/.local/lib/python3.10/site-packages/airflow/example_dags/tutorial_taskflow_api_virtualenv.py
[2026-03-14T09:20:59.342+0000] {processor.py:836} INFO - DAG(s) dict_keys(['tutorial_taskflow_api_virtualenv']) retrieved from /home/vscode/.local/lib/python3.10/site-packages/airflow/example_dags/tutorial_taskflow_api_virtualenv.py
[2026-03-14T09:20:59.354+0000] {logging_mixin.py:150} INFO - [2026-03-14T09:20:59.354+0000] {dag.py:2742} INFO - Sync 1 DAGs
[2026-03-14T09:20:59.367+0000] {logging_mixin.py:150} INFO - [2026-03-14T09:20:59.367+0000] {dag.py:3504} INFO - Setting next_dagrun for tutorial_taskflow_api_virtualenv to None, run_after=None
[2026-03-14T09:20:59.382+0000] {processor.py:179} INFO - Processing /home/vscode/.local/lib/python3.10/site-packages/airflow/example_dags/tutorial_taskflow_api_virtualenv.py took 0.048 seconds
[2026-03-14T09:21:32.599+0000] {processor.py:157} INFO - Started process (PID=13414) to work on /home/vscode/.local/lib/python3.10/site-packages/airflow/example_dags/tutorial_taskflow_api_virtualenv.py
[2026-03-14T09:21:32.600+0000] {processor.py:826} INFO - Processing file /home/vscode/.local/lib/python3.10/site-packages/airflow/example_dags/tutorial_taskflow_api_virtualenv.py for tasks to queue
[2026-03-14T09:21:32.601+0000] {logging_mixin.py:150} INFO - [2026-03-14T09:21:32.600+0000] {dagbag.py:541} INFO - Filling up the DagBag from /home/vscode/.local/lib/python3.10/site-packages/airflow/example_dags/tutorial_taskflow_api_virtualenv.py
[2026-03-14T09:21:32.606+0000] {processor.py:836} INFO - DAG(s) dict_keys(['tutorial_taskflow_api_virtualenv']) retrieved from /home/vscode/.local/lib/python3.10/site-packages/airflow/example_dags/tutorial_taskflow_api_virtualenv.py
[2026-03-14T09:21:32.617+0000] {logging_mixin.py:150} INFO - [2026-03-14T09:21:32.617+0000] {dag.py:2742} INFO - Sync 1 DAGs
[2026-03-14T09:21:32.630+0000] {logging_mixin.py:150} INFO - [2026-03-14T09:21:32.630+0000] {dag.py:3504} INFO - Setting next_dagrun for tutorial_taskflow_api_virtualenv to None, run_after=None
[2026-03-14T09:21:32.646+0000] {processor.py:179} INFO - Processing /home/vscode/.local/lib/python3.10/site-packages/airflow/example_dags/tutorial_taskflow_api_virtualenv.py took 0.049 seconds
[2026-03-14T09:22:17.679+0000] {processor.py:157} INFO - Started process (PID=13721) to work on /home/vscode/.local/lib/python3.10/site-packages/airflow/example_dags/tutorial_taskflow_api_virtualenv.py
[2026-03-14T09:22:17.680+0000] {processor.py:826} INFO - Processing file /home/vscode/.local/lib/python3.10/site-packages/airflow/example_dags/tutorial_taskflow_api_virtualenv.py for tasks to queue
[2026-03-14T09:22:17.680+0000] {logging_mixin.py:150} INFO - [2026-03-14T09:22:17.680+0000] {dagbag.py:541} INFO - Filling up the DagBag from /home/vscode/.local/lib/python3.10/site-packages/airflow/example_dags/tutorial_taskflow_api_virtualenv.py
[2026-03-14T09:22:17.685+0000] {processor.py:836} INFO - DAG(s) dict_keys(['tutorial_taskflow_api_virtualenv']) retrieved from /home/vscode/.local/lib/python3.10/site-packages/airflow/example_dags/tutorial_taskflow_api_virtualenv.py
[2026-03-14T09:22:17.696+0000] {logging_mixin.py:150} INFO - [2026-03-14T09:22:17.696+0000] {dag.py:2742} INFO - Sync 1 DAGs
[2026-03-14T09:22:17.710+0000] {logging_mixin.py:150} INFO - [2026-03-14T09:22:17.710+0000] {dag.py:3504} INFO - Setting next_dagrun for tutorial_taskflow_api_virtualenv to None, run_after=None
[2026-03-14T09:22:17.725+0000] {processor.py:179} INFO - Processing /home/vscode/.local/lib/python3.10/site-packages/airflow/example_dags/tutorial_taskflow_api_virtualenv.py took 0.048 seconds
[2026-03-14T09:23:01.150+0000] {processor.py:157} INFO - Started process (PID=14006) to work on /home/vscode/.local/lib/python3.10/site-packages/airflow/example_dags/tutorial_taskflow_api_virtualenv.py
[2026-03-14T09:23:01.151+0000] {processor.py:826} INFO - Processing file /home/vscode/.local/lib/python3.10/site-packages/airflow/example_dags/tutorial_taskflow_api_virtualenv.py for tasks to queue
[2026-03-14T09:23:01.151+0000] {logging_mixin.py:150} INFO - [2026-03-14T09:23:01.151+0000] {dagbag.py:541} INFO - Filling up the DagBag from /home/vscode/.local/lib/python3.10/site-packages/airflow/example_dags/tutorial_taskflow_api_virtualenv.py
[2026-03-14T09:23:01.156+0000] {processor.py:836} INFO - DAG(s) dict_keys(['tutorial_taskflow_api_virtualenv']) retrieved from /home/vscode/.local/lib/python3.10/site-packages/airflow/example_dags/tutorial_taskflow_api_virtualenv.py
[2026-03-14T09:23:01.167+0000] {logging_mixin.py:150} INFO - [2026-03-14T09:23:01.167+0000] {dag.py:2742} INFO - Sync 1 DAGs
[2026-03-14T09:23:01.181+0000] {logging_mixin.py:150} INFO - [2026-03-14T09:23:01.181+0000] {dag.py:3504} INFO - Setting next_dagrun for tutorial_taskflow_api_virtualenv to None, run_after=None
[2026-03-14T09:23:01.197+0000] {processor.py:179} INFO - Processing /home/vscode/.local/lib/python3.10/site-packages/airflow/example_dags/tutorial_taskflow_api_virtualenv.py took 0.049 seconds
[2026-03-14T09:23:48.266+0000] {processor.py:157} INFO - Started process (PID=14352) to work on /home/vscode/.local/lib/python3.10/site-packages/airflow/example_dags/tutorial_taskflow_api_virtualenv.py
[2026-03-14T09:23:48.267+0000] {processor.py:826} INFO - Processing file /home/vscode/.local/lib/python3.10/site-packages/airflow/example_dags/tutorial_taskflow_api_virtualenv.py for tasks to queue
[2026-03-14T09:23:48.267+0000] {logging_mixin.py:150} INFO - [2026-03-14T09:23:48.267+0000] {dagbag.py:541} INFO - Filling up the DagBag from /home/vscode/.local/lib/python3.10/site-packages/airflow/example_dags/tutorial_taskflow_api_virtualenv.py
[2026-03-14T09:23:48.272+0000] {processor.py:836} INFO - DAG(s) dict_keys(['tutorial_taskflow_api_virtualenv']) retrieved from /home/vscode/.local/lib/python3.10/site-packages/airflow/example_dags/tutorial_taskflow_api_virtualenv.py
[2026-03-14T09:23:48.283+0000] {logging_mixin.py:150} INFO - [2026-03-14T09:23:48.283+0000] {dag.py:2742} INFO - Sync 1 DAGs
[2026-03-14T09:23:48.298+0000] {logging_mixin.py:150} INFO - [2026-03-14T09:23:48.298+0000] {dag.py:3504} INFO - Setting next_dagrun for tutorial_taskflow_api_virtualenv to None, run_after=None
[2026-03-14T09:23:48.313+0000] {processor.py:179} INFO - Processing /home/vscode/.local/lib/python3.10/site-packages/airflow/example_dags/tutorial_taskflow_api_virtualenv.py took 0.049 seconds
