[2026-03-14T09:12:56.374+0000] {processor.py:157} INFO - Started process (PID=9741) to work on /home/vscode/.local/lib/python3.10/site-packages/airflow/example_dags/tutorial.py
[2026-03-14T09:12:56.374+0000] {processor.py:826} INFO - Processing file /home/vscode/.local/lib/python3.10/site-packages/airflow/example_dags/tutorial.py for tasks to queue
[2026-03-14T09:12:56.375+0000] {logging_mixin.py:150} INFO - [2026-03-14T09:12:56.375+0000] {dagbag.py:541} INFO - Filling up the DagBag from /home/vscode/.local/lib/python3.10/site-packages/airflow/example_dags/tutorial.py
[2026-03-14T09:12:56.382+0000] {processor.py:836} INFO - DAG(s) dict_keys(['tutorial']) retrieved from /home/vscode/.local/lib/python3.10/site-packages/airflow/example_dags/tutorial.py
[2026-03-14T09:12:56.460+0000] {logging_mixin.py:150} INFO - [2026-03-14T09:12:56.460+0000] {manager.py:504} INFO - Created Permission View: can delete on DAG:tutorial
[2026-03-14T09:12:56.469+0000] {logging_mixin.py:150} INFO - [2026-03-14T09:12:56.468+0000] {manager.py:504} INFO - Created Permission View: can edit on DAG:tutorial
[2026-03-14T09:12:56.475+0000] {logging_mixin.py:150} INFO - [2026-03-14T09:12:56.475+0000] {manager.py:504} INFO - Created Permission View: can read on DAG:tutorial
[2026-03-14T09:12:56.484+0000] {logging_mixin.py:150} INFO - [2026-03-14T09:12:56.484+0000] {dag.py:2742} INFO - Sync 1 DAGs
[2026-03-14T09:12:56.490+0000] {logging_mixin.py:150} INFO - [2026-03-14T09:12:56.490+0000] {dag.py:2763} INFO - Creating ORM DAG for tutorial
[2026-03-14T09:12:56.496+0000] {logging_mixin.py:150} INFO - [2026-03-14T09:12:56.496+0000] {dag.py:3504} INFO - Setting next_dagrun for tutorial to 2026-03-13T09:12:56.496545+00:00, run_after=2026-03-14T09:12:56.496545+00:00
[2026-03-14T09:12:56.512+0000] {processor.py:179} INFO - Processing /home/vscode/.local/lib/python3.10/site-packages/airflow/example_dags/tutorial.py took 0.140 seconds
[2026-03-14T09:13:44.616+0000] {processor.py:157} INFO - Started process (PID=10087) to work on /home/vscode/.local/lib/python3.10/site-packages/airflow/example_dags/tutorial.py
[2026-03-14T09:13:44.617+0000] {processor.py:826} INFO - Processing file /home/vscode/.local/lib/python3.10/site-packages/airflow/example_dags/tutorial.py for tasks to queue
[2026-03-14T09:13:44.617+0000] {logging_mixin.py:150} INFO - [2026-03-14T09:13:44.617+0000] {dagbag.py:541} INFO - Filling up the DagBag from /home/vscode/.local/lib/python3.10/site-packages/airflow/example_dags/tutorial.py
[2026-03-14T09:13:44.622+0000] {processor.py:836} INFO - DAG(s) dict_keys(['tutorial']) retrieved from /home/vscode/.local/lib/python3.10/site-packages/airflow/example_dags/tutorial.py
[2026-03-14T09:13:44.633+0000] {logging_mixin.py:150} INFO - [2026-03-14T09:13:44.633+0000] {dag.py:2742} INFO - Sync 1 DAGs
[2026-03-14T09:13:44.647+0000] {logging_mixin.py:150} INFO - [2026-03-14T09:13:44.647+0000] {dag.py:3504} INFO - Setting next_dagrun for tutorial to 2026-03-13T09:13:44.646873+00:00, run_after=2026-03-14T09:13:44.646873+00:00
[2026-03-14T09:13:44.662+0000] {processor.py:179} INFO - Processing /home/vscode/.local/lib/python3.10/site-packages/airflow/example_dags/tutorial.py took 0.048 seconds
[2026-03-14T09:14:29.770+0000] {processor.py:157} INFO - Started process (PID=10382) to work on /home/vscode/.local/lib/python3.10/site-packages/airflow/example_dags/tutorial.py
[2026-03-14T09:14:29.771+0000] {processor.py:826} INFO - Processing file /home/vscode/.local/lib/python3.10/site-packages/airflow/example_dags/tutorial.py for tasks to queue
[2026-03-14T09:14:29.772+0000] {logging_mixin.py:150} INFO - [2026-03-14T09:14:29.771+0000] {dagbag.py:541} INFO - Filling up the DagBag from /home/vscode/.local/lib/python3.10/site-packages/airflow/example_dags/tutorial.py
[2026-03-14T09:14:29.777+0000] {processor.py:836} INFO - DAG(s) dict_keys(['tutorial']) retrieved from /home/vscode/.local/lib/python3.10/site-packages/airflow/example_dags/tutorial.py
[2026-03-14T09:14:29.789+0000] {logging_mixin.py:150} INFO - [2026-03-14T09:14:29.788+0000] {dag.py:2742} INFO - Sync 1 DAGs
[2026-03-14T09:14:29.802+0000] {logging_mixin.py:150} INFO - [2026-03-14T09:14:29.802+0000] {dag.py:3504} INFO - Setting next_dagrun for tutorial to 2026-03-13T09:14:29.802643+00:00, run_after=2026-03-14T09:14:29.802643+00:00
[2026-03-14T09:14:29.818+0000] {processor.py:179} INFO - Processing /home/vscode/.local/lib/python3.10/site-packages/airflow/example_dags/tutorial.py took 0.050 seconds
[2026-03-14T09:15:16.047+0000] {processor.py:157} INFO - Started process (PID=10714) to work on /home/vscode/.local/lib/python3.10/site-packages/airflow/example_dags/tutorial.py
[2026-03-14T09:15:16.047+0000] {processor.py:826} INFO - Processing file /home/vscode/.local/lib/python3.10/site-packages/airflow/example_dags/tutorial.py for tasks to queue
[2026-03-14T09:15:16.048+0000] {logging_mixin.py:150} INFO - [2026-03-14T09:15:16.048+0000] {dagbag.py:541} INFO - Filling up the DagBag from /home/vscode/.local/lib/python3.10/site-packages/airflow/example_dags/tutorial.py
[2026-03-14T09:15:16.053+0000] {processor.py:836} INFO - DAG(s) dict_keys(['tutorial']) retrieved from /home/vscode/.local/lib/python3.10/site-packages/airflow/example_dags/tutorial.py
[2026-03-14T09:15:16.063+0000] {logging_mixin.py:150} INFO - [2026-03-14T09:15:16.063+0000] {dag.py:2742} INFO - Sync 1 DAGs
[2026-03-14T09:15:16.079+0000] {logging_mixin.py:150} INFO - [2026-03-14T09:15:16.079+0000] {dag.py:3504} INFO - Setting next_dagrun for tutorial to 2026-03-13T09:15:16.078307+00:00, run_after=2026-03-14T09:15:16.078307+00:00
[2026-03-14T09:15:16.093+0000] {processor.py:179} INFO - Processing /home/vscode/.local/lib/python3.10/site-packages/airflow/example_dags/tutorial.py took 0.049 seconds
[2026-03-14T09:16:04.173+0000] {processor.py:157} INFO - Started process (PID=11107) to work on /home/vscode/.local/lib/python3.10/site-packages/airflow/example_dags/tutorial.py
[2026-03-14T09:16:04.173+0000] {processor.py:826} INFO - Processing file /home/vscode/.local/lib/python3.10/site-packages/airflow/example_dags/tutorial.py for tasks to queue
[2026-03-14T09:16:04.174+0000] {logging_mixin.py:150} INFO - [2026-03-14T09:16:04.174+0000] {dagbag.py:541} INFO - Filling up the DagBag from /home/vscode/.local/lib/python3.10/site-packages/airflow/example_dags/tutorial.py
[2026-03-14T09:16:04.179+0000] {processor.py:836} INFO - DAG(s) dict_keys(['tutorial']) retrieved from /home/vscode/.local/lib/python3.10/site-packages/airflow/example_dags/tutorial.py
[2026-03-14T09:16:04.189+0000] {logging_mixin.py:150} INFO - [2026-03-14T09:16:04.189+0000] {dag.py:2742} INFO - Sync 1 DAGs
[2026-03-14T09:16:04.204+0000] {logging_mixin.py:150} INFO - [2026-03-14T09:16:04.204+0000] {dag.py:3504} INFO - Setting next_dagrun for tutorial to 2026-03-13T09:16:04.203989+00:00, run_after=2026-03-14T09:16:04.203989+00:00
[2026-03-14T09:16:04.220+0000] {processor.py:179} INFO - Processing /home/vscode/.local/lib/python3.10/site-packages/airflow/example_dags/tutorial.py took 0.050 seconds
[2026-03-14T09:16:48.522+0000] {processor.py:157} INFO - Started process (PID=11424) to work on /home/vscode/.local/lib/python3.10/site-packages/airflow/example_dags/tutorial.py
[2026-03-14T09:16:48.523+0000] {processor.py:826} INFO - Processing file /home/vscode/.local/lib/python3.10/site-packages/airflow/example_dags/tutorial.py for tasks to queue
[2026-03-14T09:16:48.523+0000] {logging_mixin.py:150} INFO - [2026-03-14T09:16:48.523+0000] {dagbag.py:541} INFO - Filling up the DagBag from /home/vscode/.local/lib/python3.10/site-packages/airflow/example_dags/tutorial.py
[2026-03-14T09:16:48.528+0000] {processor.py:836} INFO - DAG(s) dict_keys(['tutorial']) retrieved from /home/vscode/.local/lib/python3.10/site-packages/airflow/example_dags/tutorial.py
[2026-03-14T09:16:48.539+0000] {logging_mixin.py:150} INFO - [2026-03-14T09:16:48.539+0000] {dag.py:2742} INFO - Sync 1 DAGs
[2026-03-14T09:16:48.553+0000] {logging_mixin.py:150} INFO - [2026-03-14T09:16:48.553+0000] {dag.py:3504} INFO - Setting next_dagrun for tutorial to 2026-03-13T09:16:48.553366+00:00, run_after=2026-03-14T09:16:48.553366+00:00
[2026-03-14T09:16:48.572+0000] {processor.py:179} INFO - Processing /home/vscode/.local/lib/python3.10/site-packages/airflow/example_dags/tutorial.py took 0.052 seconds
[2026-03-14T09:17:31.793+0000] {processor.py:157} INFO - Started process (PID=11716) to work on /home/vscode/.local/lib/python3.10/site-packages/airflow/example_dags/tutorial.py
[2026-03-14T09:17:31.794+0000] {processor.py:826} INFO - Processing file /home/vscode/.local/lib/python3.10/site-packages/airflow/example_dags/tutorial.py for tasks to queue
[2026-03-14T09:17:31.795+0000] {logging_mixin.py:150} INFO - [2026-03-14T09:17:31.794+0000] {dagbag.py:541} INFO - Filling up the DagBag from /home/vscode/.local/lib/python3.10/site-packages/airflow/example_dags/tutorial.py
[2026-03-14T09:17:31.800+0000] {processor.py:836} INFO - DAG(s) dict_keys(['tutorial']) retrieved from /home/vscode/.local/lib/python3.10/site-packages/airflow/example_dags/tutorial.py
[2026-03-14T09:17:31.810+0000] {logging_mixin.py:150} INFO - [2026-03-14T09:17:31.810+0000] {dag.py:2742} INFO - Sync 1 DAGs
[2026-03-14T09:17:31.824+0000] {logging_mixin.py:150} INFO - [2026-03-14T09:17:31.824+0000] {dag.py:3504} INFO - Setting next_dagrun for tutorial to 2026-03-13T09:17:31.824154+00:00, run_after=2026-03-14T09:17:31.824154+00:00
[2026-03-14T09:17:31.840+0000] {processor.py:179} INFO - Processing /home/vscode/.local/lib/python3.10/site-packages/airflow/example_dags/tutorial.py took 0.048 seconds
[2026-03-14T09:18:17.969+0000] {processor.py:157} INFO - Started process (PID=12131) to work on /home/vscode/.local/lib/python3.10/site-packages/airflow/example_dags/tutorial.py
[2026-03-14T09:18:17.970+0000] {processor.py:826} INFO - Processing file /home/vscode/.local/lib/python3.10/site-packages/airflow/example_dags/tutorial.py for tasks to queue
[2026-03-14T09:18:17.970+0000] {logging_mixin.py:150} INFO - [2026-03-14T09:18:17.970+0000] {dagbag.py:541} INFO - Filling up the DagBag from /home/vscode/.local/lib/python3.10/site-packages/airflow/example_dags/tutorial.py
[2026-03-14T09:18:17.975+0000] {processor.py:836} INFO - DAG(s) dict_keys(['tutorial']) retrieved from /home/vscode/.local/lib/python3.10/site-packages/airflow/example_dags/tutorial.py
[2026-03-14T09:18:17.992+0000] {logging_mixin.py:150} INFO - [2026-03-14T09:18:17.992+0000] {dag.py:2742} INFO - Sync 1 DAGs
[2026-03-14T09:18:18.018+0000] {logging_mixin.py:150} INFO - [2026-03-14T09:18:18.018+0000] {dag.py:3504} INFO - Setting next_dagrun for tutorial to 2026-03-13T09:18:18.018381+00:00, run_after=2026-03-14T09:18:18.018381+00:00
[2026-03-14T09:18:18.036+0000] {processor.py:179} INFO - Processing /home/vscode/.local/lib/python3.10/site-packages/airflow/example_dags/tutorial.py took 0.069 seconds
[2026-03-14T09:19:01.119+0000] {processor.py:157} INFO - Started process (PID=12411) to work on /home/vscode/.local/lib/python3.10/site-packages/airflow/example_dags/tutorial.py
[2026-03-14T09:19:01.120+0000] {processor.py:826} INFO - Processing file /home/vscode/.local/lib/python3.10/site-packages/airflow/example_dags/tutorial.py for tasks to queue
[2026-03-14T09:19:01.120+0000] {logging_mixin.py:150} INFO - [2026-03-14T09:19:01.120+0000] {dagbag.py:541} INFO - Filling up the DagBag from /home/vscode/.local/lib/python3.10/site-packages/airflow/example_dags/tutorial.py
[2026-03-14T09:19:01.125+0000] {processor.py:836} INFO - DAG(s) dict_keys(['tutorial']) retrieved from /home/vscode/.local/lib/python3.10/site-packages/airflow/example_dags/tutorial.py
[2026-03-14T09:19:01.136+0000] {logging_mixin.py:150} INFO - [2026-03-14T09:19:01.136+0000] {dag.py:2742} INFO - Sync 1 DAGs
[2026-03-14T09:19:01.151+0000] {logging_mixin.py:150} INFO - [2026-03-14T09:19:01.151+0000] {dag.py:3504} INFO - Setting next_dagrun for tutorial to 2026-03-13T09:19:01.150932+00:00, run_after=2026-03-14T09:19:01.150932+00:00
[2026-03-14T09:19:01.166+0000] {processor.py:179} INFO - Processing /home/vscode/.local/lib/python3.10/site-packages/airflow/example_dags/tutorial.py took 0.049 seconds
[2026-03-14T09:19:42.240+0000] {processor.py:157} INFO - Started process (PID=12680) to work on /home/vscode/.local/lib/python3.10/site-packages/airflow/example_dags/tutorial.py
[2026-03-14T09:19:42.240+0000] {processor.py:826} INFO - Processing file /home/vscode/.local/lib/python3.10/site-packages/airflow/example_dags/tutorial.py for tasks to queue
[2026-03-14T09:19:42.241+0000] {logging_mixin.py:150} INFO - [2026-03-14T09:19:42.241+0000] {dagbag.py:541} INFO - Filling up the DagBag from /home/vscode/.local/lib/python3.10/site-packages/airflow/example_dags/tutorial.py
[2026-03-14T09:19:42.246+0000] {processor.py:836} INFO - DAG(s) dict_keys(['tutorial']) retrieved from /home/vscode/.local/lib/python3.10/site-packages/airflow/example_dags/tutorial.py
[2026-03-14T09:19:42.256+0000] {logging_mixin.py:150} INFO - [2026-03-14T09:19:42.256+0000] {dag.py:2742} INFO - Sync 1 DAGs
[2026-03-14T09:19:42.270+0000] {logging_mixin.py:150} INFO - [2026-03-14T09:19:42.270+0000] {dag.py:3504} INFO - Setting next_dagrun for tutorial to 2026-03-13T09:19:42.270193+00:00, run_after=2026-03-14T09:19:42.270193+00:00
[2026-03-14T09:19:42.285+0000] {processor.py:179} INFO - Processing /home/vscode/.local/lib/python3.10/site-packages/airflow/example_dags/tutorial.py took 0.047 seconds
[2026-03-14T09:20:28.559+0000] {processor.py:157} INFO - Started process (PID=12997) to work on /home/vscode/.local/lib/python3.10/site-packages/airflow/example_dags/tutorial.py
[2026-03-14T09:20:28.560+0000] {processor.py:826} INFO - Processing file /home/vscode/.local/lib/python3.10/site-packages/airflow/example_dags/tutorial.py for tasks to queue
[2026-03-14T09:20:28.560+0000] {logging_mixin.py:150} INFO - [2026-03-14T09:20:28.560+0000] {dagbag.py:541} INFO - Filling up the DagBag from /home/vscode/.local/lib/python3.10/site-packages/airflow/example_dags/tutorial.py
[2026-03-14T09:20:28.565+0000] {processor.py:836} INFO - DAG(s) dict_keys(['tutorial']) retrieved from /home/vscode/.local/lib/python3.10/site-packages/airflow/example_dags/tutorial.py
[2026-03-14T09:20:28.576+0000] {logging_mixin.py:150} INFO - [2026-03-14T09:20:28.576+0000] {dag.py:2742} INFO - Sync 1 DAGs
[2026-03-14T09:20:28.590+0000] {logging_mixin.py:150} INFO - [2026-03-14T09:20:28.590+0000] {dag.py:3504} INFO - Setting next_dagrun for tutorial to 2026-03-13T09:20:28.590005+00:00, run_after=2026-03-14T09:20:28.590005+00:00
[2026-03-14T09:20:28.605+0000] {processor.py:179} INFO - Processing /home/vscode/.local/lib/python3.10/site-packages/airflow/example_dags/tutorial.py took 0.048 seconds
[2026-03-14T09:21:04.478+0000] {processor.py:157} INFO - Started process (PID=13225) to work on /home/vscode/.local/lib/python3.10/site-packages/airflow/example_dags/tutorial.py
[2026-03-14T09:21:04.479+0000] {processor.py:826} INFO - Processing file /home/vscode/.local/lib/python3.10/site-packages/airflow/example_dags/tutorial.py for tasks to queue
[2026-03-14T09:21:04.480+0000] {logging_mixin.py:150} INFO - [2026-03-14T09:21:04.480+0000] {dagbag.py:541} INFO - Filling up the DagBag from /home/vscode/.local/lib/python3.10/site-packages/airflow/example_dags/tutorial.py
[2026-03-14T09:21:04.489+0000] {processor.py:836} INFO - DAG(s) dict_keys(['tutorial']) retrieved from /home/vscode/.local/lib/python3.10/site-packages/airflow/example_dags/tutorial.py
[2026-03-14T09:21:04.554+0000] {logging_mixin.py:150} INFO - [2026-03-14T09:21:04.554+0000] {dag.py:2742} INFO - Sync 1 DAGs
[2026-03-14T09:21:04.581+0000] {logging_mixin.py:150} INFO - [2026-03-14T09:21:04.581+0000] {dag.py:3504} INFO - Setting next_dagrun for tutorial to 2026-03-13T09:21:04.581128+00:00, run_after=2026-03-14T09:21:04.581128+00:00
[2026-03-14T09:21:04.596+0000] {processor.py:179} INFO - Processing /home/vscode/.local/lib/python3.10/site-packages/airflow/example_dags/tutorial.py took 0.120 seconds
[2026-03-14T09:21:50.822+0000] {processor.py:157} INFO - Started process (PID=13541) to work on /home/vscode/.local/lib/python3.10/site-packages/airflow/example_dags/tutorial.py
[2026-03-14T09:21:50.823+0000] {processor.py:826} INFO - Processing file /home/vscode/.local/lib/python3.10/site-packages/airflow/example_dags/tutorial.py for tasks to queue
[2026-03-14T09:21:50.823+0000] {logging_mixin.py:150} INFO - [2026-03-14T09:21:50.823+0000] {dagbag.py:541} INFO - Filling up the DagBag from /home/vscode/.local/lib/python3.10/site-packages/airflow/example_dags/tutorial.py
[2026-03-14T09:21:50.828+0000] {processor.py:836} INFO - DAG(s) dict_keys(['tutorial']) retrieved from /home/vscode/.local/lib/python3.10/site-packages/airflow/example_dags/tutorial.py
[2026-03-14T09:21:50.839+0000] {logging_mixin.py:150} INFO - [2026-03-14T09:21:50.839+0000] {dag.py:2742} INFO - Sync 1 DAGs
[2026-03-14T09:21:50.852+0000] {logging_mixin.py:150} INFO - [2026-03-14T09:21:50.852+0000] {dag.py:3504} INFO - Setting next_dagrun for tutorial to 2026-03-13T09:21:50.852666+00:00, run_after=2026-03-14T09:21:50.852666+00:00
[2026-03-14T09:21:50.868+0000] {processor.py:179} INFO - Processing /home/vscode/.local/lib/python3.10/site-packages/airflow/example_dags/tutorial.py took 0.048 seconds
[2026-03-14T09:22:36.616+0000] {processor.py:157} INFO - Started process (PID=13843) to work on /home/vscode/.local/lib/python3.10/site-packages/airflow/example_dags/tutorial.py
[2026-03-14T09:22:36.617+0000] {processor.py:826} INFO - Processing file /home/vscode/.local/lib/python3.10/site-packages/airflow/example_dags/tutorial.py for tasks to queue
[2026-03-14T09:22:36.617+0000] {logging_mixin.py:150} INFO - [2026-03-14T09:22:36.617+0000] {dagbag.py:541} INFO - Filling up the DagBag from /home/vscode/.local/lib/python3.10/site-packages/airflow/example_dags/tutorial.py
[2026-03-14T09:22:36.622+0000] {processor.py:836} INFO - DAG(s) dict_keys(['tutorial']) retrieved from /home/vscode/.local/lib/python3.10/site-packages/airflow/example_dags/tutorial.py
[2026-03-14T09:22:36.632+0000] {logging_mixin.py:150} INFO - [2026-03-14T09:22:36.632+0000] {dag.py:2742} INFO - Sync 1 DAGs
[2026-03-14T09:22:36.646+0000] {logging_mixin.py:150} INFO - [2026-03-14T09:22:36.646+0000] {dag.py:3504} INFO - Setting next_dagrun for tutorial to 2026-03-13T09:22:36.646453+00:00, run_after=2026-03-14T09:22:36.646453+00:00
[2026-03-14T09:22:36.661+0000] {processor.py:179} INFO - Processing /home/vscode/.local/lib/python3.10/site-packages/airflow/example_dags/tutorial.py took 0.047 seconds
[2026-03-14T09:23:19.286+0000] {processor.py:157} INFO - Started process (PID=14138) to work on /home/vscode/.local/lib/python3.10/site-packages/airflow/example_dags/tutorial.py
[2026-03-14T09:23:19.287+0000] {processor.py:826} INFO - Processing file /home/vscode/.local/lib/python3.10/site-packages/airflow/example_dags/tutorial.py for tasks to queue
[2026-03-14T09:23:19.287+0000] {logging_mixin.py:150} INFO - [2026-03-14T09:23:19.287+0000] {dagbag.py:541} INFO - Filling up the DagBag from /home/vscode/.local/lib/python3.10/site-packages/airflow/example_dags/tutorial.py
[2026-03-14T09:23:19.292+0000] {processor.py:836} INFO - DAG(s) dict_keys(['tutorial']) retrieved from /home/vscode/.local/lib/python3.10/site-packages/airflow/example_dags/tutorial.py
[2026-03-14T09:23:19.303+0000] {logging_mixin.py:150} INFO - [2026-03-14T09:23:19.303+0000] {dag.py:2742} INFO - Sync 1 DAGs
[2026-03-14T09:23:19.316+0000] {logging_mixin.py:150} INFO - [2026-03-14T09:23:19.316+0000] {dag.py:3504} INFO - Setting next_dagrun for tutorial to 2026-03-13T09:23:19.316615+00:00, run_after=2026-03-14T09:23:19.316615+00:00
[2026-03-14T09:23:19.333+0000] {processor.py:179} INFO - Processing /home/vscode/.local/lib/python3.10/site-packages/airflow/example_dags/tutorial.py took 0.049 seconds
[2026-03-14T09:24:05.285+0000] {processor.py:157} INFO - Started process (PID=14459) to work on /home/vscode/.local/lib/python3.10/site-packages/airflow/example_dags/tutorial.py
[2026-03-14T09:24:05.286+0000] {processor.py:826} INFO - Processing file /home/vscode/.local/lib/python3.10/site-packages/airflow/example_dags/tutorial.py for tasks to queue
[2026-03-14T09:24:05.286+0000] {logging_mixin.py:150} INFO - [2026-03-14T09:24:05.286+0000] {dagbag.py:541} INFO - Filling up the DagBag from /home/vscode/.local/lib/python3.10/site-packages/airflow/example_dags/tutorial.py
[2026-03-14T09:24:05.291+0000] {processor.py:836} INFO - DAG(s) dict_keys(['tutorial']) retrieved from /home/vscode/.local/lib/python3.10/site-packages/airflow/example_dags/tutorial.py
[2026-03-14T09:24:05.302+0000] {logging_mixin.py:150} INFO - [2026-03-14T09:24:05.302+0000] {dag.py:2742} INFO - Sync 1 DAGs
[2026-03-14T09:24:05.315+0000] {logging_mixin.py:150} INFO - [2026-03-14T09:24:05.315+0000] {dag.py:3504} INFO - Setting next_dagrun for tutorial to 2026-03-13T09:24:05.315626+00:00, run_after=2026-03-14T09:24:05.315626+00:00
[2026-03-14T09:24:05.333+0000] {processor.py:179} INFO - Processing /home/vscode/.local/lib/python3.10/site-packages/airflow/example_dags/tutorial.py took 0.049 seconds
