[2026-03-14T09:12:49.791+0000] {processor.py:157} INFO - Started process (PID=9691) to work on /home/vscode/.local/lib/python3.10/site-packages/airflow/example_dags/tutorial_taskflow_api.py
[2026-03-14T09:12:49.791+0000] {processor.py:826} INFO - Processing file /home/vscode/.local/lib/python3.10/site-packages/airflow/example_dags/tutorial_taskflow_api.py for tasks to queue
[2026-03-14T09:12:49.792+0000] {logging_mixin.py:150} INFO - [2026-03-14T09:12:49.791+0000] {dagbag.py:541} INFO - Filling up the DagBag from /home/vscode/.local/lib/python3.10/site-packages/airflow/example_dags/tutorial_taskflow_api.py
[2026-03-14T09:12:49.798+0000] {processor.py:836} INFO - DAG(s) dict_keys(['tutorial_taskflow_api']) retrieved from /home/vscode/.local/lib/python3.10/site-packages/airflow/example_dags/tutorial_taskflow_api.py
[2026-03-14T09:12:49.920+0000] {logging_mixin.py:150} INFO - [2026-03-14T09:12:49.919+0000] {manager.py:504} INFO - Created Permission View: can delete on DAG:tutorial_taskflow_api
[2026-03-14T09:12:49.928+0000] {logging_mixin.py:150} INFO - [2026-03-14T09:12:49.928+0000] {manager.py:504} INFO - Created Permission View: can edit on DAG:tutorial_taskflow_api
[2026-03-14T09:12:49.934+0000] {logging_mixin.py:150} INFO - [2026-03-14T09:12:49.934+0000] {manager.py:504} INFO - Created Permission View: can read on DAG:tutorial_taskflow_api
[2026-03-14T09:12:49.941+0000] {logging_mixin.py:150} INFO - [2026-03-14T09:12:49.941+0000] {dag.py:2742} INFO - Sync 1 DAGs
[2026-03-14T09:12:49.949+0000] {logging_mixin.py:150} INFO - [2026-03-14T09:12:49.949+0000] {dag.py:2763} INFO - Creating ORM DAG for tutorial_taskflow_api
[2026-03-14T09:12:49.955+0000] {logging_mixin.py:150} INFO - [2026-03-14T09:12:49.955+0000] {dag.py:3504} INFO - Setting next_dagrun for tutorial_taskflow_api to None, run_after=None
[2026-03-14T09:12:49.970+0000] {processor.py:179} INFO - Processing /home/vscode/.local/lib/python3.10/site-packages/airflow/example_dags/tutorial_taskflow_api.py took 0.181 seconds
[2026-03-14T09:13:38.322+0000] {processor.py:157} INFO - Started process (PID=10045) to work on /home/vscode/.local/lib/python3.10/site-packages/airflow/example_dags/tutorial_taskflow_api.py
[2026-03-14T09:13:38.323+0000] {processor.py:826} INFO - Processing file /home/vscode/.local/lib/python3.10/site-packages/airflow/example_dags/tutorial_taskflow_api.py for tasks to queue
[2026-03-14T09:13:38.323+0000] {logging_mixin.py:150} INFO - [2026-03-14T09:13:38.323+0000] {dagbag.py:541} INFO - Filling up the DagBag from /home/vscode/.local/lib/python3.10/site-packages/airflow/example_dags/tutorial_taskflow_api.py
[2026-03-14T09:13:38.328+0000] {processor.py:836} INFO - DAG(s) dict_keys(['tutorial_taskflow_api']) retrieved from /home/vscode/.local/lib/python3.10/site-packages/airflow/example_dags/tutorial_taskflow_api.py
[2026-03-14T09:13:38.339+0000] {logging_mixin.py:150} INFO - [2026-03-14T09:13:38.339+0000] {dag.py:2742} INFO - Sync 1 DAGs
[2026-03-14T09:13:38.352+0000] {logging_mixin.py:150} INFO - [2026-03-14T09:13:38.352+0000] {dag.py:3504} INFO - Setting next_dagrun for tutorial_taskflow_api to None, run_after=None
[2026-03-14T09:13:38.367+0000] {processor.py:179} INFO - Processing /home/vscode/.local/lib/python3.10/site-packages/airflow/example_dags/tutorial_taskflow_api.py took 0.047 seconds
[2026-03-14T09:14:23.557+0000] {processor.py:157} INFO - Started process (PID=10340) to work on /home/vscode/.local/lib/python3.10/site-packages/airflow/example_dags/tutorial_taskflow_api.py
[2026-03-14T09:14:23.558+0000] {processor.py:826} INFO - Processing file /home/vscode/.local/lib/python3.10/site-packages/airflow/example_dags/tutorial_taskflow_api.py for tasks to queue
[2026-03-14T09:14:23.558+0000] {logging_mixin.py:150} INFO - [2026-03-14T09:14:23.558+0000] {dagbag.py:541} INFO - Filling up the DagBag from /home/vscode/.local/lib/python3.10/site-packages/airflow/example_dags/tutorial_taskflow_api.py
[2026-03-14T09:14:23.563+0000] {processor.py:836} INFO - DAG(s) dict_keys(['tutorial_taskflow_api']) retrieved from /home/vscode/.local/lib/python3.10/site-packages/airflow/example_dags/tutorial_taskflow_api.py
[2026-03-14T09:14:23.574+0000] {logging_mixin.py:150} INFO - [2026-03-14T09:14:23.574+0000] {dag.py:2742} INFO - Sync 1 DAGs
[2026-03-14T09:14:23.587+0000] {logging_mixin.py:150} INFO - [2026-03-14T09:14:23.587+0000] {dag.py:3504} INFO - Setting next_dagrun for tutorial_taskflow_api to None, run_after=None
[2026-03-14T09:14:23.603+0000] {processor.py:179} INFO - Processing /home/vscode/.local/lib/python3.10/site-packages/airflow/example_dags/tutorial_taskflow_api.py took 0.047 seconds
[2026-03-14T09:14:56.633+0000] {processor.py:157} INFO - Started process (PID=10575) to work on /home/vscode/.local/lib/python3.10/site-packages/airflow/example_dags/tutorial_taskflow_api.py
[2026-03-14T09:14:56.634+0000] {processor.py:826} INFO - Processing file /home/vscode/.local/lib/python3.10/site-packages/airflow/example_dags/tutorial_taskflow_api.py for tasks to queue
[2026-03-14T09:14:56.634+0000] {logging_mixin.py:150} INFO - [2026-03-14T09:14:56.634+0000] {dagbag.py:541} INFO - Filling up the DagBag from /home/vscode/.local/lib/python3.10/site-packages/airflow/example_dags/tutorial_taskflow_api.py
[2026-03-14T09:14:56.639+0000] {processor.py:836} INFO - DAG(s) dict_keys(['tutorial_taskflow_api']) retrieved from /home/vscode/.local/lib/python3.10/site-packages/airflow/example_dags/tutorial_taskflow_api.py
[2026-03-14T09:14:56.650+0000] {logging_mixin.py:150} INFO - [2026-03-14T09:14:56.650+0000] {dag.py:2742} INFO - Sync 1 DAGs
[2026-03-14T09:14:56.664+0000] {logging_mixin.py:150} INFO - [2026-03-14T09:14:56.664+0000] {dag.py:3504} INFO - Setting next_dagrun for tutorial_taskflow_api to None, run_after=None
[2026-03-14T09:14:56.679+0000] {processor.py:179} INFO - Processing /home/vscode/.local/lib/python3.10/site-packages/airflow/example_dags/tutorial_taskflow_api.py took 0.048 seconds
[2026-03-14T09:15:44.036+0000] {processor.py:157} INFO - Started process (PID=10911) to work on /home/vscode/.local/lib/python3.10/site-packages/airflow/example_dags/tutorial_taskflow_api.py
[2026-03-14T09:15:44.041+0000] {processor.py:826} INFO - Processing file /home/vscode/.local/lib/python3.10/site-packages/airflow/example_dags/tutorial_taskflow_api.py for tasks to queue
[2026-03-14T09:15:44.043+0000] {logging_mixin.py:150} INFO - [2026-03-14T09:15:44.041+0000] {dagbag.py:541} INFO - Filling up the DagBag from /home/vscode/.local/lib/python3.10/site-packages/airflow/example_dags/tutorial_taskflow_api.py
[2026-03-14T09:15:44.051+0000] {processor.py:836} INFO - DAG(s) dict_keys(['tutorial_taskflow_api']) retrieved from /home/vscode/.local/lib/python3.10/site-packages/airflow/example_dags/tutorial_taskflow_api.py
[2026-03-14T09:15:44.121+0000] {logging_mixin.py:150} INFO - [2026-03-14T09:15:44.120+0000] {dag.py:2742} INFO - Sync 1 DAGs
[2026-03-14T09:15:44.182+0000] {logging_mixin.py:150} INFO - [2026-03-14T09:15:44.182+0000] {dag.py:3504} INFO - Setting next_dagrun for tutorial_taskflow_api to None, run_after=None
[2026-03-14T09:15:44.201+0000] {processor.py:179} INFO - Processing /home/vscode/.local/lib/python3.10/site-packages/airflow/example_dags/tutorial_taskflow_api.py took 0.174 seconds
[2026-03-14T09:16:16.016+0000] {processor.py:157} INFO - Started process (PID=11212) to work on /home/vscode/.local/lib/python3.10/site-packages/airflow/example_dags/tutorial_taskflow_api.py
[2026-03-14T09:16:16.016+0000] {processor.py:826} INFO - Processing file /home/vscode/.local/lib/python3.10/site-packages/airflow/example_dags/tutorial_taskflow_api.py for tasks to queue
[2026-03-14T09:16:16.017+0000] {logging_mixin.py:150} INFO - [2026-03-14T09:16:16.017+0000] {dagbag.py:541} INFO - Filling up the DagBag from /home/vscode/.local/lib/python3.10/site-packages/airflow/example_dags/tutorial_taskflow_api.py
[2026-03-14T09:16:16.021+0000] {processor.py:836} INFO - DAG(s) dict_keys(['tutorial_taskflow_api']) retrieved from /home/vscode/.local/lib/python3.10/site-packages/airflow/example_dags/tutorial_taskflow_api.py
[2026-03-14T09:16:16.033+0000] {logging_mixin.py:150} INFO - [2026-03-14T09:16:16.033+0000] {dag.py:2742} INFO - Sync 1 DAGs
[2026-03-14T09:16:16.046+0000] {logging_mixin.py:150} INFO - [2026-03-14T09:16:16.046+0000] {dag.py:3504} INFO - Setting next_dagrun for tutorial_taskflow_api to None, run_after=None
[2026-03-14T09:16:16.061+0000] {processor.py:179} INFO - Processing /home/vscode/.local/lib/python3.10/site-packages/airflow/example_dags/tutorial_taskflow_api.py took 0.047 seconds
[2026-03-14T09:16:59.051+0000] {processor.py:157} INFO - Started process (PID=11494) to work on /home/vscode/.local/lib/python3.10/site-packages/airflow/example_dags/tutorial_taskflow_api.py
[2026-03-14T09:16:59.052+0000] {processor.py:826} INFO - Processing file /home/vscode/.local/lib/python3.10/site-packages/airflow/example_dags/tutorial_taskflow_api.py for tasks to queue
[2026-03-14T09:16:59.052+0000] {logging_mixin.py:150} INFO - [2026-03-14T09:16:59.052+0000] {dagbag.py:541} INFO - Filling up the DagBag from /home/vscode/.local/lib/python3.10/site-packages/airflow/example_dags/tutorial_taskflow_api.py
[2026-03-14T09:16:59.057+0000] {processor.py:836} INFO - DAG(s) dict_keys(['tutorial_taskflow_api']) retrieved from /home/vscode/.local/lib/python3.10/site-packages/airflow/example_dags/tutorial_taskflow_api.py
[2026-03-14T09:16:59.068+0000] {logging_mixin.py:150} INFO - [2026-03-14T09:16:59.068+0000] {dag.py:2742} INFO - Sync 1 DAGs
[2026-03-14T09:16:59.082+0000] {logging_mixin.py:150} INFO - [2026-03-14T09:16:59.081+0000] {dag.py:3504} INFO - Setting next_dagrun for tutorial_taskflow_api to None, run_after=None
[2026-03-14T09:16:59.096+0000] {processor.py:179} INFO - Processing /home/vscode/.local/lib/python3.10/site-packages/airflow/example_dags/tutorial_taskflow_api.py took 0.047 seconds
[2026-03-14T09:17:43.887+0000] {processor.py:157} INFO - Started process (PID=11818) to work on /home/vscode/.local/lib/python3.10/site-packages/airflow/example_dags/tutorial_taskflow_api.py
[2026-03-14T09:17:43.887+0000] {processor.py:826} INFO - Processing file /home/vscode/.local/lib/python3.10/site-packages/airflow/example_dags/tutorial_taskflow_api.py for tasks to queue
[2026-03-14T09:17:43.888+0000] {logging_mixin.py:150} INFO - [2026-03-14T09:17:43.888+0000] {dagbag.py:541} INFO - Filling up the DagBag from /home/vscode/.local/lib/python3.10/site-packages/airflow/example_dags/tutorial_taskflow_api.py
[2026-03-14T09:17:43.892+0000] {processor.py:836} INFO - DAG(s) dict_keys(['tutorial_taskflow_api']) retrieved from /home/vscode/.local/lib/python3.10/site-packages/airflow/example_dags/tutorial_taskflow_api.py
[2026-03-14T09:17:43.903+0000] {logging_mixin.py:150} INFO - [2026-03-14T09:17:43.903+0000] {dag.py:2742} INFO - Sync 1 DAGs
[2026-03-14T09:17:43.917+0000] {logging_mixin.py:150} INFO - [2026-03-14T09:17:43.917+0000] {dag.py:3504} INFO - Setting next_dagrun for tutorial_taskflow_api to None, run_after=None
[2026-03-14T09:17:43.932+0000] {processor.py:179} INFO - Processing /home/vscode/.local/lib/python3.10/site-packages/airflow/example_dags/tutorial_taskflow_api.py took 0.047 seconds
[2026-03-14T09:18:15.002+0000] {processor.py:157} INFO - Started process (PID=12101) to work on /home/vscode/.local/lib/python3.10/site-packages/airflow/example_dags/tutorial_taskflow_api.py
[2026-03-14T09:18:15.003+0000] {processor.py:826} INFO - Processing file /home/vscode/.local/lib/python3.10/site-packages/airflow/example_dags/tutorial_taskflow_api.py for tasks to queue
[2026-03-14T09:18:15.003+0000] {logging_mixin.py:150} INFO - [2026-03-14T09:18:15.003+0000] {dagbag.py:541} INFO - Filling up the DagBag from /home/vscode/.local/lib/python3.10/site-packages/airflow/example_dags/tutorial_taskflow_api.py
[2026-03-14T09:18:15.010+0000] {processor.py:836} INFO - DAG(s) dict_keys(['tutorial_taskflow_api']) retrieved from /home/vscode/.local/lib/python3.10/site-packages/airflow/example_dags/tutorial_taskflow_api.py
[2026-03-14T09:18:15.026+0000] {logging_mixin.py:150} INFO - [2026-03-14T09:18:15.026+0000] {dag.py:2742} INFO - Sync 1 DAGs
[2026-03-14T09:18:15.047+0000] {logging_mixin.py:150} INFO - [2026-03-14T09:18:15.047+0000] {dag.py:3504} INFO - Setting next_dagrun for tutorial_taskflow_api to None, run_after=None
[2026-03-14T09:18:15.066+0000] {processor.py:179} INFO - Processing /home/vscode/.local/lib/python3.10/site-packages/airflow/example_dags/tutorial_taskflow_api.py took 0.066 seconds
[2026-03-14T09:18:59.413+0000] {processor.py:157} INFO - Started process (PID=12400) to work on /home/vscode/.local/lib/python3.10/site-packages/airflow/example_dags/tutorial_taskflow_api.py
[2026-03-14T09:18:59.414+0000] {processor.py:826} INFO - Processing file /home/vscode/.local/lib/python3.10/site-packages/airflow/example_dags/tutorial_taskflow_api.py for tasks to queue
[2026-03-14T09:18:59.414+0000] {logging_mixin.py:150} INFO - [2026-03-14T09:18:59.414+0000] {dagbag.py:541} INFO - Filling up the DagBag from /home/vscode/.local/lib/python3.10/site-packages/airflow/example_dags/tutorial_taskflow_api.py
[2026-03-14T09:18:59.419+0000] {processor.py:836} INFO - DAG(s) dict_keys(['tutorial_taskflow_api']) retrieved from /home/vscode/.local/lib/python3.10/site-packages/airflow/example_dags/tutorial_taskflow_api.py
[2026-03-14T09:18:59.430+0000] {logging_mixin.py:150} INFO - [2026-03-14T09:18:59.430+0000] {dag.py:2742} INFO - Sync 1 DAGs
[2026-03-14T09:18:59.443+0000] {logging_mixin.py:150} INFO - [2026-03-14T09:18:59.443+0000] {dag.py:3504} INFO - Setting next_dagrun for tutorial_taskflow_api to None, run_after=None
[2026-03-14T09:18:59.458+0000] {processor.py:179} INFO - Processing /home/vscode/.local/lib/python3.10/site-packages/airflow/example_dags/tutorial_taskflow_api.py took 0.047 seconds
[2026-03-14T09:19:39.396+0000] {processor.py:157} INFO - Started process (PID=12668) to work on /home/vscode/.local/lib/python3.10/site-packages/airflow/example_dags/tutorial_taskflow_api.py
[2026-03-14T09:19:39.397+0000] {processor.py:826} INFO - Processing file /home/vscode/.local/lib/python3.10/site-packages/airflow/example_dags/tutorial_taskflow_api.py for tasks to queue
[2026-03-14T09:19:39.397+0000] {logging_mixin.py:150} INFO - [2026-03-14T09:19:39.397+0000] {dagbag.py:541} INFO - Filling up the DagBag from /home/vscode/.local/lib/python3.10/site-packages/airflow/example_dags/tutorial_taskflow_api.py
[2026-03-14T09:19:39.402+0000] {processor.py:836} INFO - DAG(s) dict_keys(['tutorial_taskflow_api']) retrieved from /home/vscode/.local/lib/python3.10/site-packages/airflow/example_dags/tutorial_taskflow_api.py
[2026-03-14T09:19:39.413+0000] {logging_mixin.py:150} INFO - [2026-03-14T09:19:39.412+0000] {dag.py:2742} INFO - Sync 1 DAGs
[2026-03-14T09:19:39.426+0000] {logging_mixin.py:150} INFO - [2026-03-14T09:19:39.426+0000] {dag.py:3504} INFO - Setting next_dagrun for tutorial_taskflow_api to None, run_after=None
[2026-03-14T09:19:39.441+0000] {processor.py:179} INFO - Processing /home/vscode/.local/lib/python3.10/site-packages/airflow/example_dags/tutorial_taskflow_api.py took 0.047 seconds
[2026-03-14T09:20:25.714+0000] {processor.py:157} INFO - Started process (PID=12973) to work on /home/vscode/.local/lib/python3.10/site-packages/airflow/example_dags/tutorial_taskflow_api.py
[2026-03-14T09:20:25.715+0000] {processor.py:826} INFO - Processing file /home/vscode/.local/lib/python3.10/site-packages/airflow/example_dags/tutorial_taskflow_api.py for tasks to queue
[2026-03-14T09:20:25.716+0000] {logging_mixin.py:150} INFO - [2026-03-14T09:20:25.715+0000] {dagbag.py:541} INFO - Filling up the DagBag from /home/vscode/.local/lib/python3.10/site-packages/airflow/example_dags/tutorial_taskflow_api.py
[2026-03-14T09:20:25.720+0000] {processor.py:836} INFO - DAG(s) dict_keys(['tutorial_taskflow_api']) retrieved from /home/vscode/.local/lib/python3.10/site-packages/airflow/example_dags/tutorial_taskflow_api.py
[2026-03-14T09:20:25.731+0000] {logging_mixin.py:150} INFO - [2026-03-14T09:20:25.731+0000] {dag.py:2742} INFO - Sync 1 DAGs
[2026-03-14T09:20:25.744+0000] {logging_mixin.py:150} INFO - [2026-03-14T09:20:25.744+0000] {dag.py:3504} INFO - Setting next_dagrun for tutorial_taskflow_api to None, run_after=None
[2026-03-14T09:20:25.759+0000] {processor.py:179} INFO - Processing /home/vscode/.local/lib/python3.10/site-packages/airflow/example_dags/tutorial_taskflow_api.py took 0.047 seconds
[2026-03-14T09:20:58.786+0000] {processor.py:157} INFO - Started process (PID=13195) to work on /home/vscode/.local/lib/python3.10/site-packages/airflow/example_dags/tutorial_taskflow_api.py
[2026-03-14T09:20:58.787+0000] {processor.py:826} INFO - Processing file /home/vscode/.local/lib/python3.10/site-packages/airflow/example_dags/tutorial_taskflow_api.py for tasks to queue
[2026-03-14T09:20:58.787+0000] {logging_mixin.py:150} INFO - [2026-03-14T09:20:58.787+0000] {dagbag.py:541} INFO - Filling up the DagBag from /home/vscode/.local/lib/python3.10/site-packages/airflow/example_dags/tutorial_taskflow_api.py
[2026-03-14T09:20:58.791+0000] {processor.py:836} INFO - DAG(s) dict_keys(['tutorial_taskflow_api']) retrieved from /home/vscode/.local/lib/python3.10/site-packages/airflow/example_dags/tutorial_taskflow_api.py
[2026-03-14T09:20:58.803+0000] {logging_mixin.py:150} INFO - [2026-03-14T09:20:58.802+0000] {dag.py:2742} INFO - Sync 1 DAGs
[2026-03-14T09:20:58.816+0000] {logging_mixin.py:150} INFO - [2026-03-14T09:20:58.816+0000] {dag.py:3504} INFO - Setting next_dagrun for tutorial_taskflow_api to None, run_after=None
[2026-03-14T09:20:58.831+0000] {processor.py:179} INFO - Processing /home/vscode/.local/lib/python3.10/site-packages/airflow/example_dags/tutorial_taskflow_api.py took 0.047 seconds
[2026-03-14T09:21:31.444+0000] {processor.py:157} INFO - Started process (PID=13406) to work on /home/vscode/.local/lib/python3.10/site-packages/airflow/example_dags/tutorial_taskflow_api.py
[2026-03-14T09:21:31.444+0000] {processor.py:826} INFO - Processing file /home/vscode/.local/lib/python3.10/site-packages/airflow/example_dags/tutorial_taskflow_api.py for tasks to queue
[2026-03-14T09:21:31.445+0000] {logging_mixin.py:150} INFO - [2026-03-14T09:21:31.445+0000] {dagbag.py:541} INFO - Filling up the DagBag from /home/vscode/.local/lib/python3.10/site-packages/airflow/example_dags/tutorial_taskflow_api.py
[2026-03-14T09:21:31.449+0000] {processor.py:836} INFO - DAG(s) dict_keys(['tutorial_taskflow_api']) retrieved from /home/vscode/.local/lib/python3.10/site-packages/airflow/example_dags/tutorial_taskflow_api.py
[2026-03-14T09:21:31.461+0000] {logging_mixin.py:150} INFO - [2026-03-14T09:21:31.460+0000] {dag.py:2742} INFO - Sync 1 DAGs
[2026-03-14T09:21:31.474+0000] {logging_mixin.py:150} INFO - [2026-03-14T09:21:31.474+0000] {dag.py:3504} INFO - Setting next_dagrun for tutorial_taskflow_api to None, run_after=None
[2026-03-14T09:21:31.488+0000] {processor.py:179} INFO - Processing /home/vscode/.local/lib/python3.10/site-packages/airflow/example_dags/tutorial_taskflow_api.py took 0.047 seconds
[2026-03-14T09:22:16.541+0000] {processor.py:157} INFO - Started process (PID=13702) to work on /home/vscode/.local/lib/python3.10/site-packages/airflow/example_dags/tutorial_taskflow_api.py
[2026-03-14T09:22:16.541+0000] {processor.py:826} INFO - Processing file /home/vscode/.local/lib/python3.10/site-packages/airflow/example_dags/tutorial_taskflow_api.py for tasks to queue
[2026-03-14T09:22:16.542+0000] {logging_mixin.py:150} INFO - [2026-03-14T09:22:16.542+0000] {dagbag.py:541} INFO - Filling up the DagBag from /home/vscode/.local/lib/python3.10/site-packages/airflow/example_dags/tutorial_taskflow_api.py
[2026-03-14T09:22:16.546+0000] {processor.py:836} INFO - DAG(s) dict_keys(['tutorial_taskflow_api']) retrieved from /home/vscode/.local/lib/python3.10/site-packages/airflow/example_dags/tutorial_taskflow_api.py
[2026-03-14T09:22:16.557+0000] {logging_mixin.py:150} INFO - [2026-03-14T09:22:16.557+0000] {dag.py:2742} INFO - Sync 1 DAGs
[2026-03-14T09:22:16.571+0000] {logging_mixin.py:150} INFO - [2026-03-14T09:22:16.571+0000] {dag.py:3504} INFO - Setting next_dagrun for tutorial_taskflow_api to None, run_after=None
[2026-03-14T09:22:16.586+0000] {processor.py:179} INFO - Processing /home/vscode/.local/lib/python3.10/site-packages/airflow/example_dags/tutorial_taskflow_api.py took 0.047 seconds
[2026-03-14T09:22:59.982+0000] {processor.py:157} INFO - Started process (PID=14004) to work on /home/vscode/.local/lib/python3.10/site-packages/airflow/example_dags/tutorial_taskflow_api.py
[2026-03-14T09:22:59.983+0000] {processor.py:826} INFO - Processing file /home/vscode/.local/lib/python3.10/site-packages/airflow/example_dags/tutorial_taskflow_api.py for tasks to queue
[2026-03-14T09:22:59.984+0000] {logging_mixin.py:150} INFO - [2026-03-14T09:22:59.983+0000] {dagbag.py:541} INFO - Filling up the DagBag from /home/vscode/.local/lib/python3.10/site-packages/airflow/example_dags/tutorial_taskflow_api.py
[2026-03-14T09:22:59.988+0000] {processor.py:836} INFO - DAG(s) dict_keys(['tutorial_taskflow_api']) retrieved from /home/vscode/.local/lib/python3.10/site-packages/airflow/example_dags/tutorial_taskflow_api.py
[2026-03-14T09:22:59.999+0000] {logging_mixin.py:150} INFO - [2026-03-14T09:22:59.999+0000] {dag.py:2742} INFO - Sync 1 DAGs
[2026-03-14T09:23:00.013+0000] {logging_mixin.py:150} INFO - [2026-03-14T09:23:00.013+0000] {dag.py:3504} INFO - Setting next_dagrun for tutorial_taskflow_api to None, run_after=None
[2026-03-14T09:23:00.030+0000] {processor.py:179} INFO - Processing /home/vscode/.local/lib/python3.10/site-packages/airflow/example_dags/tutorial_taskflow_api.py took 0.049 seconds
[2026-03-14T09:23:47.116+0000] {processor.py:157} INFO - Started process (PID=14338) to work on /home/vscode/.local/lib/python3.10/site-packages/airflow/example_dags/tutorial_taskflow_api.py
[2026-03-14T09:23:47.117+0000] {processor.py:826} INFO - Processing file /home/vscode/.local/lib/python3.10/site-packages/airflow/example_dags/tutorial_taskflow_api.py for tasks to queue
[2026-03-14T09:23:47.117+0000] {logging_mixin.py:150} INFO - [2026-03-14T09:23:47.117+0000] {dagbag.py:541} INFO - Filling up the DagBag from /home/vscode/.local/lib/python3.10/site-packages/airflow/example_dags/tutorial_taskflow_api.py
[2026-03-14T09:23:47.123+0000] {processor.py:836} INFO - DAG(s) dict_keys(['tutorial_taskflow_api']) retrieved from /home/vscode/.local/lib/python3.10/site-packages/airflow/example_dags/tutorial_taskflow_api.py
[2026-03-14T09:23:47.135+0000] {logging_mixin.py:150} INFO - [2026-03-14T09:23:47.135+0000] {dag.py:2742} INFO - Sync 1 DAGs
[2026-03-14T09:23:47.148+0000] {logging_mixin.py:150} INFO - [2026-03-14T09:23:47.148+0000] {dag.py:3504} INFO - Setting next_dagrun for tutorial_taskflow_api to None, run_after=None
[2026-03-14T09:23:47.165+0000] {processor.py:179} INFO - Processing /home/vscode/.local/lib/python3.10/site-packages/airflow/example_dags/tutorial_taskflow_api.py took 0.051 seconds
[2026-03-14T10:11:48.590+0000] {processor.py:157} INFO - Started process (PID=34875) to work on /home/vscode/.local/lib/python3.10/site-packages/airflow/example_dags/tutorial_taskflow_api.py
[2026-03-14T10:11:48.597+0000] {processor.py:826} INFO - Processing file /home/vscode/.local/lib/python3.10/site-packages/airflow/example_dags/tutorial_taskflow_api.py for tasks to queue
[2026-03-14T10:11:48.598+0000] {logging_mixin.py:150} INFO - [2026-03-14T10:11:48.597+0000] {dagbag.py:541} INFO - Filling up the DagBag from /home/vscode/.local/lib/python3.10/site-packages/airflow/example_dags/tutorial_taskflow_api.py
[2026-03-14T10:11:48.605+0000] {processor.py:836} INFO - DAG(s) dict_keys(['tutorial_taskflow_api']) retrieved from /home/vscode/.local/lib/python3.10/site-packages/airflow/example_dags/tutorial_taskflow_api.py
[2026-03-14T10:11:48.625+0000] {logging_mixin.py:150} INFO - [2026-03-14T10:11:48.624+0000] {dag.py:2742} INFO - Sync 1 DAGs
[2026-03-14T10:11:48.638+0000] {logging_mixin.py:150} INFO - [2026-03-14T10:11:48.638+0000] {dag.py:3504} INFO - Setting next_dagrun for tutorial_taskflow_api to None, run_after=None
[2026-03-14T10:11:48.658+0000] {processor.py:179} INFO - Processing /home/vscode/.local/lib/python3.10/site-packages/airflow/example_dags/tutorial_taskflow_api.py took 0.071 seconds
[2026-03-14T10:12:36.142+0000] {processor.py:157} INFO - Started process (PID=35229) to work on /home/vscode/.local/lib/python3.10/site-packages/airflow/example_dags/tutorial_taskflow_api.py
[2026-03-14T10:12:36.142+0000] {processor.py:826} INFO - Processing file /home/vscode/.local/lib/python3.10/site-packages/airflow/example_dags/tutorial_taskflow_api.py for tasks to queue
[2026-03-14T10:12:36.143+0000] {logging_mixin.py:150} INFO - [2026-03-14T10:12:36.143+0000] {dagbag.py:541} INFO - Filling up the DagBag from /home/vscode/.local/lib/python3.10/site-packages/airflow/example_dags/tutorial_taskflow_api.py
[2026-03-14T10:12:36.148+0000] {processor.py:836} INFO - DAG(s) dict_keys(['tutorial_taskflow_api']) retrieved from /home/vscode/.local/lib/python3.10/site-packages/airflow/example_dags/tutorial_taskflow_api.py
[2026-03-14T10:12:36.162+0000] {logging_mixin.py:150} INFO - [2026-03-14T10:12:36.162+0000] {dag.py:2742} INFO - Sync 1 DAGs
[2026-03-14T10:12:36.178+0000] {logging_mixin.py:150} INFO - [2026-03-14T10:12:36.178+0000] {dag.py:3504} INFO - Setting next_dagrun for tutorial_taskflow_api to None, run_after=None
[2026-03-14T10:12:36.194+0000] {processor.py:179} INFO - Processing /home/vscode/.local/lib/python3.10/site-packages/airflow/example_dags/tutorial_taskflow_api.py took 0.055 seconds
[2026-03-14T10:13:23.748+0000] {processor.py:157} INFO - Started process (PID=35556) to work on /home/vscode/.local/lib/python3.10/site-packages/airflow/example_dags/tutorial_taskflow_api.py
[2026-03-14T10:13:23.749+0000] {processor.py:826} INFO - Processing file /home/vscode/.local/lib/python3.10/site-packages/airflow/example_dags/tutorial_taskflow_api.py for tasks to queue
[2026-03-14T10:13:23.750+0000] {logging_mixin.py:150} INFO - [2026-03-14T10:13:23.749+0000] {dagbag.py:541} INFO - Filling up the DagBag from /home/vscode/.local/lib/python3.10/site-packages/airflow/example_dags/tutorial_taskflow_api.py
[2026-03-14T10:13:23.756+0000] {processor.py:836} INFO - DAG(s) dict_keys(['tutorial_taskflow_api']) retrieved from /home/vscode/.local/lib/python3.10/site-packages/airflow/example_dags/tutorial_taskflow_api.py
[2026-03-14T10:13:23.771+0000] {logging_mixin.py:150} INFO - [2026-03-14T10:13:23.771+0000] {dag.py:2742} INFO - Sync 1 DAGs
[2026-03-14T10:13:23.787+0000] {logging_mixin.py:150} INFO - [2026-03-14T10:13:23.787+0000] {dag.py:3504} INFO - Setting next_dagrun for tutorial_taskflow_api to None, run_after=None
[2026-03-14T10:13:23.804+0000] {processor.py:179} INFO - Processing /home/vscode/.local/lib/python3.10/site-packages/airflow/example_dags/tutorial_taskflow_api.py took 0.058 seconds
[2026-03-14T10:13:57.439+0000] {processor.py:157} INFO - Started process (PID=35795) to work on /home/vscode/.local/lib/python3.10/site-packages/airflow/example_dags/tutorial_taskflow_api.py
[2026-03-14T10:13:57.439+0000] {processor.py:826} INFO - Processing file /home/vscode/.local/lib/python3.10/site-packages/airflow/example_dags/tutorial_taskflow_api.py for tasks to queue
[2026-03-14T10:13:57.440+0000] {logging_mixin.py:150} INFO - [2026-03-14T10:13:57.440+0000] {dagbag.py:541} INFO - Filling up the DagBag from /home/vscode/.local/lib/python3.10/site-packages/airflow/example_dags/tutorial_taskflow_api.py
[2026-03-14T10:13:57.446+0000] {processor.py:836} INFO - DAG(s) dict_keys(['tutorial_taskflow_api']) retrieved from /home/vscode/.local/lib/python3.10/site-packages/airflow/example_dags/tutorial_taskflow_api.py
[2026-03-14T10:13:57.465+0000] {logging_mixin.py:150} INFO - [2026-03-14T10:13:57.465+0000] {dag.py:2742} INFO - Sync 1 DAGs
[2026-03-14T10:13:57.520+0000] {logging_mixin.py:150} INFO - [2026-03-14T10:13:57.519+0000] {dag.py:3504} INFO - Setting next_dagrun for tutorial_taskflow_api to None, run_after=None
[2026-03-14T10:13:57.559+0000] {processor.py:179} INFO - Processing /home/vscode/.local/lib/python3.10/site-packages/airflow/example_dags/tutorial_taskflow_api.py took 0.122 seconds
[2026-03-14T10:14:34.887+0000] {processor.py:157} INFO - Started process (PID=36112) to work on /home/vscode/.local/lib/python3.10/site-packages/airflow/example_dags/tutorial_taskflow_api.py
[2026-03-14T10:14:34.889+0000] {processor.py:826} INFO - Processing file /home/vscode/.local/lib/python3.10/site-packages/airflow/example_dags/tutorial_taskflow_api.py for tasks to queue
[2026-03-14T10:14:34.890+0000] {logging_mixin.py:150} INFO - [2026-03-14T10:14:34.889+0000] {dagbag.py:541} INFO - Filling up the DagBag from /home/vscode/.local/lib/python3.10/site-packages/airflow/example_dags/tutorial_taskflow_api.py
[2026-03-14T10:14:34.894+0000] {processor.py:836} INFO - DAG(s) dict_keys(['tutorial_taskflow_api']) retrieved from /home/vscode/.local/lib/python3.10/site-packages/airflow/example_dags/tutorial_taskflow_api.py
[2026-03-14T10:14:34.907+0000] {logging_mixin.py:150} INFO - [2026-03-14T10:14:34.907+0000] {dag.py:2742} INFO - Sync 1 DAGs
[2026-03-14T10:14:34.921+0000] {logging_mixin.py:150} INFO - [2026-03-14T10:14:34.921+0000] {dag.py:3504} INFO - Setting next_dagrun for tutorial_taskflow_api to None, run_after=None
[2026-03-14T10:14:34.939+0000] {processor.py:179} INFO - Processing /home/vscode/.local/lib/python3.10/site-packages/airflow/example_dags/tutorial_taskflow_api.py took 0.055 seconds
[2026-03-14T10:15:13.114+0000] {processor.py:157} INFO - Started process (PID=36378) to work on /home/vscode/.local/lib/python3.10/site-packages/airflow/example_dags/tutorial_taskflow_api.py
[2026-03-14T10:15:13.115+0000] {processor.py:826} INFO - Processing file /home/vscode/.local/lib/python3.10/site-packages/airflow/example_dags/tutorial_taskflow_api.py for tasks to queue
[2026-03-14T10:15:13.116+0000] {logging_mixin.py:150} INFO - [2026-03-14T10:15:13.115+0000] {dagbag.py:541} INFO - Filling up the DagBag from /home/vscode/.local/lib/python3.10/site-packages/airflow/example_dags/tutorial_taskflow_api.py
[2026-03-14T10:15:13.120+0000] {processor.py:836} INFO - DAG(s) dict_keys(['tutorial_taskflow_api']) retrieved from /home/vscode/.local/lib/python3.10/site-packages/airflow/example_dags/tutorial_taskflow_api.py
[2026-03-14T10:15:13.132+0000] {logging_mixin.py:150} INFO - [2026-03-14T10:15:13.132+0000] {dag.py:2742} INFO - Sync 1 DAGs
[2026-03-14T10:15:13.146+0000] {logging_mixin.py:150} INFO - [2026-03-14T10:15:13.146+0000] {dag.py:3504} INFO - Setting next_dagrun for tutorial_taskflow_api to None, run_after=None
[2026-03-14T10:15:13.164+0000] {processor.py:179} INFO - Processing /home/vscode/.local/lib/python3.10/site-packages/airflow/example_dags/tutorial_taskflow_api.py took 0.052 seconds
[2026-03-14T10:15:56.491+0000] {processor.py:157} INFO - Started process (PID=36784) to work on /home/vscode/.local/lib/python3.10/site-packages/airflow/example_dags/tutorial_taskflow_api.py
[2026-03-14T10:15:56.492+0000] {processor.py:826} INFO - Processing file /home/vscode/.local/lib/python3.10/site-packages/airflow/example_dags/tutorial_taskflow_api.py for tasks to queue
[2026-03-14T10:15:56.492+0000] {logging_mixin.py:150} INFO - [2026-03-14T10:15:56.492+0000] {dagbag.py:541} INFO - Filling up the DagBag from /home/vscode/.local/lib/python3.10/site-packages/airflow/example_dags/tutorial_taskflow_api.py
[2026-03-14T10:15:56.499+0000] {processor.py:836} INFO - DAG(s) dict_keys(['tutorial_taskflow_api']) retrieved from /home/vscode/.local/lib/python3.10/site-packages/airflow/example_dags/tutorial_taskflow_api.py
[2026-03-14T10:15:56.510+0000] {logging_mixin.py:150} INFO - [2026-03-14T10:15:56.510+0000] {dag.py:2742} INFO - Sync 1 DAGs
[2026-03-14T10:15:56.523+0000] {logging_mixin.py:150} INFO - [2026-03-14T10:15:56.523+0000] {dag.py:3504} INFO - Setting next_dagrun for tutorial_taskflow_api to None, run_after=None
[2026-03-14T10:15:56.541+0000] {processor.py:179} INFO - Processing /home/vscode/.local/lib/python3.10/site-packages/airflow/example_dags/tutorial_taskflow_api.py took 0.053 seconds
[2026-03-14T10:16:41.852+0000] {processor.py:157} INFO - Started process (PID=37100) to work on /home/vscode/.local/lib/python3.10/site-packages/airflow/example_dags/tutorial_taskflow_api.py
[2026-03-14T10:16:41.853+0000] {processor.py:826} INFO - Processing file /home/vscode/.local/lib/python3.10/site-packages/airflow/example_dags/tutorial_taskflow_api.py for tasks to queue
[2026-03-14T10:16:41.854+0000] {logging_mixin.py:150} INFO - [2026-03-14T10:16:41.853+0000] {dagbag.py:541} INFO - Filling up the DagBag from /home/vscode/.local/lib/python3.10/site-packages/airflow/example_dags/tutorial_taskflow_api.py
[2026-03-14T10:16:41.859+0000] {processor.py:836} INFO - DAG(s) dict_keys(['tutorial_taskflow_api']) retrieved from /home/vscode/.local/lib/python3.10/site-packages/airflow/example_dags/tutorial_taskflow_api.py
[2026-03-14T10:16:41.875+0000] {logging_mixin.py:150} INFO - [2026-03-14T10:16:41.875+0000] {dag.py:2742} INFO - Sync 1 DAGs
[2026-03-14T10:16:41.890+0000] {logging_mixin.py:150} INFO - [2026-03-14T10:16:41.890+0000] {dag.py:3504} INFO - Setting next_dagrun for tutorial_taskflow_api to None, run_after=None
[2026-03-14T10:16:41.906+0000] {processor.py:179} INFO - Processing /home/vscode/.local/lib/python3.10/site-packages/airflow/example_dags/tutorial_taskflow_api.py took 0.056 seconds
[2026-03-14T10:17:31.017+0000] {processor.py:157} INFO - Started process (PID=37578) to work on /home/vscode/.local/lib/python3.10/site-packages/airflow/example_dags/tutorial_taskflow_api.py
[2026-03-14T10:17:31.018+0000] {processor.py:826} INFO - Processing file /home/vscode/.local/lib/python3.10/site-packages/airflow/example_dags/tutorial_taskflow_api.py for tasks to queue
[2026-03-14T10:17:31.019+0000] {logging_mixin.py:150} INFO - [2026-03-14T10:17:31.018+0000] {dagbag.py:541} INFO - Filling up the DagBag from /home/vscode/.local/lib/python3.10/site-packages/airflow/example_dags/tutorial_taskflow_api.py
[2026-03-14T10:17:31.025+0000] {processor.py:836} INFO - DAG(s) dict_keys(['tutorial_taskflow_api']) retrieved from /home/vscode/.local/lib/python3.10/site-packages/airflow/example_dags/tutorial_taskflow_api.py
[2026-03-14T10:17:31.038+0000] {logging_mixin.py:150} INFO - [2026-03-14T10:17:31.038+0000] {dag.py:2742} INFO - Sync 1 DAGs
[2026-03-14T10:17:31.065+0000] {logging_mixin.py:150} INFO - [2026-03-14T10:17:31.065+0000] {dag.py:3504} INFO - Setting next_dagrun for tutorial_taskflow_api to None, run_after=None
[2026-03-14T10:17:31.105+0000] {processor.py:179} INFO - Processing /home/vscode/.local/lib/python3.10/site-packages/airflow/example_dags/tutorial_taskflow_api.py took 0.091 seconds
[2026-03-14T10:18:19.084+0000] {processor.py:157} INFO - Started process (PID=37915) to work on /home/vscode/.local/lib/python3.10/site-packages/airflow/example_dags/tutorial_taskflow_api.py
[2026-03-14T10:18:19.085+0000] {processor.py:826} INFO - Processing file /home/vscode/.local/lib/python3.10/site-packages/airflow/example_dags/tutorial_taskflow_api.py for tasks to queue
[2026-03-14T10:18:19.085+0000] {logging_mixin.py:150} INFO - [2026-03-14T10:18:19.085+0000] {dagbag.py:541} INFO - Filling up the DagBag from /home/vscode/.local/lib/python3.10/site-packages/airflow/example_dags/tutorial_taskflow_api.py
[2026-03-14T10:18:19.090+0000] {processor.py:836} INFO - DAG(s) dict_keys(['tutorial_taskflow_api']) retrieved from /home/vscode/.local/lib/python3.10/site-packages/airflow/example_dags/tutorial_taskflow_api.py
[2026-03-14T10:18:19.102+0000] {logging_mixin.py:150} INFO - [2026-03-14T10:18:19.101+0000] {dag.py:2742} INFO - Sync 1 DAGs
[2026-03-14T10:18:19.115+0000] {logging_mixin.py:150} INFO - [2026-03-14T10:18:19.115+0000] {dag.py:3504} INFO - Setting next_dagrun for tutorial_taskflow_api to None, run_after=None
[2026-03-14T10:18:19.130+0000] {processor.py:179} INFO - Processing /home/vscode/.local/lib/python3.10/site-packages/airflow/example_dags/tutorial_taskflow_api.py took 0.049 seconds
[2026-03-14T10:19:05.232+0000] {processor.py:157} INFO - Started process (PID=38245) to work on /home/vscode/.local/lib/python3.10/site-packages/airflow/example_dags/tutorial_taskflow_api.py
[2026-03-14T10:19:05.232+0000] {processor.py:826} INFO - Processing file /home/vscode/.local/lib/python3.10/site-packages/airflow/example_dags/tutorial_taskflow_api.py for tasks to queue
[2026-03-14T10:19:05.233+0000] {logging_mixin.py:150} INFO - [2026-03-14T10:19:05.233+0000] {dagbag.py:541} INFO - Filling up the DagBag from /home/vscode/.local/lib/python3.10/site-packages/airflow/example_dags/tutorial_taskflow_api.py
[2026-03-14T10:19:05.237+0000] {processor.py:836} INFO - DAG(s) dict_keys(['tutorial_taskflow_api']) retrieved from /home/vscode/.local/lib/python3.10/site-packages/airflow/example_dags/tutorial_taskflow_api.py
[2026-03-14T10:19:05.249+0000] {logging_mixin.py:150} INFO - [2026-03-14T10:19:05.249+0000] {dag.py:2742} INFO - Sync 1 DAGs
[2026-03-14T10:19:05.264+0000] {logging_mixin.py:150} INFO - [2026-03-14T10:19:05.264+0000] {dag.py:3504} INFO - Setting next_dagrun for tutorial_taskflow_api to None, run_after=None
[2026-03-14T10:19:05.284+0000] {processor.py:179} INFO - Processing /home/vscode/.local/lib/python3.10/site-packages/airflow/example_dags/tutorial_taskflow_api.py took 0.054 seconds
[2026-03-14T10:20:10.498+0000] {processor.py:157} INFO - Started process (PID=38670) to work on /home/vscode/.local/lib/python3.10/site-packages/airflow/example_dags/tutorial_taskflow_api.py
[2026-03-14T10:20:10.500+0000] {processor.py:826} INFO - Processing file /home/vscode/.local/lib/python3.10/site-packages/airflow/example_dags/tutorial_taskflow_api.py for tasks to queue
[2026-03-14T10:20:10.501+0000] {logging_mixin.py:150} INFO - [2026-03-14T10:20:10.500+0000] {dagbag.py:541} INFO - Filling up the DagBag from /home/vscode/.local/lib/python3.10/site-packages/airflow/example_dags/tutorial_taskflow_api.py
[2026-03-14T10:20:10.507+0000] {processor.py:836} INFO - DAG(s) dict_keys(['tutorial_taskflow_api']) retrieved from /home/vscode/.local/lib/python3.10/site-packages/airflow/example_dags/tutorial_taskflow_api.py
[2026-03-14T10:20:10.536+0000] {logging_mixin.py:150} INFO - [2026-03-14T10:20:10.535+0000] {dag.py:2742} INFO - Sync 1 DAGs
[2026-03-14T10:20:10.556+0000] {logging_mixin.py:150} INFO - [2026-03-14T10:20:10.556+0000] {dag.py:3504} INFO - Setting next_dagrun for tutorial_taskflow_api to None, run_after=None
[2026-03-14T10:20:10.584+0000] {processor.py:179} INFO - Processing /home/vscode/.local/lib/python3.10/site-packages/airflow/example_dags/tutorial_taskflow_api.py took 0.090 seconds
[2026-03-14T10:21:01.298+0000] {processor.py:157} INFO - Started process (PID=39001) to work on /home/vscode/.local/lib/python3.10/site-packages/airflow/example_dags/tutorial_taskflow_api.py
[2026-03-14T10:21:01.299+0000] {processor.py:826} INFO - Processing file /home/vscode/.local/lib/python3.10/site-packages/airflow/example_dags/tutorial_taskflow_api.py for tasks to queue
[2026-03-14T10:21:01.300+0000] {logging_mixin.py:150} INFO - [2026-03-14T10:21:01.300+0000] {dagbag.py:541} INFO - Filling up the DagBag from /home/vscode/.local/lib/python3.10/site-packages/airflow/example_dags/tutorial_taskflow_api.py
[2026-03-14T10:21:01.304+0000] {processor.py:836} INFO - DAG(s) dict_keys(['tutorial_taskflow_api']) retrieved from /home/vscode/.local/lib/python3.10/site-packages/airflow/example_dags/tutorial_taskflow_api.py
[2026-03-14T10:21:01.316+0000] {logging_mixin.py:150} INFO - [2026-03-14T10:21:01.316+0000] {dag.py:2742} INFO - Sync 1 DAGs
[2026-03-14T10:21:01.330+0000] {logging_mixin.py:150} INFO - [2026-03-14T10:21:01.330+0000] {dag.py:3504} INFO - Setting next_dagrun for tutorial_taskflow_api to None, run_after=None
[2026-03-14T10:21:01.347+0000] {processor.py:179} INFO - Processing /home/vscode/.local/lib/python3.10/site-packages/airflow/example_dags/tutorial_taskflow_api.py took 0.051 seconds
[2026-03-14T10:21:45.096+0000] {processor.py:157} INFO - Started process (PID=39335) to work on /home/vscode/.local/lib/python3.10/site-packages/airflow/example_dags/tutorial_taskflow_api.py
[2026-03-14T10:21:45.096+0000] {processor.py:826} INFO - Processing file /home/vscode/.local/lib/python3.10/site-packages/airflow/example_dags/tutorial_taskflow_api.py for tasks to queue
[2026-03-14T10:21:45.097+0000] {logging_mixin.py:150} INFO - [2026-03-14T10:21:45.097+0000] {dagbag.py:541} INFO - Filling up the DagBag from /home/vscode/.local/lib/python3.10/site-packages/airflow/example_dags/tutorial_taskflow_api.py
[2026-03-14T10:21:45.101+0000] {processor.py:836} INFO - DAG(s) dict_keys(['tutorial_taskflow_api']) retrieved from /home/vscode/.local/lib/python3.10/site-packages/airflow/example_dags/tutorial_taskflow_api.py
[2026-03-14T10:21:45.113+0000] {logging_mixin.py:150} INFO - [2026-03-14T10:21:45.113+0000] {dag.py:2742} INFO - Sync 1 DAGs
[2026-03-14T10:21:45.126+0000] {logging_mixin.py:150} INFO - [2026-03-14T10:21:45.126+0000] {dag.py:3504} INFO - Setting next_dagrun for tutorial_taskflow_api to None, run_after=None
[2026-03-14T10:21:45.149+0000] {processor.py:179} INFO - Processing /home/vscode/.local/lib/python3.10/site-packages/airflow/example_dags/tutorial_taskflow_api.py took 0.056 seconds
[2026-03-14T10:22:27.799+0000] {processor.py:157} INFO - Started process (PID=39667) to work on /home/vscode/.local/lib/python3.10/site-packages/airflow/example_dags/tutorial_taskflow_api.py
[2026-03-14T10:22:27.800+0000] {processor.py:826} INFO - Processing file /home/vscode/.local/lib/python3.10/site-packages/airflow/example_dags/tutorial_taskflow_api.py for tasks to queue
[2026-03-14T10:22:27.801+0000] {logging_mixin.py:150} INFO - [2026-03-14T10:22:27.800+0000] {dagbag.py:541} INFO - Filling up the DagBag from /home/vscode/.local/lib/python3.10/site-packages/airflow/example_dags/tutorial_taskflow_api.py
[2026-03-14T10:22:27.806+0000] {processor.py:836} INFO - DAG(s) dict_keys(['tutorial_taskflow_api']) retrieved from /home/vscode/.local/lib/python3.10/site-packages/airflow/example_dags/tutorial_taskflow_api.py
[2026-03-14T10:22:27.818+0000] {logging_mixin.py:150} INFO - [2026-03-14T10:22:27.818+0000] {dag.py:2742} INFO - Sync 1 DAGs
[2026-03-14T10:22:27.832+0000] {logging_mixin.py:150} INFO - [2026-03-14T10:22:27.832+0000] {dag.py:3504} INFO - Setting next_dagrun for tutorial_taskflow_api to None, run_after=None
[2026-03-14T10:22:27.850+0000] {processor.py:179} INFO - Processing /home/vscode/.local/lib/python3.10/site-packages/airflow/example_dags/tutorial_taskflow_api.py took 0.053 seconds
[2026-03-14T10:23:14.491+0000] {processor.py:157} INFO - Started process (PID=40106) to work on /home/vscode/.local/lib/python3.10/site-packages/airflow/example_dags/tutorial_taskflow_api.py
[2026-03-14T10:23:14.492+0000] {processor.py:826} INFO - Processing file /home/vscode/.local/lib/python3.10/site-packages/airflow/example_dags/tutorial_taskflow_api.py for tasks to queue
[2026-03-14T10:23:14.496+0000] {logging_mixin.py:150} INFO - [2026-03-14T10:23:14.496+0000] {dagbag.py:541} INFO - Filling up the DagBag from /home/vscode/.local/lib/python3.10/site-packages/airflow/example_dags/tutorial_taskflow_api.py
[2026-03-14T10:23:14.508+0000] {processor.py:836} INFO - DAG(s) dict_keys(['tutorial_taskflow_api']) retrieved from /home/vscode/.local/lib/python3.10/site-packages/airflow/example_dags/tutorial_taskflow_api.py
[2026-03-14T10:23:14.526+0000] {logging_mixin.py:150} INFO - [2026-03-14T10:23:14.525+0000] {dag.py:2742} INFO - Sync 1 DAGs
[2026-03-14T10:23:14.541+0000] {logging_mixin.py:150} INFO - [2026-03-14T10:23:14.541+0000] {dag.py:3504} INFO - Setting next_dagrun for tutorial_taskflow_api to None, run_after=None
[2026-03-14T10:23:14.562+0000] {processor.py:179} INFO - Processing /home/vscode/.local/lib/python3.10/site-packages/airflow/example_dags/tutorial_taskflow_api.py took 0.074 seconds
[2026-03-14T10:23:59.239+0000] {processor.py:157} INFO - Started process (PID=40430) to work on /home/vscode/.local/lib/python3.10/site-packages/airflow/example_dags/tutorial_taskflow_api.py
[2026-03-14T10:23:59.240+0000] {processor.py:826} INFO - Processing file /home/vscode/.local/lib/python3.10/site-packages/airflow/example_dags/tutorial_taskflow_api.py for tasks to queue
[2026-03-14T10:23:59.241+0000] {logging_mixin.py:150} INFO - [2026-03-14T10:23:59.240+0000] {dagbag.py:541} INFO - Filling up the DagBag from /home/vscode/.local/lib/python3.10/site-packages/airflow/example_dags/tutorial_taskflow_api.py
[2026-03-14T10:23:59.245+0000] {processor.py:836} INFO - DAG(s) dict_keys(['tutorial_taskflow_api']) retrieved from /home/vscode/.local/lib/python3.10/site-packages/airflow/example_dags/tutorial_taskflow_api.py
[2026-03-14T10:23:59.259+0000] {logging_mixin.py:150} INFO - [2026-03-14T10:23:59.259+0000] {dag.py:2742} INFO - Sync 1 DAGs
[2026-03-14T10:23:59.277+0000] {logging_mixin.py:150} INFO - [2026-03-14T10:23:59.277+0000] {dag.py:3504} INFO - Setting next_dagrun for tutorial_taskflow_api to None, run_after=None
[2026-03-14T10:23:59.295+0000] {processor.py:179} INFO - Processing /home/vscode/.local/lib/python3.10/site-packages/airflow/example_dags/tutorial_taskflow_api.py took 0.058 seconds
[2026-03-14T10:24:44.441+0000] {processor.py:157} INFO - Started process (PID=40797) to work on /home/vscode/.local/lib/python3.10/site-packages/airflow/example_dags/tutorial_taskflow_api.py
[2026-03-14T10:24:44.441+0000] {processor.py:826} INFO - Processing file /home/vscode/.local/lib/python3.10/site-packages/airflow/example_dags/tutorial_taskflow_api.py for tasks to queue
[2026-03-14T10:24:44.442+0000] {logging_mixin.py:150} INFO - [2026-03-14T10:24:44.442+0000] {dagbag.py:541} INFO - Filling up the DagBag from /home/vscode/.local/lib/python3.10/site-packages/airflow/example_dags/tutorial_taskflow_api.py
[2026-03-14T10:24:44.447+0000] {processor.py:836} INFO - DAG(s) dict_keys(['tutorial_taskflow_api']) retrieved from /home/vscode/.local/lib/python3.10/site-packages/airflow/example_dags/tutorial_taskflow_api.py
[2026-03-14T10:24:44.461+0000] {logging_mixin.py:150} INFO - [2026-03-14T10:24:44.461+0000] {dag.py:2742} INFO - Sync 1 DAGs
[2026-03-14T10:24:44.478+0000] {logging_mixin.py:150} INFO - [2026-03-14T10:24:44.478+0000] {dag.py:3504} INFO - Setting next_dagrun for tutorial_taskflow_api to None, run_after=None
[2026-03-14T10:24:44.496+0000] {processor.py:179} INFO - Processing /home/vscode/.local/lib/python3.10/site-packages/airflow/example_dags/tutorial_taskflow_api.py took 0.057 seconds
