2026-03-14 09:12:44,651 INFO - Starting the scheduler
2026-03-14 09:12:44,652 INFO - Processing each file at most -1 times
2026-03-14 09:12:44,658 INFO - Launched DagFileProcessorManager with pid: 9641
2026-03-14 09:12:44,662 INFO - Resetting orphaned tasks for active dag runs
2026-03-14 09:12:44,668 INFO - Configured default timezone Timezone('UTC')
2026-03-14 09:17:44,899 INFO - Resetting orphaned tasks for active dag runs
2026-03-14 09:22:45,062 INFO - Resetting orphaned tasks for active dag runs
2026-03-14 09:24:30,146 INFO - Exiting gracefully upon receiving signal 15
2026-03-14 09:24:31,154 INFO - Sending Signals.SIGTERM to group 9641. PIDs of all processes in the group: [9641]
2026-03-14 09:24:31,154 INFO - Sending the signal Signals.SIGTERM to group 9641
2026-03-14 09:24:31,660 INFO - Process psutil.Process(pid=9641, status='terminated', exitcode=0, started='09:12:44') (9641) terminated with exit code 0
2026-03-14 09:24:31,663 INFO - Sending Signals.SIGTERM to group 9641. PIDs of all processes in the group: []
2026-03-14 09:24:31,663 INFO - Sending the signal Signals.SIGTERM to group 9641
2026-03-14 09:24:31,663 INFO - Sending the signal Signals.SIGTERM to process 9641 as process group is missing.
2026-03-14 09:24:31,663 INFO - Exited execute loop
2026-03-14 10:11:38,715 INFO - Starting the scheduler
2026-03-14 10:11:38,718 INFO - Processing each file at most -1 times
2026-03-14 10:11:38,725 INFO - Launched DagFileProcessorManager with pid: 34791
2026-03-14 10:11:38,726 INFO - Resetting orphaned tasks for active dag runs
2026-03-14 10:11:38,739 INFO - Configured default timezone Timezone('UTC')
2026-03-14 10:11:57,771 WARNING - The Authorization header is missing: Accept: text/html, application/xhtml+xml, application/xml; q=0.9, image/avif, image/webp, image/apng, */*; q=0.8, application/signed-exchange; v=b3; q=0.7
Host: localhost:8793
User-Agent: Mozilla/5.0 (Windows NT 10.0; Win64; x64) AppleWebKit/537.36 (KHTML, like Gecko) Chrome/146.0.0.0 Safari/537.36
Accept-Encoding: gzip, deflate, br, zstd
Accept-Language: en-GB, en-US; q=0.9, en; q=0.8
Cache-Control: max-age=0
Referer: https://literate-journey-977rqwvjqp6xhp4gp.github.dev/
X-Request-Id: 399bab43131665be02bbc7f2bdfce5ba
X-Real-Ip: 10.241.0.36
X-Forwarded-Port: 443
X-Forwarded-Scheme: https
X-Original-Uri: /
X-Scheme: https
Sec-Fetch-Site: same-site
Sec-Fetch-Mode: navigate
Sec-Fetch-Dest: document
Sec-Ch-Ua: "Chromium";v="146", "Not-A.Brand";v="24", "Google Chrome";v="146"
Sec-Ch-Ua-Mobile: ?0
Sec-Ch-Ua-Platform: "Windows"
Priority: u=0, i
X-Forwarded-Proto: https
X-Forwarded-Host: literate-journey-977rqwvjqp6xhp4gp-8793.app.github.dev
X-Forwarded-For: 41.90.172.39
Proxy-Connection: Keep-Alive

.
2026-03-14 10:11:57,773 WARNING - Unknown error
Traceback (most recent call last):
  File "/home/vscode/.local/lib/python3.10/site-packages/airflow/utils/serve_logs.py", line 61, in validate_pre_signed_url
    abort(403)
  File "/home/vscode/.local/lib/python3.10/site-packages/flask/helpers.py", line 310, in abort
    current_app.aborter(code, *args, **kwargs)
  File "/home/vscode/.local/lib/python3.10/site-packages/werkzeug/exceptions.py", line 864, in __call__
    raise self.mapping[code](*args, **kwargs)
werkzeug.exceptions.Forbidden: 403 Forbidden: You don't have the permission to access the requested resource. It is either read-protected or not readable by the server.
2026-03-14 10:11:59,383 WARNING - The Authorization header is missing: Accept: image/avif, image/webp, image/apng, image/svg+xml, image/*, */*; q=0.8
Host: localhost:8793
User-Agent: Mozilla/5.0 (Windows NT 10.0; Win64; x64) AppleWebKit/537.36 (KHTML, like Gecko) Chrome/146.0.0.0 Safari/537.36
Accept-Encoding: gzip, deflate, br, zstd
Accept-Language: en-GB, en-US; q=0.9, en; q=0.8
Referer: https://literate-journey-977rqwvjqp6xhp4gp-8793.app.github.dev/
X-Request-Id: 84008039e964940363c6fdb8c776e3ec
X-Real-Ip: 10.241.0.36
X-Forwarded-Port: 443
X-Forwarded-Scheme: https
X-Original-Uri: /favicon.ico
X-Scheme: https
Sec-Ch-Ua-Platform: "Windows"
Sec-Ch-Ua: "Chromium";v="146", "Not-A.Brand";v="24", "Google Chrome";v="146"
Sec-Ch-Ua-Mobile: ?0
Sec-Fetch-Site: same-origin
Sec-Fetch-Mode: no-cors
Sec-Fetch-Dest: image
Priority: u=1, i
X-Forwarded-Proto: https
X-Forwarded-Host: literate-journey-977rqwvjqp6xhp4gp-8793.app.github.dev
X-Forwarded-For: 41.90.172.39
Proxy-Connection: Keep-Alive

.
2026-03-14 10:11:59,385 WARNING - Unknown error
Traceback (most recent call last):
  File "/home/vscode/.local/lib/python3.10/site-packages/airflow/utils/serve_logs.py", line 61, in validate_pre_signed_url
    abort(403)
  File "/home/vscode/.local/lib/python3.10/site-packages/flask/helpers.py", line 310, in abort
    current_app.aborter(code, *args, **kwargs)
  File "/home/vscode/.local/lib/python3.10/site-packages/werkzeug/exceptions.py", line 864, in __call__
    raise self.mapping[code](*args, **kwargs)
werkzeug.exceptions.Forbidden: 403 Forbidden: You don't have the permission to access the requested resource. It is either read-protected or not readable by the server.
2026-03-14 10:16:38,808 INFO - Resetting orphaned tasks for active dag runs
2026-03-14 10:19:16,209 INFO - 1 tasks up for execution:
	<TaskInstance: etl_dag.extract_task manual__2026-03-14T10:19:15.890003+00:00 [scheduled]>
2026-03-14 10:19:16,209 INFO - DAG etl_dag has 0/16 running and queued tasks
2026-03-14 10:19:16,209 INFO - Setting the following tasks to queued state:
	<TaskInstance: etl_dag.extract_task manual__2026-03-14T10:19:15.890003+00:00 [scheduled]>
2026-03-14 10:19:16,211 INFO - Sending TaskInstanceKey(dag_id='etl_dag', task_id='extract_task', run_id='manual__2026-03-14T10:19:15.890003+00:00', try_number=1, map_index=-1) to executor with priority 3 and queue default
2026-03-14 10:19:16,211 INFO - Adding to queue: ['airflow', 'tasks', 'run', 'etl_dag', 'extract_task', 'manual__2026-03-14T10:19:15.890003+00:00', '--local', '--subdir', 'DAGS_FOLDER/etl_dag.py']
2026-03-14 10:19:16,216 INFO - Executing command: ['airflow', 'tasks', 'run', 'etl_dag', 'extract_task', 'manual__2026-03-14T10:19:15.890003+00:00', '--local', '--subdir', 'DAGS_FOLDER/etl_dag.py']
2026-03-14 10:19:18,713 INFO - Received executor event with state success for task instance TaskInstanceKey(dag_id='etl_dag', task_id='extract_task', run_id='manual__2026-03-14T10:19:15.890003+00:00', try_number=1, map_index=-1)
2026-03-14 10:19:18,718 INFO - TaskInstance Finished: dag_id=etl_dag, task_id=extract_task, run_id=manual__2026-03-14T10:19:15.890003+00:00, map_index=-1, run_start_date=2026-03-14 10:19:18.220529+00:00, run_end_date=2026-03-14 10:19:18.345789+00:00, run_duration=0.12526, state=success, executor_state=success, try_number=1, max_tries=1, job_id=3, pool=default_pool, queue=default, priority_weight=3, operator=PythonOperator, queued_dttm=2026-03-14 10:19:16.210001+00:00, queued_by_job_id=2, pid=38328
2026-03-14 10:19:18,910 INFO - 1 tasks up for execution:
	<TaskInstance: etl_dag.transform_task manual__2026-03-14T10:19:15.890003+00:00 [scheduled]>
2026-03-14 10:19:18,911 INFO - DAG etl_dag has 0/16 running and queued tasks
2026-03-14 10:19:18,911 INFO - Setting the following tasks to queued state:
	<TaskInstance: etl_dag.transform_task manual__2026-03-14T10:19:15.890003+00:00 [scheduled]>
2026-03-14 10:19:18,914 INFO - Sending TaskInstanceKey(dag_id='etl_dag', task_id='transform_task', run_id='manual__2026-03-14T10:19:15.890003+00:00', try_number=1, map_index=-1) to executor with priority 2 and queue default
2026-03-14 10:19:18,914 INFO - Adding to queue: ['airflow', 'tasks', 'run', 'etl_dag', 'transform_task', 'manual__2026-03-14T10:19:15.890003+00:00', '--local', '--subdir', 'DAGS_FOLDER/etl_dag.py']
2026-03-14 10:19:18,920 INFO - Executing command: ['airflow', 'tasks', 'run', 'etl_dag', 'transform_task', 'manual__2026-03-14T10:19:15.890003+00:00', '--local', '--subdir', 'DAGS_FOLDER/etl_dag.py']
2026-03-14 10:19:21,435 INFO - Received executor event with state success for task instance TaskInstanceKey(dag_id='etl_dag', task_id='transform_task', run_id='manual__2026-03-14T10:19:15.890003+00:00', try_number=1, map_index=-1)
2026-03-14 10:19:21,440 INFO - TaskInstance Finished: dag_id=etl_dag, task_id=transform_task, run_id=manual__2026-03-14T10:19:15.890003+00:00, map_index=-1, run_start_date=2026-03-14 10:19:20.908111+00:00, run_end_date=2026-03-14 10:19:21.050264+00:00, run_duration=0.142153, state=success, executor_state=success, try_number=1, max_tries=1, job_id=4, pool=default_pool, queue=default, priority_weight=2, operator=PythonOperator, queued_dttm=2026-03-14 10:19:18.912617+00:00, queued_by_job_id=2, pid=38348
2026-03-14 10:19:21,631 INFO - 1 tasks up for execution:
	<TaskInstance: etl_dag.load_task manual__2026-03-14T10:19:15.890003+00:00 [scheduled]>
2026-03-14 10:19:21,631 INFO - DAG etl_dag has 0/16 running and queued tasks
2026-03-14 10:19:21,631 INFO - Setting the following tasks to queued state:
	<TaskInstance: etl_dag.load_task manual__2026-03-14T10:19:15.890003+00:00 [scheduled]>
2026-03-14 10:19:21,632 INFO - Sending TaskInstanceKey(dag_id='etl_dag', task_id='load_task', run_id='manual__2026-03-14T10:19:15.890003+00:00', try_number=1, map_index=-1) to executor with priority 1 and queue default
2026-03-14 10:19:21,633 INFO - Adding to queue: ['airflow', 'tasks', 'run', 'etl_dag', 'load_task', 'manual__2026-03-14T10:19:15.890003+00:00', '--local', '--subdir', 'DAGS_FOLDER/etl_dag.py']
2026-03-14 10:19:21,638 INFO - Executing command: ['airflow', 'tasks', 'run', 'etl_dag', 'load_task', 'manual__2026-03-14T10:19:15.890003+00:00', '--local', '--subdir', 'DAGS_FOLDER/etl_dag.py']
2026-03-14 10:19:24,137 INFO - Received executor event with state success for task instance TaskInstanceKey(dag_id='etl_dag', task_id='load_task', run_id='manual__2026-03-14T10:19:15.890003+00:00', try_number=1, map_index=-1)
2026-03-14 10:19:24,140 INFO - TaskInstance Finished: dag_id=etl_dag, task_id=load_task, run_id=manual__2026-03-14T10:19:15.890003+00:00, map_index=-1, run_start_date=2026-03-14 10:19:23.627786+00:00, run_end_date=2026-03-14 10:19:23.755579+00:00, run_duration=0.127793, state=success, executor_state=success, try_number=1, max_tries=1, job_id=5, pool=default_pool, queue=default, priority_weight=1, operator=PythonOperator, queued_dttm=2026-03-14 10:19:21.632081+00:00, queued_by_job_id=2, pid=38371
2026-03-14 10:19:24,303 INFO - Marking run <DagRun etl_dag @ 2026-03-14 10:19:15.890003+00:00: manual__2026-03-14T10:19:15.890003+00:00, state:running, queued_at: 2026-03-14 10:19:15.940988+00:00. externally triggered: True> successful
2026-03-14 10:19:24,303 INFO - DagRun Finished: dag_id=etl_dag, execution_date=2026-03-14 10:19:15.890003+00:00, run_id=manual__2026-03-14T10:19:15.890003+00:00, run_start_date=2026-03-14 10:19:16.179691+00:00, run_end_date=2026-03-14 10:19:24.303910+00:00, run_duration=8.124219, state=success, external_trigger=True, run_type=manual, data_interval_start=2026-03-14 10:19:15.890003+00:00, data_interval_end=2026-03-14 10:19:15.890003+00:00, dag_hash=32d32e570a4fe353aabfaca6ef4064fc
2026-03-14 10:19:42,260 INFO - 1 tasks up for execution:
	<TaskInstance: etl_dag.extract_task manual__2026-03-14T10:19:41.048773+00:00 [scheduled]>
2026-03-14 10:19:42,260 INFO - DAG etl_dag has 0/16 running and queued tasks
2026-03-14 10:19:42,261 INFO - Setting the following tasks to queued state:
	<TaskInstance: etl_dag.extract_task manual__2026-03-14T10:19:41.048773+00:00 [scheduled]>
2026-03-14 10:19:42,262 INFO - Sending TaskInstanceKey(dag_id='etl_dag', task_id='extract_task', run_id='manual__2026-03-14T10:19:41.048773+00:00', try_number=1, map_index=-1) to executor with priority 3 and queue default
2026-03-14 10:19:42,263 INFO - Adding to queue: ['airflow', 'tasks', 'run', 'etl_dag', 'extract_task', 'manual__2026-03-14T10:19:41.048773+00:00', '--local', '--subdir', 'DAGS_FOLDER/etl_dag.py']
2026-03-14 10:19:42,266 INFO - Executing command: ['airflow', 'tasks', 'run', 'etl_dag', 'extract_task', 'manual__2026-03-14T10:19:41.048773+00:00', '--local', '--subdir', 'DAGS_FOLDER/etl_dag.py']
2026-03-14 10:19:45,466 INFO - Received executor event with state success for task instance TaskInstanceKey(dag_id='etl_dag', task_id='extract_task', run_id='manual__2026-03-14T10:19:41.048773+00:00', try_number=1, map_index=-1)
2026-03-14 10:19:45,470 INFO - TaskInstance Finished: dag_id=etl_dag, task_id=extract_task, run_id=manual__2026-03-14T10:19:41.048773+00:00, map_index=-1, run_start_date=2026-03-14 10:19:44.967830+00:00, run_end_date=2026-03-14 10:19:45.073272+00:00, run_duration=0.105442, state=success, executor_state=success, try_number=1, max_tries=1, job_id=6, pool=default_pool, queue=default, priority_weight=3, operator=PythonOperator, queued_dttm=2026-03-14 10:19:42.261558+00:00, queued_by_job_id=2, pid=38502
2026-03-14 10:19:45,709 INFO - 1 tasks up for execution:
	<TaskInstance: etl_dag.transform_task manual__2026-03-14T10:19:41.048773+00:00 [scheduled]>
2026-03-14 10:19:45,709 INFO - DAG etl_dag has 0/16 running and queued tasks
2026-03-14 10:19:45,709 INFO - Setting the following tasks to queued state:
	<TaskInstance: etl_dag.transform_task manual__2026-03-14T10:19:41.048773+00:00 [scheduled]>
2026-03-14 10:19:45,711 INFO - Sending TaskInstanceKey(dag_id='etl_dag', task_id='transform_task', run_id='manual__2026-03-14T10:19:41.048773+00:00', try_number=1, map_index=-1) to executor with priority 2 and queue default
2026-03-14 10:19:45,711 INFO - Adding to queue: ['airflow', 'tasks', 'run', 'etl_dag', 'transform_task', 'manual__2026-03-14T10:19:41.048773+00:00', '--local', '--subdir', 'DAGS_FOLDER/etl_dag.py']
2026-03-14 10:19:45,715 INFO - Executing command: ['airflow', 'tasks', 'run', 'etl_dag', 'transform_task', 'manual__2026-03-14T10:19:41.048773+00:00', '--local', '--subdir', 'DAGS_FOLDER/etl_dag.py']
2026-03-14 10:19:48,258 INFO - Received executor event with state success for task instance TaskInstanceKey(dag_id='etl_dag', task_id='transform_task', run_id='manual__2026-03-14T10:19:41.048773+00:00', try_number=1, map_index=-1)
2026-03-14 10:19:48,262 INFO - TaskInstance Finished: dag_id=etl_dag, task_id=transform_task, run_id=manual__2026-03-14T10:19:41.048773+00:00, map_index=-1, run_start_date=2026-03-14 10:19:47.647177+00:00, run_end_date=2026-03-14 10:19:47.808712+00:00, run_duration=0.161535, state=success, executor_state=success, try_number=1, max_tries=1, job_id=7, pool=default_pool, queue=default, priority_weight=2, operator=PythonOperator, queued_dttm=2026-03-14 10:19:45.710231+00:00, queued_by_job_id=2, pid=38515
2026-03-14 10:19:48,426 INFO - 1 tasks up for execution:
	<TaskInstance: etl_dag.load_task manual__2026-03-14T10:19:41.048773+00:00 [scheduled]>
2026-03-14 10:19:48,427 INFO - DAG etl_dag has 0/16 running and queued tasks
2026-03-14 10:19:48,427 INFO - Setting the following tasks to queued state:
	<TaskInstance: etl_dag.load_task manual__2026-03-14T10:19:41.048773+00:00 [scheduled]>
2026-03-14 10:19:48,428 INFO - Sending TaskInstanceKey(dag_id='etl_dag', task_id='load_task', run_id='manual__2026-03-14T10:19:41.048773+00:00', try_number=1, map_index=-1) to executor with priority 1 and queue default
2026-03-14 10:19:48,428 INFO - Adding to queue: ['airflow', 'tasks', 'run', 'etl_dag', 'load_task', 'manual__2026-03-14T10:19:41.048773+00:00', '--local', '--subdir', 'DAGS_FOLDER/etl_dag.py']
2026-03-14 10:19:48,432 INFO - Executing command: ['airflow', 'tasks', 'run', 'etl_dag', 'load_task', 'manual__2026-03-14T10:19:41.048773+00:00', '--local', '--subdir', 'DAGS_FOLDER/etl_dag.py']
2026-03-14 10:19:51,013 INFO - Received executor event with state success for task instance TaskInstanceKey(dag_id='etl_dag', task_id='load_task', run_id='manual__2026-03-14T10:19:41.048773+00:00', try_number=1, map_index=-1)
2026-03-14 10:19:51,017 INFO - TaskInstance Finished: dag_id=etl_dag, task_id=load_task, run_id=manual__2026-03-14T10:19:41.048773+00:00, map_index=-1, run_start_date=2026-03-14 10:19:50.494955+00:00, run_end_date=2026-03-14 10:19:50.652900+00:00, run_duration=0.157945, state=success, executor_state=success, try_number=1, max_tries=1, job_id=8, pool=default_pool, queue=default, priority_weight=1, operator=PythonOperator, queued_dttm=2026-03-14 10:19:48.427737+00:00, queued_by_job_id=2, pid=38540
2026-03-14 10:19:51,192 INFO - Marking run <DagRun etl_dag @ 2026-03-14 10:19:41.048773+00:00: manual__2026-03-14T10:19:41.048773+00:00, state:running, queued_at: 2026-03-14 10:19:41.064600+00:00. externally triggered: True> successful
2026-03-14 10:19:51,193 INFO - DagRun Finished: dag_id=etl_dag, execution_date=2026-03-14 10:19:41.048773+00:00, run_id=manual__2026-03-14T10:19:41.048773+00:00, run_start_date=2026-03-14 10:19:42.238997+00:00, run_end_date=2026-03-14 10:19:51.193072+00:00, run_duration=8.954075, state=success, external_trigger=True, run_type=manual, data_interval_start=2026-03-14 10:19:41.048773+00:00, data_interval_end=2026-03-14 10:19:41.048773+00:00, dag_hash=32d32e570a4fe353aabfaca6ef4064fc
2026-03-14 10:21:38,962 INFO - Resetting orphaned tasks for active dag runs
